Log file open, 12/12/18 16:18:13
LogWindows: Failed to load 'aqProf.dll' (GetLastError=126)
LogWindows: File 'aqProf.dll' does not exist
LogWindows: Failed to load 'VSPerf140.dll' (GetLastError=126)
LogWindows: File 'VSPerf140.dll' does not exist
LogWindows: Failed to load 'VtuneApi.dll' (GetLastError=126)
LogWindows: File 'VtuneApi.dll' does not exist
LogWindows: Failed to load 'VtuneApi32e.dll' (GetLastError=126)
LogWindows: File 'VtuneApi32e.dll' does not exist
LogInit: Display: Running engine for game: Wukongpointpng
LogPlatformFile: Not using cached read wrapper
LogTaskGraph: Started task graph with 5 named threads and 23 total threads with 3 sets of task threads.
LogStats: Stats thread started at 0.294175
LogD3D11RHI: Loaded GFSDK_Aftermath_Lib.x64.dll
LogICUInternationalization: Display: ICU TimeZone Detection - Raw Offset: +1:00, Platform Override: ''
LogPluginManager: Mounting plugin Paper2D
LogPluginManager: Mounting plugin AISupport
LogPluginManager: Mounting plugin LightPropagationVolume
LogPluginManager: Mounting plugin CLionSourceCodeAccess
LogPluginManager: Mounting plugin CodeLiteSourceCodeAccess
LogPluginManager: Mounting plugin GitSourceControl
LogPluginManager: Mounting plugin KDevelopSourceCodeAccess
LogPluginManager: Mounting plugin NullSourceCodeAccess
LogPluginManager: Mounting plugin PerforceSourceControl
LogPluginManager: Mounting plugin SubversionSourceControl
LogPluginManager: Mounting plugin UObjectPlugin
LogPluginManager: Mounting plugin VisualStudioCodeSourceCodeAccess
LogPluginManager: Mounting plugin VisualStudioSourceCodeAccess
LogPluginManager: Mounting plugin XCodeSourceCodeAccess
LogPluginManager: Mounting plugin AssetManagerEditor
LogPluginManager: Mounting plugin CryptoKeys
LogPluginManager: Mounting plugin DataValidation
LogPluginManager: Mounting plugin FacialAnimation
LogPluginManager: Mounting plugin GameplayTagsEditor
LogPluginManager: Mounting plugin MacGraphicsSwitching
LogPluginManager: Mounting plugin MeshEditor
LogPluginManager: Mounting plugin MobileLauncherProfileWizard
LogPluginManager: Mounting plugin PluginBrowser
LogPluginManager: Mounting plugin SpeedTreeImporter
LogPluginManager: Mounting plugin DatasmithContent
LogPluginManager: Mounting plugin AlembicImporter
LogPluginManager: Mounting plugin AppleImageUtils
LogPluginManager: Mounting plugin AppleVision
LogPluginManager: Mounting plugin BackChannel
LogPluginManager: Mounting plugin CharacterAI
LogPluginManager: Mounting plugin GeometryCache
LogPluginManager: Mounting plugin HTML5Networking
LogPluginManager: Mounting plugin ProxyLODPlugin
LogPluginManager: Mounting plugin MagicLeap
LogPluginManager: Mounting plugin MagicLeapEmulator
LogPluginManager: Mounting plugin MagicLeapMedia
LogPluginManager: Mounting plugin AndroidMedia
LogPluginManager: Mounting plugin AvfMedia
LogPluginManager: Mounting plugin ImgMedia
LogPluginManager: Mounting plugin LinearTimecode
LogPluginManager: Mounting plugin MediaCompositing
LogPluginManager: Mounting plugin MediaPlayerEditor
LogPluginManager: Mounting plugin WmfMedia
LogPluginManager: Mounting plugin TcpMessaging
LogPluginManager: Mounting plugin UdpMessaging
LogPluginManager: Mounting plugin ActorSequence
LogPluginManager: Mounting plugin LevelSequenceEditor
LogPluginManager: Mounting plugin MatineeToLevelSequence
LogPluginManager: Mounting plugin NetcodeUnitTest
LogPluginManager: Mounting plugin NUTUnrealEngine4
LogPluginManager: Mounting plugin OnlineSubsystemGooglePlay
LogPluginManager: Mounting plugin OnlineSubsystemIOS
LogPluginManager: Mounting plugin OnlineSubsystem
LogPluginManager: Mounting plugin OnlineSubsystemNull
LogPluginManager: Mounting plugin OnlineSubsystemUtils
LogPluginManager: Mounting plugin LauncherChunkInstaller
LogPluginManager: Mounting plugin AndroidDeviceProfileSelector
LogPluginManager: Mounting plugin AndroidMoviePlayer
LogPluginManager: Mounting plugin AndroidPermission
LogPluginManager: Mounting plugin AppleMoviePlayer
LogPluginManager: Mounting plugin ArchVisCharacter
LogPluginManager: Mounting plugin AudioCapture
LogPluginManager: Mounting plugin CableComponent
LogPluginManager: Mounting plugin CustomMeshComponent
LogPluginManager: Mounting plugin EditableMesh
LogPluginManager: Mounting plugin ExampleDeviceProfileSelector
LogPluginManager: Mounting plugin GoogleCloudMessaging
LogPluginManager: Mounting plugin ImmediatePhysics
LogPluginManager: Mounting plugin IOSDeviceProfileSelector
LogPluginManager: Mounting plugin LinuxDeviceProfileSelector
LogPluginManager: Mounting plugin LocationServicesBPLibrary
LogPluginManager: Mounting plugin MobilePatchingUtils
LogPluginManager: Mounting plugin OculusVR
LogPluginManager: Plugin shader directory ../../../Engine/Plugins/Runtime/Oculus/OculusVR/Shaders found
LogPluginManager: Mapping shader source directory ../../../Engine/Plugins/Runtime/Oculus/OculusVR/Shaders to virtual directory /Plugin/OculusVR
LogPluginManager: Mounting plugin PhysXVehicles
LogPluginManager: Mounting plugin ProceduralMeshComponent
LogPluginManager: Mounting plugin RuntimePhysXCooking
LogPluginManager: Mounting plugin SteamVR
LogPluginManager: Mounting plugin WindowsMoviePlayer
LogStreaming: Display: Took  0.164s to configure plugins.
LogInit: Using libcurl 7.55.1-DEV
LogInit:  - built for x86_64-pc-win32
LogInit:  - supports SSL with OpenSSL/1.0.2h
LogInit:  - supports HTTP deflate (compression) using libz 1.2.8
LogInit:  - other features:
LogInit:      CURL_VERSION_SSL
LogInit:      CURL_VERSION_LIBZ
LogInit:      CURL_VERSION_IPV6
LogInit:      CURL_VERSION_ASYNCHDNS
LogInit:      CURL_VERSION_LARGEFILE
LogInit:      CURL_VERSION_IDN
LogInit:  CurlRequestOptions (configurable via config and command line):
LogInit:  - bVerifyPeer = false  - Libcurl will NOT verify peer certificate
LogInit:  - bUseHttpProxy = false  - Libcurl will NOT use HTTP proxy
LogInit:  - bDontReuseConnections = false  - Libcurl will reuse connections
LogInit:  - CertBundlePath = nullptr  - Libcurl will use whatever was configured at build time.
LogInit:  - MaxHostConnections = 16  - Libcurl will limit the number of connections to a host
LogInit:  - LocalHostAddr = Default
LogInit:  - BufferSize = 65536
LogInit: WinSock: version 1.1 (2.2), MaxSocks=32767, MaxUdp=65467
LogInit: Build: ++UE4+Release-4.20-CL-4369336
LogInit: Engine Version: 4.20.3-4369336+++UE4+Release-4.20
LogInit: Compatible Engine Version: 4.20.0-4212847+++UE4+Release-4.20
LogInit: Net CL: 4212847
LogInit: OS: Windows 10 (), CPU: Intel(R) Core(TM) i7-6700HQ CPU @ 2.60GHz, GPU: Intel(R) HD Graphics 530
LogInit: Compiled (64-bit): Sep 17 2018 12:26:19
LogInit: Compiled with Visual C++: 19.13.26129.00
LogInit: Build Configuration: Development
LogInit: Branch Name: ++UE4+Release-4.20
LogInit: Command Line:  
LogInit: Base Directory: D:/Program Files/Epic Games/UE_4.20/Engine/Binaries/Win64/
LogInit: Installed Engine Build: 1
LogDevObjectVersion: Number of dev versions registered: 20
LogDevObjectVersion:   Dev-Blueprints (B0D832E4-1F89-4F0D-ACCF-7EB736FD4AA2): 10
LogDevObjectVersion:   Dev-Build (E1C64328-A22C-4D53-A36C-8E866417BD8C): 0
LogDevObjectVersion:   Dev-Core (375EC13C-06E4-48FB-B500-84F0262A717E): 2
LogDevObjectVersion:   Dev-Editor (E4B068ED-F494-42E9-A231-DA0B2E46BB41): 24
LogDevObjectVersion:   Dev-Framework (CFFC743F-43B0-4480-9391-14DF171D2073): 34
LogDevObjectVersion:   Dev-Mobile (B02B49B5-BB20-44E9-A304-32B752E40360): 2
LogDevObjectVersion:   Dev-Networking (A4E4105C-59A1-49B5-A7C5-40C4547EDFEE): 0
LogDevObjectVersion:   Dev-Online (39C831C9-5AE6-47DC-9A44-9C173E1C8E7C): 0
LogDevObjectVersion:   Dev-Physics (78F01B33-EBEA-4F98-B9B4-84EACCB95AA2): 0
LogDevObjectVersion:   Dev-Platform (6631380F-2D4D-43E0-8009-CF276956A95A): 0
LogDevObjectVersion:   Dev-Rendering (12F88B9F-8875-4AFC-A67C-D90C383ABD29): 26
LogDevObjectVersion:   Dev-Sequencer (7B5AE74C-D270-4C10-A958-57980B212A5A): 9
LogDevObjectVersion:   Dev-VR (D7296918-1DD6-4BDD-9DE2-64A83CC13884): 2
LogDevObjectVersion:   Dev-LoadTimes (C2A15278-BFE7-4AFE-6C17-90FF531DF755): 1
LogDevObjectVersion:   Private-Geometry (6EACA3D4-40EC-4CC1-B786-8BED09428FC5): 3
LogDevObjectVersion:   Dev-AnimPhys (29E575DD-E0A3-4627-9D10-D276232CDCEA): 17
LogDevObjectVersion:   Dev-ReflectionCapture (6B266CEC-1EC7-4B8F-A30B-E4D90942FC07): 1
LogDevObjectVersion:   Dev-Automation (0DF73D61-A23F-47EA-B727-89E90C41499A): 1
LogDevObjectVersion:   FortniteMain (601D1886-AC64-4F84-AA16-D3DE0DEAC7D6): 12
LogDevObjectVersion:   Dev-Enterprise (9DFFBCD6-494F-0158-E221-12823C92A888): 1
LogStreaming: Display: Took  0.000s to delete old logs.
LogInit: Presizing for max 8388607 objects, including 0 objects not considered by GC, pre-allocating 0 bytes for permanent pool.
LogInit: Object subsystem initialized
[2018.12.12-15.18.13:822][  0]LogInit: Selected Device Profile: [Windows]
[2018.12.12-15.18.13:822][  0]LogInit: Applying CVar settings loaded from the selected device profile: [Windows]
[2018.12.12-15.18.13:859][  0]LogHAL: Display: Platform has ~ 16 GB [17055907840 / 17179869184 / 16], which maps to Larger [LargestMinGB=32, LargerMinGB=12, DefaultMinGB=8, SmallerMinGB=6, SmallestMinGB=0)
[2018.12.12-15.18.13:859][  0]LogInit: Setting Device Profile CVar: [[r.Vulkan.UseRealUBs:1]]
[2018.12.12-15.18.13:859][  0]LogInit: Going up to parent DeviceProfile []
[2018.12.12-15.18.13:872][  0]LogInit: Computer: DESKTOP-N47D5GJ
[2018.12.12-15.18.13:872][  0]LogInit: User: SizeAKAelBG
[2018.12.12-15.18.13:872][  0]LogInit: CPU Page size=4096, Cores=4
[2018.12.12-15.18.13:872][  0]LogInit: High frequency timer resolution =2.531248 MHz
[2018.12.12-15.18.13:873][  0]LogMemory: Memory total: Physical=15.9GB (16GB approx)
[2018.12.12-15.18.13:873][  0]LogMemory: Platform Memory Stats for Windows
[2018.12.12-15.18.13:873][  0]LogMemory: Process Physical Memory: 99.48 MB used, 99.48 MB peak
[2018.12.12-15.18.13:873][  0]LogMemory: Process Virtual Memory: 90.89 MB used, 90.89 MB peak
[2018.12.12-15.18.13:873][  0]LogMemory: Physical Memory: 6810.79 MB used,  9454.99 MB free, 16265.78 MB total
[2018.12.12-15.18.13:873][  0]LogMemory: Virtual Memory: 4644.93 MB used,  9454.99 MB free, 134217728.00 MB total
[2018.12.12-15.18.13:898][  0]LogInit: Using OS detected language (fr-FR).
[2018.12.12-15.18.13:898][  0]LogInit: Using OS detected locale (fr-FR).
[2018.12.12-15.18.13:899][  0]LogTextLocalizationManager: No specific localization for 'fr-FR' exists, so the 'fr' localization will be used.
[2018.12.12-15.18.13:901][  0]LogStreaming: Display: Took  0.003s to InitEngineTextLocalization.
[2018.12.12-15.18.13:901][  0]LogInit: Setting process to per monitor DPI aware
[2018.12.12-15.18.13:937][  0]LogSlate: New Slate User Created.  User Index 0, Is Virtual User: 0
[2018.12.12-15.18.13:937][  0]LogSlate: Slate User Registered.  User Index 0, Is Virtual User: 0
[2018.12.12-15.18.14:214][  0]LogHMD: Failed to initialize OpenVR with code 110
[2018.12.12-15.18.14:214][  0]LogD3D11RHI: D3D11 adapters:
[2018.12.12-15.18.14:300][  0]LogD3D11RHI:    0. 'NVIDIA GeForce GTX 980M' (Feature Level 11_0)
[2018.12.12-15.18.14:300][  0]LogD3D11RHI:       8144/0/8132 MB DedicatedVideo/DedicatedSystem/SharedSystem, Outputs:1, VendorId:0x10de
[2018.12.12-15.18.14:309][  0]LogD3D11RHI:    1. 'Intel(R) HD Graphics 530' (Feature Level 11_0)
[2018.12.12-15.18.14:309][  0]LogD3D11RHI:       128/0/8132 MB DedicatedVideo/DedicatedSystem/SharedSystem, Outputs:0, VendorId:0x8086
[2018.12.12-15.18.14:311][  0]LogD3D11RHI:    2. 'Microsoft Basic Render Driver' (Feature Level 11_0)
[2018.12.12-15.18.14:311][  0]LogD3D11RHI:       0/0/8132 MB DedicatedVideo/DedicatedSystem/SharedSystem, Outputs:0, VendorId:0x1414
[2018.12.12-15.18.14:311][  0]LogD3D11RHI: Chosen D3D11 Adapter: 0
[2018.12.12-15.18.14:355][  0]LogD3D11RHI: Creating new Direct3DDevice
[2018.12.12-15.18.14:355][  0]LogD3D11RHI:     GPU DeviceId: 0x13d7 (for the marketing name, search the web for "GPU Device Id")
[2018.12.12-15.18.14:355][  0]LogWindows: EnumDisplayDevices:
[2018.12.12-15.18.14:355][  0]LogWindows:    0. 'Intel(R) HD Graphics 530' (P:1 D:1)
[2018.12.12-15.18.14:355][  0]LogWindows:    1. 'Intel(R) HD Graphics 530' (P:0 D:0)
[2018.12.12-15.18.14:355][  0]LogWindows:    2. 'Intel(R) HD Graphics 530' (P:0 D:0)
[2018.12.12-15.18.14:356][  0]LogWindows:    3. 'NVIDIA GeForce GTX 980M' (P:0 D:0)
[2018.12.12-15.18.14:356][  0]LogWindows:    4. 'NVIDIA GeForce GTX 980M' (P:0 D:0)
[2018.12.12-15.18.14:356][  0]LogWindows:    5. 'NVIDIA GeForce GTX 980M' (P:0 D:0)
[2018.12.12-15.18.14:357][  0]LogWindows:    6. 'NVIDIA GeForce GTX 980M' (P:0 D:0)
[2018.12.12-15.18.14:357][  0]LogWindows: DebugString: PrimaryIsNotTheChoosenAdapter PrimaryIsNotTheChoosenAdapter PrimaryIsNotTheChoosenAdapter FoundDriverCount:4 
[2018.12.12-15.18.14:357][  0]LogD3D11RHI:     Adapter Name: NVIDIA GeForce GTX 980M
[2018.12.12-15.18.14:357][  0]LogD3D11RHI:   Driver Version: 416.94 (internal:25.21.14.1694, unified:416.94)
[2018.12.12-15.18.14:357][  0]LogD3D11RHI:      Driver Date: 11-12-2018
[2018.12.12-15.18.14:357][  0]LogRHI: Texture pool is 5701 MB (70% of 8144 MB)
[2018.12.12-15.18.14:407][  0]LogD3D11RHI: Async texture creation enabled
[2018.12.12-15.18.14:509][  0]LogD3D11RHI: GPU Timing Frequency: 1000.000000 (Debug: 2 2)
[2018.12.12-15.18.14:510][  0]LogShaderCompilers: Guid format shader working directory is -30 characters bigger than the processId version (../../../../../../Users/SizeAKAelBG/Documents/GitHubs/Projet-Unreal/Wukongpointpng/Intermediate/Shaders/WorkingDirectory/7096/).
[2018.12.12-15.18.14:510][  0]LogShaderCompilers: Cleaned the shader compiler working directory 'C:/Users/SizeAKAelBG/AppData/Local/Temp/UnrealShaderWorkingDir/B98A588F40D63D8D50DF3E8647C1A25B/'.
[2018.12.12-15.18.14:842][  0]LogTemp: Display: Loaded TP AllDesktopTargetPlatform
[2018.12.12-15.18.14:859][  0]LogTemp: Display: Loaded TP MacClientTargetPlatform
[2018.12.12-15.18.14:878][  0]LogTemp: Display: Loaded TP MacNoEditorTargetPlatform
[2018.12.12-15.18.14:895][  0]LogTemp: Display: Loaded TP MacServerTargetPlatform
[2018.12.12-15.18.14:927][  0]LogTemp: Display: Loaded TP MacTargetPlatform
[2018.12.12-15.18.14:944][  0]LogTemp: Display: Loaded TP WindowsClientTargetPlatform
[2018.12.12-15.18.14:959][  0]LogTemp: Display: Loaded TP WindowsNoEditorTargetPlatform
[2018.12.12-15.18.14:974][  0]LogTemp: Display: Loaded TP WindowsServerTargetPlatform
[2018.12.12-15.18.14:981][  0]LogTemp: Display: Loaded TP WindowsTargetPlatform
[2018.12.12-15.18.15:080][  0]LogTemp: Display: Loaded TP AndroidTargetPlatform
[2018.12.12-15.18.15:080][  0]LogTemp: Display: Loaded TP AndroidTargetPlatform
[2018.12.12-15.18.15:080][  0]LogTemp: Display: Loaded TP AndroidTargetPlatform
[2018.12.12-15.18.15:080][  0]LogTemp: Display: Loaded TP AndroidTargetPlatform
[2018.12.12-15.18.15:080][  0]LogTemp: Display: Loaded TP AndroidTargetPlatform
[2018.12.12-15.18.15:080][  0]LogTemp: Display: Loaded TP AndroidTargetPlatform
[2018.12.12-15.18.15:080][  0]LogTemp: Display: Loaded TP AndroidTargetPlatform
[2018.12.12-15.18.15:080][  0]LogTemp: Display: Loaded TP AndroidTargetPlatform
[2018.12.12-15.18.15:080][  0]LogTemp: Display: Loaded TP AndroidTargetPlatform
[2018.12.12-15.18.15:080][  0]LogTemp: Display: Loaded TP AndroidTargetPlatform
[2018.12.12-15.18.15:080][  0]LogTemp: Display: Loaded TP AndroidTargetPlatform
[2018.12.12-15.18.15:080][  0]LogTemp: Display: Loaded TP AndroidTargetPlatform
[2018.12.12-15.18.15:080][  0]LogTemp: Display: Loaded TP AndroidTargetPlatform
[2018.12.12-15.18.15:080][  0]LogTemp: Display: Loaded TP AndroidTargetPlatform
[2018.12.12-15.18.15:080][  0]LogTemp: Display: Loaded TP AndroidTargetPlatform
[2018.12.12-15.18.15:080][  0]LogTemp: Display: Loaded TP AndroidTargetPlatform
[2018.12.12-15.18.15:080][  0]LogTemp: Display: Loaded TP AndroidTargetPlatform
[2018.12.12-15.18.15:080][  0]LogTemp: Display: Loaded TP AndroidTargetPlatform
[2018.12.12-15.18.15:082][  0]LogTemp: Display: Loaded TP HTML5TargetPlatform
[2018.12.12-15.18.15:147][  0]LogTemp: Display: Loaded TP IOSTargetPlatform
[2018.12.12-15.18.15:147][  0]LogTemp: Display: Loaded TP IOSTargetPlatform
[2018.12.12-15.18.15:171][  0]LogTemp: Display: Loaded TP TVOSTargetPlatform
[2018.12.12-15.18.15:171][  0]LogTemp: Display: Loaded TP TVOSTargetPlatform
[2018.12.12-15.18.15:186][  0]LogTemp: Display: Loaded TP LinuxClientTargetPlatform
[2018.12.12-15.18.15:206][  0]LogTemp: Display: Loaded TP LinuxNoEditorTargetPlatform
[2018.12.12-15.18.15:223][  0]LogTemp: Display: Loaded TP LinuxServerTargetPlatform
[2018.12.12-15.18.15:237][  0]LogTemp: Display: Loaded TP LinuxTargetPlatform
[2018.12.12-15.18.15:248][  0]LogTemp: Display: Loaded TP LuminTargetPlatform
[2018.12.12-15.18.15:249][  0]LogTargetPlatformManager: Display: Building Assets For Windows
[2018.12.12-15.18.15:306][  0]LogXGEController: Cannot use XGE Controller as Incredibuild is not installed on this machine.
[2018.12.12-15.18.15:306][  0]LogShaderCompilers: Cannot use XGE Shader Compiler as Incredibuild is not installed on this machine.
[2018.12.12-15.18.15:306][  0]LogShaderCompilers: Display: Using Local Shader Compiler.
[2018.12.12-15.18.16:152][  0]LogDerivedDataCache: Display: Max Cache Size: 512 MB
[2018.12.12-15.18.16:216][  0]LogDerivedDataCache: Loaded boot cache 0.06s 71MB C:/Users/SizeAKAelBG/AppData/Local/UnrealEngine/4.20/DerivedDataCache/Boot.ddc.
[2018.12.12-15.18.16:217][  0]LogDerivedDataCache: Display: Loaded Boot cache: C:/Users/SizeAKAelBG/AppData/Local/UnrealEngine/4.20/DerivedDataCache/Boot.ddc
[2018.12.12-15.18.16:217][  0]LogDerivedDataCache: FDerivedDataBackendGraph:  Pak pak cache file ../../../../../../Users/SizeAKAelBG/Documents/GitHubs/Projet-Unreal/Wukongpointpng/DerivedDataCache/DDC.ddp not found, will not use a pak cache.
[2018.12.12-15.18.16:217][  0]LogDerivedDataCache: Unable to find inner node Pak for hierarchical cache Hierarchy.
[2018.12.12-15.18.16:217][  0]LogDerivedDataCache: FDerivedDataBackendGraph:  CompressedPak pak cache file ../../../../../../Users/SizeAKAelBG/Documents/GitHubs/Projet-Unreal/Wukongpointpng/DerivedDataCache/Compressed.ddp not found, will not use a pak cache.
[2018.12.12-15.18.16:217][  0]LogDerivedDataCache: Unable to find inner node CompressedPak for hierarchical cache Hierarchy.
[2018.12.12-15.18.16:232][  0]LogDerivedDataCache: Display: Pak cache opened for reading ../../../Engine/DerivedDataCache/Compressed.ddp.
[2018.12.12-15.18.16:245][  0]LogDerivedDataCache: Using Local data cache path C:/Users/SizeAKAelBG/AppData/Local/UnrealEngine/Common/DerivedDataCache: Writable
[2018.12.12-15.18.16:245][  0]LogDerivedDataCache: Shared data cache path not found in *engine.ini, will not use an Shared cache.
[2018.12.12-15.18.16:245][  0]LogDerivedDataCache: Unable to find inner node Shared for hierarchical cache Hierarchy.
[2018.12.12-15.18.16:267][  0]LogMaterial: Verifying Global Shaders for PCD3D_SM5
[2018.12.12-15.18.16:269][  0]LogSlate: Using FreeType 2.6.0
[2018.12.12-15.18.16:270][  0]LogSlate: SlateFontServices - WITH_FREETYPE: 1, WITH_HARFBUZZ: 1
[2018.12.12-15.18.16:358][  0]LogAssetRegistry: FAssetRegistry took 0.0276 seconds to start up
[2018.12.12-15.18.16:774][  0]LogInit: Selected Device Profile: [Windows]
[2018.12.12-15.18.16:923][  0]LogSimplygon: Simplygon DLL not present - disabling.
[2018.12.12-15.18.16:926][  0]LogMeshReduction: Using SimplygonSwarm for distributed automatic mesh merging
[2018.12.12-15.18.16:926][  0]LogMeshReduction: Using ProxyLODMeshReduction for automatic mesh merging
[2018.12.12-15.18.16:926][  0]LogMeshReduction: Using QuadricMeshReduction for automatic static mesh reduction
[2018.12.12-15.18.16:926][  0]LogMeshReduction: No automatic skeletal mesh reduction module available
[2018.12.12-15.18.16:949][  0]LogNetVersion: Wukongpointpng 1.0.0, NetCL: 4212847, EngineNetVer: 5, GameNetVer: 0 (Checksum: 4139426139)
[2018.12.12-15.18.17:675][  0]LogPackageLocalizationCache: Processed 11 localized package path(s) for 2 prioritized culture(s) in 0.251795 seconds
[2018.12.12-15.18.17:682][  0]LogUObjectArray: 38425 objects as part of root set at end of initial load.
[2018.12.12-15.18.17:682][  0]LogUObjectAllocator: 6690872 out of 0 bytes used by permanent object pool.
[2018.12.12-15.18.17:682][  0]LogUObjectArray: CloseDisregardForGC: 0/0 objects in disregard for GC pool
[2018.12.12-15.18.18:871][  0]LogTcpMessaging: Initializing TcpMessaging bridge
[2018.12.12-15.18.18:884][  0]LogUdpMessaging: Initializing bridge on interface 0.0.0.0:0 to multicast group 230.0.0.1:6666.
[2018.12.12-15.18.19:033][  0]SourceControl: Source control is disabled
[2018.12.12-15.18.19:033][  0]SourceControl: Source control is disabled
[2018.12.12-15.18.19:035][  0]SourceControl: Source control is disabled
[2018.12.12-15.18.19:036][  0]SourceControl: Source control is disabled
[2018.12.12-15.18.19:200][  0]LogAndroidPermission: UAndroidPermissionCallbackProxy::GetInstance
[2018.12.12-15.18.19:254][  0]LogOcInput: OculusInput pre-init called
[2018.12.12-15.18.19:320][  0]LogEngine: Initializing Engine...
[2018.12.12-15.18.19:322][  0]LogHMD: Failed to initialize OpenVR with code 110
[2018.12.12-15.18.19:324][  0]LogStats: UGameplayTagsManager::ConstructGameplayTagTree: ImportINI prefixes -  0.000 s
[2018.12.12-15.18.19:324][  0]LogStats: UGameplayTagsManager::ConstructGameplayTagTree: Construct from data asset -  0.000 s
[2018.12.12-15.18.19:324][  0]LogStats: UGameplayTagsManager::ConstructGameplayTagTree: ImportINI -  0.000 s
[2018.12.12-15.18.19:324][  0]LogStats: UGameplayTagsManager::ConstructGameplayTagTree: GameplayTagTreeChangedEvent.Broadcast -  0.000 s
[2018.12.12-15.18.19:560][  0]LogInit: Initializing FReadOnlyCVARCache
[2018.12.12-15.18.19:572][  0]LogAIModule: Creating AISystem for world Untitled
[2018.12.12-15.18.19:601][  0]LogInit: XAudio2 using 'Haut-parleurs (Realtek High Definition Audio)' : 2 channels at 48 kHz using 32 bits per sample (channel mask 0x3)
[2018.12.12-15.18.19:648][  0]LogInit: FAudioDevice initialized.
[2018.12.12-15.18.19:648][  0]LogNetVersion: Set ProjectVersion to 1.0.0.0. Version Checksum will be recalculated on next use.
[2018.12.12-15.18.19:731][  0]LogDerivedDataCache: Saved boot cache 0.08s 71MB C:/Users/SizeAKAelBG/AppData/Local/UnrealEngine/4.20/DerivedDataCache/Boot.ddc.
[2018.12.12-15.18.19:737][  0]LogInit: Texture streaming: Enabled
[2018.12.12-15.18.19:751][  0]LogEngineSessionManager: EngineSessionManager initialized
[2018.12.12-15.18.19:770][  0]LogInit: Transaction tracking system initialized
[2018.12.12-15.18.19:786][  0]BlueprintLog: New page: Editor Load
[2018.12.12-15.18.19:854][  0]LocalizationService: Localization service is disabled
[2018.12.12-15.18.20:120][  0]LogCook: Display: Max memory allowance for cook 16384mb min free memory 0mb
[2018.12.12-15.18.20:120][  0]LogCook: Display: Mobile HDR setting 1
[2018.12.12-15.18.20:120][  0]LogGameplayTags: Display: UGameplayTagsManager::DoneAddingNativeTags. DelegateIsBound: 0
[2018.12.12-15.18.20:120][  0]LogStats: UGameplayTagsManager::ConstructGameplayTagTree: ImportINI prefixes -  0.000 s
[2018.12.12-15.18.20:120][  0]LogStats: UGameplayTagsManager::ConstructGameplayTagTree: Construct from data asset -  0.000 s
[2018.12.12-15.18.20:120][  0]LogStats: UGameplayTagsManager::ConstructGameplayTagTree: ImportINI -  0.000 s
[2018.12.12-15.18.20:120][  0]LogStats: UGameplayTagsManager::ConstructGameplayTagTree: GameplayTagTreeChangedEvent.Broadcast -  0.000 s
[2018.12.12-15.18.20:235][  0]LogFileCache: Scanning file cache for directory 'D:/Users/SizeAKAelBG/Documents/GitHubs/Projet-Unreal/Wukongpointpng/Content/' took 0.02s
[2018.12.12-15.18.20:235][  0]SourceControl: Source control is disabled
[2018.12.12-15.18.20:235][  0]Cmd: MAP LOAD FILE="../../../../../../Users/SizeAKAelBG/Documents/GitHubs/Projet-Unreal/Wukongpointpng/Content/SideScrollerBP/Maps/SideScrollerExampleMap.umap" TEMPLATE=0 SHOWPROGRESS=1 FEATURELEVEL=3
[2018.12.12-15.18.20:236][  0]LightingResults: New page: Lighting Build
[2018.12.12-15.18.20:238][  0]MapCheck: New page: Map Check
[2018.12.12-15.18.20:238][  0]LightingResults: New page: Lighting Build
[2018.12.12-15.18.22:327][  0]LogAIModule: Creating AISystem for world SideScrollerExampleMap
[2018.12.12-15.18.22:350][  0]LogEditorServer: Finished looking for orphan Actors (0.000 secs)
[2018.12.12-15.18.22:378][  0]Cmd: MAP CHECKDEP NOCLEARLOG
[2018.12.12-15.18.22:444][  0]MapCheck: Map check complete: 0 Error(s), 0 Warning(s), took 65,723ms to complete.
[2018.12.12-15.18.22:444][  0]LogFileHelpers: Loading map 'SideScrollerExampleMap' took 2.209
[2018.12.12-15.18.22:560][  0]LogSlate: Updating window title bar state: overlay mode, drag disabled, window buttons hidden, title bar hidden
[2018.12.12-15.18.22:572][  0]LogSlate: Updating window title bar state: overlay mode, drag disabled, window buttons hidden, title bar hidden
[2018.12.12-15.18.22:584][  0]LogSlate: Updating window title bar state: overlay mode, drag disabled, window buttons hidden, title bar hidden
[2018.12.12-15.18.22:593][  0]LogSlate: Updating window title bar state: overlay mode, drag disabled, window buttons hidden, title bar hidden
[2018.12.12-15.18.22:598][  0]LogCollectionManager: Loaded 0 collections in 0.001283 seconds
[2018.12.12-15.18.22:640][  0]LogFileCache: Scanning file cache for directory 'D:/Users/SizeAKAelBG/Documents/GitHubs/Projet-Unreal/Wukongpointpng/Saved/Collections/' took 0.01s
[2018.12.12-15.18.22:640][  0]LogFileCache: Scanning file cache for directory 'D:/Users/SizeAKAelBG/Documents/GitHubs/Projet-Unreal/Wukongpointpng/Content/Developers/SizeAKAelBG/Collections/' took 0.01s
[2018.12.12-15.18.22:640][  0]LogFileCache: Scanning file cache for directory 'D:/Users/SizeAKAelBG/Documents/GitHubs/Projet-Unreal/Wukongpointpng/Content/Collections/' took 0.01s
[2018.12.12-15.18.22:640][  0]LogCollectionManager: Rebuilt the GUID cache for 0 collections in 0.000000 seconds
[2018.12.12-15.18.22:653][  0]LogContentBrowser: Native class hierarchy populated in 0.0128 seconds. Added 2572 classes and 603 folders.
[2018.12.12-15.18.22:658][  0]LogContentBrowser: Native class hierarchy updated for 'WidgetCarousel' in 0.0004 seconds. Added 0 classes and 0 folders.
[2018.12.12-15.18.22:707][  0]LogContentBrowser: Native class hierarchy updated for 'AddContentDialog' in 0.0003 seconds. Added 0 classes and 0 folders.
[2018.12.12-15.18.22:711][  0]LogContentBrowser: Native class hierarchy updated for 'SceneOutliner' in 0.0003 seconds. Added 1 classes and 2 folders.
[2018.12.12-15.18.22:795][  0]LogSlate: Took 0.000232 seconds to synchronously load lazily loaded font '../../../Engine/Content/Slate/Fonts/Roboto-Regular.ttf' (155K)
[2018.12.12-15.18.22:798][  0]LogSlate: Took 0.000313 seconds to synchronously load lazily loaded font '../../../Engine/Content/Slate/Fonts/Roboto-Bold.ttf' (160K)
[2018.12.12-15.18.22:807][  0]LogSlate: Took 0.000346 seconds to synchronously load lazily loaded font '../../../Engine/Content/Editor/Slate/Fonts/FontAwesome.ttf' (139K)
[2018.12.12-15.18.22:901][  0]LogRenderer: Reallocating scene render targets to support 1208x496 Format 10 NumSamples 1 (Frame:1).
[2018.12.12-15.18.23:060][  0]LogContentBrowser: Native class hierarchy updated for 'HierarchicalLODOutliner' in 0.0005 seconds. Added 0 classes and 0 folders.
[2018.12.12-15.18.23:060][  0]LogLoad: (Engine Initialization) Total time: 11.34 seconds
[2018.12.12-15.18.23:060][  0]LogLoad: (Engine Initialization) Total Blueprint compile time: 0.00 seconds
[2018.12.12-15.18.23:079][  0]LogWindowsTextInputMethodSystem: Display: IME system now deactivated.
[2018.12.12-15.18.23:102][  0]LogContentStreaming: Texture pool size now 1000 MB
[2018.12.12-15.18.23:123][  0]LogSlate: Took 0.000183 seconds to synchronously load lazily loaded font '../../../Engine/Content/Slate/Fonts/Roboto-Light.ttf' (167K)
[2018.12.12-15.18.26:431][187]LogAssetRegistry: Asset discovery search completed in 10.0954 seconds
[2018.12.12-15.18.26:433][187]LogCollectionManager: Rebuilt the object cache for 0 collections in 0.000000 seconds (found 0 objects)
[2018.12.12-15.18.26:433][187]LogCollectionManager: Fixed up redirectors for 0 collections in 0.000055 seconds (updated 0 objects)
[2018.12.12-15.20.19:158][993]LogSlate: FSceneViewport::OnFocusLost() reason 0
[2018.12.12-15.20.21:980][162]LogSlate: Took 0.000264 seconds to synchronously load lazily loaded font '../../../Engine/Content/Slate/Fonts/Roboto-Light.ttf' (167K)
[2018.12.12-15.20.21:988][162]LogAssetEditorManager: Opening Asset editor for World /Game/SideScrollerBP/Maps/SideScrollerExampleMap.SideScrollerExampleMap
[2018.12.12-15.20.22:013][162]Cmd: MAP LOAD FILE="../../../../../../Users/SizeAKAelBG/Documents/GitHubs/Projet-Unreal/Wukongpointpng/Content/SideScrollerBP/Maps/SideScrollerExampleMap.umap" TEMPLATE=0 SHOWPROGRESS=1 FEATURELEVEL=3
[2018.12.12-15.20.22:013][162]LightingResults: New page: Lighting Build
[2018.12.12-15.20.22:014][162]LoadErrors: New page: Loading map: SideScrollerExampleMap.umap
[2018.12.12-15.20.22:015][162]MapCheck: New page: Map Check
[2018.12.12-15.20.22:015][162]LightingResults: New page: Lighting Build
[2018.12.12-15.20.22:075][162]LogAIModule: Creating AISystem for world SideScrollerExampleMap
[2018.12.12-15.20.22:190][162]LogEditorServer: Finished looking for orphan Actors (0.000 secs)
[2018.12.12-15.20.22:243][162]Cmd: MAP CHECKDEP NOCLEARLOG
[2018.12.12-15.20.22:315][162]MapCheck: Map check complete: 0 Error(s), 0 Warning(s), took 71,539ms to complete.
[2018.12.12-15.20.22:316][162]LogFileHelpers: Loading map 'SideScrollerExampleMap' took 0.304
[2018.12.12-15.20.55:267][420]LogUObjectGlobals: Warning: Guid referenced by ArrowComponent /Game/SideScrollerBP/Maps/LD_01.LD_01:PersistentLevel.AtmosphericFog_1.ArrowComponent0 is already used by ArrowComponent /Game/SideScrollerBP/Maps/SideScrollerExampleMap.SideScrollerExampleMap:PersistentLevel.AtmosphericFog_1.ArrowComponent0, which should never happen in the editor but could happen at runtime with duplicate level loading or PIE
[2018.12.12-15.20.55:267][420]LogUObjectGlobals: Warning: Guid referenced by ArrowComponent /Game/SideScrollerBP/Maps/LD_01.LD_01:PersistentLevel.LightSource.ArrowComponent0 is already used by ArrowComponent /Game/SideScrollerBP/Maps/SideScrollerExampleMap.SideScrollerExampleMap:PersistentLevel.LightSource.ArrowComponent0, which should never happen in the editor but could happen at runtime with duplicate level loading or PIE
[2018.12.12-15.20.55:267][420]LogUObjectGlobals: Warning: Guid referenced by ArrowComponent /Game/SideScrollerBP/Maps/LD_01.LD_01:PersistentLevel.NetworkPlayerStart.Arrow is already used by ArrowComponent /Game/SideScrollerBP/Maps/SideScrollerExampleMap.SideScrollerExampleMap:PersistentLevel.NetworkPlayerStart.Arrow, which should never happen in the editor but could happen at runtime with duplicate level loading or PIE
[2018.12.12-15.20.55:268][420]LogUObjectGlobals: Warning: Guid referenced by AtmosphericFogComponent /Game/SideScrollerBP/Maps/LD_01.LD_01:PersistentLevel.AtmosphericFog_1.AtmosphericFogComponent0 is already used by AtmosphericFogComponent /Game/SideScrollerBP/Maps/SideScrollerExampleMap.SideScrollerExampleMap:PersistentLevel.AtmosphericFog_1.AtmosphericFogComponent0, which should never happen in the editor but could happen at runtime with duplicate level loading or PIE
[2018.12.12-15.20.55:268][420]LogUObjectGlobals: Warning: Guid referenced by BillboardComponent /Game/SideScrollerBP/Maps/LD_01.LD_01:PersistentLevel.AtmosphericFog_1.Sprite is already used by BillboardComponent /Game/SideScrollerBP/Maps/SideScrollerExampleMap.SideScrollerExampleMap:PersistentLevel.AtmosphericFog_1.Sprite, which should never happen in the editor but could happen at runtime with duplicate level loading or PIE
[2018.12.12-15.20.55:268][420]LogUObjectGlobals: Warning: Guid referenced by BillboardComponent /Game/SideScrollerBP/Maps/LD_01.LD_01:PersistentLevel.NetworkPlayerStart.Sprite is already used by BillboardComponent /Game/SideScrollerBP/Maps/SideScrollerExampleMap.SideScrollerExampleMap:PersistentLevel.NetworkPlayerStart.Sprite, which should never happen in the editor but could happen at runtime with duplicate level loading or PIE
[2018.12.12-15.20.55:268][420]LogUObjectGlobals: Warning: Guid referenced by BillboardComponent /Game/SideScrollerBP/Maps/LD_01.LD_01:PersistentLevel.NetworkPlayerStart.Sprite2 is already used by BillboardComponent /Game/SideScrollerBP/Maps/SideScrollerExampleMap.SideScrollerExampleMap:PersistentLevel.NetworkPlayerStart.Sprite2, which should never happen in the editor but could happen at runtime with duplicate level loading or PIE
[2018.12.12-15.20.55:268][420]LogUObjectGlobals: Warning: Guid referenced by BillboardComponent /Game/SideScrollerBP/Maps/LD_01.LD_01:PersistentLevel.SkyLight_1.Sprite is already used by BillboardComponent /Game/SideScrollerBP/Maps/SideScrollerExampleMap.SideScrollerExampleMap:PersistentLevel.SkyLight_1.Sprite, which should never happen in the editor but could happen at runtime with duplicate level loading or PIE
[2018.12.12-15.20.55:268][420]LogUObjectGlobals: Warning: Guid referenced by BillboardComponent /Game/SideScrollerBP/Maps/LD_01.LD_01:PersistentLevel.SphereReflectionCapture.Sprite is already used by BillboardComponent /Game/SideScrollerBP/Maps/SideScrollerExampleMap.SideScrollerExampleMap:PersistentLevel.SphereReflectionCapture.Sprite, which should never happen in the editor but could happen at runtime with duplicate level loading or PIE
[2018.12.12-15.20.55:268][420]LogUObjectGlobals: Warning: Guid referenced by BillboardComponent /Game/SideScrollerBP/Maps/LD_01.LD_01:PersistentLevel.TemplateLabel.Sprite is already used by BillboardComponent /Game/SideScrollerBP/Maps/SideScrollerExampleMap.SideScrollerExampleMap:PersistentLevel.TemplateLabel.Sprite, which should never happen in the editor but could happen at runtime with duplicate level loading or PIE
[2018.12.12-15.20.55:268][420]LogUObjectGlobals: Warning: Guid referenced by BrushComponent /Game/SideScrollerBP/Maps/LD_01.LD_01:PersistentLevel.Brush_0.BrushComponent0 is already used by BrushComponent /Game/SideScrollerBP/Maps/SideScrollerExampleMap.SideScrollerExampleMap:PersistentLevel.Brush_0.BrushComponent0, which should never happen in the editor but could happen at runtime with duplicate level loading or PIE
[2018.12.12-15.20.55:268][420]LogUObjectGlobals: Warning: Guid referenced by CapsuleComponent /Game/SideScrollerBP/Maps/LD_01.LD_01:PersistentLevel.NetworkPlayerStart.CollisionCapsule is already used by CapsuleComponent /Game/SideScrollerBP/Maps/SideScrollerExampleMap.SideScrollerExampleMap:PersistentLevel.NetworkPlayerStart.CollisionCapsule, which should never happen in the editor but could happen at runtime with duplicate level loading or PIE
[2018.12.12-15.20.55:268][420]LogUObjectGlobals: Warning: Guid referenced by DirectionalLightComponent /Game/SideScrollerBP/Maps/LD_01.LD_01:PersistentLevel.LightSource.LightComponent0 is already used by DirectionalLightComponent /Game/SideScrollerBP/Maps/SideScrollerExampleMap.SideScrollerExampleMap:PersistentLevel.LightSource.LightComponent0, which should never happen in the editor but could happen at runtime with duplicate level loading or PIE
[2018.12.12-15.20.55:268][420]LogUObjectGlobals: Warning: Guid referenced by DrawSphereComponent /Game/SideScrollerBP/Maps/LD_01.LD_01:PersistentLevel.SphereReflectionCapture.DrawRadius0 is already used by DrawSphereComponent /Game/SideScrollerBP/Maps/SideScrollerExampleMap.SideScrollerExampleMap:PersistentLevel.SphereReflectionCapture.DrawRadius0, which should never happen in the editor but could happen at runtime with duplicate level loading or PIE
[2018.12.12-15.20.55:268][420]LogUObjectGlobals: Warning: Guid referenced by DrawSphereComponent /Game/SideScrollerBP/Maps/LD_01.LD_01:PersistentLevel.SphereReflectionCapture.DrawRadius1 is already used by DrawSphereComponent /Game/SideScrollerBP/Maps/SideScrollerExampleMap.SideScrollerExampleMap:PersistentLevel.SphereReflectionCapture.DrawRadius1, which should never happen in the editor but could happen at runtime with duplicate level loading or PIE
[2018.12.12-15.20.55:268][420]LogUObjectGlobals: Warning: Guid referenced by SceneComponent /Game/SideScrollerBP/Maps/LD_01.LD_01:PersistentLevel.InstancedFoliageActor_0.RootComponent0 is already used by SceneComponent /Game/SideScrollerBP/Maps/SideScrollerExampleMap.SideScrollerExampleMap:PersistentLevel.InstancedFoliageActor_0.RootComponent0, which should never happen in the editor but could happen at runtime with duplicate level loading or PIE
[2018.12.12-15.20.55:269][420]LogUObjectGlobals: Warning: Guid referenced by SkyLightComponent /Game/SideScrollerBP/Maps/LD_01.LD_01:PersistentLevel.SkyLight_1.SkyLightComponent0 is already used by SkyLightComponent /Game/SideScrollerBP/Maps/SideScrollerExampleMap.SideScrollerExampleMap:PersistentLevel.SkyLight_1.SkyLightComponent0, which should never happen in the editor but could happen at runtime with duplicate level loading or PIE
[2018.12.12-15.20.55:269][420]LogUObjectGlobals: Warning: Guid referenced by SphereReflectionCaptureComponent /Game/SideScrollerBP/Maps/LD_01.LD_01:PersistentLevel.SphereReflectionCapture.NewReflectionComponent is already used by SphereReflectionCaptureComponent /Game/SideScrollerBP/Maps/SideScrollerExampleMap.SideScrollerExampleMap:PersistentLevel.SphereReflectionCapture.NewReflectionComponent, which should never happen in the editor but could happen at runtime with duplicate level loading or PIE
[2018.12.12-15.20.55:269][420]LogUObjectGlobals: Warning: Guid referenced by StaticMeshComponent /Game/SideScrollerBP/Maps/LD_01.LD_01:PersistentLevel.Floor_12.StaticMeshComponent0 is already used by StaticMeshComponent /Game/SideScrollerBP/Maps/SideScrollerExampleMap.SideScrollerExampleMap:PersistentLevel.Floor_12.StaticMeshComponent0, which should never happen in the editor but could happen at runtime with duplicate level loading or PIE
[2018.12.12-15.20.55:269][420]LogUObjectGlobals: Warning: Guid referenced by StaticMeshComponent /Game/SideScrollerBP/Maps/LD_01.LD_01:PersistentLevel.Ledge1_2.StaticMeshComponent0 is already used by StaticMeshComponent /Game/SideScrollerBP/Maps/SideScrollerExampleMap.SideScrollerExampleMap:PersistentLevel.Ledge1_2.StaticMeshComponent0, which should never happen in the editor but could happen at runtime with duplicate level loading or PIE
[2018.12.12-15.20.55:269][420]LogUObjectGlobals: Warning: Guid referenced by StaticMeshComponent /Game/SideScrollerBP/Maps/LD_01.LD_01:PersistentLevel.LEdge2_5.StaticMeshComponent0 is already used by StaticMeshComponent /Game/SideScrollerBP/Maps/SideScrollerExampleMap.SideScrollerExampleMap:PersistentLevel.LEdge2_5.StaticMeshComponent0, which should never happen in the editor but could happen at runtime with duplicate level loading or PIE
[2018.12.12-15.20.55:270][420]LogUObjectGlobals: Warning: Guid referenced by StaticMeshComponent /Game/SideScrollerBP/Maps/LD_01.LD_01:PersistentLevel.Ledge5_3.StaticMeshComponent0 is already used by StaticMeshComponent /Game/SideScrollerBP/Maps/SideScrollerExampleMap.SideScrollerExampleMap:PersistentLevel.Ledge5_3.StaticMeshComponent0, which should never happen in the editor but could happen at runtime with duplicate level loading or PIE
[2018.12.12-15.20.55:270][420]LogUObjectGlobals: Warning: Guid referenced by StaticMeshComponent /Game/SideScrollerBP/Maps/LD_01.LD_01:PersistentLevel.Ledge6_4.StaticMeshComponent0 is already used by StaticMeshComponent /Game/SideScrollerBP/Maps/SideScrollerExampleMap.SideScrollerExampleMap:PersistentLevel.Ledge6_4.StaticMeshComponent0, which should never happen in the editor but could happen at runtime with duplicate level loading or PIE
[2018.12.12-15.20.55:270][420]LogUObjectGlobals: Warning: Guid referenced by StaticMeshComponent /Game/SideScrollerBP/Maps/LD_01.LD_01:PersistentLevel.Pillar1_6.StaticMeshComponent0 is already used by StaticMeshComponent /Game/SideScrollerBP/Maps/SideScrollerExampleMap.SideScrollerExampleMap:PersistentLevel.Pillar1_6.StaticMeshComponent0, which should never happen in the editor but could happen at runtime with duplicate level loading or PIE
[2018.12.12-15.20.55:270][420]LogUObjectGlobals: Warning: Guid referenced by StaticMeshComponent /Game/SideScrollerBP/Maps/LD_01.LD_01:PersistentLevel.Pillar2_7.StaticMeshComponent0 is already used by StaticMeshComponent /Game/SideScrollerBP/Maps/SideScrollerExampleMap.SideScrollerExampleMap:PersistentLevel.Pillar2_7.StaticMeshComponent0, which should never happen in the editor but could happen at runtime with duplicate level loading or PIE
[2018.12.12-15.20.55:270][420]LogUObjectGlobals: Warning: Guid referenced by TextRenderComponent /Game/SideScrollerBP/Maps/LD_01.LD_01:PersistentLevel.TemplateLabel.NewTextRenderComponent is already used by TextRenderComponent /Game/SideScrollerBP/Maps/SideScrollerExampleMap.SideScrollerExampleMap:PersistentLevel.TemplateLabel.NewTextRenderComponent, which should never happen in the editor but could happen at runtime with duplicate level loading or PIE
[2018.12.12-15.20.55:281][420]LogAIModule: Creating AISystem for world LD_01
[2018.12.12-15.20.55:316][420]LogAssetEditorManager: Opening Asset editor for World /Game/SideScrollerBP/Maps/LD_01.LD_01
[2018.12.12-15.20.55:341][420]Cmd: MAP LOAD FILE="../../../../../../Users/SizeAKAelBG/Documents/GitHubs/Projet-Unreal/Wukongpointpng/Content/SideScrollerBP/Maps/LD_01.umap" TEMPLATE=0 SHOWPROGRESS=1 FEATURELEVEL=3
[2018.12.12-15.20.55:341][420]LightingResults: New page: Lighting Build
[2018.12.12-15.20.55:342][420]LoadErrors: New page: Loading map: LD_01.umap
[2018.12.12-15.20.55:342][420]MapCheck: New page: Map Check
[2018.12.12-15.20.55:342][420]LightingResults: New page: Lighting Build
[2018.12.12-15.20.55:458][420]LogEditorServer: Finished looking for orphan Actors (0.000 secs)
[2018.12.12-15.20.55:505][420]Cmd: MAP CHECKDEP NOCLEARLOG
[2018.12.12-15.20.55:569][420]MapCheck: Map check complete: 0 Error(s), 0 Warning(s), took 63,923ms to complete.
[2018.12.12-15.20.55:571][420]LogFileHelpers: Loading map 'LD_01' took 0.231
[2018.12.12-15.20.58:921][617]LogEditorViewport: Clicking on Actor (LMB): SideScrollerCharacter_C (SideScrollerCharacter)
[2018.12.12-15.20.59:738][656]LogSlate: FSceneViewport::OnFocusLost() reason 0
[2018.12.12-15.20.59:837][662]LogTemp: Repeating last play command: Selected Viewport
[2018.12.12-15.20.59:855][662]LogBlueprintUserMessages: Early PlayInEditor Detection: Level '/Game/SideScrollerBP/Maps/LD_01.LD_01:PersistentLevel' has LevelScriptBlueprint '/Game/SideScrollerBP/Maps/LD_01.LD_01:PersistentLevel.LD_01' with GeneratedClass '/Game/SideScrollerBP/Maps/LD_01.LD_01_C' with ClassGeneratedBy '/Game/SideScrollerBP/Maps/LD_01.LD_01:PersistentLevel.LD_01'
[2018.12.12-15.20.59:855][662]LogPlayLevel: PlayLevel: No blueprints needed recompiling
[2018.12.12-15.20.59:867][662]PIE: New page: PIE session: LD_01 (12 déc. 2018 17:20:59)
[2018.12.12-15.20.59:867][662]LogPlayLevel: Creating play world package: /Game/SideScrollerBP/Maps/UEDPIE_0_LD_01
[2018.12.12-15.20.59:889][662]LogPlayLevel: PIE: StaticDuplicateObject took: (0.021968s)
[2018.12.12-15.20.59:890][662]LogAIModule: Creating AISystem for world LD_01
[2018.12.12-15.20.59:891][662]LogPlayLevel: PIE: World Init took: (0.001275s)
[2018.12.12-15.20.59:891][662]LogPlayLevel: PIE: Created PIE world by copying editor world from /Game/SideScrollerBP/Maps/LD_01.LD_01 to /Game/SideScrollerBP/Maps/UEDPIE_0_LD_01.LD_01 (0.023424s)
[2018.12.12-15.20.59:957][662]LogInit: XAudio2 using 'Haut-parleurs (Realtek High Definition Audio)' : 2 channels at 48 kHz using 32 bits per sample (channel mask 0x3)
[2018.12.12-15.20.59:975][662]LogInit: FAudioDevice initialized.
[2018.12.12-15.21.00:028][662]LogLoad: Game class is 'SideScrollerGameMode_C'
[2018.12.12-15.21.00:031][662]LogWorld: Bringing World /Game/SideScrollerBP/Maps/UEDPIE_0_LD_01.LD_01 up for play (max tick rate 60) at 2018.12.12-16.21.00
[2018.12.12-15.21.00:032][662]LogWorld: Bringing up level for play took: 0.002086
[2018.12.12-15.21.00:050][662]LogContentBrowser: Native class hierarchy updated for 'MovieSceneCapture' in 0.0004 seconds. Added 10 classes and 0 folders.
[2018.12.12-15.21.00:050][662]PIE: Play in editor start time for /Game/SideScrollerBP/Maps/UEDPIE_0_LD_01 0,572
[2018.12.12-15.21.00:050][662]LogBlueprintUserMessages: Late PlayInEditor Detection: Level '/Game/SideScrollerBP/Maps/LD_01.LD_01:PersistentLevel' has LevelScriptBlueprint '/Game/SideScrollerBP/Maps/LD_01.LD_01:PersistentLevel.LD_01' with GeneratedClass '/Game/SideScrollerBP/Maps/LD_01.LD_01_C' with ClassGeneratedBy '/Game/SideScrollerBP/Maps/LD_01.LD_01:PersistentLevel.LD_01'
[2018.12.12-15.21.00:742][702]LogBlueprintUserMessages: Early EndPlayMap Detection: Level '/Game/SideScrollerBP/Maps/LD_01.LD_01:PersistentLevel' has LevelScriptBlueprint '/Game/SideScrollerBP/Maps/LD_01.LD_01:PersistentLevel.LD_01' with GeneratedClass '/Game/SideScrollerBP/Maps/LD_01.LD_01_C' with ClassGeneratedBy '/Game/SideScrollerBP/Maps/LD_01.LD_01:PersistentLevel.LD_01'
[2018.12.12-15.21.00:742][702]LogSlate: Updating window title bar state: overlay mode, drag disabled, window buttons hidden, title bar hidden
[2018.12.12-15.21.00:780][702]LogPlayLevel: Display: Shutting down PIE online subsystems
[2018.12.12-15.21.00:780][702]LogBlueprintUserMessages: Late EndPlayMap Detection: Level '/Game/SideScrollerBP/Maps/LD_01.LD_01:PersistentLevel' has LevelScriptBlueprint '/Game/SideScrollerBP/Maps/LD_01.LD_01:PersistentLevel.LD_01' with GeneratedClass '/Game/SideScrollerBP/Maps/LD_01.LD_01_C' with ClassGeneratedBy '/Game/SideScrollerBP/Maps/LD_01.LD_01:PersistentLevel.LD_01'
[2018.12.12-15.21.00:806][702]LogSlate: Updating window title bar state: overlay mode, drag disabled, window buttons hidden, title bar hidden
[2018.12.12-15.21.00:855][704]LogPlayLevel: Display: Destroying online subsystem :Context_3
[2018.12.12-15.21.04:838][943]LogEditorViewport: Clicking on Actor (LMB): SideScrollerCharacter_C (SideScrollerCharacter)
[2018.12.12-15.21.11:803][349]LogSlate: FSceneViewport::OnFocusLost() reason 0
[2018.12.12-15.21.20:220][853]LogAssetEditorManager: Opening Asset editor for Blueprint /Game/SideScrollerBP/Blueprints/SideScrollerCharacter.SideScrollerCharacter
[2018.12.12-15.21.20:805][853]LogContentBrowser: Native class hierarchy updated for 'BlueprintGraph' in 0.0006 seconds. Added 116 classes and 0 folders.
[2018.12.12-15.21.21:756][853]LogSlate: Took 0.000191 seconds to synchronously load lazily loaded font '../../../Engine/Content/Slate/Fonts/Roboto-BoldCondensed.ttf' (158K)
[2018.12.12-15.21.21:845][854]LogSlate: Took 0.000228 seconds to synchronously load lazily loaded font '../../../Engine/Content/Slate/Fonts/Roboto-Italic.ttf' (157K)
[2018.12.12-15.21.24:177][983]LogRenderer: Reallocating scene render targets to support 1208x712 Format 10 NumSamples 1 (Frame:1).
[2018.12.12-15.21.28:163][193]LogSlate: FSceneViewport::OnFocusLost() reason 0
[2018.12.12-15.21.28:229][197]LogTemp: Repeating last play command: Selected Viewport
[2018.12.12-15.21.28:252][197]LogBlueprintUserMessages: Early PlayInEditor Detection: Level '/Game/SideScrollerBP/Maps/LD_01.LD_01:PersistentLevel' has LevelScriptBlueprint '/Game/SideScrollerBP/Maps/LD_01.LD_01:PersistentLevel.LD_01' with GeneratedClass '/Game/SideScrollerBP/Maps/LD_01.LD_01_C' with ClassGeneratedBy '/Game/SideScrollerBP/Maps/LD_01.LD_01:PersistentLevel.LD_01'
[2018.12.12-15.21.28:252][197]BlueprintLog: New page: Pre-Play auto-recompile
[2018.12.12-15.21.28:256][197]LogPlayLevel: [PlayLevel] Compiling SideScrollerCharacter before play...
[2018.12.12-15.21.28:588][197]LogPlayLevel: PlayLevel: Blueprint regeneration took 335 ms (1 blueprints)
[2018.12.12-15.21.28:588][197]PIE: New page: PIE session: LD_01 (12 déc. 2018 17:21:28)
[2018.12.12-15.21.28:588][197]LogPlayLevel: Creating play world package: /Game/SideScrollerBP/Maps/UEDPIE_0_LD_01
[2018.12.12-15.21.28:600][197]LogPlayLevel: PIE: StaticDuplicateObject took: (0.011886s)
[2018.12.12-15.21.28:601][197]LogAIModule: Creating AISystem for world LD_01
[2018.12.12-15.21.28:601][197]LogPlayLevel: PIE: World Init took: (0.001242s)
[2018.12.12-15.21.28:601][197]LogPlayLevel: PIE: Created PIE world by copying editor world from /Game/SideScrollerBP/Maps/LD_01.LD_01 to /Game/SideScrollerBP/Maps/UEDPIE_0_LD_01.LD_01 (0.013356s)
[2018.12.12-15.21.28:670][197]LogInit: XAudio2 using 'Haut-parleurs (Realtek High Definition Audio)' : 2 channels at 48 kHz using 32 bits per sample (channel mask 0x3)
[2018.12.12-15.21.28:684][197]LogInit: FAudioDevice initialized.
[2018.12.12-15.21.28:721][197]LogLoad: Game class is 'SideScrollerGameMode_C'
[2018.12.12-15.21.28:725][197]LogWorld: Bringing World /Game/SideScrollerBP/Maps/UEDPIE_0_LD_01.LD_01 up for play (max tick rate 60) at 2018.12.12-16.21.28
[2018.12.12-15.21.28:725][197]LogWorld: Bringing up level for play took: 0.003015
[2018.12.12-15.21.28:738][197]PIE: Play in editor start time for /Game/SideScrollerBP/Maps/UEDPIE_0_LD_01 1,26
[2018.12.12-15.21.28:738][197]LogBlueprintUserMessages: Late PlayInEditor Detection: Level '/Game/SideScrollerBP/Maps/LD_01.LD_01:PersistentLevel' has LevelScriptBlueprint '/Game/SideScrollerBP/Maps/LD_01.LD_01:PersistentLevel.LD_01' with GeneratedClass '/Game/SideScrollerBP/Maps/LD_01.LD_01_C' with ClassGeneratedBy '/Game/SideScrollerBP/Maps/LD_01.LD_01:PersistentLevel.LD_01'
[2018.12.12-15.21.29:955][262]LogBlueprintUserMessages: Early EndPlayMap Detection: Level '/Game/SideScrollerBP/Maps/LD_01.LD_01:PersistentLevel' has LevelScriptBlueprint '/Game/SideScrollerBP/Maps/LD_01.LD_01:PersistentLevel.LD_01' with GeneratedClass '/Game/SideScrollerBP/Maps/LD_01.LD_01_C' with ClassGeneratedBy '/Game/SideScrollerBP/Maps/LD_01.LD_01:PersistentLevel.LD_01'
[2018.12.12-15.21.29:955][262]LogSlate: Updating window title bar state: overlay mode, drag disabled, window buttons hidden, title bar hidden
[2018.12.12-15.21.29:991][262]LogPlayLevel: Display: Shutting down PIE online subsystems
[2018.12.12-15.21.29:992][262]LogBlueprintUserMessages: Late EndPlayMap Detection: Level '/Game/SideScrollerBP/Maps/LD_01.LD_01:PersistentLevel' has LevelScriptBlueprint '/Game/SideScrollerBP/Maps/LD_01.LD_01:PersistentLevel.LD_01' with GeneratedClass '/Game/SideScrollerBP/Maps/LD_01.LD_01_C' with ClassGeneratedBy '/Game/SideScrollerBP/Maps/LD_01.LD_01:PersistentLevel.LD_01'
[2018.12.12-15.21.30:027][262]LogSlate: Updating window title bar state: overlay mode, drag disabled, window buttons hidden, title bar hidden
[2018.12.12-15.21.30:057][263]LogPlayLevel: Display: Destroying online subsystem :Context_6
[2018.12.12-15.21.31:122][317]LogSlate: Window 'SideScrollerCharacter*' being destroyed
[2018.12.12-15.21.31:182][318]LogRenderer: Reallocating scene render targets to support 1208x724 Format 10 NumSamples 1 (Frame:259).
[2018.12.12-15.21.33:220][434]LogSlate: Window 'SideScrollerCharacter*' being destroyed
[2018.12.12-15.21.34:337][501]LogTemp: Repeating last play command: Selected Viewport
[2018.12.12-15.21.34:358][501]LogBlueprintUserMessages: Early PlayInEditor Detection: Level '/Game/SideScrollerBP/Maps/LD_01.LD_01:PersistentLevel' has LevelScriptBlueprint '/Game/SideScrollerBP/Maps/LD_01.LD_01:PersistentLevel.LD_01' with GeneratedClass '/Game/SideScrollerBP/Maps/LD_01.LD_01_C' with ClassGeneratedBy '/Game/SideScrollerBP/Maps/LD_01.LD_01:PersistentLevel.LD_01'
[2018.12.12-15.21.34:358][501]LogPlayLevel: PlayLevel: No blueprints needed recompiling
[2018.12.12-15.21.34:358][501]PIE: New page: PIE session: LD_01 (12 déc. 2018 17:21:34)
[2018.12.12-15.21.34:358][501]LogPlayLevel: Creating play world package: /Game/SideScrollerBP/Maps/UEDPIE_0_LD_01
[2018.12.12-15.21.34:372][501]LogPlayLevel: PIE: StaticDuplicateObject took: (0.013529s)
[2018.12.12-15.21.34:372][501]LogAIModule: Creating AISystem for world LD_01
[2018.12.12-15.21.34:373][501]LogPlayLevel: PIE: World Init took: (0.000822s)
[2018.12.12-15.21.34:373][501]LogPlayLevel: PIE: Created PIE world by copying editor world from /Game/SideScrollerBP/Maps/LD_01.LD_01 to /Game/SideScrollerBP/Maps/UEDPIE_0_LD_01.LD_01 (0.014519s)
[2018.12.12-15.21.34:409][501]LogInit: XAudio2 using 'Haut-parleurs (Realtek High Definition Audio)' : 2 channels at 48 kHz using 32 bits per sample (channel mask 0x3)
[2018.12.12-15.21.34:428][501]LogInit: FAudioDevice initialized.
[2018.12.12-15.21.34:437][501]LogSlate: Updating window title bar state: overlay mode, drag disabled, window buttons hidden, title bar hidden
[2018.12.12-15.21.34:470][501]LogLoad: Game class is 'SideScrollerGameMode_C'
[2018.12.12-15.21.34:474][501]LogWorld: Bringing World /Game/SideScrollerBP/Maps/UEDPIE_0_LD_01.LD_01 up for play (max tick rate 60) at 2018.12.12-16.21.34
[2018.12.12-15.21.34:475][501]LogWorld: Bringing up level for play took: 0.003145
[2018.12.12-15.21.34:490][501]PIE: Play in editor start time for /Game/SideScrollerBP/Maps/UEDPIE_0_LD_01 1,012
[2018.12.12-15.21.34:490][501]LogBlueprintUserMessages: Late PlayInEditor Detection: Level '/Game/SideScrollerBP/Maps/LD_01.LD_01:PersistentLevel' has LevelScriptBlueprint '/Game/SideScrollerBP/Maps/LD_01.LD_01:PersistentLevel.LD_01' with GeneratedClass '/Game/SideScrollerBP/Maps/LD_01.LD_01_C' with ClassGeneratedBy '/Game/SideScrollerBP/Maps/LD_01.LD_01:PersistentLevel.LD_01'
[2018.12.12-15.21.34:622][501]LogRenderer: Reallocating scene render targets to support 1292x756 Format 10 NumSamples 1 (Frame:1).
[2018.12.12-15.21.35:288][538]LogBlueprintUserMessages: Early EndPlayMap Detection: Level '/Game/SideScrollerBP/Maps/LD_01.LD_01:PersistentLevel' has LevelScriptBlueprint '/Game/SideScrollerBP/Maps/LD_01.LD_01:PersistentLevel.LD_01' with GeneratedClass '/Game/SideScrollerBP/Maps/LD_01.LD_01_C' with ClassGeneratedBy '/Game/SideScrollerBP/Maps/LD_01.LD_01:PersistentLevel.LD_01'
[2018.12.12-15.21.35:288][538]LogSlate: Updating window title bar state: overlay mode, drag disabled, window buttons hidden, title bar hidden
[2018.12.12-15.21.35:307][538]LogSlate: Window 'Wukongpointpng Game Preview Standalone (64-bit/PCD3D_SM5)' being destroyed
[2018.12.12-15.21.35:352][538]LogPlayLevel: Display: Shutting down PIE online subsystems
[2018.12.12-15.21.35:353][538]LogBlueprintUserMessages: Late EndPlayMap Detection: Level '/Game/SideScrollerBP/Maps/LD_01.LD_01:PersistentLevel' has LevelScriptBlueprint '/Game/SideScrollerBP/Maps/LD_01.LD_01:PersistentLevel.LD_01' with GeneratedClass '/Game/SideScrollerBP/Maps/LD_01.LD_01_C' with ClassGeneratedBy '/Game/SideScrollerBP/Maps/LD_01.LD_01:PersistentLevel.LD_01'
[2018.12.12-15.21.35:485][539]LogPlayLevel: Display: Destroying online subsystem :Context_7
[2018.12.12-15.21.40:639][774]LogSlate: Window 'Save Content' being destroyed
[2018.12.12-15.21.40:749][774]LogSavePackage: Moving '../../../../../../Users/SizeAKAelBG/Documents/GitHubs/Projet-Unreal/Wukongpointpng/Saved/SideScrollerCharacter4AA50A794716F9E963511DA834DE286F.tmp' to '../../../../../../Users/SizeAKAelBG/Documents/GitHubs/Projet-Unreal/Wukongpointpng/Content/SideScrollerBP/Blueprints/SideScrollerCharacter.uasset'
[2018.12.12-15.21.41:069][774]LogSavePackage: Moving '../../../../../../Users/SizeAKAelBG/Documents/GitHubs/Projet-Unreal/Wukongpointpng/Saved/LD_018E52AE0A44C039869FC620ACAC96C498.tmp' to '../../../../../../Users/SizeAKAelBG/Documents/GitHubs/Projet-Unreal/Wukongpointpng/Content/SideScrollerBP/Maps/LD_01.umap'
[2018.12.12-15.21.41:106][774]LogFileHelpers: Saving map 'LD_01' took 0.342
[2018.12.12-15.21.41:265][774]LogSlate: Window 'Wukongpointpng - Unreal Editor' being destroyed
[2018.12.12-15.21.41:266][774]LogWindowsTextInputMethodSystem: Display: IME system now deactivated.
[2018.12.12-15.21.41:481][775]Cmd: QUIT_EDITOR
[2018.12.12-15.21.41:746][775]LogExit: Preparing to exit.
[2018.12.12-15.21.42:070][775]LogExit: Editor shut down
[2018.12.12-15.21.42:071][775]LogExit: Transaction tracking system shut down
[2018.12.12-15.21.42:716][775]LogExit: Object subsystem successfully closed.
[2018.12.12-15.21.42:733][775]LogShaderCompilers: Display: Shaders left to compile 0
[2018.12.12-15.21.42:737][775]LogD3D11RHI: Shutdown
[2018.12.12-15.21.42:737][775]LogD3D11RHI: CleanupD3DDevice
[2018.12.12-15.21.42:739][775]LogD3D11RHI: ~FD3D11DynamicRHI
[2018.12.12-15.21.42:760][775]LogModuleManager: Shutting down and abandoning module BlueprintGraph (616)
[2018.12.12-15.21.42:760][775]LogModuleManager: Shutting down and abandoning module MovieSceneCapture (614)
[2018.12.12-15.21.42:760][775]LogModuleManager: Shutting down and abandoning module Voice (612)
[2018.12.12-15.21.42:760][775]LogModuleManager: Shutting down and abandoning module HierarchicalLODOutliner (610)
[2018.12.12-15.21.42:760][775]LogModuleManager: Shutting down and abandoning module SceneOutliner (608)
[2018.12.12-15.21.42:760][775]LogModuleManager: Shutting down and abandoning module AddContentDialog (606)
[2018.12.12-15.21.42:761][775]LogModuleManager: Shutting down and abandoning module WidgetCarousel (605)
[2018.12.12-15.21.42:761][775]LogModuleManager: Shutting down and abandoning module EditorWidgets (602)
[2018.12.12-15.21.42:761][775]LogModuleManager: Shutting down and abandoning module CollectionManager (600)
[2018.12.12-15.21.42:762][775]LogModuleManager: Shutting down and abandoning module StatsViewer (598)
[2018.12.12-15.21.42:762][775]LogModuleManager: Shutting down and abandoning module FoliageEdit (596)
[2018.12.12-15.21.42:762][775]LogModuleManager: Shutting down and abandoning module LandscapeEditor (594)
[2018.12.12-15.21.42:762][775]LogModuleManager: Shutting down and abandoning module MeshPaintMode (592)
[2018.12.12-15.21.42:762][775]LogModuleManager: Shutting down and abandoning module SceneDepthPickerMode (590)
[2018.12.12-15.21.42:762][775]LogModuleManager: Shutting down and abandoning module ActorPickerMode (588)
[2018.12.12-15.21.42:762][775]LogModuleManager: Shutting down and abandoning module GeometryMode (586)
[2018.12.12-15.21.42:762][775]LogModuleManager: Shutting down and abandoning module TextureAlignMode (584)
[2018.12.12-15.21.42:762][775]LogModuleManager: Shutting down and abandoning module BspMode (582)
[2018.12.12-15.21.42:762][775]LogModuleManager: Shutting down and abandoning module PIEPreviewDeviceProfileSelector (580)
[2018.12.12-15.21.42:762][775]LogModuleManager: Shutting down and abandoning module SequenceRecorderSections (578)
[2018.12.12-15.21.42:762][775]LogModuleManager: Shutting down and abandoning module AutomationWorker (576)
[2018.12.12-15.21.42:762][775]LogModuleManager: Shutting down and abandoning module AudioCaptureEditor (574)
[2018.12.12-15.21.42:762][775]LogModuleManager: Shutting down and abandoning module SequenceRecorder (573)
[2018.12.12-15.21.42:762][775]LogModuleManager: Shutting down and abandoning module MatineeToLevelSequence (570)
[2018.12.12-15.21.42:762][775]LogModuleManager: Shutting down and abandoning module LevelSequenceEditor (568)
[2018.12.12-15.21.42:763][775]LogModuleManager: Shutting down and abandoning module PlacementMode (567)
[2018.12.12-15.21.42:763][775]LogModuleManager: Shutting down and abandoning module MaterialEditor (566)
[2018.12.12-15.21.42:763][775]LogModuleManager: Shutting down and abandoning module WmfMediaFactory (562)
[2018.12.12-15.21.42:763][775]LogModuleManager: Shutting down and abandoning module WmfMediaEditor (560)
[2018.12.12-15.21.42:763][775]LogModuleManager: Shutting down and abandoning module MediaPlayerEditor (558)
[2018.12.12-15.21.42:763][775]LogModuleManager: Shutting down and abandoning module OpenExrWrapper (556)
[2018.12.12-15.21.42:763][775]LogModuleManager: Shutting down and abandoning module ImgMediaFactory (554)
[2018.12.12-15.21.42:763][775]LogModuleManager: Shutting down and abandoning module ImgMediaEditor (552)
[2018.12.12-15.21.42:763][775]LogModuleManager: Shutting down and abandoning module AvfMediaFactory (550)
[2018.12.12-15.21.42:763][775]LogModuleManager: Shutting down and abandoning module AvfMediaEditor (548)
[2018.12.12-15.21.42:763][775]LogModuleManager: Shutting down and abandoning module AndroidMediaFactory (546)
[2018.12.12-15.21.42:763][775]LogModuleManager: Shutting down and abandoning module AndroidMediaEditor (544)
[2018.12.12-15.21.42:763][775]LogModuleManager: Shutting down and abandoning module MagicLeapCameraPreviewFactory (542)
[2018.12.12-15.21.42:763][775]LogModuleManager: Shutting down and abandoning module MagicLeapMediaFactory (540)
[2018.12.12-15.21.42:763][775]LogModuleManager: Shutting down and abandoning module MagicLeapMediaEditor (538)
[2018.12.12-15.21.42:763][775]LogModuleManager: Shutting down and abandoning module CharacterAI (536)
[2018.12.12-15.21.42:763][775]LogModuleManager: Shutting down and abandoning module SmartSnapping (534)
[2018.12.12-15.21.42:763][775]LogModuleManager: Shutting down and abandoning module SessionServices (532)
[2018.12.12-15.21.42:763][775]LogModuleManager: Shutting down and abandoning module ViewportSnapping (530)
[2018.12.12-15.21.42:763][775]LogModuleManager: Shutting down and abandoning module ViewportInteraction (528)
[2018.12.12-15.21.42:763][775]LogModuleManager: Shutting down and abandoning module ClothPainter (526)
[2018.12.12-15.21.42:763][775]LogModuleManager: Shutting down and abandoning module SkeletalMeshEditor (525)
[2018.12.12-15.21.42:763][775]LogModuleManager: Shutting down and abandoning module LogVisualizer (522)
[2018.12.12-15.21.42:763][775]LogModuleManager: Shutting down and abandoning module IntroTutorials (520)
[2018.12.12-15.21.42:763][775]LogModuleManager: Shutting down and abandoning module GameProjectGeneration (519)
[2018.12.12-15.21.42:763][775]LogModuleManager: Shutting down and abandoning module LuminPlatformEditor (516)
[2018.12.12-15.21.42:763][775]LogModuleManager: Shutting down and abandoning module IOSPlatformEditor (514)
[2018.12.12-15.21.42:764][775]LogModuleManager: Shutting down and abandoning module HTML5PlatformEditor (512)
[2018.12.12-15.21.42:764][775]LogModuleManager: Shutting down and abandoning module AndroidPlatformEditor (510)
[2018.12.12-15.21.42:764][775]LogModuleManager: Shutting down and abandoning module AndroidDeviceDetection (509)
[2018.12.12-15.21.43:015][775]LogModuleManager: Shutting down and abandoning module WindowsPlatformEditor (506)
[2018.12.12-15.21.43:015][775]LogModuleManager: Shutting down and abandoning module LuminRuntimeSettings (504)
[2018.12.12-15.21.43:015][775]LogModuleManager: Shutting down and abandoning module IOSRuntimeSettings (502)
[2018.12.12-15.21.43:015][775]LogModuleManager: Shutting down and abandoning module AndroidRuntimeSettings (500)
[2018.12.12-15.21.43:015][775]LogModuleManager: Shutting down and abandoning module InputBindingEditor (498)
[2018.12.12-15.21.43:015][775]LogModuleManager: Shutting down and abandoning module MergeActors (496)
[2018.12.12-15.21.43:015][775]LogModuleManager: Shutting down and abandoning module LocalizationDashboard (494)
[2018.12.12-15.21.43:015][775]LogModuleManager: Shutting down and abandoning module LocalizationService (493)
[2018.12.12-15.21.43:015][775]LogModuleManager: Shutting down and abandoning module HardwareTargeting (490)
[2018.12.12-15.21.43:015][775]LogModuleManager: Shutting down and abandoning module DeviceProfileEditor (488)
[2018.12.12-15.21.43:015][775]LogModuleManager: Shutting down and abandoning module UndoHistory (486)
[2018.12.12-15.21.43:015][775]LogModuleManager: Shutting down and abandoning module XmlParser (484)
[2018.12.12-15.21.43:015][775]LogModuleManager: Shutting down and abandoning module Blutility (482)
[2018.12.12-15.21.43:015][775]LogModuleManager: Shutting down and abandoning module ProjectSettingsViewer (480)
[2018.12.12-15.21.43:015][775]LogModuleManager: Shutting down and abandoning module ProjectTargetPlatformEditor (479)
[2018.12.12-15.21.43:015][775]LogModuleManager: Shutting down and abandoning module EditorSettingsViewer (476)
[2018.12.12-15.21.43:015][775]LogModuleManager: Shutting down and abandoning module SettingsEditor (474)
[2018.12.12-15.21.43:015][775]LogModuleManager: Shutting down and abandoning module ProjectLauncher (472)
[2018.12.12-15.21.43:015][775]LogModuleManager: Shutting down and abandoning module SessionFrontend (470)
[2018.12.12-15.21.43:015][775]LogModuleManager: Shutting down and abandoning module ProfilerClient (468)
[2018.12.12-15.21.43:015][775]LogModuleManager: Shutting down and abandoning module DeviceManager (466)
[2018.12.12-15.21.43:015][775]LogModuleManager: Shutting down and abandoning module TargetDeviceServices (465)
[2018.12.12-15.21.43:071][775]LogModuleManager: Shutting down and abandoning module AutomationController (462)
[2018.12.12-15.21.43:071][775]LogModuleManager: Shutting down and abandoning module AutomationWindow (460)
[2018.12.12-15.21.43:071][775]LogModuleManager: Shutting down and abandoning module Layers (458)
[2018.12.12-15.21.43:071][775]LogModuleManager: Shutting down and abandoning module ComponentVisualizers (456)
[2018.12.12-15.21.43:071][775]LogModuleManager: Shutting down and abandoning module DetailCustomizations (454)
[2018.12.12-15.21.43:071][775]LogModuleManager: Shutting down and abandoning module PackagesDialog (452)
[2018.12.12-15.21.43:071][775]LogModuleManager: Shutting down and abandoning module Persona (450)
[2018.12.12-15.21.43:071][775]LogModuleManager: Shutting down and abandoning module AdvancedPreviewScene (449)
[2018.12.12-15.21.43:071][775]LogModuleManager: Shutting down and abandoning module AnimGraph (447)
[2018.12.12-15.21.43:071][775]LogModuleManager: Shutting down and abandoning module Kismet (444)
[2018.12.12-15.21.43:078][775]LogModuleManager: Shutting down and abandoning module GraphEditor (442)
[2018.12.12-15.21.43:078][775]LogModuleManager: Shutting down and abandoning module ClassViewer (440)
[2018.12.12-15.21.43:078][775]LogModuleManager: Shutting down and abandoning module Toolbox (438)
[2018.12.12-15.21.43:078][775]LogModuleManager: Shutting down and abandoning module ModuleUI (436)
[2018.12.12-15.21.43:078][775]LogModuleManager: Shutting down and abandoning module MovieSceneTools (434)
[2018.12.12-15.21.43:078][775]LogModuleManager: Shutting down and abandoning module OutputLog (432)
[2018.12.12-15.21.43:078][775]LogModuleManager: Shutting down and abandoning module GammaUI (430)
[2018.12.12-15.21.43:078][775]LogModuleManager: Shutting down and abandoning module Documentation (428)
[2018.12.12-15.21.43:078][775]LogModuleManager: Shutting down and abandoning module MovieSceneTracks (426)
[2018.12.12-15.21.43:079][775]LogModuleManager: Shutting down and abandoning module MovieScene (424)
[2018.12.12-15.21.43:079][775]LogModuleManager: Shutting down and abandoning module StreamingPauseRendering (422)
[2018.12.12-15.21.43:079][775]LogModuleManager: Shutting down and abandoning module LauncherPlatform (420)
[2018.12.12-15.21.43:079][775]LogModuleManager: Shutting down and abandoning module AnalyticsET (418)
[2018.12.12-15.21.43:079][775]LogModuleManager: Shutting down and abandoning module PortalServices (416)
[2018.12.12-15.21.43:079][775]LogModuleManager: Shutting down and abandoning module PortalRpc (414)
[2018.12.12-15.21.43:079][775]LogModuleManager: Shutting down and abandoning module MessagingRpc (412)
[2018.12.12-15.21.43:079][775]LogModuleManager: Shutting down and abandoning module AIModule (410)
[2018.12.12-15.21.43:079][775]LogModuleManager: Shutting down and abandoning module GameplayDebugger (409)
[2018.12.12-15.21.43:079][775]LogModuleManager: Shutting down and abandoning module AITestSuite (407)
[2018.12.12-15.21.43:079][775]LogModuleManager: Shutting down and abandoning module NavigationSystem (405)
[2018.12.12-15.21.43:079][775]LogModuleManager: Shutting down and abandoning module DesktopPlatform (402)
[2018.12.12-15.21.43:079][775]LogModuleManager: Shutting down and abandoning module ProfilerService (400)
[2018.12.12-15.21.43:135][775]LogModuleManager: Shutting down and abandoning module TaskGraph (398)
[2018.12.12-15.21.43:136][775]LogModuleManager: Shutting down and abandoning module SteamVRController (396)
[2018.12.12-15.21.43:136][775]LogModuleManager: Shutting down and abandoning module ProceduralMeshComponentEditor (394)
[2018.12.12-15.21.43:136][775]LogModuleManager: Shutting down and abandoning module ProceduralMeshComponent (392)
[2018.12.12-15.21.43:136][775]LogModuleManager: Shutting down and abandoning module OculusInput (390)
[2018.12.12-15.21.43:136][775]LogModuleManager: Shutting down and abandoning module MobilePatchingUtils (388)
[2018.12.12-15.21.43:136][775]LogModuleManager: Shutting down and abandoning module EditableMesh (386)
[2018.12.12-15.21.43:136][775]LogModuleManager: Shutting down and abandoning module CustomMeshComponent (384)
[2018.12.12-15.21.43:136][775]LogModuleManager: Shutting down and abandoning module CableComponent (382)
[2018.12.12-15.21.43:136][775]LogModuleManager: Shutting down and abandoning module AudioCapture (380)
[2018.12.12-15.21.43:136][775]LogModuleManager: Shutting down and abandoning module ArchVisCharacter (378)
[2018.12.12-15.21.43:136][775]LogModuleManager: Shutting down and abandoning module AndroidPermission (376)
[2018.12.12-15.21.43:136][775]LogModuleManager: Shutting down and abandoning module NUTUnrealEngine4 (374)
[2018.12.12-15.21.43:136][775]LogModuleManager: Shutting down and abandoning module NetcodeUnitTest (372)
[2018.12.12-15.21.43:136][775]LogModuleManager: Shutting down and abandoning module MediaCompositingEditor (370)
[2018.12.12-15.21.43:136][775]LogModuleManager: Shutting down and abandoning module MediaCompositing (368)
[2018.12.12-15.21.43:136][775]LogModuleManager: Shutting down and abandoning module LinearTimecode (366)
[2018.12.12-15.21.43:136][775]LogModuleManager: Shutting down and abandoning module ImgMedia (364)
[2018.12.12-15.21.43:140][775]LogModuleManager: Shutting down and abandoning module HTML5Networking (362)
[2018.12.12-15.21.43:140][775]LogModuleManager: Shutting down and abandoning module GeometryCacheTracks (360)
[2018.12.12-15.21.43:140][775]LogModuleManager: Shutting down and abandoning module GeometryCacheSequencer (358)
[2018.12.12-15.21.43:140][775]LogModuleManager: Shutting down and abandoning module BackChannel (356)
[2018.12.12-15.21.43:140][775]LogModuleManager: Shutting down and abandoning module AppleVision (354)
[2018.12.12-15.21.43:140][775]LogModuleManager: Shutting down and abandoning module AppleImageUtils (352)
[2018.12.12-15.21.43:140][775]LogModuleManager: Shutting down and abandoning module AlembicImporter (350)
[2018.12.12-15.21.43:140][775]LogModuleManager: Shutting down and abandoning module AlembicLibrary (349)
[2018.12.12-15.21.43:140][775]LogModuleManager: Shutting down and abandoning module GeometryCache (348)
[2018.12.12-15.21.43:140][775]LogModuleManager: Shutting down and abandoning module GeometryCacheEd (347)
[2018.12.12-15.21.43:140][775]LogModuleManager: Shutting down and abandoning module DatasmithContentEditor (342)
[2018.12.12-15.21.43:140][775]LogModuleManager: Shutting down and abandoning module DatasmithContent (340)
[2018.12.12-15.21.43:141][775]LogModuleManager: Shutting down and abandoning module SpeedTreeImporter (338)
[2018.12.12-15.21.43:141][775]LogModuleManager: Shutting down and abandoning module PluginBrowser (336)
[2018.12.12-15.21.43:141][775]LogModuleManager: Shutting down and abandoning module MobileLauncherProfileWizard (334)
[2018.12.12-15.21.43:141][775]LogModuleManager: Shutting down and abandoning module PolygonModeling (332)
[2018.12.12-15.21.43:141][775]LogModuleManager: Shutting down and abandoning module MeshEditor (330)
[2018.12.12-15.21.43:141][775]LogModuleManager: Shutting down and abandoning module CryptoKeysOpenSSL (328)
[2018.12.12-15.21.43:141][775]LogModuleManager: Shutting down and abandoning module CryptoKeys (326)
[2018.12.12-15.21.43:141][775]LogModuleManager: Shutting down and abandoning module VisualStudioSourceCodeAccess (324)
[2018.12.12-15.21.43:141][775]LogModuleManager: Shutting down and abandoning module VisualStudioCodeSourceCodeAccess (322)
[2018.12.12-15.21.43:141][775]LogModuleManager: Shutting down and abandoning module UObjectPlugin (320)
[2018.12.12-15.21.43:141][775]LogModuleManager: Shutting down and abandoning module SubversionSourceControl (318)
[2018.12.12-15.21.43:141][775]LogModuleManager: Shutting down and abandoning module PerforceSourceControl (316)
[2018.12.12-15.21.43:141][775]LogModuleManager: Shutting down and abandoning module GitSourceControl (314)
[2018.12.12-15.21.43:141][775]LogModuleManager: Shutting down and abandoning module SourceControl (313)
[2018.12.12-15.21.43:141][775]LogModuleManager: Shutting down and abandoning module CLionSourceCodeAccess (310)
[2018.12.12-15.21.43:141][775]LogModuleManager: Shutting down and abandoning module LightPropagationVolumeEditor (308)
[2018.12.12-15.21.43:141][775]LogModuleManager: Shutting down and abandoning module PaperTiledImporter (306)
[2018.12.12-15.21.43:141][775]LogModuleManager: Shutting down and abandoning module PaperSpriteSheetImporter (304)
[2018.12.12-15.21.43:141][775]LogModuleManager: Shutting down and abandoning module Paper2DEditor (302)
[2018.12.12-15.21.43:141][775]LogModuleManager: Shutting down and abandoning module MeshPaint (301)
[2018.12.12-15.21.43:141][775]LogModuleManager: Shutting down and abandoning module RuntimePhysXCooking (298)
[2018.12.12-15.21.43:141][775]LogModuleManager: Shutting down and abandoning module PhysXVehiclesEditor (296)
[2018.12.12-15.21.43:141][775]LogModuleManager: Shutting down and abandoning module PhysXVehicles (294)
[2018.12.12-15.21.43:141][775]LogModuleManager: Shutting down and abandoning module OculusEditor (292)
[2018.12.12-15.21.43:141][775]LogModuleManager: Shutting down and abandoning module LocationServicesBPLibrary (290)
[2018.12.12-15.21.43:141][775]LogModuleManager: Shutting down and abandoning module ImmediatePhysicsEditor (288)
[2018.12.12-15.21.43:141][775]LogModuleManager: Shutting down and abandoning module ImmediatePhysics (286)
[2018.12.12-15.21.43:141][775]LogModuleManager: Shutting down and abandoning module ActorSequence (284)
[2018.12.12-15.21.43:141][775]LogModuleManager: Shutting down and abandoning module UdpMessaging (282)
[2018.12.12-15.21.43:243][775]LogModuleManager: Shutting down and abandoning module TcpMessaging (280)
[2018.12.12-15.21.43:343][775]LogModuleManager: Shutting down and abandoning module MagicLeapAudio (278)
[2018.12.12-15.21.43:343][775]LogModuleManager: Shutting down and abandoning module GameplayTagsEditor (276)
[2018.12.12-15.21.43:343][775]LogModuleManager: Shutting down and abandoning module FacialAnimationEditor (274)
[2018.12.12-15.21.43:343][775]LogModuleManager: Shutting down and abandoning module FacialAnimation (272)
[2018.12.12-15.21.43:343][775]LogModuleManager: Shutting down and abandoning module DataValidation (270)
[2018.12.12-15.21.43:343][775]LogModuleManager: Shutting down and abandoning module AssetManagerEditor (268)
[2018.12.12-15.21.43:343][775]LogModuleManager: Shutting down and abandoning module LevelEditor (267)
[2018.12.12-15.21.43:344][775]LogModuleManager: Shutting down and abandoning module PixelInspectorModule (266)
[2018.12.12-15.21.43:345][775]LogModuleManager: Shutting down and abandoning module CommonMenuExtensions (264)
[2018.12.12-15.21.43:345][775]LogModuleManager: Shutting down and abandoning module MainFrame (262)
[2018.12.12-15.21.43:345][775]LogModuleManager: Shutting down and abandoning module HotReload (261)
[2018.12.12-15.21.43:345][775]LogModuleManager: Shutting down and abandoning module ContentBrowser (257)
[2018.12.12-15.21.43:347][775]LogModuleManager: Shutting down and abandoning module TreeMap (255)
[2018.12.12-15.21.43:347][775]LogModuleManager: Shutting down and abandoning module LightPropagationVolumeRuntime (252)
[2018.12.12-15.21.43:347][775]LogModuleManager: Shutting down and abandoning module AISupportModule (250)
[2018.12.12-15.21.43:347][775]LogModuleManager: Shutting down and abandoning module Paper2D (248)
[2018.12.12-15.21.43:347][775]LogModuleManager: Shutting down and abandoning module WindowsMoviePlayer (246)
[2018.12.12-15.21.43:347][775]LogModuleManager: Shutting down and abandoning module WmfMedia (244)
[2018.12.12-15.21.43:354][775]LogModuleManager: Shutting down and abandoning module Media (243)
[2018.12.12-15.21.43:367][775]LogModuleManager: Shutting down and abandoning module PacketHandler (240)
[2018.12.12-15.21.43:367][775]LogModuleManager: Shutting down and abandoning module ClothingSystemEditor (238)
[2018.12.12-15.21.43:367][775]LogModuleManager: Shutting down and abandoning module ClothingSystemRuntime (236)
[2018.12.12-15.21.43:367][775]LogModuleManager: Shutting down and abandoning module MediaAssets (234)
[2018.12.12-15.21.43:367][775]LogModuleManager: Shutting down and abandoning module Overlay (232)
[2018.12.12-15.21.43:367][775]LogModuleManager: Shutting down and abandoning module OverlayEditor (231)
[2018.12.12-15.21.43:367][775]LogModuleManager: Shutting down and abandoning module VREditor (228)
[2018.12.12-15.21.43:367][775]LogModuleManager: Shutting down and abandoning module StringTableEditor (226)
[2018.12.12-15.21.43:367][775]LogModuleManager: Shutting down and abandoning module GameplayTasksEditor (224)
[2018.12.12-15.21.43:367][775]LogModuleManager: Shutting down and abandoning module BehaviorTreeEditor (222)
[2018.12.12-15.21.43:367][775]LogModuleManager: Shutting down and abandoning module FunctionalTesting (220)
[2018.12.12-15.21.43:367][775]LogModuleManager: Shutting down and abandoning module CollisionAnalyzer (218)
[2018.12.12-15.21.43:367][775]LogModuleManager: Shutting down and abandoning module WorkspaceMenuStructure (217)
[2018.12.12-15.21.43:367][775]LogModuleManager: Shutting down and abandoning module UMG (214)
[2018.12.12-15.21.43:367][775]LogModuleManager: Shutting down and abandoning module UMGEditor (213)
[2018.12.12-15.21.43:368][775]LogModuleManager: Shutting down and abandoning module Sequencer (212)
[2018.12.12-15.21.43:368][775]LogModuleManager: Shutting down and abandoning module MessageLog (209)
[2018.12.12-15.21.43:368][775]LogModuleManager: Shutting down and abandoning module SlateReflector (204)
[2018.12.12-15.21.43:368][775]LogModuleManager: Shutting down and abandoning module Slate (202)
[2018.12.12-15.21.43:368][775]LogModuleManager: Shutting down and abandoning module EditorStyle (200)
[2018.12.12-15.21.43:370][775]LogModuleManager: Shutting down and abandoning module MRMesh (198)
[2018.12.12-15.21.43:370][775]LogModuleManager: Shutting down and abandoning module SourceCodeAccess (196)
[2018.12.12-15.21.43:370][775]LogModuleManager: Shutting down and abandoning module HeadMountedDisplay (194)
[2018.12.12-15.21.43:370][775]LogModuleManager: Shutting down and abandoning module XAudio2 (192)
[2018.12.12-15.21.43:370][775]LogModuleManager: Shutting down and abandoning module Networking (190)
[2018.12.12-15.21.43:370][775]LogModuleManager: Shutting down and abandoning module Core (188)
[2018.12.12-15.21.43:370][775]LogModuleManager: Shutting down and abandoning module LevelSequence (186)
[2018.12.12-15.21.43:370][775]LogModuleManager: Shutting down and abandoning module KismetCompiler (184)
[2018.12.12-15.21.43:370][775]LogModuleManager: Shutting down and abandoning module MeshUtilities (182)
[2018.12.12-15.21.43:370][775]LogModuleManager: Shutting down and abandoning module MeshMergeUtilities (181)
[2018.12.12-15.21.43:370][775]LogModuleManager: Shutting down and abandoning module MeshReductionInterface (180)
[2018.12.12-15.21.43:370][775]LogModuleManager: Shutting down and abandoning module SimplygonSwarm (179)
[2018.12.12-15.21.43:370][775]LogModuleManager: Shutting down and abandoning module ProxyLODMeshReduction (177)
[2018.12.12-15.21.43:370][775]LogModuleManager: Shutting down and abandoning module SimplygonMeshReduction (175)
[2018.12.12-15.21.43:370][775]LogModuleManager: Shutting down and abandoning module QuadricMeshReduction (173)
[2018.12.12-15.21.43:370][775]LogModuleManager: Shutting down and abandoning module MaterialBaking (169)
[2018.12.12-15.21.43:370][775]LogModuleManager: Shutting down and abandoning module DirectoryWatcher (165)
[2018.12.12-15.21.43:370][775]LogModuleManager: Shutting down and abandoning module DerivedDataCache (162)
[2018.12.12-15.21.43:426][775]LogDerivedDataCache: Shutdown
[2018.12.12-15.21.43:426][775]LogModuleManager: Shutting down and abandoning module XGEController (160)
[2018.12.12-15.21.43:426][775]LogModuleManager: Shutting down and abandoning module TargetPlatform (158)
[2018.12.12-15.21.43:426][775]LogModuleManager: Shutting down and abandoning module VulkanShaderFormat (157)
[2018.12.12-15.21.43:426][775]LogModuleManager: Shutting down and abandoning module ShaderFormatVectorVM (155)
[2018.12.12-15.21.43:426][775]LogModuleManager: Shutting down and abandoning module ShaderFormatOpenGL (153)
[2018.12.12-15.21.43:426][775]LogModuleManager: Shutting down and abandoning module ShaderFormatD3D (151)
[2018.12.12-15.21.43:426][775]LogModuleManager: Shutting down and abandoning module MetalShaderFormat (149)
[2018.12.12-15.21.43:427][775]LogModuleManager: Shutting down and abandoning module TextureFormatUncompressed (147)
[2018.12.12-15.21.43:427][775]LogModuleManager: Shutting down and abandoning module TextureFormatPVR (145)
[2018.12.12-15.21.43:427][775]LogModuleManager: Shutting down and abandoning module TextureFormatDXT (143)
[2018.12.12-15.21.43:427][775]LogModuleManager: Shutting down and abandoning module TextureFormatIntelISPCTexComp (141)
[2018.12.12-15.21.43:427][775]LogModuleManager: Shutting down and abandoning module TextureFormatASTC (139)
[2018.12.12-15.21.43:427][775]LogModuleManager: Shutting down and abandoning module ImageWrapper (138)
[2018.12.12-15.21.43:427][775]LogModuleManager: Shutting down and abandoning module TextureFormatAndroid (135)
[2018.12.12-15.21.43:427][775]LogModuleManager: Shutting down and abandoning module AudioFormatOpus (133)
[2018.12.12-15.21.43:427][775]LogModuleManager: Shutting down and abandoning module AudioFormatOgg (131)
[2018.12.12-15.21.43:427][775]LogModuleManager: Shutting down and abandoning module AudioFormatADPCM (129)
[2018.12.12-15.21.43:427][775]LogModuleManager: Shutting down and abandoning module LuminTargetPlatform (127)
[2018.12.12-15.21.43:427][775]LogModuleManager: Shutting down and abandoning module LinuxTargetPlatform (125)
[2018.12.12-15.21.43:427][775]LogModuleManager: Shutting down and abandoning module LinuxServerTargetPlatform (123)
[2018.12.12-15.21.43:427][775]LogModuleManager: Shutting down and abandoning module LinuxNoEditorTargetPlatform (121)
[2018.12.12-15.21.43:427][775]LogModuleManager: Shutting down and abandoning module LinuxClientTargetPlatform (119)
[2018.12.12-15.21.43:427][775]LogModuleManager: Shutting down and abandoning module TVOSTargetPlatform (117)
[2018.12.12-15.21.43:428][775]LogModuleManager: Shutting down and abandoning module Messaging (115)
[2018.12.12-15.21.43:428][775]LogModuleManager: Shutting down and abandoning module IOSTargetPlatform (113)
[2018.12.12-15.21.43:428][775]LogModuleManager: Shutting down and abandoning module HTML5TargetPlatform (111)
[2018.12.12-15.21.43:428][775]LogModuleManager: Shutting down and abandoning module AndroidTargetPlatform (109)
[2018.12.12-15.21.43:434][775]LogModuleManager: Shutting down and abandoning module WindowsTargetPlatform (107)
[2018.12.12-15.21.43:434][775]LogModuleManager: Shutting down and abandoning module WindowsServerTargetPlatform (105)
[2018.12.12-15.21.43:434][775]LogModuleManager: Shutting down and abandoning module WindowsNoEditorTargetPlatform (103)
[2018.12.12-15.21.43:434][775]LogModuleManager: Shutting down and abandoning module WindowsClientTargetPlatform (101)
[2018.12.12-15.21.43:434][775]LogModuleManager: Shutting down and abandoning module MacTargetPlatform (99)
[2018.12.12-15.21.43:434][775]LogModuleManager: Shutting down and abandoning module MacServerTargetPlatform (97)
[2018.12.12-15.21.43:434][775]LogModuleManager: Shutting down and abandoning module MacNoEditorTargetPlatform (95)
[2018.12.12-15.21.43:434][775]LogModuleManager: Shutting down and abandoning module MacClientTargetPlatform (93)
[2018.12.12-15.21.43:434][775]LogModuleManager: Shutting down and abandoning module AllDesktopTargetPlatform (91)
[2018.12.12-15.21.43:434][775]LogModuleManager: Shutting down and abandoning module InputCore (88)
[2018.12.12-15.21.43:434][775]LogModuleManager: Shutting down and abandoning module Settings (86)
[2018.12.12-15.21.43:434][775]LogModuleManager: Shutting down and abandoning module PhysXCooking (84)
[2018.12.12-15.21.43:434][775]LogModuleManager: Shutting down and abandoning module SteamVR (82)
[2018.12.12-15.21.43:434][775]LogModuleManager: Shutting down and abandoning module OculusHMD (80)
[2018.12.12-15.21.43:434][775]LogModuleManager: Shutting down and abandoning module ExampleDeviceProfileSelector (78)
[2018.12.12-15.21.43:434][775]LogModuleManager: Shutting down and abandoning module LauncherChunkInstaller (76)
[2018.12.12-15.21.43:434][775]LogModuleManager: Shutting down and abandoning module OnlineBlueprintSupport (74)
[2018.12.12-15.21.43:434][775]LogModuleManager: Shutting down and abandoning module OnlineSubsystem (70)
[2018.12.12-15.21.43:435][775]LogModuleManager: Shutting down and abandoning module XMPP (65)
[2018.12.12-15.21.43:435][775]LogModuleManager: Shutting down and abandoning module WebSockets (64)
[2018.12.12-15.21.43:437][775]LogModuleManager: Shutting down and abandoning module HTTP (61)
[2018.12.12-15.21.43:437][775]LogHttp: Display: Http module shutting down, but needs to wait on 1 outstanding Http requests:
[2018.12.12-15.21.43:437][775]LogHttp: Display: 	verb=[POST] url=[https://datarouter.ol.epicgames.com/datarouter/api/v1/public/data?SessionID=%7BEE2B782A-4F71-B1E4-68C1-EC996600AAA9%7D&AppID=UEEditor.Rocket.Release&AppVersion=4.20.3-4369336%2B%2B%2BUE4%2BRelease-4.20&UserID=c2ddf43342ee1568fecccfb6c71ee3f4%7C5f620aeac3364817a550358bf3f21f72%7C1efcc6e4-c5a7-47c4-8f34-9d1a4820a538&AppEnvironment=datacollector-binary&UploadType=eteventstream] status=Processing
[2018.12.12-15.21.43:470][775]LogModuleManager: Shutting down and abandoning module SSL (60)
[2018.12.12-15.21.43:471][775]LogModuleManager: Shutting down and abandoning module MagicLeapEmulator (56)
[2018.12.12-15.21.43:471][775]LogModuleManager: Shutting down and abandoning module MagicLeapPrivileges (54)
[2018.12.12-15.21.43:471][775]LogModuleManager: Shutting down and abandoning module MagicLeapIdentity (52)
[2018.12.12-15.21.43:471][775]LogModuleManager: Shutting down and abandoning module MagicLeapHelperVulkan (50)
[2018.12.12-15.21.43:471][775]LogModuleManager: Shutting down and abandoning module MagicLeapHelperOpenGL (48)
[2018.12.12-15.21.43:471][775]LogModuleManager: Shutting down and abandoning module MagicLeapSecureStorage (46)
[2018.12.12-15.21.43:471][775]LogModuleManager: Shutting down and abandoning module MagicLeapGestures (44)
[2018.12.12-15.21.43:471][775]LogModuleManager: Shutting down and abandoning module MagicLeapEyeTracker (42)
[2018.12.12-15.21.43:471][775]LogModuleManager: Shutting down and abandoning module MagicLeapController (40)
[2018.12.12-15.21.43:471][775]LogSlate: Slate User Destroyed.  User Index 0, Is Virtual User: 0
[2018.12.12-15.21.43:471][775]LogModuleManager: Shutting down and abandoning module MagicLeap (38)
[2018.12.12-15.21.43:471][775]LogModuleManager: Shutting down and abandoning module AnimationModifiers (36)
[2018.12.12-15.21.43:471][775]LogModuleManager: Shutting down and abandoning module PropertyEditor (35)
[2018.12.12-15.21.43:471][775]LogModuleManager: Shutting down and abandoning module AudioEditor (32)
[2018.12.12-15.21.43:472][775]LogModuleManager: Shutting down and abandoning module TextureCompressor (30)
[2018.12.12-15.21.43:472][775]LogModuleManager: Shutting down and abandoning module ShaderCore (28)
[2018.12.12-15.21.43:472][775]LogModuleManager: Shutting down and abandoning module Landscape (26)
[2018.12.12-15.21.43:472][775]LogModuleManager: Shutting down and abandoning module SlateRHIRenderer (24)
[2018.12.12-15.21.43:472][775]LogModuleManager: Shutting down and abandoning module OpenGLDrv (22)
[2018.12.12-15.21.43:472][775]LogModuleManager: Shutting down and abandoning module D3D11RHI (20)
[2018.12.12-15.21.43:472][775]LogModuleManager: Shutting down and abandoning module AnimGraphRuntime (18)
[2018.12.12-15.21.43:472][775]LogModuleManager: Shutting down and abandoning module Renderer (16)
[2018.12.12-15.21.43:472][775]LogModuleManager: Shutting down and abandoning module Engine (14)
[2018.12.12-15.21.43:472][775]LogModuleManager: Shutting down and abandoning module CoreUObject (12)
[2018.12.12-15.21.43:472][775]LogModuleManager: Shutting down and abandoning module NetworkFile (10)
[2018.12.12-15.21.43:472][775]LogModuleManager: Shutting down and abandoning module CookedIterativeFile (8)
[2018.12.12-15.21.43:472][775]LogModuleManager: Shutting down and abandoning module StreamingFile (6)
[2018.12.12-15.21.43:472][775]LogModuleManager: Shutting down and abandoning module SandboxFile (4)
[2018.12.12-15.21.43:472][775]LogModuleManager: Shutting down and abandoning module PakFile (2)
[2018.12.12-15.21.43:487][775]LogExit: Exiting.
[2018.12.12-15.21.43:532][775]Log file closed, 12/12/18 16:21:43
