Log file open, 12/15/18 19:59:11
LogWindows: Failed to load 'aqProf.dll' (GetLastError=126)
LogWindows: File 'aqProf.dll' does not exist
LogWindows: Failed to load 'VSPerf140.dll' (GetLastError=126)
LogWindows: File 'VSPerf140.dll' does not exist
LogWindows: Failed to load 'VtuneApi.dll' (GetLastError=126)
LogWindows: File 'VtuneApi.dll' does not exist
LogWindows: Failed to load 'VtuneApi32e.dll' (GetLastError=126)
LogWindows: File 'VtuneApi32e.dll' does not exist
LogInit: Display: Running engine for game: Wukongpointpng
LogPlatformFile: Not using cached read wrapper
LogTaskGraph: Started task graph with 5 named threads and 23 total threads with 3 sets of task threads.
LogStats: Stats thread started at 0.312583
LogD3D11RHI: Loaded GFSDK_Aftermath_Lib.x64.dll
LogICUInternationalization: Display: ICU TimeZone Detection - Raw Offset: +1:00, Platform Override: ''
LogPluginManager: Mounting plugin Paper2D
LogPluginManager: Mounting plugin AISupport
LogPluginManager: Mounting plugin LightPropagationVolume
LogPluginManager: Mounting plugin CLionSourceCodeAccess
LogPluginManager: Mounting plugin CodeLiteSourceCodeAccess
LogPluginManager: Mounting plugin GitSourceControl
LogPluginManager: Mounting plugin KDevelopSourceCodeAccess
LogPluginManager: Mounting plugin NullSourceCodeAccess
LogPluginManager: Mounting plugin PerforceSourceControl
LogPluginManager: Mounting plugin SubversionSourceControl
LogPluginManager: Mounting plugin UObjectPlugin
LogPluginManager: Mounting plugin VisualStudioCodeSourceCodeAccess
LogPluginManager: Mounting plugin VisualStudioSourceCodeAccess
LogPluginManager: Mounting plugin XCodeSourceCodeAccess
LogPluginManager: Mounting plugin AssetManagerEditor
LogPluginManager: Mounting plugin CryptoKeys
LogPluginManager: Mounting plugin DataValidation
LogPluginManager: Mounting plugin FacialAnimation
LogPluginManager: Mounting plugin GameplayTagsEditor
LogPluginManager: Mounting plugin MacGraphicsSwitching
LogPluginManager: Mounting plugin MeshEditor
LogPluginManager: Mounting plugin MobileLauncherProfileWizard
LogPluginManager: Mounting plugin PluginBrowser
LogPluginManager: Mounting plugin SpeedTreeImporter
LogPluginManager: Mounting plugin DatasmithContent
LogPluginManager: Mounting plugin AlembicImporter
LogPluginManager: Mounting plugin AppleImageUtils
LogPluginManager: Mounting plugin AppleVision
LogPluginManager: Mounting plugin BackChannel
LogPluginManager: Mounting plugin CharacterAI
LogPluginManager: Mounting plugin GeometryCache
LogPluginManager: Mounting plugin HTML5Networking
LogPluginManager: Mounting plugin ProxyLODPlugin
LogPluginManager: Mounting plugin MagicLeap
LogPluginManager: Mounting plugin MagicLeapEmulator
LogPluginManager: Mounting plugin MagicLeapMedia
LogPluginManager: Mounting plugin AndroidMedia
LogPluginManager: Mounting plugin AvfMedia
LogPluginManager: Mounting plugin ImgMedia
LogPluginManager: Mounting plugin LinearTimecode
LogPluginManager: Mounting plugin MediaCompositing
LogPluginManager: Mounting plugin MediaPlayerEditor
LogPluginManager: Mounting plugin WmfMedia
LogPluginManager: Mounting plugin TcpMessaging
LogPluginManager: Mounting plugin UdpMessaging
LogPluginManager: Mounting plugin ActorSequence
LogPluginManager: Mounting plugin LevelSequenceEditor
LogPluginManager: Mounting plugin MatineeToLevelSequence
LogPluginManager: Mounting plugin NetcodeUnitTest
LogPluginManager: Mounting plugin NUTUnrealEngine4
LogPluginManager: Mounting plugin OnlineSubsystemGooglePlay
LogPluginManager: Mounting plugin OnlineSubsystemIOS
LogPluginManager: Mounting plugin OnlineSubsystem
LogPluginManager: Mounting plugin OnlineSubsystemNull
LogPluginManager: Mounting plugin OnlineSubsystemUtils
LogPluginManager: Mounting plugin LauncherChunkInstaller
LogPluginManager: Mounting plugin AndroidDeviceProfileSelector
LogPluginManager: Mounting plugin AndroidMoviePlayer
LogPluginManager: Mounting plugin AndroidPermission
LogPluginManager: Mounting plugin AppleMoviePlayer
LogPluginManager: Mounting plugin ArchVisCharacter
LogPluginManager: Mounting plugin AudioCapture
LogPluginManager: Mounting plugin CableComponent
LogPluginManager: Mounting plugin CustomMeshComponent
LogPluginManager: Mounting plugin EditableMesh
LogPluginManager: Mounting plugin ExampleDeviceProfileSelector
LogPluginManager: Mounting plugin GoogleCloudMessaging
LogPluginManager: Mounting plugin ImmediatePhysics
LogPluginManager: Mounting plugin IOSDeviceProfileSelector
LogPluginManager: Mounting plugin LinuxDeviceProfileSelector
LogPluginManager: Mounting plugin LocationServicesBPLibrary
LogPluginManager: Mounting plugin MobilePatchingUtils
LogPluginManager: Mounting plugin OculusVR
LogPluginManager: Plugin shader directory ../../../Engine/Plugins/Runtime/Oculus/OculusVR/Shaders found
LogPluginManager: Mapping shader source directory ../../../Engine/Plugins/Runtime/Oculus/OculusVR/Shaders to virtual directory /Plugin/OculusVR
LogPluginManager: Mounting plugin PhysXVehicles
LogPluginManager: Mounting plugin ProceduralMeshComponent
LogPluginManager: Mounting plugin RuntimePhysXCooking
LogPluginManager: Mounting plugin SteamVR
LogPluginManager: Mounting plugin WindowsMoviePlayer
LogStreaming: Display: Took  0.047s to configure plugins.
LogInit: Using libcurl 7.55.1-DEV
LogInit:  - built for x86_64-pc-win32
LogInit:  - supports SSL with OpenSSL/1.0.2h
LogInit:  - supports HTTP deflate (compression) using libz 1.2.8
LogInit:  - other features:
LogInit:      CURL_VERSION_SSL
LogInit:      CURL_VERSION_LIBZ
LogInit:      CURL_VERSION_IPV6
LogInit:      CURL_VERSION_ASYNCHDNS
LogInit:      CURL_VERSION_LARGEFILE
LogInit:      CURL_VERSION_IDN
LogInit:  CurlRequestOptions (configurable via config and command line):
LogInit:  - bVerifyPeer = false  - Libcurl will NOT verify peer certificate
LogInit:  - bUseHttpProxy = false  - Libcurl will NOT use HTTP proxy
LogInit:  - bDontReuseConnections = false  - Libcurl will reuse connections
LogInit:  - CertBundlePath = nullptr  - Libcurl will use whatever was configured at build time.
LogInit:  - MaxHostConnections = 16  - Libcurl will limit the number of connections to a host
LogInit:  - LocalHostAddr = Default
LogInit:  - BufferSize = 65536
LogInit: WinSock: version 1.1 (2.2), MaxSocks=32767, MaxUdp=65467
LogInit: Build: ++UE4+Release-4.20-CL-4369336
LogInit: Engine Version: 4.20.3-4369336+++UE4+Release-4.20
LogInit: Compatible Engine Version: 4.20.0-4212847+++UE4+Release-4.20
LogInit: Net CL: 4212847
LogInit: OS: Windows 10 (), CPU: Intel(R) Core(TM) i7-6700HQ CPU @ 2.60GHz, GPU: NVIDIA GeForce GTX 970M
LogInit: Compiled (64-bit): Sep 17 2018 12:26:19
LogInit: Compiled with Visual C++: 19.13.26129.00
LogInit: Build Configuration: Development
LogInit: Branch Name: ++UE4+Release-4.20
LogInit: Command Line:  /Game/SideScrollerBP/Maps/MainMenu -game -PIEVIACONSOLE -ResX=1280 -ResY=720  -Multiprocess -messaging -SessionName="Play in Standalone Game" -windowed 
LogInit: Base Directory: D:/UE_4.20/Engine/Binaries/Win64/
LogInit: Installed Engine Build: 1
LogDevObjectVersion: Number of dev versions registered: 20
LogDevObjectVersion:   Dev-Blueprints (B0D832E4-1F89-4F0D-ACCF-7EB736FD4AA2): 10
LogDevObjectVersion:   Dev-Build (E1C64328-A22C-4D53-A36C-8E866417BD8C): 0
LogDevObjectVersion:   Dev-Core (375EC13C-06E4-48FB-B500-84F0262A717E): 2
LogDevObjectVersion:   Dev-Editor (E4B068ED-F494-42E9-A231-DA0B2E46BB41): 24
LogDevObjectVersion:   Dev-Framework (CFFC743F-43B0-4480-9391-14DF171D2073): 34
LogDevObjectVersion:   Dev-Mobile (B02B49B5-BB20-44E9-A304-32B752E40360): 2
LogDevObjectVersion:   Dev-Networking (A4E4105C-59A1-49B5-A7C5-40C4547EDFEE): 0
LogDevObjectVersion:   Dev-Online (39C831C9-5AE6-47DC-9A44-9C173E1C8E7C): 0
LogDevObjectVersion:   Dev-Physics (78F01B33-EBEA-4F98-B9B4-84EACCB95AA2): 0
LogDevObjectVersion:   Dev-Platform (6631380F-2D4D-43E0-8009-CF276956A95A): 0
LogDevObjectVersion:   Dev-Rendering (12F88B9F-8875-4AFC-A67C-D90C383ABD29): 26
LogDevObjectVersion:   Dev-Sequencer (7B5AE74C-D270-4C10-A958-57980B212A5A): 9
LogDevObjectVersion:   Dev-VR (D7296918-1DD6-4BDD-9DE2-64A83CC13884): 2
LogDevObjectVersion:   Dev-LoadTimes (C2A15278-BFE7-4AFE-6C17-90FF531DF755): 1
LogDevObjectVersion:   Private-Geometry (6EACA3D4-40EC-4CC1-B786-8BED09428FC5): 3
LogDevObjectVersion:   Dev-AnimPhys (29E575DD-E0A3-4627-9D10-D276232CDCEA): 17
LogDevObjectVersion:   Dev-ReflectionCapture (6B266CEC-1EC7-4B8F-A30B-E4D90942FC07): 1
LogDevObjectVersion:   Dev-Automation (0DF73D61-A23F-47EA-B727-89E90C41499A): 1
LogDevObjectVersion:   FortniteMain (601D1886-AC64-4F84-AA16-D3DE0DEAC7D6): 12
LogDevObjectVersion:   Dev-Enterprise (9DFFBCD6-494F-0158-E221-12823C92A888): 1
LogStreaming: Display: Took  0.002s to delete old logs.
LogInit: Presizing for max 8388607 objects, including 0 objects not considered by GC, pre-allocating 0 bytes for permanent pool.
LogInit: Object subsystem initialized
[2018.12.15-18.59.11:896][  0]LogInit: Selected Device Profile: [Windows]
[2018.12.15-18.59.11:896][  0]LogInit: Applying CVar settings loaded from the selected device profile: [Windows]
[2018.12.15-18.59.11:902][  0]LogHAL: Display: Platform has ~ 8 GB [8522620928 / 8589934592 / 8], which maps to Default [LargestMinGB=32, LargerMinGB=12, DefaultMinGB=8, SmallerMinGB=6, SmallestMinGB=0)
[2018.12.15-18.59.11:902][  0]LogInit: Setting Device Profile CVar: [[r.Vulkan.UseRealUBs:1]]
[2018.12.15-18.59.11:902][  0]LogInit: Going up to parent DeviceProfile []
[2018.12.15-18.59.11:903][  0]LogInit: Computer: DESKTOP-22TEGNE
[2018.12.15-18.59.11:903][  0]LogInit: User: Tom
[2018.12.15-18.59.11:903][  0]LogInit: CPU Page size=4096, Cores=4
[2018.12.15-18.59.11:903][  0]LogInit: High frequency timer resolution =2.531256 MHz
[2018.12.15-18.59.11:903][  0]LogMemory: Memory total: Physical=7.9GB (8GB approx)
[2018.12.15-18.59.11:903][  0]LogMemory: Platform Memory Stats for Windows
[2018.12.15-18.59.11:903][  0]LogMemory: Process Physical Memory: 101.35 MB used, 101.35 MB peak
[2018.12.15-18.59.11:903][  0]LogMemory: Process Virtual Memory: 93.02 MB used, 93.02 MB peak
[2018.12.15-18.59.11:903][  0]LogMemory: Physical Memory: 4711.58 MB used,  3416.23 MB free, 8127.80 MB total
[2018.12.15-18.59.11:903][  0]LogMemory: Virtual Memory: 4632.98 MB used,  3416.23 MB free, 134217728.00 MB total
[2018.12.15-18.59.11:930][  0]LogInit: Using OS detected language (fr-FR).
[2018.12.15-18.59.11:930][  0]LogInit: Using OS detected locale (fr-FR).
[2018.12.15-18.59.11:931][  0]LogTextLocalizationManager: No specific localization for 'fr-FR' exists, so the 'fr' localization will be used.
[2018.12.15-18.59.11:934][  0]LogStreaming: Display: Took  0.004s to InitEngineTextLocalization.
[2018.12.15-18.59.11:965][  0]LogSlate: New Slate User Created.  User Index 0, Is Virtual User: 0
[2018.12.15-18.59.11:965][  0]LogSlate: Slate User Registered.  User Index 0, Is Virtual User: 0
[2018.12.15-18.59.11:970][  0]LogHMD: Failed to initialize OpenVR with code 100
[2018.12.15-18.59.11:970][  0]LogD3D11RHI: D3D11 adapters:
[2018.12.15-18.59.12:045][  0]LogD3D11RHI:    0. 'NVIDIA GeForce GTX 970M' (Feature Level 11_0)
[2018.12.15-18.59.12:045][  0]LogD3D11RHI:       3029/0/4063 MB DedicatedVideo/DedicatedSystem/SharedSystem, Outputs:1, VendorId:0x10de
[2018.12.15-18.59.12:049][  0]LogD3D11RHI:    1. 'Microsoft Basic Render Driver' (Feature Level 11_0)
[2018.12.15-18.59.12:049][  0]LogD3D11RHI:       0/0/4063 MB DedicatedVideo/DedicatedSystem/SharedSystem, Outputs:0, VendorId:0x1414
[2018.12.15-18.59.12:049][  0]LogD3D11RHI: Chosen D3D11 Adapter: 0
[2018.12.15-18.59.12:125][  0]LogD3D11RHI: Creating new Direct3DDevice
[2018.12.15-18.59.12:125][  0]LogD3D11RHI:     GPU DeviceId: 0x1618 (for the marketing name, search the web for "GPU Device Id")
[2018.12.15-18.59.12:126][  0]LogWindows: EnumDisplayDevices:
[2018.12.15-18.59.12:126][  0]LogWindows:    0. 'NVIDIA GeForce GTX 970M' (P:1 D:1)
[2018.12.15-18.59.12:126][  0]LogWindows:    1. 'NVIDIA GeForce GTX 970M' (P:0 D:0)
[2018.12.15-18.59.12:127][  0]LogWindows:    2. 'NVIDIA GeForce GTX 970M' (P:0 D:0)
[2018.12.15-18.59.12:127][  0]LogWindows:    3. 'NVIDIA GeForce GTX 970M' (P:0 D:0)
[2018.12.15-18.59.12:127][  0]LogWindows: DebugString: FoundDriverCount:4 
[2018.12.15-18.59.12:127][  0]LogD3D11RHI:     Adapter Name: NVIDIA GeForce GTX 970M
[2018.12.15-18.59.12:127][  0]LogD3D11RHI:   Driver Version: 417.22 (internal:25.21.14.1722, unified:417.22)
[2018.12.15-18.59.12:127][  0]LogD3D11RHI:      Driver Date: 11-29-2018
[2018.12.15-18.59.12:127][  0]LogRHI: Texture pool is 2120 MB (70% of 3029 MB)
[2018.12.15-18.59.12:183][  0]LogD3D11RHI: Async texture creation enabled
[2018.12.15-18.59.12:203][  0]LogD3D11RHI: GPU Timing Frequency: 1000.000000 (Debug: 2 2)
[2018.12.15-18.59.12:248][  0]LogShaderCompilers: Guid format shader working directory is 4 characters bigger than the processId version (../../../../Projet-Unreal/Wukongpointpng/Intermediate/Shaders/WorkingDirectory/6512/).
[2018.12.15-18.59.12:248][  0]LogShaderCompilers: Cleaned the shader compiler working directory 'C:/Users/Tom/AppData/Local/Temp/UnrealShaderWorkingDir/FB69539442047CA5E3C820B9F9EAA74A/'.
[2018.12.15-18.59.12:622][  0]LogTemp: Display: Loaded TP WindowsClientTargetPlatform
[2018.12.15-18.59.12:638][  0]LogTemp: Display: Loaded TP WindowsNoEditorTargetPlatform
[2018.12.15-18.59.12:653][  0]LogTemp: Display: Loaded TP WindowsServerTargetPlatform
[2018.12.15-18.59.12:667][  0]LogTemp: Display: Loaded TP WindowsTargetPlatform
[2018.12.15-18.59.12:667][  0]LogTargetPlatformManager: Display: Building Assets For Windows
[2018.12.15-18.59.12:727][  0]LogXGEController: Cannot use XGE Controller as Incredibuild is not installed on this machine.
[2018.12.15-18.59.12:727][  0]LogShaderCompilers: Cannot use XGE Shader Compiler as Incredibuild is not installed on this machine.
[2018.12.15-18.59.12:727][  0]LogShaderCompilers: Display: Using Local Shader Compiler.
[2018.12.15-18.59.13:518][  0]LogDerivedDataCache: Display: Max Cache Size: 512 MB
[2018.12.15-18.59.13:592][  0]LogDerivedDataCache: Loaded boot cache 0.07s 71MB C:/Users/Tom/AppData/Local/UnrealEngine/4.20/DerivedDataCache/Boot.ddc.
[2018.12.15-18.59.13:592][  0]LogDerivedDataCache: Display: Loaded Boot cache: C:/Users/Tom/AppData/Local/UnrealEngine/4.20/DerivedDataCache/Boot.ddc
[2018.12.15-18.59.13:593][  0]LogDerivedDataCache: FDerivedDataBackendGraph:  Pak pak cache file ../../../../Projet-Unreal/Wukongpointpng/DerivedDataCache/DDC.ddp not found, will not use a pak cache.
[2018.12.15-18.59.13:593][  0]LogDerivedDataCache: Unable to find inner node Pak for hierarchical cache Hierarchy.
[2018.12.15-18.59.13:593][  0]LogDerivedDataCache: FDerivedDataBackendGraph:  CompressedPak pak cache file ../../../../Projet-Unreal/Wukongpointpng/DerivedDataCache/Compressed.ddp not found, will not use a pak cache.
[2018.12.15-18.59.13:593][  0]LogDerivedDataCache: Unable to find inner node CompressedPak for hierarchical cache Hierarchy.
[2018.12.15-18.59.13:607][  0]LogDerivedDataCache: Display: Pak cache opened for reading ../../../Engine/DerivedDataCache/Compressed.ddp.
[2018.12.15-18.59.13:619][  0]LogDerivedDataCache: Using Local data cache path C:/Users/Tom/AppData/Local/UnrealEngine/Common/DerivedDataCache: Writable
[2018.12.15-18.59.13:619][  0]LogDerivedDataCache: Shared data cache path not found in *engine.ini, will not use an Shared cache.
[2018.12.15-18.59.13:619][  0]LogDerivedDataCache: Unable to find inner node Shared for hierarchical cache Hierarchy.
[2018.12.15-18.59.13:640][  0]LogMaterial: Verifying Global Shaders for PCD3D_SM5
[2018.12.15-18.59.13:652][  0]LogSlate: Using FreeType 2.6.0
[2018.12.15-18.59.13:652][  0]LogSlate: SlateFontServices - WITH_FREETYPE: 1, WITH_HARFBUZZ: 1
[2018.12.15-18.59.13:712][  0]LogInit: Using OS detected language (fr-FR).
[2018.12.15-18.59.13:712][  0]LogInit: Using OS detected locale (fr-FR).
[2018.12.15-18.59.13:712][  0]LogTextLocalizationManager: No localization for 'fr-FR' exists, so 'en' will be used for the language.
[2018.12.15-18.59.13:712][  0]LogTextLocalizationManager: No localization for 'fr-FR' exists, so 'en' will be used for the locale.
[2018.12.15-18.59.14:528][  0]LogStreaming: Display: Took  0.817s to InitGameTextLocalization.
[2018.12.15-18.59.14:537][  0]LogAssetRegistry: FAssetRegistry took 0.0043 seconds to start up
[2018.12.15-18.59.14:743][  0]LogPackageLocalizationCache: Processed 11 localized package path(s) for 1 prioritized culture(s) in 0.014211 seconds
[2018.12.15-18.59.14:852][  0]LogInit: Selected Device Profile: [Windows]
[2018.12.15-18.59.14:984][  0]LogSimplygon: Simplygon DLL not present - disabling.
[2018.12.15-18.59.14:988][  0]LogMeshReduction: Using SimplygonSwarm for distributed automatic mesh merging
[2018.12.15-18.59.14:988][  0]LogMeshReduction: Using ProxyLODMeshReduction for automatic mesh merging
[2018.12.15-18.59.14:989][  0]LogMeshReduction: Using QuadricMeshReduction for automatic static mesh reduction
[2018.12.15-18.59.14:989][  0]LogMeshReduction: No automatic skeletal mesh reduction module available
[2018.12.15-18.59.15:010][  0]LogNetVersion: Wukongpointpng 1.0.0, NetCL: 4212847, EngineNetVer: 5, GameNetVer: 0 (Checksum: 4139426139)
[2018.12.15-18.59.15:627][  0]LogMoviePlayer: Initializing movie player
[2018.12.15-18.59.15:853][  0]LogTcpMessaging: Initializing TcpMessaging bridge
[2018.12.15-18.59.15:865][  0]LogUdpMessaging: Initializing bridge on interface 0.0.0.0:0 to multicast group 230.0.0.1:6666.
[2018.12.15-18.59.15:968][  0]SourceControl: Source control is disabled
[2018.12.15-18.59.15:968][  0]SourceControl: Source control is disabled
[2018.12.15-18.59.15:969][  0]SourceControl: Source control is disabled
[2018.12.15-18.59.16:094][  0]LogAndroidPermission: UAndroidPermissionCallbackProxy::GetInstance
[2018.12.15-18.59.16:146][  0]LogOcInput: OculusInput pre-init called
[2018.12.15-18.59.16:156][  0]LogUObjectArray: 42169 objects as part of root set at end of initial load.
[2018.12.15-18.59.16:156][  0]LogUObjectAllocator: 7432568 out of 0 bytes used by permanent object pool.
[2018.12.15-18.59.16:156][  0]LogUObjectArray: CloseDisregardForGC: 0/0 objects in disregard for GC pool
[2018.12.15-18.59.16:212][  0]LogEngine: Initializing Engine...
[2018.12.15-18.59.16:214][  0]LogHMD: Failed to initialize OpenVR with code 100
[2018.12.15-18.59.16:226][  0]LogStats: UGameplayTagsManager::ConstructGameplayTagTree: ImportINI prefixes -  0.000 s
[2018.12.15-18.59.16:226][  0]LogStats: UGameplayTagsManager::ConstructGameplayTagTree: Construct from data asset -  0.000 s
[2018.12.15-18.59.16:226][  0]LogStats: UGameplayTagsManager::ConstructGameplayTagTree: ImportINI -  0.000 s
[2018.12.15-18.59.16:226][  0]LogStats: UGameplayTagsManager::ConstructGameplayTagTree: GameplayTagTreeChangedEvent.Broadcast -  0.000 s
[2018.12.15-18.59.16:419][  0]LogInit: Initializing FReadOnlyCVARCache
[2018.12.15-18.59.16:430][  0]LogInit: XAudio2 using 'Speakers (Realtek High Definition Audio)' : 2 channels at 48 kHz using 32 bits per sample (channel mask 0x3)
[2018.12.15-18.59.16:513][  0]LogInit: FAudioDevice initialized.
[2018.12.15-18.59.16:569][  0]LogNetVersion: Set ProjectVersion to 1.0.0.0. Version Checksum will be recalculated on next use.
[2018.12.15-18.59.16:578][  0]LogInit: Texture streaming: Enabled
[2018.12.15-18.59.16:835][  0]LogSlate: Updating window title bar state: overlay mode, drag disabled, window buttons hidden, title bar hidden
[2018.12.15-18.59.16:835][  0]LogInit: Display: Game Engine Initialized.
[2018.12.15-18.59.16:835][  0]LogGameplayTags: Display: UGameplayTagsManager::DoneAddingNativeTags. DelegateIsBound: 0
[2018.12.15-18.59.16:835][  0]LogStats: UGameplayTagsManager::ConstructGameplayTagTree: ImportINI prefixes -  0.000 s
[2018.12.15-18.59.16:835][  0]LogStats: UGameplayTagsManager::ConstructGameplayTagTree: Construct from data asset -  0.000 s
[2018.12.15-18.59.16:835][  0]LogStats: UGameplayTagsManager::ConstructGameplayTagTree: ImportINI -  0.000 s
[2018.12.15-18.59.16:835][  0]LogStats: UGameplayTagsManager::ConstructGameplayTagTree: GameplayTagTreeChangedEvent.Broadcast -  0.000 s
[2018.12.15-18.59.16:850][  0]LogInit: Display: Starting Game.
[2018.12.15-18.59.16:856][  0]LogNet: Browse: /Game/SideScrollerBP/Maps/MainMenu?Name=Player
[2018.12.15-18.59.16:867][  0]LogLoad: LoadMap: /Game/SideScrollerBP/Maps/MainMenu?Name=Player
[2018.12.15-18.59.16:973][  0]LogAIModule: Creating AISystem for world MainMenu
[2018.12.15-18.59.17:171][  0]LogLoad: Game class is 'SideScrollerGameMode_C'
[2018.12.15-18.59.17:172][  0]LogWorld: Bringing World /Game/SideScrollerBP/Maps/MainMenu.MainMenu up for play (max tick rate 0) at 2018.12.15-19.59.17
[2018.12.15-18.59.17:173][  0]LogWorld: Bringing up level for play took: 0.000590
[2018.12.15-18.59.17:173][  0]LogGameMode: FindPlayerStart: PATHS NOT DEFINED or NO PLAYERSTART with positive rating
[2018.12.15-18.59.17:180][  0]LogLoad: Took 0.313830 seconds to LoadMap(/Game/SideScrollerBP/Maps/MainMenu)
[2018.12.15-18.59.17:260][  0]LogRenderer: Reallocating scene render targets to support 1280x720 Format 10 NumSamples 1 (Frame:1).
[2018.12.15-18.59.17:261][  0]LogLoad: (Engine Initialization) Total time: 7.69 seconds
[2018.12.15-18.59.17:261][  0]LogLoad: (Engine Initialization) Total Blueprint compile time: 0.00 seconds
[2018.12.15-18.59.17:314][  0]LogWindowsTextInputMethodSystem: Display: IME system now deactivated.
[2018.12.15-18.59.17:318][  0]LogContentStreaming: Texture pool size now 1000 MB
[2018.12.15-18.59.19:050][ 99]LogSlate: FSceneViewport::OnFocusLost() reason 0
[2018.12.15-18.59.19:224][ 99]LogPackageName: SearchForPackageOnDisk took   0.152s, but failed to resolve None.umap.
[2018.12.15-18.59.19:370][ 99]LogPackageName: SearchForPackageOnDisk took   0.146s, but failed to resolve None.umap.
[2018.12.15-18.59.19:370][ 99]LogNet: Browse: /Game/SideScrollerBP/Maps/SideScrollerExampleMap
[2018.12.15-18.59.19:424][ 99]LogNet: Warning: Travel Failure: [InvalidURL]: Invalid URL: /Game/SideScrollerBP/Maps/SideScrollerExampleMap
[2018.12.15-18.59.19:442][ 99]LogNet: TravelFailure: InvalidURL, Reason for Failure: 'Invalid URL: /Game/SideScrollerBP/Maps/SideScrollerExampleMap'
[2018.12.15-18.59.19:450][ 99]LogNet: Warning: Travel Failure: [ClientTravelFailure]: Invalid URL: /Game/SideScrollerBP/Maps/SideScrollerExampleMap
[2018.12.15-18.59.19:450][ 99]LogNet: TravelFailure: ClientTravelFailure, Reason for Failure: 'Invalid URL: /Game/SideScrollerBP/Maps/SideScrollerExampleMap'
[2018.12.15-18.59.19:452][100]LogNet: Browse: /Game/SideScrollerBP/Maps/SideScrollerExampleMap?closed
[2018.12.15-18.59.19:452][100]LogNet: Connection failed; returning to Entry
[2018.12.15-18.59.19:453][100]LogLoad: LoadMap: /Game/SideScrollerBP/Maps/SideScrollerExampleMap?closed
[2018.12.15-18.59.19:916][100]LogAIModule: Creating AISystem for world SideScrollerExampleMap
[2018.12.15-18.59.19:921][100]LogLoad: Game class is 'SideScrollerGameMode_C'
[2018.12.15-18.59.19:927][100]LogWorld: Bringing World /Game/SideScrollerBP/Maps/SideScrollerExampleMap.SideScrollerExampleMap up for play (max tick rate 0) at 2018.12.15-19.59.19
[2018.12.15-18.59.19:994][100]LogWorld: Bringing up level for play took: 0.071113
[2018.12.15-18.59.20:012][100]LogLoad: Took 0.559020 seconds to LoadMap(/Game/SideScrollerBP/Maps/SideScrollerExampleMap)
[2018.12.15-18.59.27:185][537]LogSlate: Window 'Wukongpointpng (64-bit Development PCD3D_SM5) ' being destroyed
[2018.12.15-18.59.27:186][537]LogWindowsTextInputMethodSystem: Display: IME system now deactivated.
[2018.12.15-18.59.27:194][537]LogWindowsTextInputMethodSystem: Display: IME system now deactivated.
[2018.12.15-18.59.27:197][537]LogSlate: Updating window title bar state: overlay mode, drag disabled, window buttons hidden, title bar hidden
[2018.12.15-18.59.27:197][537]LogEngine: All Windows Closed
[2018.12.15-18.59.27:203][537]LogWindows: FPlatformMisc::RequestExit(0)
[2018.12.15-18.59.28:273][538]LogExit: Preparing to exit.
[2018.12.15-18.59.28:286][538]LogMoviePlayer: Shutting down movie player
[2018.12.15-18.59.29:193][538]LogSlate: Updating window title bar state: overlay mode, drag disabled, window buttons hidden, title bar hidden
[2018.12.15-18.59.29:275][538]LogExit: Game engine shut down
[2018.12.15-18.59.30:305][538]LogExit: Object subsystem successfully closed.
