Log file open, 12/15/18 23:31:44
LogWindows: Failed to load 'aqProf.dll' (GetLastError=126)
LogWindows: File 'aqProf.dll' does not exist
LogWindows: Failed to load 'VSPerf140.dll' (GetLastError=126)
LogWindows: File 'VSPerf140.dll' does not exist
LogWindows: Failed to load 'VtuneApi.dll' (GetLastError=126)
LogWindows: File 'VtuneApi.dll' does not exist
LogWindows: Failed to load 'VtuneApi32e.dll' (GetLastError=126)
LogWindows: File 'VtuneApi32e.dll' does not exist
LogInit: Display: Running engine for game: Wukongpointpng
LogPlatformFile: Not using cached read wrapper
LogTaskGraph: Started task graph with 5 named threads and 23 total threads with 3 sets of task threads.
LogStats: Stats thread started at 0.296200
LogD3D11RHI: Loaded GFSDK_Aftermath_Lib.x64.dll
LogICUInternationalization: Display: ICU TimeZone Detection - Raw Offset: +1:00, Platform Override: ''
LogPluginManager: Mounting plugin Paper2D
LogPluginManager: Mounting plugin AISupport
LogPluginManager: Mounting plugin LightPropagationVolume
LogPluginManager: Mounting plugin CLionSourceCodeAccess
LogPluginManager: Mounting plugin CodeLiteSourceCodeAccess
LogPluginManager: Mounting plugin GitSourceControl
LogPluginManager: Mounting plugin KDevelopSourceCodeAccess
LogPluginManager: Mounting plugin NullSourceCodeAccess
LogPluginManager: Mounting plugin PerforceSourceControl
LogPluginManager: Mounting plugin SubversionSourceControl
LogPluginManager: Mounting plugin UObjectPlugin
LogPluginManager: Mounting plugin VisualStudioCodeSourceCodeAccess
LogPluginManager: Mounting plugin VisualStudioSourceCodeAccess
LogPluginManager: Mounting plugin XCodeSourceCodeAccess
LogPluginManager: Mounting plugin AssetManagerEditor
LogPluginManager: Mounting plugin CryptoKeys
LogPluginManager: Mounting plugin DataValidation
LogPluginManager: Mounting plugin FacialAnimation
LogPluginManager: Mounting plugin GameplayTagsEditor
LogPluginManager: Mounting plugin MacGraphicsSwitching
LogPluginManager: Mounting plugin MeshEditor
LogPluginManager: Mounting plugin MobileLauncherProfileWizard
LogPluginManager: Mounting plugin PluginBrowser
LogPluginManager: Mounting plugin SpeedTreeImporter
LogPluginManager: Mounting plugin DatasmithContent
LogPluginManager: Mounting plugin AlembicImporter
LogPluginManager: Mounting plugin AppleImageUtils
LogPluginManager: Mounting plugin AppleVision
LogPluginManager: Mounting plugin BackChannel
LogPluginManager: Mounting plugin CharacterAI
LogPluginManager: Mounting plugin GeometryCache
LogPluginManager: Mounting plugin HTML5Networking
LogPluginManager: Mounting plugin ProxyLODPlugin
LogPluginManager: Mounting plugin MagicLeap
LogPluginManager: Mounting plugin MagicLeapEmulator
LogPluginManager: Mounting plugin MagicLeapMedia
LogPluginManager: Mounting plugin AndroidMedia
LogPluginManager: Mounting plugin AvfMedia
LogPluginManager: Mounting plugin ImgMedia
LogPluginManager: Mounting plugin LinearTimecode
LogPluginManager: Mounting plugin MediaCompositing
LogPluginManager: Mounting plugin MediaPlayerEditor
LogPluginManager: Mounting plugin WmfMedia
LogPluginManager: Mounting plugin TcpMessaging
LogPluginManager: Mounting plugin UdpMessaging
LogPluginManager: Mounting plugin ActorSequence
LogPluginManager: Mounting plugin LevelSequenceEditor
LogPluginManager: Mounting plugin MatineeToLevelSequence
LogPluginManager: Mounting plugin NetcodeUnitTest
LogPluginManager: Mounting plugin NUTUnrealEngine4
LogPluginManager: Mounting plugin OnlineSubsystemGooglePlay
LogPluginManager: Mounting plugin OnlineSubsystemIOS
LogPluginManager: Mounting plugin OnlineSubsystem
LogPluginManager: Mounting plugin OnlineSubsystemNull
LogPluginManager: Mounting plugin OnlineSubsystemUtils
LogPluginManager: Mounting plugin LauncherChunkInstaller
LogPluginManager: Mounting plugin AndroidDeviceProfileSelector
LogPluginManager: Mounting plugin AndroidMoviePlayer
LogPluginManager: Mounting plugin AndroidPermission
LogPluginManager: Mounting plugin AppleMoviePlayer
LogPluginManager: Mounting plugin ArchVisCharacter
LogPluginManager: Mounting plugin AudioCapture
LogPluginManager: Mounting plugin CableComponent
LogPluginManager: Mounting plugin CustomMeshComponent
LogPluginManager: Mounting plugin EditableMesh
LogPluginManager: Mounting plugin ExampleDeviceProfileSelector
LogPluginManager: Mounting plugin GoogleCloudMessaging
LogPluginManager: Mounting plugin ImmediatePhysics
LogPluginManager: Mounting plugin IOSDeviceProfileSelector
LogPluginManager: Mounting plugin LinuxDeviceProfileSelector
LogPluginManager: Mounting plugin LocationServicesBPLibrary
LogPluginManager: Mounting plugin MobilePatchingUtils
LogPluginManager: Mounting plugin OculusVR
LogPluginManager: Plugin shader directory ../../../Engine/Plugins/Runtime/Oculus/OculusVR/Shaders found
LogPluginManager: Mapping shader source directory ../../../Engine/Plugins/Runtime/Oculus/OculusVR/Shaders to virtual directory /Plugin/OculusVR
LogPluginManager: Mounting plugin PhysXVehicles
LogPluginManager: Mounting plugin ProceduralMeshComponent
LogPluginManager: Mounting plugin RuntimePhysXCooking
LogPluginManager: Mounting plugin SteamVR
LogPluginManager: Mounting plugin WindowsMoviePlayer
LogStreaming: Display: Took  0.088s to configure plugins.
LogInit: Using libcurl 7.55.1-DEV
LogInit:  - built for x86_64-pc-win32
LogInit:  - supports SSL with OpenSSL/1.0.2h
LogInit:  - supports HTTP deflate (compression) using libz 1.2.8
LogInit:  - other features:
LogInit:      CURL_VERSION_SSL
LogInit:      CURL_VERSION_LIBZ
LogInit:      CURL_VERSION_IPV6
LogInit:      CURL_VERSION_ASYNCHDNS
LogInit:      CURL_VERSION_LARGEFILE
LogInit:      CURL_VERSION_IDN
LogInit:  CurlRequestOptions (configurable via config and command line):
LogInit:  - bVerifyPeer = false  - Libcurl will NOT verify peer certificate
LogInit:  - bUseHttpProxy = false  - Libcurl will NOT use HTTP proxy
LogInit:  - bDontReuseConnections = false  - Libcurl will reuse connections
LogInit:  - CertBundlePath = nullptr  - Libcurl will use whatever was configured at build time.
LogInit:  - MaxHostConnections = 16  - Libcurl will limit the number of connections to a host
LogInit:  - LocalHostAddr = Default
LogInit:  - BufferSize = 65536
LogInit: WinSock: version 1.1 (2.2), MaxSocks=32767, MaxUdp=65467
LogInit: Build: ++UE4+Release-4.20-CL-4369336
LogInit: Engine Version: 4.20.3-4369336+++UE4+Release-4.20
LogInit: Compatible Engine Version: 4.20.0-4212847+++UE4+Release-4.20
LogInit: Net CL: 4212847
LogInit: OS: Windows 10 (), CPU: Intel(R) Core(TM) i7-6700HQ CPU @ 2.60GHz, GPU: NVIDIA GeForce GTX 970M
LogInit: Compiled (64-bit): Sep 17 2018 12:26:19
LogInit: Compiled with Visual C++: 19.13.26129.00
LogInit: Build Configuration: Development
LogInit: Branch Name: ++UE4+Release-4.20
LogInit: Command Line:  
LogInit: Base Directory: D:/UE_4.20/Engine/Binaries/Win64/
LogInit: Installed Engine Build: 1
LogDevObjectVersion: Number of dev versions registered: 20
LogDevObjectVersion:   Dev-Blueprints (B0D832E4-1F89-4F0D-ACCF-7EB736FD4AA2): 10
LogDevObjectVersion:   Dev-Build (E1C64328-A22C-4D53-A36C-8E866417BD8C): 0
LogDevObjectVersion:   Dev-Core (375EC13C-06E4-48FB-B500-84F0262A717E): 2
LogDevObjectVersion:   Dev-Editor (E4B068ED-F494-42E9-A231-DA0B2E46BB41): 24
LogDevObjectVersion:   Dev-Framework (CFFC743F-43B0-4480-9391-14DF171D2073): 34
LogDevObjectVersion:   Dev-Mobile (B02B49B5-BB20-44E9-A304-32B752E40360): 2
LogDevObjectVersion:   Dev-Networking (A4E4105C-59A1-49B5-A7C5-40C4547EDFEE): 0
LogDevObjectVersion:   Dev-Online (39C831C9-5AE6-47DC-9A44-9C173E1C8E7C): 0
LogDevObjectVersion:   Dev-Physics (78F01B33-EBEA-4F98-B9B4-84EACCB95AA2): 0
LogDevObjectVersion:   Dev-Platform (6631380F-2D4D-43E0-8009-CF276956A95A): 0
LogDevObjectVersion:   Dev-Rendering (12F88B9F-8875-4AFC-A67C-D90C383ABD29): 26
LogDevObjectVersion:   Dev-Sequencer (7B5AE74C-D270-4C10-A958-57980B212A5A): 9
LogDevObjectVersion:   Dev-VR (D7296918-1DD6-4BDD-9DE2-64A83CC13884): 2
LogDevObjectVersion:   Dev-LoadTimes (C2A15278-BFE7-4AFE-6C17-90FF531DF755): 1
LogDevObjectVersion:   Private-Geometry (6EACA3D4-40EC-4CC1-B786-8BED09428FC5): 3
LogDevObjectVersion:   Dev-AnimPhys (29E575DD-E0A3-4627-9D10-D276232CDCEA): 17
LogDevObjectVersion:   Dev-ReflectionCapture (6B266CEC-1EC7-4B8F-A30B-E4D90942FC07): 1
LogDevObjectVersion:   Dev-Automation (0DF73D61-A23F-47EA-B727-89E90C41499A): 1
LogDevObjectVersion:   FortniteMain (601D1886-AC64-4F84-AA16-D3DE0DEAC7D6): 12
LogDevObjectVersion:   Dev-Enterprise (9DFFBCD6-494F-0158-E221-12823C92A888): 1
LogStreaming: Display: Took  0.001s to delete old logs.
LogInit: Presizing for max 8388607 objects, including 0 objects not considered by GC, pre-allocating 0 bytes for permanent pool.
LogInit: Object subsystem initialized
[2018.12.15-22.31.45:136][  0]LogInit: Selected Device Profile: [Windows]
[2018.12.15-22.31.45:136][  0]LogInit: Applying CVar settings loaded from the selected device profile: [Windows]
[2018.12.15-22.31.45:143][  0]LogHAL: Display: Platform has ~ 8 GB [8522620928 / 8589934592 / 8], which maps to Default [LargestMinGB=32, LargerMinGB=12, DefaultMinGB=8, SmallerMinGB=6, SmallestMinGB=0)
[2018.12.15-22.31.45:143][  0]LogInit: Setting Device Profile CVar: [[r.Vulkan.UseRealUBs:1]]
[2018.12.15-22.31.45:143][  0]LogInit: Going up to parent DeviceProfile []
[2018.12.15-22.31.45:144][  0]LogInit: Computer: DESKTOP-22TEGNE
[2018.12.15-22.31.45:144][  0]LogInit: User: Tom
[2018.12.15-22.31.45:144][  0]LogInit: CPU Page size=4096, Cores=4
[2018.12.15-22.31.45:144][  0]LogInit: High frequency timer resolution =2.531256 MHz
[2018.12.15-22.31.45:144][  0]LogMemory: Memory total: Physical=7.9GB (8GB approx)
[2018.12.15-22.31.45:144][  0]LogMemory: Platform Memory Stats for Windows
[2018.12.15-22.31.45:144][  0]LogMemory: Process Physical Memory: 101.17 MB used, 101.17 MB peak
[2018.12.15-22.31.45:144][  0]LogMemory: Process Virtual Memory: 93.01 MB used, 93.01 MB peak
[2018.12.15-22.31.45:144][  0]LogMemory: Physical Memory: 3606.83 MB used,  4520.97 MB free, 8127.80 MB total
[2018.12.15-22.31.45:144][  0]LogMemory: Virtual Memory: 4632.98 MB used,  4520.97 MB free, 134217728.00 MB total
[2018.12.15-22.31.45:174][  0]LogInit: Using OS detected language (fr-FR).
[2018.12.15-22.31.45:174][  0]LogInit: Using OS detected locale (fr-FR).
[2018.12.15-22.31.45:175][  0]LogTextLocalizationManager: No specific localization for 'fr-FR' exists, so the 'fr' localization will be used.
[2018.12.15-22.31.45:178][  0]LogStreaming: Display: Took  0.004s to InitEngineTextLocalization.
[2018.12.15-22.31.45:178][  0]LogInit: Setting process to per monitor DPI aware
[2018.12.15-22.31.45:210][  0]LogSlate: New Slate User Created.  User Index 0, Is Virtual User: 0
[2018.12.15-22.31.45:210][  0]LogSlate: Slate User Registered.  User Index 0, Is Virtual User: 0
[2018.12.15-22.31.45:469][  0]LogHMD: Failed to initialize OpenVR with code 100
[2018.12.15-22.31.45:469][  0]LogD3D11RHI: D3D11 adapters:
[2018.12.15-22.31.45:540][  0]LogD3D11RHI:    0. 'NVIDIA GeForce GTX 970M' (Feature Level 11_0)
[2018.12.15-22.31.45:540][  0]LogD3D11RHI:       3029/0/4063 MB DedicatedVideo/DedicatedSystem/SharedSystem, Outputs:1, VendorId:0x10de
[2018.12.15-22.31.45:543][  0]LogD3D11RHI:    1. 'Microsoft Basic Render Driver' (Feature Level 11_0)
[2018.12.15-22.31.45:543][  0]LogD3D11RHI:       0/0/4063 MB DedicatedVideo/DedicatedSystem/SharedSystem, Outputs:0, VendorId:0x1414
[2018.12.15-22.31.45:543][  0]LogD3D11RHI: Chosen D3D11 Adapter: 0
[2018.12.15-22.31.45:549][  0]LogD3D11RHI: Creating new Direct3DDevice
[2018.12.15-22.31.45:549][  0]LogD3D11RHI:     GPU DeviceId: 0x1618 (for the marketing name, search the web for "GPU Device Id")
[2018.12.15-22.31.45:549][  0]LogWindows: EnumDisplayDevices:
[2018.12.15-22.31.45:549][  0]LogWindows:    0. 'NVIDIA GeForce GTX 970M' (P:1 D:1)
[2018.12.15-22.31.45:550][  0]LogWindows:    1. 'NVIDIA GeForce GTX 970M' (P:0 D:0)
[2018.12.15-22.31.45:550][  0]LogWindows:    2. 'NVIDIA GeForce GTX 970M' (P:0 D:0)
[2018.12.15-22.31.45:550][  0]LogWindows:    3. 'NVIDIA GeForce GTX 970M' (P:0 D:0)
[2018.12.15-22.31.45:551][  0]LogWindows: DebugString: FoundDriverCount:4 
[2018.12.15-22.31.45:551][  0]LogD3D11RHI:     Adapter Name: NVIDIA GeForce GTX 970M
[2018.12.15-22.31.45:551][  0]LogD3D11RHI:   Driver Version: 417.22 (internal:25.21.14.1722, unified:417.22)
[2018.12.15-22.31.45:551][  0]LogD3D11RHI:      Driver Date: 11-29-2018
[2018.12.15-22.31.45:551][  0]LogRHI: Texture pool is 2120 MB (70% of 3029 MB)
[2018.12.15-22.31.45:600][  0]LogD3D11RHI: Async texture creation enabled
[2018.12.15-22.31.45:619][  0]LogD3D11RHI: GPU Timing Frequency: 1000.000000 (Debug: 2 2)
[2018.12.15-22.31.45:662][  0]LogShaderCompilers: Guid format shader working directory is 4 characters bigger than the processId version (../../../../Projet-Unreal/Wukongpointpng/Intermediate/Shaders/WorkingDirectory/8984/).
[2018.12.15-22.31.45:662][  0]LogShaderCompilers: Cleaned the shader compiler working directory 'C:/Users/Tom/AppData/Local/Temp/UnrealShaderWorkingDir/570E57174D9E2C2FBB9ABDBA26FCA430/'.
[2018.12.15-22.31.46:037][  0]LogTemp: Display: Loaded TP AllDesktopTargetPlatform
[2018.12.15-22.31.46:052][  0]LogTemp: Display: Loaded TP MacClientTargetPlatform
[2018.12.15-22.31.46:068][  0]LogTemp: Display: Loaded TP MacNoEditorTargetPlatform
[2018.12.15-22.31.46:082][  0]LogTemp: Display: Loaded TP MacServerTargetPlatform
[2018.12.15-22.31.46:097][  0]LogTemp: Display: Loaded TP MacTargetPlatform
[2018.12.15-22.31.46:111][  0]LogTemp: Display: Loaded TP WindowsClientTargetPlatform
[2018.12.15-22.31.46:126][  0]LogTemp: Display: Loaded TP WindowsNoEditorTargetPlatform
[2018.12.15-22.31.46:144][  0]LogTemp: Display: Loaded TP WindowsServerTargetPlatform
[2018.12.15-22.31.46:151][  0]LogTemp: Display: Loaded TP WindowsTargetPlatform
[2018.12.15-22.31.46:238][  0]LogTemp: Display: Loaded TP AndroidTargetPlatform
[2018.12.15-22.31.46:238][  0]LogTemp: Display: Loaded TP AndroidTargetPlatform
[2018.12.15-22.31.46:238][  0]LogTemp: Display: Loaded TP AndroidTargetPlatform
[2018.12.15-22.31.46:238][  0]LogTemp: Display: Loaded TP AndroidTargetPlatform
[2018.12.15-22.31.46:238][  0]LogTemp: Display: Loaded TP AndroidTargetPlatform
[2018.12.15-22.31.46:238][  0]LogTemp: Display: Loaded TP AndroidTargetPlatform
[2018.12.15-22.31.46:238][  0]LogTemp: Display: Loaded TP AndroidTargetPlatform
[2018.12.15-22.31.46:238][  0]LogTemp: Display: Loaded TP AndroidTargetPlatform
[2018.12.15-22.31.46:238][  0]LogTemp: Display: Loaded TP AndroidTargetPlatform
[2018.12.15-22.31.46:238][  0]LogTemp: Display: Loaded TP AndroidTargetPlatform
[2018.12.15-22.31.46:238][  0]LogTemp: Display: Loaded TP AndroidTargetPlatform
[2018.12.15-22.31.46:238][  0]LogTemp: Display: Loaded TP AndroidTargetPlatform
[2018.12.15-22.31.46:238][  0]LogTemp: Display: Loaded TP AndroidTargetPlatform
[2018.12.15-22.31.46:238][  0]LogTemp: Display: Loaded TP AndroidTargetPlatform
[2018.12.15-22.31.46:238][  0]LogTemp: Display: Loaded TP AndroidTargetPlatform
[2018.12.15-22.31.46:238][  0]LogTemp: Display: Loaded TP AndroidTargetPlatform
[2018.12.15-22.31.46:238][  0]LogTemp: Display: Loaded TP AndroidTargetPlatform
[2018.12.15-22.31.46:238][  0]LogTemp: Display: Loaded TP AndroidTargetPlatform
[2018.12.15-22.31.46:240][  0]LogTemp: Display: Loaded TP HTML5TargetPlatform
[2018.12.15-22.31.46:301][  0]LogTemp: Display: Loaded TP IOSTargetPlatform
[2018.12.15-22.31.46:301][  0]LogTemp: Display: Loaded TP IOSTargetPlatform
[2018.12.15-22.31.46:330][  0]LogTemp: Display: Loaded TP TVOSTargetPlatform
[2018.12.15-22.31.46:330][  0]LogTemp: Display: Loaded TP TVOSTargetPlatform
[2018.12.15-22.31.46:343][  0]LogTemp: Display: Loaded TP LinuxClientTargetPlatform
[2018.12.15-22.31.46:360][  0]LogTemp: Display: Loaded TP LinuxNoEditorTargetPlatform
[2018.12.15-22.31.46:378][  0]LogTemp: Display: Loaded TP LinuxServerTargetPlatform
[2018.12.15-22.31.46:392][  0]LogTemp: Display: Loaded TP LinuxTargetPlatform
[2018.12.15-22.31.46:401][  0]LogTemp: Display: Loaded TP LuminTargetPlatform
[2018.12.15-22.31.46:401][  0]LogTargetPlatformManager: Display: Building Assets For Windows
[2018.12.15-22.31.46:461][  0]LogXGEController: Cleaning working directory: C:/Users/Tom/AppData/Local/Temp/UnrealXGEWorkingDir/
[2018.12.15-22.31.46:461][  0]LogXGEController: Cannot use XGE Controller as Incredibuild is not installed on this machine.
[2018.12.15-22.31.46:461][  0]LogShaderCompilers: Cannot use XGE Shader Compiler as Incredibuild is not installed on this machine.
[2018.12.15-22.31.46:461][  0]LogShaderCompilers: Display: Using Local Shader Compiler.
[2018.12.15-22.31.47:192][  0]LogDerivedDataCache: Display: Max Cache Size: 512 MB
[2018.12.15-22.31.47:259][  0]LogDerivedDataCache: Loaded boot cache 0.07s 71MB C:/Users/Tom/AppData/Local/UnrealEngine/4.20/DerivedDataCache/Boot.ddc.
[2018.12.15-22.31.47:260][  0]LogDerivedDataCache: Display: Loaded Boot cache: C:/Users/Tom/AppData/Local/UnrealEngine/4.20/DerivedDataCache/Boot.ddc
[2018.12.15-22.31.47:260][  0]LogDerivedDataCache: FDerivedDataBackendGraph:  Pak pak cache file ../../../../Projet-Unreal/Wukongpointpng/DerivedDataCache/DDC.ddp not found, will not use a pak cache.
[2018.12.15-22.31.47:260][  0]LogDerivedDataCache: Unable to find inner node Pak for hierarchical cache Hierarchy.
[2018.12.15-22.31.47:260][  0]LogDerivedDataCache: FDerivedDataBackendGraph:  CompressedPak pak cache file ../../../../Projet-Unreal/Wukongpointpng/DerivedDataCache/Compressed.ddp not found, will not use a pak cache.
[2018.12.15-22.31.47:260][  0]LogDerivedDataCache: Unable to find inner node CompressedPak for hierarchical cache Hierarchy.
[2018.12.15-22.31.47:275][  0]LogDerivedDataCache: Display: Pak cache opened for reading ../../../Engine/DerivedDataCache/Compressed.ddp.
[2018.12.15-22.31.47:288][  0]LogDerivedDataCache: Using Local data cache path C:/Users/Tom/AppData/Local/UnrealEngine/Common/DerivedDataCache: Writable
[2018.12.15-22.31.47:288][  0]LogDerivedDataCache: Shared data cache path not found in *engine.ini, will not use an Shared cache.
[2018.12.15-22.31.47:288][  0]LogDerivedDataCache: Unable to find inner node Shared for hierarchical cache Hierarchy.
[2018.12.15-22.31.47:308][  0]LogMaterial: Verifying Global Shaders for PCD3D_SM5
[2018.12.15-22.31.47:310][  0]LogSlate: Using FreeType 2.6.0
[2018.12.15-22.31.47:311][  0]LogSlate: SlateFontServices - WITH_FREETYPE: 1, WITH_HARFBUZZ: 1
[2018.12.15-22.31.47:400][  0]LogAssetRegistry: FAssetRegistry took 0.0267 seconds to start up
[2018.12.15-22.31.47:737][  0]LogInit: Selected Device Profile: [Windows]
[2018.12.15-22.31.47:876][  0]LogSimplygon: Simplygon DLL not present - disabling.
[2018.12.15-22.31.47:880][  0]LogMeshReduction: Using SimplygonSwarm for distributed automatic mesh merging
[2018.12.15-22.31.47:880][  0]LogMeshReduction: Using ProxyLODMeshReduction for automatic mesh merging
[2018.12.15-22.31.47:880][  0]LogMeshReduction: Using QuadricMeshReduction for automatic static mesh reduction
[2018.12.15-22.31.47:880][  0]LogMeshReduction: No automatic skeletal mesh reduction module available
[2018.12.15-22.31.47:901][  0]LogNetVersion: Wukongpointpng 1.0.0, NetCL: 4212847, EngineNetVer: 5, GameNetVer: 0 (Checksum: 4139426139)
[2018.12.15-22.31.48:427][  0]LogPackageLocalizationCache: Processed 11 localized package path(s) for 2 prioritized culture(s) in 0.076750 seconds
[2018.12.15-22.31.48:433][  0]LogUObjectArray: 38426 objects as part of root set at end of initial load.
[2018.12.15-22.31.48:433][  0]LogUObjectAllocator: 6691088 out of 0 bytes used by permanent object pool.
[2018.12.15-22.31.48:433][  0]LogUObjectArray: CloseDisregardForGC: 0/0 objects in disregard for GC pool
[2018.12.15-22.31.49:474][  0]LogTcpMessaging: Initializing TcpMessaging bridge
[2018.12.15-22.31.49:487][  0]LogUdpMessaging: Initializing bridge on interface 0.0.0.0:0 to multicast group 230.0.0.1:6666.
[2018.12.15-22.31.49:637][  0]SourceControl: Source control is disabled
[2018.12.15-22.31.49:638][  0]SourceControl: Source control is disabled
[2018.12.15-22.31.49:639][  0]SourceControl: Source control is disabled
[2018.12.15-22.31.49:640][  0]SourceControl: Source control is disabled
[2018.12.15-22.31.49:805][  0]LogAndroidPermission: UAndroidPermissionCallbackProxy::GetInstance
[2018.12.15-22.31.49:860][  0]LogOcInput: OculusInput pre-init called
[2018.12.15-22.31.49:923][  0]LogEngine: Initializing Engine...
[2018.12.15-22.31.49:924][  0]LogHMD: Failed to initialize OpenVR with code 100
[2018.12.15-22.31.49:926][  0]LogStats: UGameplayTagsManager::ConstructGameplayTagTree: ImportINI prefixes -  0.000 s
[2018.12.15-22.31.49:926][  0]LogStats: UGameplayTagsManager::ConstructGameplayTagTree: Construct from data asset -  0.000 s
[2018.12.15-22.31.49:926][  0]LogStats: UGameplayTagsManager::ConstructGameplayTagTree: ImportINI -  0.000 s
[2018.12.15-22.31.49:926][  0]LogStats: UGameplayTagsManager::ConstructGameplayTagTree: GameplayTagTreeChangedEvent.Broadcast -  0.000 s
[2018.12.15-22.31.50:187][  0]LogInit: Initializing FReadOnlyCVARCache
[2018.12.15-22.31.50:201][  0]LogAIModule: Creating AISystem for world Untitled
[2018.12.15-22.31.50:211][  0]LogInit: XAudio2 using 'Speakers (Realtek High Definition Audio)' : 2 channels at 48 kHz using 32 bits per sample (channel mask 0x3)
[2018.12.15-22.31.50:450][  0]LogInit: FAudioDevice initialized.
[2018.12.15-22.31.50:451][  0]LogNetVersion: Set ProjectVersion to 1.0.0.0. Version Checksum will be recalculated on next use.
[2018.12.15-22.31.50:739][  0]LogDerivedDataCache: Saved boot cache 0.29s 71MB C:/Users/Tom/AppData/Local/UnrealEngine/4.20/DerivedDataCache/Boot.ddc.
[2018.12.15-22.31.50:745][  0]LogInit: Texture streaming: Enabled
[2018.12.15-22.31.50:767][  0]LogEngineSessionManager: EngineSessionManager initialized
[2018.12.15-22.31.50:779][  0]LogInit: Transaction tracking system initialized
[2018.12.15-22.31.50:803][  0]BlueprintLog: New page: Editor Load
[2018.12.15-22.31.50:879][  0]LocalizationService: Localization service is disabled
[2018.12.15-22.31.51:136][  0]LogCook: Display: Max memory allowance for cook 16384mb min free memory 0mb
[2018.12.15-22.31.51:136][  0]LogCook: Display: Mobile HDR setting 1
[2018.12.15-22.31.51:136][  0]LogGameplayTags: Display: UGameplayTagsManager::DoneAddingNativeTags. DelegateIsBound: 0
[2018.12.15-22.31.51:136][  0]LogStats: UGameplayTagsManager::ConstructGameplayTagTree: ImportINI prefixes -  0.000 s
[2018.12.15-22.31.51:136][  0]LogStats: UGameplayTagsManager::ConstructGameplayTagTree: Construct from data asset -  0.000 s
[2018.12.15-22.31.51:136][  0]LogStats: UGameplayTagsManager::ConstructGameplayTagTree: ImportINI -  0.000 s
[2018.12.15-22.31.51:136][  0]LogStats: UGameplayTagsManager::ConstructGameplayTagTree: GameplayTagTreeChangedEvent.Broadcast -  0.000 s
[2018.12.15-22.31.51:187][  0]LogFileCache: Scanning file cache for directory 'D:/Projet-Unreal/Wukongpointpng/Content/' took 0.02s
[2018.12.15-22.31.51:268][  0]SourceControl: Source control is disabled
[2018.12.15-22.31.51:268][  0]Cmd: MAP LOAD FILE="../../../../Projet-Unreal/Wukongpointpng/Content/SideScrollerBP/Maps/SideScrollerExampleMap.umap" TEMPLATE=0 SHOWPROGRESS=1 FEATURELEVEL=3
[2018.12.15-22.31.51:268][  0]LightingResults: New page: Lighting Build
[2018.12.15-22.31.51:271][  0]MapCheck: New page: Map Check
[2018.12.15-22.31.51:271][  0]LightingResults: New page: Lighting Build
[2018.12.15-22.31.52:551][  0]LogAIModule: Creating AISystem for world SideScrollerExampleMap
[2018.12.15-22.31.52:565][  0]LogEditorServer: Finished looking for orphan Actors (0.000 secs)
[2018.12.15-22.31.52:594][  0]Cmd: MAP CHECKDEP NOCLEARLOG
[2018.12.15-22.31.52:666][  0]MapCheck: Map check complete: 0 Error(s), 0 Warning(s), took 71,516ms to complete.
[2018.12.15-22.31.52:666][  0]LogFileHelpers: Loading map 'SideScrollerExampleMap' took 1.398
[2018.12.15-22.31.52:766][  0]LogSlate: Updating window title bar state: overlay mode, drag disabled, window buttons hidden, title bar hidden
[2018.12.15-22.31.52:775][  0]LogSlate: Updating window title bar state: overlay mode, drag disabled, window buttons hidden, title bar hidden
[2018.12.15-22.31.52:783][  0]LogSlate: Updating window title bar state: overlay mode, drag disabled, window buttons hidden, title bar hidden
[2018.12.15-22.31.52:791][  0]LogSlate: Updating window title bar state: overlay mode, drag disabled, window buttons hidden, title bar hidden
[2018.12.15-22.31.52:798][  0]LogCollectionManager: Loaded 0 collections in 0.001744 seconds
[2018.12.15-22.31.52:840][  0]LogFileCache: Scanning file cache for directory 'D:/Projet-Unreal/Wukongpointpng/Saved/Collections/' took 0.01s
[2018.12.15-22.31.52:840][  0]LogFileCache: Scanning file cache for directory 'D:/Projet-Unreal/Wukongpointpng/Content/Developers/Tom/Collections/' took 0.01s
[2018.12.15-22.31.52:840][  0]LogFileCache: Scanning file cache for directory 'D:/Projet-Unreal/Wukongpointpng/Content/Collections/' took 0.01s
[2018.12.15-22.31.52:840][  0]LogCollectionManager: Rebuilt the GUID cache for 0 collections in 0.000001 seconds
[2018.12.15-22.31.52:849][  0]LogContentBrowser: Native class hierarchy populated in 0.0092 seconds. Added 2572 classes and 603 folders.
[2018.12.15-22.31.52:856][  0]LogContentBrowser: Native class hierarchy updated for 'WidgetCarousel' in 0.0002 seconds. Added 0 classes and 0 folders.
[2018.12.15-22.31.52:928][  0]LogContentBrowser: Native class hierarchy updated for 'AddContentDialog' in 0.0002 seconds. Added 0 classes and 0 folders.
[2018.12.15-22.31.52:932][  0]LogContentBrowser: Native class hierarchy updated for 'SceneOutliner' in 0.0002 seconds. Added 1 classes and 2 folders.
[2018.12.15-22.31.52:998][  0]LogSlate: Took 0.000314 seconds to synchronously load lazily loaded font '../../../Engine/Content/Slate/Fonts/Roboto-Regular.ttf' (155K)
[2018.12.15-22.31.53:001][  0]LogSlate: Took 0.000328 seconds to synchronously load lazily loaded font '../../../Engine/Content/Slate/Fonts/Roboto-Bold.ttf' (160K)
[2018.12.15-22.31.53:007][  0]LogSlate: Took 0.000238 seconds to synchronously load lazily loaded font '../../../Engine/Content/Editor/Slate/Fonts/FontAwesome.ttf' (139K)
[2018.12.15-22.31.53:096][  0]LogRenderer: Reallocating scene render targets to support 1148x504 Format 10 NumSamples 1 (Frame:1).
[2018.12.15-22.31.53:251][  0]LogContentBrowser: Native class hierarchy updated for 'HierarchicalLODOutliner' in 0.0002 seconds. Added 0 classes and 0 folders.
[2018.12.15-22.31.53:251][  0]LogLoad: (Engine Initialization) Total time: 10.31 seconds
[2018.12.15-22.31.53:251][  0]LogLoad: (Engine Initialization) Total Blueprint compile time: 0.00 seconds
[2018.12.15-22.31.53:296][  0]LogContentStreaming: Texture pool size now 1000 MB
[2018.12.15-22.31.53:312][  0]LogSlate: Took 0.000249 seconds to synchronously load lazily loaded font '../../../Engine/Content/Slate/Fonts/Roboto-Light.ttf' (167K)
[2018.12.15-22.31.53:334][  1]LogAssetRegistry: Asset discovery search completed in 5.9557 seconds
[2018.12.15-22.31.53:335][  1]LogCollectionManager: Rebuilt the object cache for 0 collections in 0.000000 seconds (found 0 objects)
[2018.12.15-22.31.53:335][  1]LogCollectionManager: Fixed up redirectors for 0 collections in 0.000046 seconds (updated 0 objects)
[2018.12.15-22.31.54:676][  5]LogSlate: Took 0.000248 seconds to synchronously load lazily loaded font '../../../Engine/Content/Slate/Fonts/Roboto-Light.ttf' (167K)
[2018.12.15-22.32.02:339][197]LogSlate: FSceneViewport::OnFocusLost() reason 0
[2018.12.15-22.32.02:640][212]LogAIModule: Creating AISystem for world LD_01
[2018.12.15-22.32.02:659][212]LogAssetEditorManager: Opening Asset editor for World /Game/SideScrollerBP/Maps/LD_01.LD_01
[2018.12.15-22.32.02:683][212]Cmd: MAP LOAD FILE="../../../../Projet-Unreal/Wukongpointpng/Content/SideScrollerBP/Maps/LD_01.umap" TEMPLATE=0 SHOWPROGRESS=1 FEATURELEVEL=3
[2018.12.15-22.32.02:684][212]LightingResults: New page: Lighting Build
[2018.12.15-22.32.02:684][212]LoadErrors: New page: Loading map: LD_01.umap
[2018.12.15-22.32.02:685][212]MapCheck: New page: Map Check
[2018.12.15-22.32.02:685][212]LightingResults: New page: Lighting Build
[2018.12.15-22.32.02:775][212]LogEditorServer: Finished looking for orphan Actors (0.000 secs)
[2018.12.15-22.32.02:813][212]Cmd: MAP CHECKDEP NOCLEARLOG
[2018.12.15-22.32.02:884][212]MapCheck: Map check complete: 0 Error(s), 0 Warning(s), took 70,642ms to complete.
[2018.12.15-22.32.02:886][212]LogFileHelpers: Loading map 'LD_01' took 0.203
[2018.12.15-22.32.09:627][606]LogAssetEditorManager: Opening Asset editor for LevelScriptBlueprint /Game/SideScrollerBP/Maps/LD_01.LD_01:PersistentLevel.LD_01
[2018.12.15-22.32.10:095][606]LogContentBrowser: Native class hierarchy updated for 'BlueprintGraph' in 0.0006 seconds. Added 116 classes and 0 folders.
[2018.12.15-22.32.10:821][606]LogSlate: Took 0.000332 seconds to synchronously load lazily loaded font '../../../Engine/Content/Slate/Fonts/Roboto-BoldCondensed.ttf' (158K)
[2018.12.15-22.32.24:412][418]BlueprintLog: New page: Compile LD_01
[2018.12.15-22.32.24:977][436]Cmd: OBJ SAVEPACKAGE PACKAGE="/Game/SideScrollerBP/Maps/LD_01" FILE="../../../../Projet-Unreal/Wukongpointpng/Content/SideScrollerBP/Maps/LD_01.umap" SILENT=true AUTOSAVING=false KEEPDIRTY=false
[2018.12.15-22.32.25:182][436]LogSavePackage: Moving '../../../../Projet-Unreal/Wukongpointpng/Saved/LD_01B76622A34BF10CE18635C78135C14F24.tmp' to '../../../../Projet-Unreal/Wukongpointpng/Content/SideScrollerBP/Maps/LD_01.umap'
[2018.12.15-22.32.25:202][436]LogFileHelpers: Saving map 'LD_01' took 0.305
[2018.12.15-22.32.25:597][459]LogTemp: Repeating last play command: New Editor Window (PIE)
[2018.12.15-22.32.25:608][459]LogBlueprintUserMessages: Early PlayInEditor Detection: Level '/Game/SideScrollerBP/Maps/LD_01.LD_01:PersistentLevel' has LevelScriptBlueprint '/Game/SideScrollerBP/Maps/LD_01.LD_01:PersistentLevel.LD_01' with GeneratedClass '/Game/SideScrollerBP/Maps/LD_01.LD_01_C' with ClassGeneratedBy '/Game/SideScrollerBP/Maps/LD_01.LD_01:PersistentLevel.LD_01'
[2018.12.15-22.32.25:608][459]LogPlayLevel: PlayLevel: No blueprints needed recompiling
[2018.12.15-22.32.25:620][459]PIE: New page: PIE session: LD_01 (16 déc. 2018 00:32:25)
[2018.12.15-22.32.25:620][459]LogPlayLevel: Creating play world package: /Game/SideScrollerBP/Maps/UEDPIE_0_LD_01
[2018.12.15-22.32.25:634][459]LogPlayLevel: PIE: StaticDuplicateObject took: (0.013404s)
[2018.12.15-22.32.25:635][459]LogAIModule: Creating AISystem for world LD_01
[2018.12.15-22.32.25:636][459]LogPlayLevel: PIE: World Init took: (0.001627s)
[2018.12.15-22.32.25:636][459]LogPlayLevel: PIE: Created PIE world by copying editor world from /Game/SideScrollerBP/Maps/LD_01.LD_01 to /Game/SideScrollerBP/Maps/UEDPIE_0_LD_01.LD_01 (0.015242s)
[2018.12.15-22.32.25:676][459]LogInit: XAudio2 using 'Speakers (Realtek High Definition Audio)' : 2 channels at 48 kHz using 32 bits per sample (channel mask 0x3)
[2018.12.15-22.32.25:741][459]LogInit: FAudioDevice initialized.
[2018.12.15-22.32.25:751][459]LogSlate: Updating window title bar state: overlay mode, drag disabled, window buttons hidden, title bar hidden
[2018.12.15-22.32.25:797][459]LogLoad: Game class is 'SideScrollerGameMode_C'
[2018.12.15-22.32.25:801][459]LogWorld: Bringing World /Game/SideScrollerBP/Maps/UEDPIE_0_LD_01.LD_01 up for play (max tick rate 60) at 2018.12.15-23.32.25
[2018.12.15-22.32.25:801][459]LogWorld: Bringing up level for play took: 0.002703
[2018.12.15-22.32.25:818][459]LogContentBrowser: Native class hierarchy updated for 'MovieSceneCapture' in 0.0003 seconds. Added 10 classes and 0 folders.
[2018.12.15-22.32.25:820][459]PIE: Play in editor start time for /Game/SideScrollerBP/Maps/UEDPIE_0_LD_01 0,161
[2018.12.15-22.32.25:820][459]LogBlueprintUserMessages: Late PlayInEditor Detection: Level '/Game/SideScrollerBP/Maps/LD_01.LD_01:PersistentLevel' has LevelScriptBlueprint '/Game/SideScrollerBP/Maps/LD_01.LD_01:PersistentLevel.LD_01' with GeneratedClass '/Game/SideScrollerBP/Maps/LD_01.LD_01_C' with ClassGeneratedBy '/Game/SideScrollerBP/Maps/LD_01.LD_01:PersistentLevel.LD_01'
[2018.12.15-22.32.25:850][459]LogRenderer: Reallocating scene render targets to support 1292x756 Format 10 NumSamples 1 (Frame:1).
[2018.12.15-22.32.27:974][584]LogSlate: FSceneViewport::OnFocusLost() reason 0
[2018.12.15-22.32.28:033][587]LogSlate: Window 'Wukongpointpng Game Preview Standalone (64-bit/PCD3D_SM5)' being destroyed
[2018.12.15-22.32.28:042][587]LogBlueprintUserMessages: Early EndPlayMap Detection: Level '/Game/SideScrollerBP/Maps/LD_01.LD_01:PersistentLevel' has LevelScriptBlueprint '/Game/SideScrollerBP/Maps/LD_01.LD_01:PersistentLevel.LD_01' with GeneratedClass '/Game/SideScrollerBP/Maps/LD_01.LD_01_C' with ClassGeneratedBy '/Game/SideScrollerBP/Maps/LD_01.LD_01:PersistentLevel.LD_01'
[2018.12.15-22.32.28:077][587]LogPlayLevel: Display: Shutting down PIE online subsystems
[2018.12.15-22.32.28:077][587]LogBlueprintUserMessages: Late EndPlayMap Detection: Level '/Game/SideScrollerBP/Maps/LD_01.LD_01:PersistentLevel' has LevelScriptBlueprint '/Game/SideScrollerBP/Maps/LD_01.LD_01:PersistentLevel.LD_01' with GeneratedClass '/Game/SideScrollerBP/Maps/LD_01.LD_01_C' with ClassGeneratedBy '/Game/SideScrollerBP/Maps/LD_01.LD_01:PersistentLevel.LD_01'
[2018.12.15-22.32.28:130][588]LogPlayLevel: Display: Destroying online subsystem :Context_4
[2018.12.15-22.32.30:431][726]BlueprintLog: New page: Compile LD_01
[2018.12.15-22.32.30:935][742]Cmd: OBJ SAVEPACKAGE PACKAGE="/Game/SideScrollerBP/Maps/LD_01" FILE="../../../../Projet-Unreal/Wukongpointpng/Content/SideScrollerBP/Maps/LD_01.umap" SILENT=true AUTOSAVING=false KEEPDIRTY=false
[2018.12.15-22.32.31:180][742]LogSavePackage: Moving '../../../../Projet-Unreal/Wukongpointpng/Saved/LD_01BD3FE5D246E20D4E3F15CAAEBD8A8CFC.tmp' to '../../../../Projet-Unreal/Wukongpointpng/Content/SideScrollerBP/Maps/LD_01.umap'
[2018.12.15-22.32.31:201][742]LogFileHelpers: Saving map 'LD_01' took 0.344
[2018.12.15-22.32.46:707][612]LogSlate: Only BGRA pngs, bmps or icos are supported in by External Image Picker
[2018.12.15-22.32.46:797][613]LogTemp: Executing iPhonePackager certificates Engine -bundlename com.YourCompany.Wukongpointpng
[2018.12.15-22.32.46:797][613]LogTemp: CWD: D:\UE_4.20\Engine\Binaries\DotNET\IOS
[2018.12.15-22.32.46:797][613]LogTemp: Initial Dir: D:\UE_4.20
[2018.12.15-22.32.46:797][613]LogTemp: Env CWD: D:\UE_4.20\Engine\Binaries\DotNET\IOS
[2018.12.15-22.32.46:805][613]LogTemp: BranchPath = DESKTOP-22TEGNE/D/UE_4.20/Engine/Binaries --- GameBranchPath = DESKTOP-22TEGNE/D/UE_4.20/Engine/Binaries
[2018.12.15-22.32.46:825][613]LogTemp: IPP ERROR: Could not find provision directory 'C:\Users\Tom\AppData\Local/Apple Computer/MobileDevice/Provisioning Profiles/'.
[2018.12.15-22.33.22:798][765]LogSlate: Window 'Project Settings' being destroyed
[2018.12.15-22.33.29:345][154]LogAssetEditorManager: Opening Asset editor for WidgetBlueprint /Game/SideScrollerBP/PauseMenu.PauseMenu
[2018.12.15-22.33.34:367][435]LogAssetEditorManager: Opening Asset editor for Blueprint /Game/SideScrollerBP/Blueprints/SideScrollerCharacter.SideScrollerCharacter
[2018.12.15-22.33.34:808][436]LogSlate: Took 0.000309 seconds to synchronously load lazily loaded font '../../../Engine/Content/Slate/Fonts/Roboto-Italic.ttf' (157K)
[2018.12.15-22.33.41:218][820]LogTemp: Repeating last play command: New Editor Window (PIE)
[2018.12.15-22.33.41:232][820]LogBlueprintUserMessages: Early PlayInEditor Detection: Level '/Game/SideScrollerBP/Maps/LD_01.LD_01:PersistentLevel' has LevelScriptBlueprint '/Game/SideScrollerBP/Maps/LD_01.LD_01:PersistentLevel.LD_01' with GeneratedClass '/Game/SideScrollerBP/Maps/LD_01.LD_01_C' with ClassGeneratedBy '/Game/SideScrollerBP/Maps/LD_01.LD_01:PersistentLevel.LD_01'
[2018.12.15-22.33.41:232][820]LogPlayLevel: PlayLevel: No blueprints needed recompiling
[2018.12.15-22.33.41:232][820]PIE: New page: PIE session: LD_01 (16 déc. 2018 00:33:41)
[2018.12.15-22.33.41:232][820]LogPlayLevel: Creating play world package: /Game/SideScrollerBP/Maps/UEDPIE_0_LD_01
[2018.12.15-22.33.41:245][820]LogPlayLevel: PIE: StaticDuplicateObject took: (0.012766s)
[2018.12.15-22.33.41:246][820]LogAIModule: Creating AISystem for world LD_01
[2018.12.15-22.33.41:246][820]LogPlayLevel: PIE: World Init took: (0.001276s)
[2018.12.15-22.33.41:246][820]LogPlayLevel: PIE: Created PIE world by copying editor world from /Game/SideScrollerBP/Maps/LD_01.LD_01 to /Game/SideScrollerBP/Maps/UEDPIE_0_LD_01.LD_01 (0.014275s)
[2018.12.15-22.33.41:284][820]LogInit: XAudio2 using 'Speakers (Realtek High Definition Audio)' : 2 channels at 48 kHz using 32 bits per sample (channel mask 0x3)
[2018.12.15-22.33.41:349][820]LogInit: FAudioDevice initialized.
[2018.12.15-22.33.41:359][820]LogSlate: Updating window title bar state: overlay mode, drag disabled, window buttons hidden, title bar hidden
[2018.12.15-22.33.41:394][820]LogLoad: Game class is 'SideScrollerGameMode_C'
[2018.12.15-22.33.41:398][820]LogWorld: Bringing World /Game/SideScrollerBP/Maps/UEDPIE_0_LD_01.LD_01 up for play (max tick rate 60) at 2018.12.15-23.33.41
[2018.12.15-22.33.41:399][820]LogWorld: Bringing up level for play took: 0.003272
[2018.12.15-22.33.41:414][820]PIE: Play in editor start time for /Game/SideScrollerBP/Maps/UEDPIE_0_LD_01 -0,245
[2018.12.15-22.33.41:414][820]LogBlueprintUserMessages: Late PlayInEditor Detection: Level '/Game/SideScrollerBP/Maps/LD_01.LD_01:PersistentLevel' has LevelScriptBlueprint '/Game/SideScrollerBP/Maps/LD_01.LD_01:PersistentLevel.LD_01' with GeneratedClass '/Game/SideScrollerBP/Maps/LD_01.LD_01_C' with ClassGeneratedBy '/Game/SideScrollerBP/Maps/LD_01.LD_01:PersistentLevel.LD_01'
[2018.12.15-22.33.43:115][919]LogSlate: FSceneViewport::OnFocusLost() reason 2
[2018.12.15-22.33.44:928][ 28]LogNet: Browse: /Game/SideScrollerBP/Maps/MainMenu
[2018.12.15-22.33.44:928][ 28]LogLoad: LoadMap: /Game/SideScrollerBP/Maps/MainMenu
[2018.12.15-22.33.45:339][ 28]LogAIModule: Creating AISystem for world MainMenu
[2018.12.15-22.33.45:340][ 28]LogLoad: Game class is 'SideScrollerGameMode_C'
[2018.12.15-22.33.45:341][ 28]LogWorld: Bringing World /Game/SideScrollerBP/Maps/UEDPIE_0_MainMenu.MainMenu up for play (max tick rate 60) at 2018.12.15-23.33.45
[2018.12.15-22.33.45:342][ 28]LogWorld: Bringing up level for play took: 0.000755
[2018.12.15-22.33.45:342][ 28]LogGameMode: FindPlayerStart: PATHS NOT DEFINED or NO PLAYERSTART with positive rating
[2018.12.15-22.33.45:344][ 28]LogLoad: Took 0.416662 seconds to LoadMap(/Game/SideScrollerBP/Maps/MainMenu)
[2018.12.15-22.33.45:944][ 64]LogNet: Browse: /Game/SideScrollerBP/Maps/LD_01
[2018.12.15-22.33.45:944][ 64]LogLoad: LoadMap: /Game/SideScrollerBP/Maps/LD_01
[2018.12.15-22.33.45:974][ 64]LogPlayLevel: Creating play world package: /Game/SideScrollerBP/Maps/UEDPIE_0_LD_01
[2018.12.15-22.33.45:987][ 64]LogPlayLevel: PIE: StaticDuplicateObject took: (0.013119s)
[2018.12.15-22.33.45:987][ 64]LogAIModule: Creating AISystem for world LD_01
[2018.12.15-22.33.45:988][ 64]LogPlayLevel: PIE: World Init took: (0.001067s)
[2018.12.15-22.33.45:988][ 64]LogPlayLevel: PIE: Created PIE world by copying editor world from /Game/SideScrollerBP/Maps/LD_01.LD_01 to /Game/SideScrollerBP/Maps/UEDPIE_0_LD_01.LD_01 (0.014464s)
[2018.12.15-22.33.45:988][ 64]LogLoad: Game class is 'SideScrollerGameMode_C'
[2018.12.15-22.33.46:001][ 64]LogWorld: Bringing World /Game/SideScrollerBP/Maps/UEDPIE_0_LD_01.LD_01 up for play (max tick rate 60) at 2018.12.15-23.33.46
[2018.12.15-22.33.46:002][ 64]LogWorld: Bringing up level for play took: 0.011817
[2018.12.15-22.33.46:002][ 64]LogLoad: Took 0.058958 seconds to LoadMap(/Game/SideScrollerBP/Maps/UEDPIE_0_LD_01)
[2018.12.15-22.33.46:320][ 83]LogSlate: FSceneViewport::OnFocusLost() reason 2
[2018.12.15-22.33.48:424][200]LogPackageName: SearchForPackageOnDisk took   0.159s, but failed to resolve None.umap.
[2018.12.15-22.33.48:573][200]LogPackageName: SearchForPackageOnDisk took   0.148s, but failed to resolve None.umap.
[2018.12.15-22.33.48:573][200]LogNet: Browse: /Game/SideScrollerBP/Maps/SideScrollerExampleMap
[2018.12.15-22.33.48:573][200]LogNet: Warning: Travel Failure: [InvalidURL]: Invalid URL: /Game/SideScrollerBP/Maps/SideScrollerExampleMap
[2018.12.15-22.33.48:573][200]LogNet: Warning: TravelFailure: InvalidURL, Reason for Failure: 'Invalid URL: /Game/SideScrollerBP/Maps/SideScrollerExampleMap'. Shutting down PIE.
[2018.12.15-22.33.48:573][200]PIE: Warning: TravelFailure: InvalidURL, Reason for Failure: 'Invalid URL: /Game/SideScrollerBP/Maps/SideScrollerExampleMap'. Shutting down PIE.
[2018.12.15-22.33.48:574][200]LogNet: Warning: Travel Failure: [ClientTravelFailure]: Invalid URL: /Game/SideScrollerBP/Maps/SideScrollerExampleMap
[2018.12.15-22.33.48:574][200]LogNet: Warning: TravelFailure: ClientTravelFailure, Reason for Failure: 'Invalid URL: /Game/SideScrollerBP/Maps/SideScrollerExampleMap'. Shutting down PIE.
[2018.12.15-22.33.48:574][200]PIE: Warning: TravelFailure: ClientTravelFailure, Reason for Failure: 'Invalid URL: /Game/SideScrollerBP/Maps/SideScrollerExampleMap'. Shutting down PIE.
[2018.12.15-22.33.48:574][200]LogBlueprintUserMessages: Early EndPlayMap Detection: Level '/Game/SideScrollerBP/Maps/LD_01.LD_01:PersistentLevel' has LevelScriptBlueprint '/Game/SideScrollerBP/Maps/LD_01.LD_01:PersistentLevel.LD_01' with GeneratedClass '/Game/SideScrollerBP/Maps/LD_01.LD_01_C' with ClassGeneratedBy '/Game/SideScrollerBP/Maps/LD_01.LD_01:PersistentLevel.LD_01'
[2018.12.15-22.33.48:575][200]LogSlate: Updating window title bar state: overlay mode, drag disabled, window buttons hidden, title bar hidden
[2018.12.15-22.33.48:589][200]LogSlate: Window 'Wukongpointpng Game Preview Standalone (64-bit/PCD3D_SM5)' being destroyed
[2018.12.15-22.33.48:624][200]LogPlayLevel: Display: Shutting down PIE online subsystems
[2018.12.15-22.33.48:624][200]LogBlueprintUserMessages: Late EndPlayMap Detection: Level '/Game/SideScrollerBP/Maps/LD_01.LD_01:PersistentLevel' has LevelScriptBlueprint '/Game/SideScrollerBP/Maps/LD_01.LD_01:PersistentLevel.LD_01' with GeneratedClass '/Game/SideScrollerBP/Maps/LD_01.LD_01_C' with ClassGeneratedBy '/Game/SideScrollerBP/Maps/LD_01.LD_01:PersistentLevel.LD_01'
[2018.12.15-22.33.48:682][201]LogPlayLevel: Display: Destroying online subsystem :Context_9
[2018.12.15-22.34.10:228][488]LogSlate: Took 0.052461 seconds to synchronously load lazily loaded font '../../../Engine/Content/Slate/Fonts/DroidSansFallback.ttf' (3848K)
[2018.12.15-22.34.17:977][953]BlueprintLog: New page: Compile PauseMenu
[2018.12.15-22.34.18:364][967]Cmd: OBJ SAVEPACKAGE PACKAGE="/Game/SideScrollerBP/PauseMenu" FILE="../../../../Projet-Unreal/Wukongpointpng/Content/SideScrollerBP/PauseMenu.uasset" SILENT=true
[2018.12.15-22.34.18:395][967]LogSavePackage: Moving '../../../../Projet-Unreal/Wukongpointpng/Saved/PauseMenuE547582B4778ED1D7D576BA92DF69068.tmp' to '../../../../Projet-Unreal/Wukongpointpng/Content/SideScrollerBP/PauseMenu.uasset'
[2018.12.15-22.34.52:119][969]BlueprintLog: New page: Compile SideScrollerCharacter
[2018.12.15-22.34.52:689][975]LogSavePackage: Moving '../../../../Projet-Unreal/Wukongpointpng/Saved/SideScrollerCharacterD31902794AEBCA2F1F6451B54F18813B.tmp' to '../../../../Projet-Unreal/Wukongpointpng/Content/SideScrollerBP/Blueprints/SideScrollerCharacter.uasset'
[2018.12.15-22.34.53:185][  2]LogTemp: Repeating last play command: New Editor Window (PIE)
[2018.12.15-22.34.53:206][  2]LogBlueprintUserMessages: Early PlayInEditor Detection: Level '/Game/SideScrollerBP/Maps/LD_01.LD_01:PersistentLevel' has LevelScriptBlueprint '/Game/SideScrollerBP/Maps/LD_01.LD_01:PersistentLevel.LD_01' with GeneratedClass '/Game/SideScrollerBP/Maps/LD_01.LD_01_C' with ClassGeneratedBy '/Game/SideScrollerBP/Maps/LD_01.LD_01:PersistentLevel.LD_01'
[2018.12.15-22.34.53:206][  2]LogPlayLevel: PlayLevel: No blueprints needed recompiling
[2018.12.15-22.34.53:206][  2]PIE: New page: PIE session: LD_01 (16 déc. 2018 00:34:53)
[2018.12.15-22.34.53:206][  2]LogPlayLevel: Creating play world package: /Game/SideScrollerBP/Maps/UEDPIE_0_LD_01
[2018.12.15-22.34.53:219][  2]LogPlayLevel: PIE: StaticDuplicateObject took: (0.013031s)
[2018.12.15-22.34.53:220][  2]LogAIModule: Creating AISystem for world LD_01
[2018.12.15-22.34.53:220][  2]LogPlayLevel: PIE: World Init took: (0.001144s)
[2018.12.15-22.34.53:220][  2]LogPlayLevel: PIE: Created PIE world by copying editor world from /Game/SideScrollerBP/Maps/LD_01.LD_01 to /Game/SideScrollerBP/Maps/UEDPIE_0_LD_01.LD_01 (0.014385s)
[2018.12.15-22.34.53:261][  2]LogInit: XAudio2 using 'Speakers (Realtek High Definition Audio)' : 2 channels at 48 kHz using 32 bits per sample (channel mask 0x3)
[2018.12.15-22.34.53:323][  2]LogInit: FAudioDevice initialized.
[2018.12.15-22.34.53:332][  2]LogSlate: Updating window title bar state: overlay mode, drag disabled, window buttons hidden, title bar hidden
[2018.12.15-22.34.53:367][  2]LogLoad: Game class is 'SideScrollerGameMode_C'
[2018.12.15-22.34.53:370][  2]LogWorld: Bringing World /Game/SideScrollerBP/Maps/UEDPIE_0_LD_01.LD_01 up for play (max tick rate 60) at 2018.12.15-23.34.53
[2018.12.15-22.34.53:371][  2]LogWorld: Bringing up level for play took: 0.002467
[2018.12.15-22.34.53:385][  2]PIE: Play in editor start time for /Game/SideScrollerBP/Maps/UEDPIE_0_LD_01 -0,274
[2018.12.15-22.34.53:386][  2]LogBlueprintUserMessages: Late PlayInEditor Detection: Level '/Game/SideScrollerBP/Maps/LD_01.LD_01:PersistentLevel' has LevelScriptBlueprint '/Game/SideScrollerBP/Maps/LD_01.LD_01:PersistentLevel.LD_01' with GeneratedClass '/Game/SideScrollerBP/Maps/LD_01.LD_01_C' with ClassGeneratedBy '/Game/SideScrollerBP/Maps/LD_01.LD_01:PersistentLevel.LD_01'
[2018.12.15-22.34.54:609][ 67]LogSlate: FSceneViewport::OnFocusLost() reason 2
[2018.12.15-22.34.56:136][159]LogSlate: Updating window title bar state: overlay mode, drag disabled, window buttons hidden, title bar hidden
[2018.12.15-22.34.56:521][182]LogScript: Warning: Accessed None trying to read property CallFunc_Create_ReturnValue
	SideScrollerCharacter_C /Game/SideScrollerBP/Maps/UEDPIE_0_LD_01.LD_01:PersistentLevel.SideScrollerCharacter_78
	Function /Game/SideScrollerBP/Blueprints/SideScrollerCharacter.SideScrollerCharacter_C:PauseGame:0105
[2018.12.15-22.34.56:522][182]PIE: Error: Blueprint Runtime Error: "Accessed None trying to read property CallFunc_Create_ReturnValue". Blueprint:  SideScrollerCharacter Function:  Pause Game Graph:  PauseGame Node:  Set Input Mode UI Only
[2018.12.15-22.34.56:522][182]LogScript: Warning: Accessed None
	SideScrollerCharacter_C /Game/SideScrollerBP/Maps/UEDPIE_0_LD_01.LD_01:PersistentLevel.SideScrollerCharacter_78
	Function /Game/SideScrollerBP/Blueprints/SideScrollerCharacter.SideScrollerCharacter_C:PauseGame:011A
[2018.12.15-22.34.56:522][182]PIE: Error: Blueprint Runtime Error: "Accessed None". Blueprint:  SideScrollerCharacter Function:  Pause Game Graph:  PauseGame Node:  Set Input Mode UI Only
[2018.12.15-22.34.59:838][381]LogSlate: FSceneViewport::OnFocusLost() reason 0
[2018.12.15-22.34.59:904][385]LogSlate: Updating window title bar state: overlay mode, drag disabled, window buttons hidden, title bar hidden
[2018.12.15-22.35.01:889][504]LogBlueprintUserMessages: Early EndPlayMap Detection: Level '/Game/SideScrollerBP/Maps/LD_01.LD_01:PersistentLevel' has LevelScriptBlueprint '/Game/SideScrollerBP/Maps/LD_01.LD_01:PersistentLevel.LD_01' with GeneratedClass '/Game/SideScrollerBP/Maps/LD_01.LD_01_C' with ClassGeneratedBy '/Game/SideScrollerBP/Maps/LD_01.LD_01:PersistentLevel.LD_01'
[2018.12.15-22.35.01:889][504]LogSlate: Updating window title bar state: overlay mode, drag disabled, window buttons hidden, title bar hidden
[2018.12.15-22.35.01:902][504]LogSlate: Window 'Wukongpointpng Game Preview Standalone (64-bit/PCD3D_SM5)' being destroyed
[2018.12.15-22.35.01:941][504]LogPlayLevel: Display: Shutting down PIE online subsystems
[2018.12.15-22.35.01:942][504]LogBlueprintUserMessages: Late EndPlayMap Detection: Level '/Game/SideScrollerBP/Maps/LD_01.LD_01:PersistentLevel' has LevelScriptBlueprint '/Game/SideScrollerBP/Maps/LD_01.LD_01:PersistentLevel.LD_01' with GeneratedClass '/Game/SideScrollerBP/Maps/LD_01.LD_01_C' with ClassGeneratedBy '/Game/SideScrollerBP/Maps/LD_01.LD_01:PersistentLevel.LD_01'
[2018.12.15-22.35.02:069][505]LogPlayLevel: Display: Destroying online subsystem :Context_10
[2018.12.15-22.35.05:005][676]BlueprintLog: New page: Compile SideScrollerCharacter
[2018.12.15-22.35.05:778][696]LogSavePackage: Moving '../../../../Projet-Unreal/Wukongpointpng/Saved/SideScrollerCharacter223C24964BB851AAF886F199AB95A3DA.tmp' to '../../../../Projet-Unreal/Wukongpointpng/Content/SideScrollerBP/Blueprints/SideScrollerCharacter.uasset'
[2018.12.15-22.35.06:631][744]LogTemp: Repeating last play command: New Editor Window (PIE)
[2018.12.15-22.35.06:647][744]LogBlueprintUserMessages: Early PlayInEditor Detection: Level '/Game/SideScrollerBP/Maps/LD_01.LD_01:PersistentLevel' has LevelScriptBlueprint '/Game/SideScrollerBP/Maps/LD_01.LD_01:PersistentLevel.LD_01' with GeneratedClass '/Game/SideScrollerBP/Maps/LD_01.LD_01_C' with ClassGeneratedBy '/Game/SideScrollerBP/Maps/LD_01.LD_01:PersistentLevel.LD_01'
[2018.12.15-22.35.06:647][744]LogPlayLevel: PlayLevel: No blueprints needed recompiling
[2018.12.15-22.35.06:647][744]PIE: New page: PIE session: LD_01 (16 déc. 2018 00:35:06)
[2018.12.15-22.35.06:647][744]LogPlayLevel: Creating play world package: /Game/SideScrollerBP/Maps/UEDPIE_0_LD_01
[2018.12.15-22.35.06:658][744]LogPlayLevel: PIE: StaticDuplicateObject took: (0.010823s)
[2018.12.15-22.35.06:659][744]LogAIModule: Creating AISystem for world LD_01
[2018.12.15-22.35.06:660][744]LogPlayLevel: PIE: World Init took: (0.001513s)
[2018.12.15-22.35.06:660][744]LogPlayLevel: PIE: Created PIE world by copying editor world from /Game/SideScrollerBP/Maps/LD_01.LD_01 to /Game/SideScrollerBP/Maps/UEDPIE_0_LD_01.LD_01 (0.012563s)
[2018.12.15-22.35.06:700][744]LogInit: XAudio2 using 'Speakers (Realtek High Definition Audio)' : 2 channels at 48 kHz using 32 bits per sample (channel mask 0x3)
[2018.12.15-22.35.06:763][744]LogInit: FAudioDevice initialized.
[2018.12.15-22.35.06:773][744]LogSlate: Updating window title bar state: overlay mode, drag disabled, window buttons hidden, title bar hidden
[2018.12.15-22.35.06:808][744]LogLoad: Game class is 'SideScrollerGameMode_C'
[2018.12.15-22.35.06:811][744]LogWorld: Bringing World /Game/SideScrollerBP/Maps/UEDPIE_0_LD_01.LD_01 up for play (max tick rate 60) at 2018.12.15-23.35.06
[2018.12.15-22.35.06:812][744]LogWorld: Bringing up level for play took: 0.002716
[2018.12.15-22.35.06:826][744]PIE: Play in editor start time for /Game/SideScrollerBP/Maps/UEDPIE_0_LD_01 1,167
[2018.12.15-22.35.06:827][744]LogBlueprintUserMessages: Late PlayInEditor Detection: Level '/Game/SideScrollerBP/Maps/LD_01.LD_01:PersistentLevel' has LevelScriptBlueprint '/Game/SideScrollerBP/Maps/LD_01.LD_01:PersistentLevel.LD_01' with GeneratedClass '/Game/SideScrollerBP/Maps/LD_01.LD_01_C' with ClassGeneratedBy '/Game/SideScrollerBP/Maps/LD_01.LD_01:PersistentLevel.LD_01'
[2018.12.15-22.35.08:267][822]LogSlate: FSceneViewport::OnFocusLost() reason 2
[2018.12.15-22.35.09:896][920]LogSlate: Updating window title bar state: overlay mode, drag disabled, window buttons hidden, title bar hidden
[2018.12.15-22.35.10:963][984]LogScript: Warning: Accessed None trying to read property CallFunc_Create_ReturnValue
	SideScrollerCharacter_C /Game/SideScrollerBP/Maps/UEDPIE_0_LD_01.LD_01:PersistentLevel.SideScrollerCharacter_78
	Function /Game/SideScrollerBP/Blueprints/SideScrollerCharacter.SideScrollerCharacter_C:PauseGame:0105
[2018.12.15-22.35.10:963][984]PIE: Error: Blueprint Runtime Error: "Accessed None trying to read property CallFunc_Create_ReturnValue". Blueprint:  SideScrollerCharacter Function:  Pause Game Graph:  PauseGame Node:  Set Input Mode UI Only
[2018.12.15-22.35.10:963][984]LogScript: Warning: Accessed None
	SideScrollerCharacter_C /Game/SideScrollerBP/Maps/UEDPIE_0_LD_01.LD_01:PersistentLevel.SideScrollerCharacter_78
	Function /Game/SideScrollerBP/Blueprints/SideScrollerCharacter.SideScrollerCharacter_C:PauseGame:011A
[2018.12.15-22.35.10:963][984]PIE: Error: Blueprint Runtime Error: "Accessed None". Blueprint:  SideScrollerCharacter Function:  Pause Game Graph:  PauseGame Node:  Set Input Mode UI Only
[2018.12.15-22.35.12:846][ 97]LogSlate: FSceneViewport::OnFocusLost() reason 0
[2018.12.15-22.35.12:929][102]LogSlate: Updating window title bar state: overlay mode, drag disabled, window buttons hidden, title bar hidden
[2018.12.15-22.35.14:230][180]LogBlueprintUserMessages: Early EndPlayMap Detection: Level '/Game/SideScrollerBP/Maps/LD_01.LD_01:PersistentLevel' has LevelScriptBlueprint '/Game/SideScrollerBP/Maps/LD_01.LD_01:PersistentLevel.LD_01' with GeneratedClass '/Game/SideScrollerBP/Maps/LD_01.LD_01_C' with ClassGeneratedBy '/Game/SideScrollerBP/Maps/LD_01.LD_01:PersistentLevel.LD_01'
[2018.12.15-22.35.14:231][180]LogSlate: Updating window title bar state: overlay mode, drag disabled, window buttons hidden, title bar hidden
[2018.12.15-22.35.14:244][180]LogSlate: Window 'Wukongpointpng Game Preview Standalone (64-bit/PCD3D_SM5)' being destroyed
[2018.12.15-22.35.14:289][180]LogPlayLevel: Display: Shutting down PIE online subsystems
[2018.12.15-22.35.14:289][180]LogBlueprintUserMessages: Late EndPlayMap Detection: Level '/Game/SideScrollerBP/Maps/LD_01.LD_01:PersistentLevel' has LevelScriptBlueprint '/Game/SideScrollerBP/Maps/LD_01.LD_01:PersistentLevel.LD_01' with GeneratedClass '/Game/SideScrollerBP/Maps/LD_01.LD_01_C' with ClassGeneratedBy '/Game/SideScrollerBP/Maps/LD_01.LD_01:PersistentLevel.LD_01'
[2018.12.15-22.35.14:422][181]LogPlayLevel: Display: Destroying online subsystem :Context_11
[2018.12.15-22.35.16:690][314]BlueprintLog: New page: Compile SideScrollerCharacter
[2018.12.15-22.35.17:350][327]LogSavePackage: Moving '../../../../Projet-Unreal/Wukongpointpng/Saved/SideScrollerCharacterD3E0879749E5BC9342D3DC90A5F1EBC4.tmp' to '../../../../Projet-Unreal/Wukongpointpng/Content/SideScrollerBP/Blueprints/SideScrollerCharacter.uasset'
[2018.12.15-22.35.41:543][757]Cmd: OBJ SAVEPACKAGE PACKAGE="/Game/SideScrollerBP/Maps/LD_01" FILE="../../../../Projet-Unreal/Wukongpointpng/Content/SideScrollerBP/Maps/LD_01.umap" SILENT=true AUTOSAVING=false KEEPDIRTY=false
[2018.12.15-22.35.41:735][757]LogSavePackage: Moving '../../../../Projet-Unreal/Wukongpointpng/Saved/LD_013E6A37244ADB36F26C8C75BE172B5321.tmp' to '../../../../Projet-Unreal/Wukongpointpng/Content/SideScrollerBP/Maps/LD_01.umap'
[2018.12.15-22.36.10:432][940]LogSlate: Window 'Wukongpointpng - Unreal Editor' being destroyed
[2018.12.15-22.36.10:433][940]LogWindowsTextInputMethodSystem: Display: IME system now deactivated.
[2018.12.15-22.36.10:613][941]Cmd: QUIT_EDITOR
[2018.12.15-22.36.11:287][941]LogExit: Preparing to exit.
[2018.12.15-22.36.11:666][941]LogExit: Editor shut down
[2018.12.15-22.36.11:667][941]LogExit: Transaction tracking system shut down
[2018.12.15-22.36.12:216][941]LogExit: Object subsystem successfully closed.
[2018.12.15-22.36.12:229][941]LogShaderCompilers: Display: Shaders left to compile 0
[2018.12.15-22.36.12:232][941]LogD3D11RHI: Shutdown
[2018.12.15-22.36.12:232][941]LogD3D11RHI: CleanupD3DDevice
[2018.12.15-22.36.12:233][941]LogD3D11RHI: ~FD3D11DynamicRHI
[2018.12.15-22.36.12:244][941]LogModuleManager: Shutting down and abandoning module SequencerWidgets (620)
[2018.12.15-22.36.12:244][941]LogModuleManager: Shutting down and abandoning module ExternalImagePicker (618)
[2018.12.15-22.36.12:244][941]LogModuleManager: Shutting down and abandoning module MovieSceneCapture (616)
[2018.12.15-22.36.12:244][941]LogModuleManager: Shutting down and abandoning module Voice (614)
[2018.12.15-22.36.12:244][941]LogModuleManager: Shutting down and abandoning module BlueprintGraph (612)
[2018.12.15-22.36.12:244][941]LogModuleManager: Shutting down and abandoning module HierarchicalLODOutliner (610)
[2018.12.15-22.36.12:244][941]LogModuleManager: Shutting down and abandoning module SceneOutliner (608)
[2018.12.15-22.36.12:244][941]LogModuleManager: Shutting down and abandoning module AddContentDialog (606)
[2018.12.15-22.36.12:244][941]LogModuleManager: Shutting down and abandoning module WidgetCarousel (605)
[2018.12.15-22.36.12:244][941]LogModuleManager: Shutting down and abandoning module EditorWidgets (602)
[2018.12.15-22.36.12:244][941]LogModuleManager: Shutting down and abandoning module CollectionManager (600)
[2018.12.15-22.36.12:245][941]LogModuleManager: Shutting down and abandoning module StatsViewer (598)
[2018.12.15-22.36.12:245][941]LogModuleManager: Shutting down and abandoning module FoliageEdit (596)
[2018.12.15-22.36.12:245][941]LogModuleManager: Shutting down and abandoning module LandscapeEditor (594)
[2018.12.15-22.36.12:245][941]LogModuleManager: Shutting down and abandoning module MeshPaintMode (592)
[2018.12.15-22.36.12:245][941]LogModuleManager: Shutting down and abandoning module SceneDepthPickerMode (590)
[2018.12.15-22.36.12:245][941]LogModuleManager: Shutting down and abandoning module ActorPickerMode (588)
[2018.12.15-22.36.12:245][941]LogModuleManager: Shutting down and abandoning module GeometryMode (586)
[2018.12.15-22.36.12:245][941]LogModuleManager: Shutting down and abandoning module TextureAlignMode (584)
[2018.12.15-22.36.12:245][941]LogModuleManager: Shutting down and abandoning module BspMode (582)
[2018.12.15-22.36.12:245][941]LogModuleManager: Shutting down and abandoning module PIEPreviewDeviceProfileSelector (580)
[2018.12.15-22.36.12:245][941]LogModuleManager: Shutting down and abandoning module SequenceRecorderSections (578)
[2018.12.15-22.36.12:245][941]LogModuleManager: Shutting down and abandoning module AutomationWorker (576)
[2018.12.15-22.36.12:245][941]LogModuleManager: Shutting down and abandoning module AudioCaptureEditor (574)
[2018.12.15-22.36.12:245][941]LogModuleManager: Shutting down and abandoning module SequenceRecorder (573)
[2018.12.15-22.36.12:245][941]LogModuleManager: Shutting down and abandoning module MatineeToLevelSequence (570)
[2018.12.15-22.36.12:245][941]LogModuleManager: Shutting down and abandoning module LevelSequenceEditor (568)
[2018.12.15-22.36.12:245][941]LogModuleManager: Shutting down and abandoning module PlacementMode (567)
[2018.12.15-22.36.12:245][941]LogModuleManager: Shutting down and abandoning module MaterialEditor (566)
[2018.12.15-22.36.12:245][941]LogModuleManager: Shutting down and abandoning module WmfMediaFactory (562)
[2018.12.15-22.36.12:245][941]LogModuleManager: Shutting down and abandoning module WmfMediaEditor (560)
[2018.12.15-22.36.12:245][941]LogModuleManager: Shutting down and abandoning module MediaPlayerEditor (558)
[2018.12.15-22.36.12:245][941]LogModuleManager: Shutting down and abandoning module OpenExrWrapper (556)
[2018.12.15-22.36.12:245][941]LogModuleManager: Shutting down and abandoning module ImgMediaFactory (554)
[2018.12.15-22.36.12:245][941]LogModuleManager: Shutting down and abandoning module ImgMediaEditor (552)
[2018.12.15-22.36.12:245][941]LogModuleManager: Shutting down and abandoning module AvfMediaFactory (550)
[2018.12.15-22.36.12:245][941]LogModuleManager: Shutting down and abandoning module AvfMediaEditor (548)
[2018.12.15-22.36.12:245][941]LogModuleManager: Shutting down and abandoning module AndroidMediaFactory (546)
[2018.12.15-22.36.12:245][941]LogModuleManager: Shutting down and abandoning module AndroidMediaEditor (544)
[2018.12.15-22.36.12:245][941]LogModuleManager: Shutting down and abandoning module MagicLeapCameraPreviewFactory (542)
[2018.12.15-22.36.12:245][941]LogModuleManager: Shutting down and abandoning module MagicLeapMediaFactory (540)
[2018.12.15-22.36.12:245][941]LogModuleManager: Shutting down and abandoning module MagicLeapMediaEditor (538)
[2018.12.15-22.36.12:245][941]LogModuleManager: Shutting down and abandoning module CharacterAI (536)
[2018.12.15-22.36.12:245][941]LogModuleManager: Shutting down and abandoning module SmartSnapping (534)
[2018.12.15-22.36.12:245][941]LogModuleManager: Shutting down and abandoning module SessionServices (532)
[2018.12.15-22.36.12:245][941]LogModuleManager: Shutting down and abandoning module ViewportSnapping (530)
[2018.12.15-22.36.12:245][941]LogModuleManager: Shutting down and abandoning module ViewportInteraction (528)
[2018.12.15-22.36.12:246][941]LogModuleManager: Shutting down and abandoning module ClothPainter (526)
[2018.12.15-22.36.12:246][941]LogModuleManager: Shutting down and abandoning module SkeletalMeshEditor (525)
[2018.12.15-22.36.12:246][941]LogModuleManager: Shutting down and abandoning module LogVisualizer (522)
[2018.12.15-22.36.12:246][941]LogModuleManager: Shutting down and abandoning module IntroTutorials (520)
[2018.12.15-22.36.12:246][941]LogModuleManager: Shutting down and abandoning module GameProjectGeneration (519)
[2018.12.15-22.36.12:246][941]LogModuleManager: Shutting down and abandoning module LuminPlatformEditor (516)
[2018.12.15-22.36.12:246][941]LogModuleManager: Shutting down and abandoning module IOSPlatformEditor (514)
[2018.12.15-22.36.12:246][941]LogModuleManager: Shutting down and abandoning module HTML5PlatformEditor (512)
[2018.12.15-22.36.12:246][941]LogModuleManager: Shutting down and abandoning module AndroidPlatformEditor (510)
[2018.12.15-22.36.12:246][941]LogModuleManager: Shutting down and abandoning module AndroidDeviceDetection (509)
[2018.12.15-22.36.13:066][941]LogModuleManager: Shutting down and abandoning module WindowsPlatformEditor (506)
[2018.12.15-22.36.13:066][941]LogModuleManager: Shutting down and abandoning module LuminRuntimeSettings (504)
[2018.12.15-22.36.13:066][941]LogModuleManager: Shutting down and abandoning module IOSRuntimeSettings (502)
[2018.12.15-22.36.13:066][941]LogModuleManager: Shutting down and abandoning module AndroidRuntimeSettings (500)
[2018.12.15-22.36.13:066][941]LogModuleManager: Shutting down and abandoning module InputBindingEditor (498)
[2018.12.15-22.36.13:066][941]LogModuleManager: Shutting down and abandoning module MergeActors (496)
[2018.12.15-22.36.13:067][941]LogModuleManager: Shutting down and abandoning module LocalizationDashboard (494)
[2018.12.15-22.36.13:067][941]LogModuleManager: Shutting down and abandoning module LocalizationService (493)
[2018.12.15-22.36.13:067][941]LogModuleManager: Shutting down and abandoning module HardwareTargeting (490)
[2018.12.15-22.36.13:067][941]LogModuleManager: Shutting down and abandoning module DeviceProfileEditor (488)
[2018.12.15-22.36.13:067][941]LogModuleManager: Shutting down and abandoning module UndoHistory (486)
[2018.12.15-22.36.13:067][941]LogModuleManager: Shutting down and abandoning module XmlParser (484)
[2018.12.15-22.36.13:067][941]LogModuleManager: Shutting down and abandoning module Blutility (482)
[2018.12.15-22.36.13:067][941]LogModuleManager: Shutting down and abandoning module ProjectSettingsViewer (480)
[2018.12.15-22.36.13:067][941]LogModuleManager: Shutting down and abandoning module ProjectTargetPlatformEditor (479)
[2018.12.15-22.36.13:067][941]LogModuleManager: Shutting down and abandoning module EditorSettingsViewer (476)
[2018.12.15-22.36.13:067][941]LogModuleManager: Shutting down and abandoning module SettingsEditor (474)
[2018.12.15-22.36.13:067][941]LogModuleManager: Shutting down and abandoning module ProjectLauncher (472)
[2018.12.15-22.36.13:067][941]LogModuleManager: Shutting down and abandoning module SessionFrontend (470)
[2018.12.15-22.36.13:067][941]LogModuleManager: Shutting down and abandoning module ProfilerClient (468)
[2018.12.15-22.36.13:067][941]LogModuleManager: Shutting down and abandoning module DeviceManager (466)
[2018.12.15-22.36.13:067][941]LogModuleManager: Shutting down and abandoning module TargetDeviceServices (465)
[2018.12.15-22.36.13:132][941]LogModuleManager: Shutting down and abandoning module AutomationController (462)
[2018.12.15-22.36.13:132][941]LogModuleManager: Shutting down and abandoning module AutomationWindow (460)
[2018.12.15-22.36.13:132][941]LogModuleManager: Shutting down and abandoning module Layers (458)
[2018.12.15-22.36.13:132][941]LogModuleManager: Shutting down and abandoning module ComponentVisualizers (456)
[2018.12.15-22.36.13:132][941]LogModuleManager: Shutting down and abandoning module DetailCustomizations (454)
[2018.12.15-22.36.13:132][941]LogModuleManager: Shutting down and abandoning module PackagesDialog (452)
[2018.12.15-22.36.13:132][941]LogModuleManager: Shutting down and abandoning module Persona (450)
[2018.12.15-22.36.13:132][941]LogModuleManager: Shutting down and abandoning module AdvancedPreviewScene (449)
[2018.12.15-22.36.13:132][941]LogModuleManager: Shutting down and abandoning module AnimGraph (447)
[2018.12.15-22.36.13:132][941]LogModuleManager: Shutting down and abandoning module Kismet (444)
[2018.12.15-22.36.13:139][941]LogModuleManager: Shutting down and abandoning module GraphEditor (442)
[2018.12.15-22.36.13:139][941]LogModuleManager: Shutting down and abandoning module ClassViewer (440)
[2018.12.15-22.36.13:139][941]LogModuleManager: Shutting down and abandoning module Toolbox (438)
[2018.12.15-22.36.13:139][941]LogModuleManager: Shutting down and abandoning module ModuleUI (436)
[2018.12.15-22.36.13:139][941]LogModuleManager: Shutting down and abandoning module MovieSceneTools (434)
[2018.12.15-22.36.13:139][941]LogModuleManager: Shutting down and abandoning module OutputLog (432)
[2018.12.15-22.36.13:139][941]LogModuleManager: Shutting down and abandoning module GammaUI (430)
[2018.12.15-22.36.13:139][941]LogModuleManager: Shutting down and abandoning module Documentation (428)
[2018.12.15-22.36.13:139][941]LogModuleManager: Shutting down and abandoning module MovieSceneTracks (426)
[2018.12.15-22.36.13:139][941]LogModuleManager: Shutting down and abandoning module MovieScene (424)
[2018.12.15-22.36.13:139][941]LogModuleManager: Shutting down and abandoning module StreamingPauseRendering (422)
[2018.12.15-22.36.13:139][941]LogModuleManager: Shutting down and abandoning module LauncherPlatform (420)
[2018.12.15-22.36.13:140][941]LogModuleManager: Shutting down and abandoning module AnalyticsET (418)
[2018.12.15-22.36.13:140][941]LogModuleManager: Shutting down and abandoning module PortalServices (416)
[2018.12.15-22.36.13:140][941]LogModuleManager: Shutting down and abandoning module PortalRpc (414)
[2018.12.15-22.36.13:140][941]LogModuleManager: Shutting down and abandoning module MessagingRpc (412)
[2018.12.15-22.36.13:140][941]LogModuleManager: Shutting down and abandoning module AIModule (410)
[2018.12.15-22.36.13:140][941]LogModuleManager: Shutting down and abandoning module GameplayDebugger (409)
[2018.12.15-22.36.13:140][941]LogModuleManager: Shutting down and abandoning module AITestSuite (407)
[2018.12.15-22.36.13:140][941]LogModuleManager: Shutting down and abandoning module NavigationSystem (405)
[2018.12.15-22.36.13:140][941]LogModuleManager: Shutting down and abandoning module DesktopPlatform (402)
[2018.12.15-22.36.13:140][941]LogModuleManager: Shutting down and abandoning module ProfilerService (400)
[2018.12.15-22.36.13:155][941]LogModuleManager: Shutting down and abandoning module TaskGraph (398)
[2018.12.15-22.36.13:155][941]LogModuleManager: Shutting down and abandoning module SteamVRController (396)
[2018.12.15-22.36.13:155][941]LogModuleManager: Shutting down and abandoning module ProceduralMeshComponentEditor (394)
[2018.12.15-22.36.13:155][941]LogModuleManager: Shutting down and abandoning module ProceduralMeshComponent (392)
[2018.12.15-22.36.13:155][941]LogModuleManager: Shutting down and abandoning module OculusInput (390)
[2018.12.15-22.36.13:155][941]LogModuleManager: Shutting down and abandoning module MobilePatchingUtils (388)
[2018.12.15-22.36.13:155][941]LogModuleManager: Shutting down and abandoning module EditableMesh (386)
[2018.12.15-22.36.13:155][941]LogModuleManager: Shutting down and abandoning module CustomMeshComponent (384)
[2018.12.15-22.36.13:155][941]LogModuleManager: Shutting down and abandoning module CableComponent (382)
[2018.12.15-22.36.13:155][941]LogModuleManager: Shutting down and abandoning module AudioCapture (380)
[2018.12.15-22.36.13:155][941]LogModuleManager: Shutting down and abandoning module ArchVisCharacter (378)
[2018.12.15-22.36.13:155][941]LogModuleManager: Shutting down and abandoning module AndroidPermission (376)
[2018.12.15-22.36.13:155][941]LogModuleManager: Shutting down and abandoning module NUTUnrealEngine4 (374)
[2018.12.15-22.36.13:155][941]LogModuleManager: Shutting down and abandoning module NetcodeUnitTest (372)
[2018.12.15-22.36.13:155][941]LogModuleManager: Shutting down and abandoning module MediaCompositingEditor (370)
[2018.12.15-22.36.13:156][941]LogModuleManager: Shutting down and abandoning module MediaCompositing (368)
[2018.12.15-22.36.13:156][941]LogModuleManager: Shutting down and abandoning module LinearTimecode (366)
[2018.12.15-22.36.13:156][941]LogModuleManager: Shutting down and abandoning module ImgMedia (364)
[2018.12.15-22.36.13:159][941]LogModuleManager: Shutting down and abandoning module HTML5Networking (362)
[2018.12.15-22.36.13:159][941]LogModuleManager: Shutting down and abandoning module GeometryCacheTracks (360)
[2018.12.15-22.36.13:159][941]LogModuleManager: Shutting down and abandoning module GeometryCacheSequencer (358)
[2018.12.15-22.36.13:159][941]LogModuleManager: Shutting down and abandoning module BackChannel (356)
[2018.12.15-22.36.13:159][941]LogModuleManager: Shutting down and abandoning module AppleVision (354)
[2018.12.15-22.36.13:159][941]LogModuleManager: Shutting down and abandoning module AppleImageUtils (352)
[2018.12.15-22.36.13:159][941]LogModuleManager: Shutting down and abandoning module AlembicImporter (350)
[2018.12.15-22.36.13:159][941]LogModuleManager: Shutting down and abandoning module AlembicLibrary (349)
[2018.12.15-22.36.13:159][941]LogModuleManager: Shutting down and abandoning module GeometryCache (348)
[2018.12.15-22.36.13:159][941]LogModuleManager: Shutting down and abandoning module GeometryCacheEd (347)
[2018.12.15-22.36.13:159][941]LogModuleManager: Shutting down and abandoning module DatasmithContentEditor (342)
[2018.12.15-22.36.13:159][941]LogModuleManager: Shutting down and abandoning module DatasmithContent (340)
[2018.12.15-22.36.13:160][941]LogModuleManager: Shutting down and abandoning module SpeedTreeImporter (338)
[2018.12.15-22.36.13:160][941]LogModuleManager: Shutting down and abandoning module PluginBrowser (336)
[2018.12.15-22.36.13:160][941]LogModuleManager: Shutting down and abandoning module MobileLauncherProfileWizard (334)
[2018.12.15-22.36.13:160][941]LogModuleManager: Shutting down and abandoning module PolygonModeling (332)
[2018.12.15-22.36.13:160][941]LogModuleManager: Shutting down and abandoning module MeshEditor (330)
[2018.12.15-22.36.13:160][941]LogModuleManager: Shutting down and abandoning module CryptoKeysOpenSSL (328)
[2018.12.15-22.36.13:160][941]LogModuleManager: Shutting down and abandoning module CryptoKeys (326)
[2018.12.15-22.36.13:160][941]LogModuleManager: Shutting down and abandoning module VisualStudioSourceCodeAccess (324)
[2018.12.15-22.36.13:160][941]LogModuleManager: Shutting down and abandoning module VisualStudioCodeSourceCodeAccess (322)
[2018.12.15-22.36.13:160][941]LogModuleManager: Shutting down and abandoning module UObjectPlugin (320)
[2018.12.15-22.36.13:160][941]LogModuleManager: Shutting down and abandoning module SubversionSourceControl (318)
[2018.12.15-22.36.13:160][941]LogModuleManager: Shutting down and abandoning module PerforceSourceControl (316)
[2018.12.15-22.36.13:160][941]LogModuleManager: Shutting down and abandoning module GitSourceControl (314)
[2018.12.15-22.36.13:160][941]LogModuleManager: Shutting down and abandoning module SourceControl (313)
[2018.12.15-22.36.13:160][941]LogModuleManager: Shutting down and abandoning module CLionSourceCodeAccess (310)
[2018.12.15-22.36.13:160][941]LogModuleManager: Shutting down and abandoning module LightPropagationVolumeEditor (308)
[2018.12.15-22.36.13:160][941]LogModuleManager: Shutting down and abandoning module PaperTiledImporter (306)
[2018.12.15-22.36.13:160][941]LogModuleManager: Shutting down and abandoning module PaperSpriteSheetImporter (304)
[2018.12.15-22.36.13:160][941]LogModuleManager: Shutting down and abandoning module Paper2DEditor (302)
[2018.12.15-22.36.13:160][941]LogModuleManager: Shutting down and abandoning module MeshPaint (301)
[2018.12.15-22.36.13:160][941]LogModuleManager: Shutting down and abandoning module RuntimePhysXCooking (298)
[2018.12.15-22.36.13:160][941]LogModuleManager: Shutting down and abandoning module PhysXVehiclesEditor (296)
[2018.12.15-22.36.13:160][941]LogModuleManager: Shutting down and abandoning module PhysXVehicles (294)
[2018.12.15-22.36.13:160][941]LogModuleManager: Shutting down and abandoning module OculusEditor (292)
[2018.12.15-22.36.13:160][941]LogModuleManager: Shutting down and abandoning module LocationServicesBPLibrary (290)
[2018.12.15-22.36.13:160][941]LogModuleManager: Shutting down and abandoning module ImmediatePhysicsEditor (288)
[2018.12.15-22.36.13:160][941]LogModuleManager: Shutting down and abandoning module ImmediatePhysics (286)
[2018.12.15-22.36.13:160][941]LogModuleManager: Shutting down and abandoning module ActorSequence (284)
[2018.12.15-22.36.13:161][941]LogModuleManager: Shutting down and abandoning module UdpMessaging (282)
[2018.12.15-22.36.13:261][941]LogModuleManager: Shutting down and abandoning module TcpMessaging (280)
[2018.12.15-22.36.13:362][941]LogModuleManager: Shutting down and abandoning module MagicLeapAudio (278)
[2018.12.15-22.36.13:362][941]LogModuleManager: Shutting down and abandoning module GameplayTagsEditor (276)
[2018.12.15-22.36.13:362][941]LogModuleManager: Shutting down and abandoning module FacialAnimationEditor (274)
[2018.12.15-22.36.13:362][941]LogModuleManager: Shutting down and abandoning module FacialAnimation (272)
[2018.12.15-22.36.13:362][941]LogModuleManager: Shutting down and abandoning module DataValidation (270)
[2018.12.15-22.36.13:362][941]LogModuleManager: Shutting down and abandoning module AssetManagerEditor (268)
[2018.12.15-22.36.13:362][941]LogModuleManager: Shutting down and abandoning module LevelEditor (267)
[2018.12.15-22.36.13:362][941]LogModuleManager: Shutting down and abandoning module PixelInspectorModule (266)
[2018.12.15-22.36.13:362][941]LogModuleManager: Shutting down and abandoning module CommonMenuExtensions (264)
[2018.12.15-22.36.13:363][941]LogModuleManager: Shutting down and abandoning module MainFrame (262)
[2018.12.15-22.36.13:363][941]LogModuleManager: Shutting down and abandoning module HotReload (261)
[2018.12.15-22.36.13:363][941]LogModuleManager: Shutting down and abandoning module ContentBrowser (257)
[2018.12.15-22.36.13:364][941]LogModuleManager: Shutting down and abandoning module TreeMap (255)
[2018.12.15-22.36.13:364][941]LogModuleManager: Shutting down and abandoning module LightPropagationVolumeRuntime (252)
[2018.12.15-22.36.13:364][941]LogModuleManager: Shutting down and abandoning module AISupportModule (250)
[2018.12.15-22.36.13:364][941]LogModuleManager: Shutting down and abandoning module Paper2D (248)
[2018.12.15-22.36.13:365][941]LogModuleManager: Shutting down and abandoning module WindowsMoviePlayer (246)
[2018.12.15-22.36.13:365][941]LogModuleManager: Shutting down and abandoning module WmfMedia (244)
[2018.12.15-22.36.13:366][941]LogModuleManager: Shutting down and abandoning module Media (243)
[2018.12.15-22.36.13:372][941]LogModuleManager: Shutting down and abandoning module PacketHandler (240)
[2018.12.15-22.36.13:372][941]LogModuleManager: Shutting down and abandoning module ClothingSystemEditor (238)
[2018.12.15-22.36.13:372][941]LogModuleManager: Shutting down and abandoning module ClothingSystemRuntime (236)
[2018.12.15-22.36.13:372][941]LogModuleManager: Shutting down and abandoning module MediaAssets (234)
[2018.12.15-22.36.13:372][941]LogModuleManager: Shutting down and abandoning module Overlay (232)
[2018.12.15-22.36.13:372][941]LogModuleManager: Shutting down and abandoning module OverlayEditor (231)
[2018.12.15-22.36.13:372][941]LogModuleManager: Shutting down and abandoning module VREditor (228)
[2018.12.15-22.36.13:372][941]LogModuleManager: Shutting down and abandoning module StringTableEditor (226)
[2018.12.15-22.36.13:372][941]LogModuleManager: Shutting down and abandoning module GameplayTasksEditor (224)
[2018.12.15-22.36.13:372][941]LogModuleManager: Shutting down and abandoning module BehaviorTreeEditor (222)
[2018.12.15-22.36.13:373][941]LogModuleManager: Shutting down and abandoning module FunctionalTesting (220)
[2018.12.15-22.36.13:373][941]LogModuleManager: Shutting down and abandoning module CollisionAnalyzer (218)
[2018.12.15-22.36.13:373][941]LogModuleManager: Shutting down and abandoning module WorkspaceMenuStructure (217)
[2018.12.15-22.36.13:373][941]LogModuleManager: Shutting down and abandoning module UMG (214)
[2018.12.15-22.36.13:373][941]LogModuleManager: Shutting down and abandoning module UMGEditor (213)
[2018.12.15-22.36.13:373][941]LogModuleManager: Shutting down and abandoning module Sequencer (212)
[2018.12.15-22.36.13:373][941]LogModuleManager: Shutting down and abandoning module MessageLog (209)
[2018.12.15-22.36.13:373][941]LogModuleManager: Shutting down and abandoning module SlateReflector (204)
[2018.12.15-22.36.13:373][941]LogModuleManager: Shutting down and abandoning module Slate (202)
[2018.12.15-22.36.13:373][941]LogModuleManager: Shutting down and abandoning module EditorStyle (200)
[2018.12.15-22.36.13:374][941]LogModuleManager: Shutting down and abandoning module MRMesh (198)
[2018.12.15-22.36.13:374][941]LogModuleManager: Shutting down and abandoning module SourceCodeAccess (196)
[2018.12.15-22.36.13:374][941]LogModuleManager: Shutting down and abandoning module HeadMountedDisplay (194)
[2018.12.15-22.36.13:374][941]LogModuleManager: Shutting down and abandoning module XAudio2 (192)
[2018.12.15-22.36.13:374][941]LogModuleManager: Shutting down and abandoning module Networking (190)
[2018.12.15-22.36.13:374][941]LogModuleManager: Shutting down and abandoning module Core (188)
[2018.12.15-22.36.13:374][941]LogModuleManager: Shutting down and abandoning module LevelSequence (186)
[2018.12.15-22.36.13:374][941]LogModuleManager: Shutting down and abandoning module KismetCompiler (184)
[2018.12.15-22.36.13:374][941]LogModuleManager: Shutting down and abandoning module MeshUtilities (182)
[2018.12.15-22.36.13:375][941]LogModuleManager: Shutting down and abandoning module MeshMergeUtilities (181)
[2018.12.15-22.36.13:375][941]LogModuleManager: Shutting down and abandoning module MeshReductionInterface (180)
[2018.12.15-22.36.13:375][941]LogModuleManager: Shutting down and abandoning module SimplygonSwarm (179)
[2018.12.15-22.36.13:375][941]LogModuleManager: Shutting down and abandoning module ProxyLODMeshReduction (177)
[2018.12.15-22.36.13:375][941]LogModuleManager: Shutting down and abandoning module SimplygonMeshReduction (175)
[2018.12.15-22.36.13:375][941]LogModuleManager: Shutting down and abandoning module QuadricMeshReduction (173)
[2018.12.15-22.36.13:375][941]LogModuleManager: Shutting down and abandoning module MaterialBaking (169)
[2018.12.15-22.36.13:375][941]LogModuleManager: Shutting down and abandoning module DirectoryWatcher (165)
[2018.12.15-22.36.13:375][941]LogModuleManager: Shutting down and abandoning module DerivedDataCache (162)
[2018.12.15-22.36.13:404][941]LogDerivedDataCache: Shutdown
[2018.12.15-22.36.13:404][941]LogModuleManager: Shutting down and abandoning module XGEController (160)
[2018.12.15-22.36.13:404][941]LogXGEController: Cleaning working directory: C:/Users/Tom/AppData/Local/Temp/UnrealXGEWorkingDir/
[2018.12.15-22.36.13:404][941]LogModuleManager: Shutting down and abandoning module TargetPlatform (158)
[2018.12.15-22.36.13:404][941]LogModuleManager: Shutting down and abandoning module VulkanShaderFormat (157)
[2018.12.15-22.36.13:404][941]LogModuleManager: Shutting down and abandoning module ShaderFormatVectorVM (155)
[2018.12.15-22.36.13:404][941]LogModuleManager: Shutting down and abandoning module ShaderFormatOpenGL (153)
[2018.12.15-22.36.13:404][941]LogModuleManager: Shutting down and abandoning module ShaderFormatD3D (151)
[2018.12.15-22.36.13:404][941]LogModuleManager: Shutting down and abandoning module MetalShaderFormat (149)
[2018.12.15-22.36.13:404][941]LogModuleManager: Shutting down and abandoning module TextureFormatUncompressed (147)
[2018.12.15-22.36.13:404][941]LogModuleManager: Shutting down and abandoning module TextureFormatPVR (145)
[2018.12.15-22.36.13:404][941]LogModuleManager: Shutting down and abandoning module TextureFormatDXT (143)
[2018.12.15-22.36.13:404][941]LogModuleManager: Shutting down and abandoning module TextureFormatIntelISPCTexComp (141)
[2018.12.15-22.36.13:404][941]LogModuleManager: Shutting down and abandoning module TextureFormatASTC (139)
[2018.12.15-22.36.13:404][941]LogModuleManager: Shutting down and abandoning module ImageWrapper (138)
[2018.12.15-22.36.13:404][941]LogModuleManager: Shutting down and abandoning module TextureFormatAndroid (135)
[2018.12.15-22.36.13:404][941]LogModuleManager: Shutting down and abandoning module AudioFormatOpus (133)
[2018.12.15-22.36.13:404][941]LogModuleManager: Shutting down and abandoning module AudioFormatOgg (131)
[2018.12.15-22.36.13:404][941]LogModuleManager: Shutting down and abandoning module AudioFormatADPCM (129)
[2018.12.15-22.36.13:404][941]LogModuleManager: Shutting down and abandoning module LuminTargetPlatform (127)
[2018.12.15-22.36.13:404][941]LogModuleManager: Shutting down and abandoning module LinuxTargetPlatform (125)
[2018.12.15-22.36.13:404][941]LogModuleManager: Shutting down and abandoning module LinuxServerTargetPlatform (123)
[2018.12.15-22.36.13:404][941]LogModuleManager: Shutting down and abandoning module LinuxNoEditorTargetPlatform (121)
[2018.12.15-22.36.13:404][941]LogModuleManager: Shutting down and abandoning module LinuxClientTargetPlatform (119)
[2018.12.15-22.36.13:404][941]LogModuleManager: Shutting down and abandoning module TVOSTargetPlatform (117)
[2018.12.15-22.36.13:405][941]LogModuleManager: Shutting down and abandoning module Messaging (115)
[2018.12.15-22.36.13:405][941]LogModuleManager: Shutting down and abandoning module IOSTargetPlatform (113)
[2018.12.15-22.36.13:406][941]LogModuleManager: Shutting down and abandoning module HTML5TargetPlatform (111)
[2018.12.15-22.36.13:406][941]LogModuleManager: Shutting down and abandoning module AndroidTargetPlatform (109)
[2018.12.15-22.36.13:411][941]LogModuleManager: Shutting down and abandoning module WindowsTargetPlatform (107)
[2018.12.15-22.36.13:411][941]LogModuleManager: Shutting down and abandoning module WindowsServerTargetPlatform (105)
[2018.12.15-22.36.13:411][941]LogModuleManager: Shutting down and abandoning module WindowsNoEditorTargetPlatform (103)
[2018.12.15-22.36.13:411][941]LogModuleManager: Shutting down and abandoning module WindowsClientTargetPlatform (101)
[2018.12.15-22.36.13:411][941]LogModuleManager: Shutting down and abandoning module MacTargetPlatform (99)
[2018.12.15-22.36.13:411][941]LogModuleManager: Shutting down and abandoning module MacServerTargetPlatform (97)
[2018.12.15-22.36.13:411][941]LogModuleManager: Shutting down and abandoning module MacNoEditorTargetPlatform (95)
[2018.12.15-22.36.13:411][941]LogModuleManager: Shutting down and abandoning module MacClientTargetPlatform (93)
[2018.12.15-22.36.13:411][941]LogModuleManager: Shutting down and abandoning module AllDesktopTargetPlatform (91)
[2018.12.15-22.36.13:411][941]LogModuleManager: Shutting down and abandoning module InputCore (88)
[2018.12.15-22.36.13:411][941]LogModuleManager: Shutting down and abandoning module Settings (86)
[2018.12.15-22.36.13:412][941]LogModuleManager: Shutting down and abandoning module PhysXCooking (84)
[2018.12.15-22.36.13:412][941]LogModuleManager: Shutting down and abandoning module SteamVR (82)
[2018.12.15-22.36.13:412][941]LogModuleManager: Shutting down and abandoning module OculusHMD (80)
[2018.12.15-22.36.13:412][941]LogModuleManager: Shutting down and abandoning module ExampleDeviceProfileSelector (78)
[2018.12.15-22.36.13:412][941]LogModuleManager: Shutting down and abandoning module LauncherChunkInstaller (76)
[2018.12.15-22.36.13:412][941]LogModuleManager: Shutting down and abandoning module OnlineBlueprintSupport (74)
[2018.12.15-22.36.13:412][941]LogModuleManager: Shutting down and abandoning module OnlineSubsystem (70)
[2018.12.15-22.36.13:412][941]LogModuleManager: Shutting down and abandoning module XMPP (65)
[2018.12.15-22.36.13:413][941]LogModuleManager: Shutting down and abandoning module WebSockets (64)
[2018.12.15-22.36.13:418][941]LogModuleManager: Shutting down and abandoning module HTTP (61)
[2018.12.15-22.36.13:418][941]LogHttp: Display: Http module shutting down, but needs to wait on 1 outstanding Http requests:
[2018.12.15-22.36.13:418][941]LogHttp: Display: 	verb=[POST] url=[https://datarouter.ol.epicgames.com/datarouter/api/v1/public/data?SessionID=%7BCF543FB7-45B7-FDB0-234E-08B59B707E7E%7D&AppID=UEEditor.Rocket.Release&AppVersion=4.20.3-4369336%2B%2B%2BUE4%2BRelease-4.20&UserID=0a34d52b47933266f470deb52612c378%7C424d29f0eb3e41838378eaad155bef5d%7C921af401-3263-4114-a3ee-ae18dd84d636&AppEnvironment=datacollector-binary&UploadType=eteventstream] status=Processing
[2018.12.15-22.36.13:436][941]LogModuleManager: Shutting down and abandoning module SSL (60)
[2018.12.15-22.36.13:437][941]LogModuleManager: Shutting down and abandoning module MagicLeapEmulator (56)
[2018.12.15-22.36.13:438][941]LogModuleManager: Shutting down and abandoning module MagicLeapPrivileges (54)
[2018.12.15-22.36.13:438][941]LogModuleManager: Shutting down and abandoning module MagicLeapIdentity (52)
[2018.12.15-22.36.13:438][941]LogModuleManager: Shutting down and abandoning module MagicLeapHelperVulkan (50)
[2018.12.15-22.36.13:438][941]LogModuleManager: Shutting down and abandoning module MagicLeapHelperOpenGL (48)
[2018.12.15-22.36.13:438][941]LogModuleManager: Shutting down and abandoning module MagicLeapSecureStorage (46)
[2018.12.15-22.36.13:438][941]LogModuleManager: Shutting down and abandoning module MagicLeapGestures (44)
[2018.12.15-22.36.13:438][941]LogModuleManager: Shutting down and abandoning module MagicLeapEyeTracker (42)
[2018.12.15-22.36.13:438][941]LogModuleManager: Shutting down and abandoning module MagicLeapController (40)
[2018.12.15-22.36.13:438][941]LogSlate: Slate User Destroyed.  User Index 0, Is Virtual User: 0
[2018.12.15-22.36.13:438][941]LogModuleManager: Shutting down and abandoning module MagicLeap (38)
[2018.12.15-22.36.13:438][941]LogModuleManager: Shutting down and abandoning module AnimationModifiers (36)
[2018.12.15-22.36.13:438][941]LogModuleManager: Shutting down and abandoning module PropertyEditor (35)
[2018.12.15-22.36.13:438][941]LogModuleManager: Shutting down and abandoning module AudioEditor (32)
[2018.12.15-22.36.13:438][941]LogModuleManager: Shutting down and abandoning module TextureCompressor (30)
[2018.12.15-22.36.13:438][941]LogModuleManager: Shutting down and abandoning module ShaderCore (28)
[2018.12.15-22.36.13:438][941]LogModuleManager: Shutting down and abandoning module Landscape (26)
[2018.12.15-22.36.13:438][941]LogModuleManager: Shutting down and abandoning module SlateRHIRenderer (24)
[2018.12.15-22.36.13:439][941]LogModuleManager: Shutting down and abandoning module OpenGLDrv (22)
[2018.12.15-22.36.13:439][941]LogModuleManager: Shutting down and abandoning module D3D11RHI (20)
[2018.12.15-22.36.13:440][941]LogModuleManager: Shutting down and abandoning module AnimGraphRuntime (18)
[2018.12.15-22.36.13:440][941]LogModuleManager: Shutting down and abandoning module Renderer (16)
[2018.12.15-22.36.13:440][941]LogModuleManager: Shutting down and abandoning module Engine (14)
[2018.12.15-22.36.13:440][941]LogModuleManager: Shutting down and abandoning module CoreUObject (12)
[2018.12.15-22.36.13:440][941]LogModuleManager: Shutting down and abandoning module NetworkFile (10)
[2018.12.15-22.36.13:440][941]LogModuleManager: Shutting down and abandoning module CookedIterativeFile (8)
[2018.12.15-22.36.13:440][941]LogModuleManager: Shutting down and abandoning module StreamingFile (6)
[2018.12.15-22.36.13:440][941]LogModuleManager: Shutting down and abandoning module SandboxFile (4)
[2018.12.15-22.36.13:440][941]LogModuleManager: Shutting down and abandoning module PakFile (2)
[2018.12.15-22.36.13:449][941]LogExit: Exiting.
[2018.12.15-22.36.13:456][941]Log file closed, 12/15/18 23:36:13
