Log file open, 12/18/18 08:22:22
LogWindows: Failed to load 'aqProf.dll' (GetLastError=126)
LogWindows: File 'aqProf.dll' does not exist
LogWindows: Failed to load 'VSPerf140.dll' (GetLastError=126)
LogWindows: File 'VSPerf140.dll' does not exist
LogWindows: Failed to load 'VtuneApi.dll' (GetLastError=126)
LogWindows: File 'VtuneApi.dll' does not exist
LogWindows: Failed to load 'VtuneApi32e.dll' (GetLastError=126)
LogWindows: File 'VtuneApi32e.dll' does not exist
LogInit: Display: Running engine for game: Wukongpointpng
LogPlatformFile: Not using cached read wrapper
LogTaskGraph: Started task graph with 5 named threads and 23 total threads with 3 sets of task threads.
LogStats: Stats thread started at 3.193518
LogD3D11RHI: Loaded GFSDK_Aftermath_Lib.x64.dll
LogICUInternationalization: Display: ICU TimeZone Detection - Raw Offset: +1:00, Platform Override: ''
LogPluginManager: Mounting plugin Paper2D
LogPluginManager: Mounting plugin AISupport
LogPluginManager: Mounting plugin LightPropagationVolume
LogPluginManager: Mounting plugin CLionSourceCodeAccess
LogPluginManager: Mounting plugin CodeLiteSourceCodeAccess
LogPluginManager: Mounting plugin GitSourceControl
LogPluginManager: Mounting plugin KDevelopSourceCodeAccess
LogPluginManager: Mounting plugin NullSourceCodeAccess
LogPluginManager: Mounting plugin PerforceSourceControl
LogPluginManager: Mounting plugin SubversionSourceControl
LogPluginManager: Mounting plugin UObjectPlugin
LogPluginManager: Mounting plugin VisualStudioCodeSourceCodeAccess
LogPluginManager: Mounting plugin VisualStudioSourceCodeAccess
LogPluginManager: Mounting plugin XCodeSourceCodeAccess
LogPluginManager: Mounting plugin AssetManagerEditor
LogPluginManager: Mounting plugin CryptoKeys
LogPluginManager: Mounting plugin DataValidation
LogPluginManager: Mounting plugin FacialAnimation
LogPluginManager: Mounting plugin GameplayTagsEditor
LogPluginManager: Mounting plugin MacGraphicsSwitching
LogPluginManager: Mounting plugin MeshEditor
LogPluginManager: Mounting plugin MobileLauncherProfileWizard
LogPluginManager: Mounting plugin PluginBrowser
LogPluginManager: Mounting plugin SpeedTreeImporter
LogPluginManager: Mounting plugin DatasmithContent
LogPluginManager: Mounting plugin AlembicImporter
LogPluginManager: Mounting plugin AppleImageUtils
LogPluginManager: Mounting plugin AppleVision
LogPluginManager: Mounting plugin BackChannel
LogPluginManager: Mounting plugin CharacterAI
LogPluginManager: Mounting plugin GeometryCache
LogPluginManager: Mounting plugin HTML5Networking
LogPluginManager: Mounting plugin ProxyLODPlugin
LogPluginManager: Mounting plugin MagicLeap
LogPluginManager: Mounting plugin MagicLeapEmulator
LogPluginManager: Mounting plugin MagicLeapMedia
LogPluginManager: Mounting plugin AndroidMedia
LogPluginManager: Mounting plugin AvfMedia
LogPluginManager: Mounting plugin ImgMedia
LogPluginManager: Mounting plugin LinearTimecode
LogPluginManager: Mounting plugin MediaCompositing
LogPluginManager: Mounting plugin MediaPlayerEditor
LogPluginManager: Mounting plugin WmfMedia
LogPluginManager: Mounting plugin TcpMessaging
LogPluginManager: Mounting plugin UdpMessaging
LogPluginManager: Mounting plugin ActorSequence
LogPluginManager: Mounting plugin LevelSequenceEditor
LogPluginManager: Mounting plugin MatineeToLevelSequence
LogPluginManager: Mounting plugin NetcodeUnitTest
LogPluginManager: Mounting plugin NUTUnrealEngine4
LogPluginManager: Mounting plugin OnlineSubsystemGooglePlay
LogPluginManager: Mounting plugin OnlineSubsystemIOS
LogPluginManager: Mounting plugin OnlineSubsystem
LogPluginManager: Mounting plugin OnlineSubsystemNull
LogPluginManager: Mounting plugin OnlineSubsystemUtils
LogPluginManager: Mounting plugin LauncherChunkInstaller
LogPluginManager: Mounting plugin AndroidDeviceProfileSelector
LogPluginManager: Mounting plugin AndroidMoviePlayer
LogPluginManager: Mounting plugin AndroidPermission
LogPluginManager: Mounting plugin AppleMoviePlayer
LogPluginManager: Mounting plugin ArchVisCharacter
LogPluginManager: Mounting plugin AudioCapture
LogPluginManager: Mounting plugin CableComponent
LogPluginManager: Mounting plugin CustomMeshComponent
LogPluginManager: Mounting plugin EditableMesh
LogPluginManager: Mounting plugin ExampleDeviceProfileSelector
LogPluginManager: Mounting plugin GoogleCloudMessaging
LogPluginManager: Mounting plugin ImmediatePhysics
LogPluginManager: Mounting plugin IOSDeviceProfileSelector
LogPluginManager: Mounting plugin LinuxDeviceProfileSelector
LogPluginManager: Mounting plugin LocationServicesBPLibrary
LogPluginManager: Mounting plugin MobilePatchingUtils
LogPluginManager: Mounting plugin OculusVR
LogPluginManager: Plugin shader directory ../../../Engine/Plugins/Runtime/Oculus/OculusVR/Shaders found
LogPluginManager: Mapping shader source directory ../../../Engine/Plugins/Runtime/Oculus/OculusVR/Shaders to virtual directory /Plugin/OculusVR
LogPluginManager: Mounting plugin PhysXVehicles
LogPluginManager: Mounting plugin ProceduralMeshComponent
LogPluginManager: Mounting plugin RuntimePhysXCooking
LogPluginManager: Mounting plugin SteamVR
LogPluginManager: Mounting plugin WindowsMoviePlayer
LogStreaming: Display: Took  0.323s to configure plugins.
LogInit: Using libcurl 7.55.1-DEV
LogInit:  - built for x86_64-pc-win32
LogInit:  - supports SSL with OpenSSL/1.0.2h
LogInit:  - supports HTTP deflate (compression) using libz 1.2.8
LogInit:  - other features:
LogInit:      CURL_VERSION_SSL
LogInit:      CURL_VERSION_LIBZ
LogInit:      CURL_VERSION_IPV6
LogInit:      CURL_VERSION_ASYNCHDNS
LogInit:      CURL_VERSION_LARGEFILE
LogInit:      CURL_VERSION_IDN
LogInit:  CurlRequestOptions (configurable via config and command line):
LogInit:  - bVerifyPeer = false  - Libcurl will NOT verify peer certificate
LogInit:  - bUseHttpProxy = false  - Libcurl will NOT use HTTP proxy
LogInit:  - bDontReuseConnections = false  - Libcurl will reuse connections
LogInit:  - CertBundlePath = nullptr  - Libcurl will use whatever was configured at build time.
LogInit:  - MaxHostConnections = 16  - Libcurl will limit the number of connections to a host
LogInit:  - LocalHostAddr = Default
LogInit:  - BufferSize = 65536
LogInit: WinSock: version 1.1 (2.2), MaxSocks=32767, MaxUdp=65467
LogInit: Build: ++UE4+Release-4.20-CL-4369336
LogInit: Engine Version: 4.20.3-4369336+++UE4+Release-4.20
LogInit: Compatible Engine Version: 4.20.0-4212847+++UE4+Release-4.20
LogInit: Net CL: 4212847
LogInit: OS: Windows 10 (), CPU: Intel(R) Core(TM) i7-6700HQ CPU @ 2.60GHz, GPU: NVIDIA GeForce GTX 970M
LogInit: Compiled (64-bit): Sep 17 2018 12:26:19
LogInit: Compiled with Visual C++: 19.13.26129.00
LogInit: Build Configuration: Development
LogInit: Branch Name: ++UE4+Release-4.20
LogInit: Command Line:  
LogInit: Base Directory: D:/UE_4.20/Engine/Binaries/Win64/
LogInit: Installed Engine Build: 1
LogDevObjectVersion: Number of dev versions registered: 20
LogDevObjectVersion:   Dev-Blueprints (B0D832E4-1F89-4F0D-ACCF-7EB736FD4AA2): 10
LogDevObjectVersion:   Dev-Build (E1C64328-A22C-4D53-A36C-8E866417BD8C): 0
LogDevObjectVersion:   Dev-Core (375EC13C-06E4-48FB-B500-84F0262A717E): 2
LogDevObjectVersion:   Dev-Editor (E4B068ED-F494-42E9-A231-DA0B2E46BB41): 24
LogDevObjectVersion:   Dev-Framework (CFFC743F-43B0-4480-9391-14DF171D2073): 34
LogDevObjectVersion:   Dev-Mobile (B02B49B5-BB20-44E9-A304-32B752E40360): 2
LogDevObjectVersion:   Dev-Networking (A4E4105C-59A1-49B5-A7C5-40C4547EDFEE): 0
LogDevObjectVersion:   Dev-Online (39C831C9-5AE6-47DC-9A44-9C173E1C8E7C): 0
LogDevObjectVersion:   Dev-Physics (78F01B33-EBEA-4F98-B9B4-84EACCB95AA2): 0
LogDevObjectVersion:   Dev-Platform (6631380F-2D4D-43E0-8009-CF276956A95A): 0
LogDevObjectVersion:   Dev-Rendering (12F88B9F-8875-4AFC-A67C-D90C383ABD29): 26
LogDevObjectVersion:   Dev-Sequencer (7B5AE74C-D270-4C10-A958-57980B212A5A): 9
LogDevObjectVersion:   Dev-VR (D7296918-1DD6-4BDD-9DE2-64A83CC13884): 2
LogDevObjectVersion:   Dev-LoadTimes (C2A15278-BFE7-4AFE-6C17-90FF531DF755): 1
LogDevObjectVersion:   Private-Geometry (6EACA3D4-40EC-4CC1-B786-8BED09428FC5): 3
LogDevObjectVersion:   Dev-AnimPhys (29E575DD-E0A3-4627-9D10-D276232CDCEA): 17
LogDevObjectVersion:   Dev-ReflectionCapture (6B266CEC-1EC7-4B8F-A30B-E4D90942FC07): 1
LogDevObjectVersion:   Dev-Automation (0DF73D61-A23F-47EA-B727-89E90C41499A): 1
LogDevObjectVersion:   FortniteMain (601D1886-AC64-4F84-AA16-D3DE0DEAC7D6): 12
LogDevObjectVersion:   Dev-Enterprise (9DFFBCD6-494F-0158-E221-12823C92A888): 1
LogStreaming: Display: Took  0.088s to delete old logs.
LogInit: Presizing for max 8388607 objects, including 0 objects not considered by GC, pre-allocating 0 bytes for permanent pool.
LogInit: Object subsystem initialized
[2018.12.18-07.22.25:728][  0]LogInit: Selected Device Profile: [Windows]
[2018.12.18-07.22.25:728][  0]LogInit: Applying CVar settings loaded from the selected device profile: [Windows]
[2018.12.18-07.22.25:783][  0]LogHAL: Display: Platform has ~ 8 GB [8522620928 / 8589934592 / 8], which maps to Default [LargestMinGB=32, LargerMinGB=12, DefaultMinGB=8, SmallerMinGB=6, SmallestMinGB=0)
[2018.12.18-07.22.25:805][  0]LogInit: Setting Device Profile CVar: [[r.Vulkan.UseRealUBs:1]]
[2018.12.18-07.22.25:809][  0]LogInit: Going up to parent DeviceProfile []
[2018.12.18-07.22.25:842][  0]LogInit: Computer: DESKTOP-22TEGNE
[2018.12.18-07.22.25:842][  0]LogInit: User: Tom
[2018.12.18-07.22.25:842][  0]LogInit: CPU Page size=4096, Cores=4
[2018.12.18-07.22.25:842][  0]LogInit: High frequency timer resolution =2.531249 MHz
[2018.12.18-07.22.25:842][  0]LogMemory: Memory total: Physical=7.9GB (8GB approx)
[2018.12.18-07.22.25:842][  0]LogMemory: Platform Memory Stats for Windows
[2018.12.18-07.22.25:842][  0]LogMemory: Process Physical Memory: 101.46 MB used, 101.46 MB peak
[2018.12.18-07.22.25:842][  0]LogMemory: Process Virtual Memory: 97.46 MB used, 97.46 MB peak
[2018.12.18-07.22.25:842][  0]LogMemory: Physical Memory: 3526.21 MB used,  4601.59 MB free, 8127.80 MB total
[2018.12.18-07.22.25:842][  0]LogMemory: Virtual Memory: 4637.36 MB used,  4601.59 MB free, 134217728.00 MB total
[2018.12.18-07.22.26:562][  0]LogInit: Using OS detected language (fr-FR).
[2018.12.18-07.22.26:562][  0]LogInit: Using OS detected locale (fr-FR).
[2018.12.18-07.22.26:605][  0]LogTextLocalizationManager: No specific localization for 'fr-FR' exists, so the 'fr' localization will be used.
[2018.12.18-07.22.26:745][  0]LogStreaming: Display: Took  0.166s to InitEngineTextLocalization.
[2018.12.18-07.22.26:751][  0]LogInit: Setting process to per monitor DPI aware
[2018.12.18-07.22.27:292][  0]LogSlate: New Slate User Created.  User Index 0, Is Virtual User: 0
[2018.12.18-07.22.27:292][  0]LogSlate: Slate User Registered.  User Index 0, Is Virtual User: 0
[2018.12.18-07.22.28:283][  0]LogHMD: Failed to initialize OpenVR with code 100
[2018.12.18-07.22.28:283][  0]LogD3D11RHI: D3D11 adapters:
[2018.12.18-07.22.28:390][  0]LogD3D11RHI:    0. 'NVIDIA GeForce GTX 970M' (Feature Level 11_0)
[2018.12.18-07.22.28:390][  0]LogD3D11RHI:       3029/0/4063 MB DedicatedVideo/DedicatedSystem/SharedSystem, Outputs:1, VendorId:0x10de
[2018.12.18-07.22.28:393][  0]LogD3D11RHI:    1. 'Microsoft Basic Render Driver' (Feature Level 11_0)
[2018.12.18-07.22.28:393][  0]LogD3D11RHI:       0/0/4063 MB DedicatedVideo/DedicatedSystem/SharedSystem, Outputs:0, VendorId:0x1414
[2018.12.18-07.22.28:394][  0]LogD3D11RHI: Chosen D3D11 Adapter: 0
[2018.12.18-07.22.28:400][  0]LogD3D11RHI: Creating new Direct3DDevice
[2018.12.18-07.22.28:400][  0]LogD3D11RHI:     GPU DeviceId: 0x1618 (for the marketing name, search the web for "GPU Device Id")
[2018.12.18-07.22.28:419][  0]LogWindows: EnumDisplayDevices:
[2018.12.18-07.22.28:419][  0]LogWindows:    0. 'NVIDIA GeForce GTX 970M' (P:1 D:1)
[2018.12.18-07.22.28:419][  0]LogWindows:    1. 'NVIDIA GeForce GTX 970M' (P:0 D:0)
[2018.12.18-07.22.28:420][  0]LogWindows:    2. 'NVIDIA GeForce GTX 970M' (P:0 D:0)
[2018.12.18-07.22.28:420][  0]LogWindows:    3. 'NVIDIA GeForce GTX 970M' (P:0 D:0)
[2018.12.18-07.22.28:420][  0]LogWindows: DebugString: FoundDriverCount:4 
[2018.12.18-07.22.28:420][  0]LogD3D11RHI:     Adapter Name: NVIDIA GeForce GTX 970M
[2018.12.18-07.22.28:420][  0]LogD3D11RHI:   Driver Version: 417.22 (internal:25.21.14.1722, unified:417.22)
[2018.12.18-07.22.28:420][  0]LogD3D11RHI:      Driver Date: 11-29-2018
[2018.12.18-07.22.28:421][  0]LogRHI: Texture pool is 2120 MB (70% of 3029 MB)
[2018.12.18-07.22.28:478][  0]LogD3D11RHI: Async texture creation enabled
[2018.12.18-07.22.28:684][  0]LogD3D11RHI: GPU Timing Frequency: 1000.000000 (Debug: 2 3)
[2018.12.18-07.22.28:753][  0]LogShaderCompilers: Guid format shader working directory is 4 characters bigger than the processId version (../../../../Projet-Unreal/Wukongpointpng/Intermediate/Shaders/WorkingDirectory/7920/).
[2018.12.18-07.22.28:753][  0]LogShaderCompilers: Cleaned the shader compiler working directory 'C:/Users/Tom/AppData/Local/Temp/UnrealShaderWorkingDir/38F5DBAF43D1E4000000BCB046445F11/'.
[2018.12.18-07.22.30:866][  0]LogTemp: Display: Loaded TP AllDesktopTargetPlatform
[2018.12.18-07.22.30:922][  0]LogTemp: Display: Loaded TP MacClientTargetPlatform
[2018.12.18-07.22.30:948][  0]LogTemp: Display: Loaded TP MacNoEditorTargetPlatform
[2018.12.18-07.22.30:975][  0]LogTemp: Display: Loaded TP MacServerTargetPlatform
[2018.12.18-07.22.31:031][  0]LogTemp: Display: Loaded TP MacTargetPlatform
[2018.12.18-07.22.31:128][  0]LogTemp: Display: Loaded TP WindowsClientTargetPlatform
[2018.12.18-07.22.31:161][  0]LogTemp: Display: Loaded TP WindowsNoEditorTargetPlatform
[2018.12.18-07.22.31:196][  0]LogTemp: Display: Loaded TP WindowsServerTargetPlatform
[2018.12.18-07.22.31:215][  0]LogTemp: Display: Loaded TP WindowsTargetPlatform
[2018.12.18-07.22.31:331][  0]LogTemp: Display: Loaded TP AndroidTargetPlatform
[2018.12.18-07.22.31:331][  0]LogTemp: Display: Loaded TP AndroidTargetPlatform
[2018.12.18-07.22.31:331][  0]LogTemp: Display: Loaded TP AndroidTargetPlatform
[2018.12.18-07.22.31:331][  0]LogTemp: Display: Loaded TP AndroidTargetPlatform
[2018.12.18-07.22.31:331][  0]LogTemp: Display: Loaded TP AndroidTargetPlatform
[2018.12.18-07.22.31:331][  0]LogTemp: Display: Loaded TP AndroidTargetPlatform
[2018.12.18-07.22.31:331][  0]LogTemp: Display: Loaded TP AndroidTargetPlatform
[2018.12.18-07.22.31:331][  0]LogTemp: Display: Loaded TP AndroidTargetPlatform
[2018.12.18-07.22.31:331][  0]LogTemp: Display: Loaded TP AndroidTargetPlatform
[2018.12.18-07.22.31:331][  0]LogTemp: Display: Loaded TP AndroidTargetPlatform
[2018.12.18-07.22.31:331][  0]LogTemp: Display: Loaded TP AndroidTargetPlatform
[2018.12.18-07.22.31:331][  0]LogTemp: Display: Loaded TP AndroidTargetPlatform
[2018.12.18-07.22.31:331][  0]LogTemp: Display: Loaded TP AndroidTargetPlatform
[2018.12.18-07.22.31:331][  0]LogTemp: Display: Loaded TP AndroidTargetPlatform
[2018.12.18-07.22.31:331][  0]LogTemp: Display: Loaded TP AndroidTargetPlatform
[2018.12.18-07.22.31:331][  0]LogTemp: Display: Loaded TP AndroidTargetPlatform
[2018.12.18-07.22.31:331][  0]LogTemp: Display: Loaded TP AndroidTargetPlatform
[2018.12.18-07.22.31:331][  0]LogTemp: Display: Loaded TP AndroidTargetPlatform
[2018.12.18-07.22.31:380][  0]LogTemp: Display: Loaded TP HTML5TargetPlatform
[2018.12.18-07.22.31:525][  0]LogTemp: Display: Loaded TP IOSTargetPlatform
[2018.12.18-07.22.31:525][  0]LogTemp: Display: Loaded TP IOSTargetPlatform
[2018.12.18-07.22.31:560][  0]LogTemp: Display: Loaded TP TVOSTargetPlatform
[2018.12.18-07.22.31:560][  0]LogTemp: Display: Loaded TP TVOSTargetPlatform
[2018.12.18-07.22.31:587][  0]LogTemp: Display: Loaded TP LinuxClientTargetPlatform
[2018.12.18-07.22.31:604][  0]LogTemp: Display: Loaded TP LinuxNoEditorTargetPlatform
[2018.12.18-07.22.31:636][  0]LogTemp: Display: Loaded TP LinuxServerTargetPlatform
[2018.12.18-07.22.31:698][  0]LogTemp: Display: Loaded TP LinuxTargetPlatform
[2018.12.18-07.22.31:728][  0]LogTemp: Display: Loaded TP LuminTargetPlatform
[2018.12.18-07.22.31:728][  0]LogTargetPlatformManager: Display: Building Assets For Windows
[2018.12.18-07.22.32:636][  0]LogXGEController: Cleaning working directory: C:/Users/Tom/AppData/Local/Temp/UnrealXGEWorkingDir/
[2018.12.18-07.22.32:636][  0]LogXGEController: Cannot use XGE Controller as Incredibuild is not installed on this machine.
[2018.12.18-07.22.32:636][  0]LogShaderCompilers: Cannot use XGE Shader Compiler as Incredibuild is not installed on this machine.
[2018.12.18-07.22.32:636][  0]LogShaderCompilers: Display: Using Local Shader Compiler.
[2018.12.18-07.22.34:906][  0]LogDerivedDataCache: Display: Max Cache Size: 512 MB
[2018.12.18-07.22.35:216][  0]LogDerivedDataCache: Loaded boot cache 0.29s 71MB C:/Users/Tom/AppData/Local/UnrealEngine/4.20/DerivedDataCache/Boot.ddc.
[2018.12.18-07.22.35:216][  0]LogDerivedDataCache: Display: Loaded Boot cache: C:/Users/Tom/AppData/Local/UnrealEngine/4.20/DerivedDataCache/Boot.ddc
[2018.12.18-07.22.35:217][  0]LogDerivedDataCache: FDerivedDataBackendGraph:  Pak pak cache file ../../../../Projet-Unreal/Wukongpointpng/DerivedDataCache/DDC.ddp not found, will not use a pak cache.
[2018.12.18-07.22.35:217][  0]LogDerivedDataCache: Unable to find inner node Pak for hierarchical cache Hierarchy.
[2018.12.18-07.22.35:217][  0]LogDerivedDataCache: FDerivedDataBackendGraph:  CompressedPak pak cache file ../../../../Projet-Unreal/Wukongpointpng/DerivedDataCache/Compressed.ddp not found, will not use a pak cache.
[2018.12.18-07.22.35:217][  0]LogDerivedDataCache: Unable to find inner node CompressedPak for hierarchical cache Hierarchy.
[2018.12.18-07.22.35:278][  0]LogDerivedDataCache: Display: Pak cache opened for reading ../../../Engine/DerivedDataCache/Compressed.ddp.
[2018.12.18-07.22.35:295][  0]LogDerivedDataCache: Using Local data cache path C:/Users/Tom/AppData/Local/UnrealEngine/Common/DerivedDataCache: Writable
[2018.12.18-07.22.35:295][  0]LogDerivedDataCache: Shared data cache path not found in *engine.ini, will not use an Shared cache.
[2018.12.18-07.22.35:295][  0]LogDerivedDataCache: Unable to find inner node Shared for hierarchical cache Hierarchy.
[2018.12.18-07.22.35:349][  0]LogMaterial: Verifying Global Shaders for PCD3D_SM5
[2018.12.18-07.22.35:387][  0]LogSlate: Using FreeType 2.6.0
[2018.12.18-07.22.35:471][  0]LogSlate: SlateFontServices - WITH_FREETYPE: 1, WITH_HARFBUZZ: 1
[2018.12.18-07.22.35:948][  0]LogAssetRegistry: FAssetRegistry took 0.0287 seconds to start up
[2018.12.18-07.22.39:364][  0]LogInit: Selected Device Profile: [Windows]
[2018.12.18-07.22.41:709][  0]LogSimplygon: Simplygon DLL not present - disabling.
[2018.12.18-07.22.41:881][  0]LogMeshReduction: Using SimplygonSwarm for distributed automatic mesh merging
[2018.12.18-07.22.41:882][  0]LogMeshReduction: Using ProxyLODMeshReduction for automatic mesh merging
[2018.12.18-07.22.41:905][  0]LogMeshReduction: Using QuadricMeshReduction for automatic static mesh reduction
[2018.12.18-07.22.41:905][  0]LogMeshReduction: No automatic skeletal mesh reduction module available
[2018.12.18-07.22.42:218][  0]LogNetVersion: Wukongpointpng 1.0.0, NetCL: 4212847, EngineNetVer: 5, GameNetVer: 0 (Checksum: 4139426139)
[2018.12.18-07.22.46:342][  0]LogPackageLocalizationCache: Processed 11 localized package path(s) for 2 prioritized culture(s) in 0.248262 seconds
[2018.12.18-07.22.46:392][  0]LogUObjectArray: 38426 objects as part of root set at end of initial load.
[2018.12.18-07.22.46:392][  0]LogUObjectAllocator: 6691088 out of 0 bytes used by permanent object pool.
[2018.12.18-07.22.46:392][  0]LogUObjectArray: CloseDisregardForGC: 0/0 objects in disregard for GC pool
[2018.12.18-07.22.56:175][  0]LogTcpMessaging: Initializing TcpMessaging bridge
[2018.12.18-07.22.56:212][  0]LogUdpMessaging: Initializing bridge on interface 0.0.0.0:0 to multicast group 230.0.0.1:6666.
[2018.12.18-07.22.57:237][  0]SourceControl: Source control is disabled
[2018.12.18-07.22.57:237][  0]SourceControl: Source control is disabled
[2018.12.18-07.22.57:326][  0]SourceControl: Source control is disabled
[2018.12.18-07.22.57:356][  0]SourceControl: Source control is disabled
[2018.12.18-07.22.58:650][  0]LogAndroidPermission: UAndroidPermissionCallbackProxy::GetInstance
[2018.12.18-07.22.58:835][  0]LogOcInput: OculusInput pre-init called
[2018.12.18-07.22.59:314][  0]LogEngine: Initializing Engine...
[2018.12.18-07.22.59:343][  0]LogHMD: Failed to initialize OpenVR with code 100
[2018.12.18-07.22.59:354][  0]LogStats: UGameplayTagsManager::ConstructGameplayTagTree: ImportINI prefixes -  0.000 s
[2018.12.18-07.22.59:354][  0]LogStats: UGameplayTagsManager::ConstructGameplayTagTree: Construct from data asset -  0.000 s
[2018.12.18-07.22.59:354][  0]LogStats: UGameplayTagsManager::ConstructGameplayTagTree: ImportINI -  0.000 s
[2018.12.18-07.22.59:354][  0]LogStats: UGameplayTagsManager::ConstructGameplayTagTree: GameplayTagTreeChangedEvent.Broadcast -  0.000 s
[2018.12.18-07.23.00:233][  0]LogInit: Initializing FReadOnlyCVARCache
[2018.12.18-07.23.00:600][  0]LogAIModule: Creating AISystem for world Untitled
[2018.12.18-07.23.00:783][  0]LogInit: XAudio2 using 'Speakers (Realtek High Definition Audio)' : 2 channels at 48 kHz using 32 bits per sample (channel mask 0x3)
[2018.12.18-07.23.01:302][  0]LogInit: FAudioDevice initialized.
[2018.12.18-07.23.01:302][  0]LogNetVersion: Set ProjectVersion to 1.0.0.0. Version Checksum will be recalculated on next use.
[2018.12.18-07.23.01:434][  0]LogDerivedDataCache: Saved boot cache 0.13s 71MB C:/Users/Tom/AppData/Local/UnrealEngine/4.20/DerivedDataCache/Boot.ddc.
[2018.12.18-07.23.01:444][  0]LogInit: Texture streaming: Enabled
[2018.12.18-07.23.01:602][  0]LogEngineSessionManager: EngineSessionManager initialized
[2018.12.18-07.23.01:701][  0]LogInit: Transaction tracking system initialized
[2018.12.18-07.23.02:022][  0]BlueprintLog: New page: Editor Load
[2018.12.18-07.23.03:160][  0]LocalizationService: Localization service is disabled
[2018.12.18-07.23.05:557][  0]LogFileCache: Scanning file cache for directory 'D:/Projet-Unreal/Wukongpointpng/Content/' took 0.02s
[2018.12.18-07.23.05:557][  0]LogCook: Display: Max memory allowance for cook 16384mb min free memory 0mb
[2018.12.18-07.23.05:564][  0]LogCook: Display: Mobile HDR setting 1
[2018.12.18-07.23.05:564][  0]LogGameplayTags: Display: UGameplayTagsManager::DoneAddingNativeTags. DelegateIsBound: 0
[2018.12.18-07.23.05:564][  0]LogStats: UGameplayTagsManager::ConstructGameplayTagTree: ImportINI prefixes -  0.000 s
[2018.12.18-07.23.05:564][  0]LogStats: UGameplayTagsManager::ConstructGameplayTagTree: Construct from data asset -  0.000 s
[2018.12.18-07.23.05:564][  0]LogStats: UGameplayTagsManager::ConstructGameplayTagTree: ImportINI -  0.000 s
[2018.12.18-07.23.05:564][  0]LogStats: UGameplayTagsManager::ConstructGameplayTagTree: GameplayTagTreeChangedEvent.Broadcast -  0.000 s
[2018.12.18-07.23.07:827][  0]SourceControl: Source control is disabled
[2018.12.18-07.23.07:855][  0]Cmd: MAP LOAD FILE="../../../../Projet-Unreal/Wukongpointpng/Content/SideScrollerBP/Maps/SideScrollerExampleMap.umap" TEMPLATE=0 SHOWPROGRESS=1 FEATURELEVEL=3
[2018.12.18-07.23.07:889][  0]LightingResults: New page: Lighting Build
[2018.12.18-07.23.08:015][  0]MapCheck: New page: Map Check
[2018.12.18-07.23.08:015][  0]LightingResults: New page: Lighting Build
[2018.12.18-07.23.10:671][  0]LogAIModule: Creating AISystem for world SideScrollerExampleMap
[2018.12.18-07.23.11:305][  0]LogEditorServer: Finished looking for orphan Actors (0.000 secs)
[2018.12.18-07.23.11:459][  0]Cmd: MAP CHECKDEP NOCLEARLOG
[2018.12.18-07.23.11:530][  0]MapCheck: Map check complete: 0 Error(s), 0 Warning(s), took 70,762ms to complete.
[2018.12.18-07.23.11:530][  0]LogFileHelpers: Loading map 'SideScrollerExampleMap' took 3.688
[2018.12.18-07.23.12:672][  0]LogSlate: Updating window title bar state: overlay mode, drag disabled, window buttons hidden, title bar hidden
[2018.12.18-07.23.12:695][  0]LogSlate: Updating window title bar state: overlay mode, drag disabled, window buttons hidden, title bar hidden
[2018.12.18-07.23.12:704][  0]LogSlate: Updating window title bar state: overlay mode, drag disabled, window buttons hidden, title bar hidden
[2018.12.18-07.23.12:712][  0]LogSlate: Updating window title bar state: overlay mode, drag disabled, window buttons hidden, title bar hidden
[2018.12.18-07.23.12:786][  0]LogCollectionManager: Loaded 0 collections in 0.020587 seconds
[2018.12.18-07.23.12:915][  0]LogFileCache: Scanning file cache for directory 'D:/Projet-Unreal/Wukongpointpng/Saved/Collections/' took 0.01s
[2018.12.18-07.23.12:915][  0]LogFileCache: Scanning file cache for directory 'D:/Projet-Unreal/Wukongpointpng/Content/Developers/Tom/Collections/' took 0.01s
[2018.12.18-07.23.12:915][  0]LogFileCache: Scanning file cache for directory 'D:/Projet-Unreal/Wukongpointpng/Content/Collections/' took 0.01s
[2018.12.18-07.23.12:915][  0]LogCollectionManager: Rebuilt the GUID cache for 0 collections in 0.000000 seconds
[2018.12.18-07.23.12:927][  0]LogContentBrowser: Native class hierarchy populated in 0.0109 seconds. Added 2572 classes and 603 folders.
[2018.12.18-07.23.12:996][  0]LogContentBrowser: Native class hierarchy updated for 'WidgetCarousel' in 0.0002 seconds. Added 0 classes and 0 folders.
[2018.12.18-07.23.13:637][  0]LogContentBrowser: Native class hierarchy updated for 'AddContentDialog' in 0.0002 seconds. Added 0 classes and 0 folders.
[2018.12.18-07.23.13:721][  0]LogContentBrowser: Native class hierarchy updated for 'SceneOutliner' in 0.0003 seconds. Added 1 classes and 2 folders.
[2018.12.18-07.23.14:586][  0]LogSlate: Took 0.008798 seconds to synchronously load lazily loaded font '../../../Engine/Content/Slate/Fonts/Roboto-Regular.ttf' (155K)
[2018.12.18-07.23.14:624][  0]LogSlate: Took 0.035161 seconds to synchronously load lazily loaded font '../../../Engine/Content/Slate/Fonts/Roboto-Bold.ttf' (160K)
[2018.12.18-07.23.14:676][  0]LogSlate: Took 0.013303 seconds to synchronously load lazily loaded font '../../../Engine/Content/Editor/Slate/Fonts/FontAwesome.ttf' (139K)
[2018.12.18-07.23.15:088][  0]LogRenderer: Reallocating scene render targets to support 1148x504 Format 10 NumSamples 1 (Frame:1).
[2018.12.18-07.23.15:765][  0]LogContentBrowser: Native class hierarchy updated for 'HierarchicalLODOutliner' in 0.0003 seconds. Added 0 classes and 0 folders.
[2018.12.18-07.23.15:765][  0]LogLoad: (Engine Initialization) Total time: 67.22 seconds
[2018.12.18-07.23.15:765][  0]LogLoad: (Engine Initialization) Total Blueprint compile time: 0.00 seconds
[2018.12.18-07.23.15:895][  0]LogContentStreaming: Texture pool size now 1000 MB
[2018.12.18-07.23.16:098][  0]LogSlate: Took 0.040166 seconds to synchronously load lazily loaded font '../../../Engine/Content/Slate/Fonts/Roboto-Light.ttf' (167K)
[2018.12.18-07.23.16:812][  2]LogAssetRegistry: Asset discovery search completed in 40.8865 seconds
[2018.12.18-07.23.16:813][  2]LogCollectionManager: Rebuilt the object cache for 0 collections in 0.000000 seconds (found 0 objects)
[2018.12.18-07.23.16:813][  2]LogCollectionManager: Fixed up redirectors for 0 collections in 0.000057 seconds (updated 0 objects)
[2018.12.18-07.23.17:200][  3]LogSlate: Took 0.000354 seconds to synchronously load lazily loaded font '../../../Engine/Content/Slate/Fonts/Roboto-Light.ttf' (167K)
[2018.12.18-07.24.27:317][366]LogSlate: FSceneViewport::OnFocusLost() reason 2
[2018.12.18-07.24.28:382][462]LogSlate: FSceneViewport::OnFocusLost() reason 2
[2018.12.18-07.24.28:388][462]LogAssetEditorManager: Opening Asset editor for LevelScriptBlueprint /Game/SideScrollerBP/Maps/SideScrollerExampleMap.SideScrollerExampleMap:PersistentLevel.SideScrollerExampleMap
[2018.12.18-07.24.29:425][462]LogContentBrowser: Native class hierarchy updated for 'BlueprintGraph' in 0.0006 seconds. Added 116 classes and 0 folders.
[2018.12.18-07.24.30:781][462]LogSlate: Took 0.009764 seconds to synchronously load lazily loaded font '../../../Engine/Content/Slate/Fonts/Roboto-BoldCondensed.ttf' (158K)
[2018.12.18-07.24.36:699][ 96]LogSlate: FSceneViewport::OnFocusLost() reason 0
[2018.12.18-07.24.37:044][101]LogSlate: Window 'SideScrollerExampleMap - Level Blueprint Editor' being destroyed
[2018.12.18-07.24.37:053][101]LogSlate: Window 'SideScrollerExampleMap - Level Blueprint Editor' being destroyed
[2018.12.18-07.24.38:121][215]LogSlate: FSceneViewport::OnFocusLost() reason 0
[2018.12.18-07.24.55:857][311]LogAIModule: Creating AISystem for world MainMenu
[2018.12.18-07.24.55:862][311]LogAssetEditorManager: Opening Asset editor for World /Game/SideScrollerBP/Maps/MainMenu.MainMenu
[2018.12.18-07.24.56:189][311]Cmd: MAP LOAD FILE="../../../../Projet-Unreal/Wukongpointpng/Content/SideScrollerBP/Maps/MainMenu.umap" TEMPLATE=0 SHOWPROGRESS=1 FEATURELEVEL=3
[2018.12.18-07.24.56:190][311]LightingResults: New page: Lighting Build
[2018.12.18-07.24.56:191][311]LoadErrors: New page: Loading map: MainMenu.umap
[2018.12.18-07.24.56:191][311]MapCheck: New page: Map Check
[2018.12.18-07.24.56:192][311]LightingResults: New page: Lighting Build
[2018.12.18-07.24.56:339][311]LogEditorServer: Finished looking for orphan Actors (0.000 secs)
[2018.12.18-07.24.56:385][311]Cmd: MAP CHECKDEP NOCLEARLOG
[2018.12.18-07.24.56:466][311]MapCheck: Map check complete: 0 Error(s), 0 Warning(s), took 80,761ms to complete.
[2018.12.18-07.24.56:467][311]LogFileHelpers: Loading map 'MainMenu' took 0.279
[2018.12.18-07.24.57:901][471]LogSlate: FSceneViewport::OnFocusLost() reason 2
[2018.12.18-07.24.58:574][543]LogSlate: FSceneViewport::OnFocusLost() reason 2
[2018.12.18-07.24.58:576][543]LogAssetEditorManager: Opening Asset editor for LevelScriptBlueprint /Game/SideScrollerBP/Maps/MainMenu.MainMenu:PersistentLevel.MainMenu
[2018.12.18-07.24.58:975][544]LogSlate: Took 0.010712 seconds to synchronously load lazily loaded font '../../../Engine/Content/Slate/Fonts/Roboto-Italic.ttf' (157K)
[2018.12.18-07.26.18:923][905]Cmd: OBJ SAVEPACKAGE PACKAGE="/Game/SideScrollerBP/Maps/MainMenu" FILE="../../../../Projet-Unreal/Wukongpointpng/Content/SideScrollerBP/Maps/MainMenu.umap" SILENT=true AUTOSAVING=false KEEPDIRTY=false
[2018.12.18-07.26.19:371][905]LogSavePackage: Moving '../../../../Projet-Unreal/Wukongpointpng/Saved/MainMenu42FF4783446B97CCE1BF4C8EEFD535CD.tmp' to '../../../../Projet-Unreal/Wukongpointpng/Content/SideScrollerBP/Maps/MainMenu.umap'
[2018.12.18-07.26.19:428][905]LogFileHelpers: Saving map 'MainMenu' took 0.598
[2018.12.18-07.27.54:309][771]LogAIModule: Creating AISystem for world SideScrollerExampleMap
[2018.12.18-07.27.54:347][771]LogAssetEditorManager: Opening Asset editor for World /Game/SideScrollerBP/Maps/SideScrollerExampleMap.SideScrollerExampleMap
[2018.12.18-07.27.54:378][771]Cmd: MAP LOAD FILE="../../../../Projet-Unreal/Wukongpointpng/Content/SideScrollerBP/Maps/SideScrollerExampleMap.umap" TEMPLATE=0 SHOWPROGRESS=1 FEATURELEVEL=3
[2018.12.18-07.27.54:378][771]LightingResults: New page: Lighting Build
[2018.12.18-07.27.54:378][771]LoadErrors: New page: Loading map: SideScrollerExampleMap.umap
[2018.12.18-07.27.54:379][771]MapCheck: New page: Map Check
[2018.12.18-07.27.54:379][771]LightingResults: New page: Lighting Build
[2018.12.18-07.27.54:483][771]LogEditorServer: Finished looking for orphan Actors (0.000 secs)
[2018.12.18-07.27.54:528][771]Cmd: MAP CHECKDEP NOCLEARLOG
[2018.12.18-07.27.54:606][771]MapCheck: Map check complete: 0 Error(s), 0 Warning(s), took 78,308ms to complete.
[2018.12.18-07.27.54:608][771]LogFileHelpers: Loading map 'SideScrollerExampleMap' took 0.231
[2018.12.18-07.27.57:956][143]LogEditorViewport: Clicking on Actor (LMB): SideScrollerCharacter_C (SideScrollerCharacter)
[2018.12.18-07.28.00:561][396]LogSlate: FSceneViewport::OnFocusLost() reason 2
[2018.12.18-07.28.00:565][396]LogSlate: Prevented a slow task dialog from being summoned while a context menu was open
[2018.12.18-07.28.09:072][409]LogTemp: Repeating last play command: New Editor Window (PIE)
[2018.12.18-07.28.09:124][409]LogBlueprintUserMessages: Early PlayInEditor Detection: Level '/Game/SideScrollerBP/Maps/SideScrollerExampleMap.SideScrollerExampleMap:PersistentLevel' has LevelScriptBlueprint '/Game/SideScrollerBP/Maps/SideScrollerExampleMap.SideScrollerExampleMap:PersistentLevel.SideScrollerExampleMap' with GeneratedClass '/Game/SideScrollerBP/Maps/SideScrollerExampleMap.SideScrollerExampleMap_C' with ClassGeneratedBy '/Game/SideScrollerBP/Maps/SideScrollerExampleMap.SideScrollerExampleMap:PersistentLevel.SideScrollerExampleMap'
[2018.12.18-07.28.09:124][409]LogPlayLevel: PlayLevel: No blueprints needed recompiling
[2018.12.18-07.28.09:183][409]PIE: New page: PIE session: SideScrollerExampleMap (18 déc. 2018 09:28:09)
[2018.12.18-07.28.09:183][409]LogPlayLevel: Creating play world package: /Game/SideScrollerBP/Maps/UEDPIE_0_SideScrollerExampleMap
[2018.12.18-07.28.09:224][409]LogPlayLevel: PIE: StaticDuplicateObject took: (0.040416s)
[2018.12.18-07.28.09:225][409]LogAIModule: Creating AISystem for world SideScrollerExampleMap
[2018.12.18-07.28.09:226][409]LogPlayLevel: PIE: World Init took: (0.001537s)
[2018.12.18-07.28.09:226][409]LogPlayLevel: PIE: Created PIE world by copying editor world from /Game/SideScrollerBP/Maps/SideScrollerExampleMap.SideScrollerExampleMap to /Game/SideScrollerBP/Maps/UEDPIE_0_SideScrollerExampleMap.SideScrollerExampleMap (0.042525s)
[2018.12.18-07.28.09:293][409]LogInit: XAudio2 using 'Speakers (Realtek High Definition Audio)' : 2 channels at 48 kHz using 32 bits per sample (channel mask 0x3)
[2018.12.18-07.28.09:347][409]LogInit: FAudioDevice initialized.
[2018.12.18-07.28.09:378][409]LogSlate: Updating window title bar state: overlay mode, drag disabled, window buttons hidden, title bar hidden
[2018.12.18-07.28.09:442][409]LogLoad: Game class is 'SideScrollerGameMode_C'
[2018.12.18-07.28.09:463][409]LogWorld: Bringing World /Game/SideScrollerBP/Maps/UEDPIE_0_SideScrollerExampleMap.SideScrollerExampleMap up for play (max tick rate 0) at 2018.12.18-08.28.09
[2018.12.18-07.28.09:489][409]LogWorld: Bringing up level for play took: 0.029103
[2018.12.18-07.28.09:564][409]LogContentBrowser: Native class hierarchy updated for 'MovieSceneCapture' in 0.0003 seconds. Added 10 classes and 0 folders.
[2018.12.18-07.28.09:586][409]PIE: Play in editor start time for /Game/SideScrollerBP/Maps/UEDPIE_0_SideScrollerExampleMap -0,472
[2018.12.18-07.28.09:587][409]LogBlueprintUserMessages: Late PlayInEditor Detection: Level '/Game/SideScrollerBP/Maps/SideScrollerExampleMap.SideScrollerExampleMap:PersistentLevel' has LevelScriptBlueprint '/Game/SideScrollerBP/Maps/SideScrollerExampleMap.SideScrollerExampleMap:PersistentLevel.SideScrollerExampleMap' with GeneratedClass '/Game/SideScrollerBP/Maps/SideScrollerExampleMap.SideScrollerExampleMap_C' with ClassGeneratedBy '/Game/SideScrollerBP/Maps/SideScrollerExampleMap.SideScrollerExampleMap:PersistentLevel.SideScrollerExampleMap'
[2018.12.18-07.28.09:675][409]LogRenderer: Reallocating scene render targets to support 1292x756 Format 10 NumSamples 1 (Frame:1).
[2018.12.18-07.28.14:397][947]LogBlueprintUserMessages: [SideScrollerCharacter_78] 1
[2018.12.18-07.28.15:065][ 26]LogBlueprintUserMessages: [SideScrollerCharacter_78] 2
[2018.12.18-07.28.15:266][ 50]LogBlueprintUserMessages: [SideScrollerCharacter_78] 3
[2018.12.18-07.28.16:400][186]LogBlueprintUserMessages: [SideScrollerCharacter_78] 4
[2018.12.18-07.28.40:837][106]LogBlueprintUserMessages: Early EndPlayMap Detection: Level '/Game/SideScrollerBP/Maps/SideScrollerExampleMap.SideScrollerExampleMap:PersistentLevel' has LevelScriptBlueprint '/Game/SideScrollerBP/Maps/SideScrollerExampleMap.SideScrollerExampleMap:PersistentLevel.SideScrollerExampleMap' with GeneratedClass '/Game/SideScrollerBP/Maps/SideScrollerExampleMap.SideScrollerExampleMap_C' with ClassGeneratedBy '/Game/SideScrollerBP/Maps/SideScrollerExampleMap.SideScrollerExampleMap:PersistentLevel.SideScrollerExampleMap'
[2018.12.18-07.28.41:128][106]LogSlate: Updating window title bar state: overlay mode, drag disabled, window buttons hidden, title bar hidden
[2018.12.18-07.28.41:148][106]LogSlate: Window 'Wukongpointpng Game Preview Standalone (64-bit/PCD3D_SM5)' being destroyed
[2018.12.18-07.28.41:234][106]LogPlayLevel: Display: Shutting down PIE online subsystems
[2018.12.18-07.28.41:235][106]LogBlueprintUserMessages: Late EndPlayMap Detection: Level '/Game/SideScrollerBP/Maps/SideScrollerExampleMap.SideScrollerExampleMap:PersistentLevel' has LevelScriptBlueprint '/Game/SideScrollerBP/Maps/SideScrollerExampleMap.SideScrollerExampleMap:PersistentLevel.SideScrollerExampleMap' with GeneratedClass '/Game/SideScrollerBP/Maps/SideScrollerExampleMap.SideScrollerExampleMap_C' with ClassGeneratedBy '/Game/SideScrollerBP/Maps/SideScrollerExampleMap.SideScrollerExampleMap:PersistentLevel.SideScrollerExampleMap'
[2018.12.18-07.28.41:285][107]LogPlayLevel: Display: Destroying online subsystem :Context_5
[2018.12.18-07.45.29:718][647]LogSlate: FSceneViewport::OnFocusLost() reason 0
[2018.12.18-07.45.38:009][143]LogAssetEditorManager: Opening Asset editor for Blueprint /Game/SideScrollerBP/Blueprints/SideScrollerCharacter.SideScrollerCharacter
[2018.12.18-08.00.08:095][408]LogSlate: FSceneViewport::OnFocusLost() reason 0
[2018.12.18-08.00.08:135][413]LogTemp: Repeating last play command: New Editor Window (PIE)
[2018.12.18-08.00.08:151][413]LogBlueprintUserMessages: Early PlayInEditor Detection: Level '/Game/SideScrollerBP/Maps/SideScrollerExampleMap.SideScrollerExampleMap:PersistentLevel' has LevelScriptBlueprint '/Game/SideScrollerBP/Maps/SideScrollerExampleMap.SideScrollerExampleMap:PersistentLevel.SideScrollerExampleMap' with GeneratedClass '/Game/SideScrollerBP/Maps/SideScrollerExampleMap.SideScrollerExampleMap_C' with ClassGeneratedBy '/Game/SideScrollerBP/Maps/SideScrollerExampleMap.SideScrollerExampleMap:PersistentLevel.SideScrollerExampleMap'
[2018.12.18-08.00.08:151][413]LogPlayLevel: PlayLevel: No blueprints needed recompiling
[2018.12.18-08.00.08:151][413]PIE: New page: PIE session: SideScrollerExampleMap (18 déc. 2018 10:00:08)
[2018.12.18-08.00.08:151][413]LogPlayLevel: Creating play world package: /Game/SideScrollerBP/Maps/UEDPIE_0_SideScrollerExampleMap
[2018.12.18-08.00.08:167][413]LogPlayLevel: PIE: StaticDuplicateObject took: (0.015444s)
[2018.12.18-08.00.08:168][413]LogAIModule: Creating AISystem for world SideScrollerExampleMap
[2018.12.18-08.00.08:169][413]LogPlayLevel: PIE: World Init took: (0.001487s)
[2018.12.18-08.00.08:169][413]LogPlayLevel: PIE: Created PIE world by copying editor world from /Game/SideScrollerBP/Maps/SideScrollerExampleMap.SideScrollerExampleMap to /Game/SideScrollerBP/Maps/UEDPIE_0_SideScrollerExampleMap.SideScrollerExampleMap (0.017242s)
[2018.12.18-08.00.08:215][413]LogInit: XAudio2 using 'Speakers (Realtek High Definition Audio)' : 2 channels at 48 kHz using 32 bits per sample (channel mask 0x3)
[2018.12.18-08.00.08:269][413]LogInit: FAudioDevice initialized.
[2018.12.18-08.00.08:281][413]LogSlate: Updating window title bar state: overlay mode, drag disabled, window buttons hidden, title bar hidden
[2018.12.18-08.00.08:320][413]LogLoad: Game class is 'SideScrollerGameMode_C'
[2018.12.18-08.00.08:324][413]LogWorld: Bringing World /Game/SideScrollerBP/Maps/UEDPIE_0_SideScrollerExampleMap.SideScrollerExampleMap up for play (max tick rate 0) at 2018.12.18-09.00.08
[2018.12.18-08.00.08:325][413]LogWorld: Bringing up level for play took: 0.003048
[2018.12.18-08.00.08:341][413]PIE: Play in editor start time for /Game/SideScrollerBP/Maps/UEDPIE_0_SideScrollerExampleMap 0,282
[2018.12.18-08.00.08:341][413]LogBlueprintUserMessages: Late PlayInEditor Detection: Level '/Game/SideScrollerBP/Maps/SideScrollerExampleMap.SideScrollerExampleMap:PersistentLevel' has LevelScriptBlueprint '/Game/SideScrollerBP/Maps/SideScrollerExampleMap.SideScrollerExampleMap:PersistentLevel.SideScrollerExampleMap' with GeneratedClass '/Game/SideScrollerBP/Maps/SideScrollerExampleMap.SideScrollerExampleMap_C' with ClassGeneratedBy '/Game/SideScrollerBP/Maps/SideScrollerExampleMap.SideScrollerExampleMap:PersistentLevel.SideScrollerExampleMap'
[2018.12.18-08.00.11:087][724]LogBlueprintUserMessages: [SideScrollerCharacter_78] 1
[2018.12.18-08.00.11:287][748]LogBlueprintUserMessages: [SideScrollerCharacter_78] 2
[2018.12.18-08.00.11:597][785]LogBlueprintUserMessages: [SideScrollerCharacter_78] 3
[2018.12.18-08.00.11:938][826]LogBlueprintUserMessages: [SideScrollerCharacter_78] 4
[2018.12.18-08.00.12:257][864]LogBlueprintUserMessages: Early EndPlayMap Detection: Level '/Game/SideScrollerBP/Maps/SideScrollerExampleMap.SideScrollerExampleMap:PersistentLevel' has LevelScriptBlueprint '/Game/SideScrollerBP/Maps/SideScrollerExampleMap.SideScrollerExampleMap:PersistentLevel.SideScrollerExampleMap' with GeneratedClass '/Game/SideScrollerBP/Maps/SideScrollerExampleMap.SideScrollerExampleMap_C' with ClassGeneratedBy '/Game/SideScrollerBP/Maps/SideScrollerExampleMap.SideScrollerExampleMap:PersistentLevel.SideScrollerExampleMap'
[2018.12.18-08.00.12:258][864]LogSlate: Updating window title bar state: overlay mode, drag disabled, window buttons hidden, title bar hidden
[2018.12.18-08.00.12:270][864]LogSlate: Window 'Wukongpointpng Game Preview Standalone (64-bit/PCD3D_SM5)' being destroyed
[2018.12.18-08.00.12:307][864]LogPlayLevel: Display: Shutting down PIE online subsystems
[2018.12.18-08.00.12:307][864]LogBlueprintUserMessages: Late EndPlayMap Detection: Level '/Game/SideScrollerBP/Maps/SideScrollerExampleMap.SideScrollerExampleMap:PersistentLevel' has LevelScriptBlueprint '/Game/SideScrollerBP/Maps/SideScrollerExampleMap.SideScrollerExampleMap:PersistentLevel.SideScrollerExampleMap' with GeneratedClass '/Game/SideScrollerBP/Maps/SideScrollerExampleMap.SideScrollerExampleMap_C' with ClassGeneratedBy '/Game/SideScrollerBP/Maps/SideScrollerExampleMap.SideScrollerExampleMap:PersistentLevel.SideScrollerExampleMap'
[2018.12.18-08.00.12:384][866]LogPlayLevel: Display: Destroying online subsystem :Context_7
[2018.12.18-08.00.16:724][385]LogSlate: FSceneViewport::OnFocusLost() reason 0
[2018.12.18-08.00.16:850][399]LogAssetEditorManager: Opening Asset editor for Blueprint /Game/SideScrollerBP/Blueprints/SideScrollerCharacter.SideScrollerCharacter
[2018.12.18-08.01.16:620][318]LogSlate: Only BGRA pngs, bmps or icos are supported in by External Image Picker
[2018.12.18-08.01.16:733][319]LogTemp: Executing iPhonePackager certificates Engine -bundlename com.YourCompany.Wukongpointpng
[2018.12.18-08.01.16:733][319]LogTemp: CWD: D:\UE_4.20\Engine\Binaries\DotNET\IOS
[2018.12.18-08.01.16:733][319]LogTemp: Initial Dir: D:\UE_4.20
[2018.12.18-08.01.16:733][319]LogTemp: Env CWD: D:\UE_4.20\Engine\Binaries\DotNET\IOS
[2018.12.18-08.01.16:733][319]LogTemp: BranchPath = DESKTOP-22TEGNE/D/UE_4.20/Engine/Binaries --- GameBranchPath = DESKTOP-22TEGNE/D/UE_4.20/Engine/Binaries
[2018.12.18-08.01.16:733][319]LogTemp: IPP ERROR: Could not find provision directory 'C:\Users\Tom\AppData\Local/Apple Computer/MobileDevice/Provisioning Profiles/'.
[2018.12.18-08.01.37:123][274]LogSlate: Window 'Project Settings' being destroyed
[2018.12.18-08.01.37:129][274]LogSlate: Window 'Project Settings' being destroyed
[2018.12.18-08.04.03:785][666]LogAssetEditorManager: Opening Asset editor for Blueprint /Game/StarterContent/Blueprints/Destroy_Target.Destroy_Target
[2018.12.18-08.05.42:877][340]LogSlate: Window 'Destroy_Target' being destroyed
[2018.12.18-08.05.44:171][482]LogActorComponent: UnregisterComponent: (/Engine/Transient.EditorFloorComp) Not registered. Aborting.
[2018.12.18-08.21.08:543][517]LogTemp: Repeating last play command: New Editor Window (PIE)
[2018.12.18-08.21.08:558][517]LogBlueprintUserMessages: Early PlayInEditor Detection: Level '/Game/SideScrollerBP/Maps/SideScrollerExampleMap.SideScrollerExampleMap:PersistentLevel' has LevelScriptBlueprint '/Game/SideScrollerBP/Maps/SideScrollerExampleMap.SideScrollerExampleMap:PersistentLevel.SideScrollerExampleMap' with GeneratedClass '/Game/SideScrollerBP/Maps/SideScrollerExampleMap.SideScrollerExampleMap_C' with ClassGeneratedBy '/Game/SideScrollerBP/Maps/SideScrollerExampleMap.SideScrollerExampleMap:PersistentLevel.SideScrollerExampleMap'
[2018.12.18-08.21.08:558][517]LogPlayLevel: PlayLevel: No blueprints needed recompiling
[2018.12.18-08.21.08:558][517]PIE: New page: PIE session: SideScrollerExampleMap (18 déc. 2018 10:21:08)
[2018.12.18-08.21.08:559][517]LogPlayLevel: Creating play world package: /Game/SideScrollerBP/Maps/UEDPIE_0_SideScrollerExampleMap
[2018.12.18-08.21.08:575][517]LogPlayLevel: PIE: StaticDuplicateObject took: (0.016661s)
[2018.12.18-08.21.08:577][517]LogAIModule: Creating AISystem for world SideScrollerExampleMap
[2018.12.18-08.21.08:578][517]LogPlayLevel: PIE: World Init took: (0.002174s)
[2018.12.18-08.21.08:578][517]LogPlayLevel: PIE: Created PIE world by copying editor world from /Game/SideScrollerBP/Maps/SideScrollerExampleMap.SideScrollerExampleMap to /Game/SideScrollerBP/Maps/UEDPIE_0_SideScrollerExampleMap.SideScrollerExampleMap (0.019458s)
[2018.12.18-08.21.08:627][517]LogInit: XAudio2 using 'Speakers (Realtek High Definition Audio)' : 2 channels at 48 kHz using 32 bits per sample (channel mask 0x3)
[2018.12.18-08.21.08:682][517]LogInit: FAudioDevice initialized.
[2018.12.18-08.21.08:692][517]LogSlate: Updating window title bar state: overlay mode, drag disabled, window buttons hidden, title bar hidden
[2018.12.18-08.21.08:734][517]LogLoad: Game class is 'SideScrollerGameMode_C'
[2018.12.18-08.21.08:738][517]LogWorld: Bringing World /Game/SideScrollerBP/Maps/UEDPIE_0_SideScrollerExampleMap.SideScrollerExampleMap up for play (max tick rate 0) at 2018.12.18-09.21.08
[2018.12.18-08.21.08:738][517]LogWorld: Bringing up level for play took: 0.003194
[2018.12.18-08.21.08:754][517]PIE: Play in editor start time for /Game/SideScrollerBP/Maps/UEDPIE_0_SideScrollerExampleMap 0,696
[2018.12.18-08.21.08:755][517]LogBlueprintUserMessages: Late PlayInEditor Detection: Level '/Game/SideScrollerBP/Maps/SideScrollerExampleMap.SideScrollerExampleMap:PersistentLevel' has LevelScriptBlueprint '/Game/SideScrollerBP/Maps/SideScrollerExampleMap.SideScrollerExampleMap:PersistentLevel.SideScrollerExampleMap' with GeneratedClass '/Game/SideScrollerBP/Maps/SideScrollerExampleMap.SideScrollerExampleMap_C' with ClassGeneratedBy '/Game/SideScrollerBP/Maps/SideScrollerExampleMap.SideScrollerExampleMap:PersistentLevel.SideScrollerExampleMap'
[2018.12.18-08.21.14:128][134]LogBlueprintUserMessages: Early EndPlayMap Detection: Level '/Game/SideScrollerBP/Maps/SideScrollerExampleMap.SideScrollerExampleMap:PersistentLevel' has LevelScriptBlueprint '/Game/SideScrollerBP/Maps/SideScrollerExampleMap.SideScrollerExampleMap:PersistentLevel.SideScrollerExampleMap' with GeneratedClass '/Game/SideScrollerBP/Maps/SideScrollerExampleMap.SideScrollerExampleMap_C' with ClassGeneratedBy '/Game/SideScrollerBP/Maps/SideScrollerExampleMap.SideScrollerExampleMap:PersistentLevel.SideScrollerExampleMap'
[2018.12.18-08.21.14:128][134]LogSlate: Updating window title bar state: overlay mode, drag disabled, window buttons hidden, title bar hidden
[2018.12.18-08.21.14:141][134]LogSlate: Window 'Wukongpointpng Game Preview Standalone (64-bit/PCD3D_SM5)' being destroyed
[2018.12.18-08.21.14:176][134]LogPlayLevel: Display: Shutting down PIE online subsystems
[2018.12.18-08.21.14:177][134]LogBlueprintUserMessages: Late EndPlayMap Detection: Level '/Game/SideScrollerBP/Maps/SideScrollerExampleMap.SideScrollerExampleMap:PersistentLevel' has LevelScriptBlueprint '/Game/SideScrollerBP/Maps/SideScrollerExampleMap.SideScrollerExampleMap:PersistentLevel.SideScrollerExampleMap' with GeneratedClass '/Game/SideScrollerBP/Maps/SideScrollerExampleMap.SideScrollerExampleMap_C' with ClassGeneratedBy '/Game/SideScrollerBP/Maps/SideScrollerExampleMap.SideScrollerExampleMap:PersistentLevel.SideScrollerExampleMap'
[2018.12.18-08.21.14:257][136]LogPlayLevel: Display: Destroying online subsystem :Context_11
[2018.12.18-08.21.15:458][280]LogEditorViewport: Clicking on Actor (LMB): SideScrollerCharacter_C (SideScrollerCharacter)
[2018.12.18-08.21.17:810][547]LogSlate: FSceneViewport::OnFocusLost() reason 0
[2018.12.18-08.21.24:753][362]LogAssetEditorManager: Opening Asset editor for Blueprint /Game/SideScrollerBP/Blueprints/SideScrollerCharacter.SideScrollerCharacter
[2018.12.18-08.24.16:691][420]LogSavePackage: Moving '../../../../Projet-Unreal/Wukongpointpng/Saved/SideScrollerExampleMap_Auto15DDE8626435C6EC56B828E9017CE4569.tmp' to '../../../../Projet-Unreal/Wukongpointpng/Saved/Autosaves/Game/SideScrollerBP/Maps/SideScrollerExampleMap_Auto1.umap'
[2018.12.18-08.24.16:712][420]LogFileHelpers: Editor autosave (incl. sublevels) for '/Game/SideScrollerBP/Maps/SideScrollerExampleMap' took 0.654
[2018.12.18-08.24.16:712][420]LogFileHelpers: Editor autosave (incl. sublevels) for all levels took 0.654
[2018.12.18-08.24.16:717][420]OBJ SavePackage: Generating thumbnails for [1] asset(s) in package [/Game/SideScrollerBP/Blueprints/SideScrollerCharacter] ([1] browsable assets)...
[2018.12.18-08.24.16:758][420]OBJ SavePackage:     Rendered thumbnail for [Blueprint /Game/SideScrollerBP/Blueprints/SideScrollerCharacter.SideScrollerCharacter]
[2018.12.18-08.24.16:758][420]OBJ SavePackage: Finished generating thumbnails for package [/Game/SideScrollerBP/Blueprints/SideScrollerCharacter]
[2018.12.18-08.24.16:856][420]LogSavePackage: Moving '../../../../Projet-Unreal/Wukongpointpng/Saved/SideScrollerCharacter_Auto113D90C434862D1F398F1008BCFC73AE5.tmp' to '../../../../Projet-Unreal/Wukongpointpng/Saved/Autosaves/Game/SideScrollerBP/Blueprints/SideScrollerCharacter_Auto1.uasset'
[2018.12.18-08.24.16:882][420]LogFileHelpers: Auto-saving content packages took 0.168
[2018.12.18-08.31.46:566][108]LogHttp: Warning: 000001EFA217A0C0: request failed, libcurl error: 6 (Couldn't resolve host name)
[2018.12.18-08.31.46:566][108]LogHttp: Warning: 000001EFA217A0C0: libcurl info message cache 0 (Found bundle for host datarouter.ol.epicgames.com: 0x1efdf57bfa0 [can pipeline])
[2018.12.18-08.31.46:566][108]LogHttp: Warning: 000001EFA217A0C0: libcurl info message cache 1 (Re-using existing connection! (#32) with host datarouter.ol.epicgames.com)
[2018.12.18-08.31.46:566][108]LogHttp: Warning: 000001EFA217A0C0: libcurl info message cache 2 (Connected to datarouter.ol.epicgames.com (52.6.198.225) port 443 (#32))
[2018.12.18-08.31.46:566][108]LogHttp: Warning: 000001EFA217A0C0: libcurl info message cache 3 (upload completely sent off: 375 out of 375 bytes)
[2018.12.18-08.31.46:566][108]LogHttp: Warning: 000001EFA217A0C0: libcurl info message cache 4 (TLSv1.2 (IN), TLS alert, Client hello (1):)
[2018.12.18-08.31.46:566][108]LogHttp: Warning: 000001EFA217A0C0: libcurl info message cache 5 (Connection died, retrying a fresh connect)
[2018.12.18-08.31.46:566][108]LogHttp: Warning: 000001EFA217A0C0: libcurl info message cache 6 (Closing connection 32)
[2018.12.18-08.31.46:566][108]LogHttp: Warning: 000001EFA217A0C0: libcurl info message cache 7 (TLSv1.2 (OUT), TLS alert, Client hello (1):)
[2018.12.18-08.31.46:566][108]LogHttp: Warning: 000001EFA217A0C0: libcurl info message cache 8 (Issue another request to this URL: 'https://datarouter.ol.epicgames.com/datarouter/api/v1/public/data?SessionID=%7BFB7D1D85-4BC7-6752-BB2A-2087C74F8D41%7D&AppID=UEEditor.Rocket.Release&AppVersion=4.20.3-4369336%2B%2B%2BUE4%2BRelease-4.20&UserID=0a34d52b47933266f470deb52612c378%7C424d29f0eb3e41838378eaad155bef5d%7C921af401-3263-4114-a3ee-ae18dd84d636&AppEnvironment=datacollector-binary&UploadType=eteventstream')
[2018.12.18-08.31.46:566][108]LogHttp: Warning: 000001EFA217A0C0: libcurl info message cache 9 (Could not resolve host: datarouter.ol.epicgames.com)
[2018.12.18-08.31.46:566][108]LogHttp: Warning: 000001EFA217A0C0: libcurl info message cache 10 (Closing connection 33)
[2018.12.18-08.38.32:580][983]LogSlate: FSceneViewport::OnFocusLost() reason 0
[2018.12.18-08.38.33:662][988]LogSlate: Window 'Save Content' being destroyed
[2018.12.18-08.38.33:796][988]LogSlate: Window 'Wukongpointpng - Unreal Editor' being destroyed
[2018.12.18-08.38.34:081][989]Cmd: QUIT_EDITOR
[2018.12.18-08.38.35:916][989]LogWindowsTextInputMethodSystem: Display: IME system now deactivated.
[2018.12.18-08.38.35:932][989]LogExit: Preparing to exit.
