Log file open, 12/19/18 20:38:20
LogWindows: Failed to load 'aqProf.dll' (GetLastError=126)
LogWindows: File 'aqProf.dll' does not exist
LogWindows: Failed to load 'VSPerf140.dll' (GetLastError=126)
LogWindows: File 'VSPerf140.dll' does not exist
LogWindows: Failed to load 'VtuneApi.dll' (GetLastError=126)
LogWindows: File 'VtuneApi.dll' does not exist
LogWindows: Failed to load 'VtuneApi32e.dll' (GetLastError=126)
LogWindows: File 'VtuneApi32e.dll' does not exist
LogInit: Display: Running engine for game: Wukongpointpng
LogPlatformFile: Not using cached read wrapper
LogTaskGraph: Started task graph with 5 named threads and 23 total threads with 3 sets of task threads.
LogStats: Stats thread started at 0.305610
LogD3D11RHI: Loaded GFSDK_Aftermath_Lib.x64.dll
LogICUInternationalization: Display: ICU TimeZone Detection - Raw Offset: +1:00, Platform Override: ''
LogPluginManager: Mounting plugin Paper2D
LogPluginManager: Mounting plugin AISupport
LogPluginManager: Mounting plugin LightPropagationVolume
LogPluginManager: Mounting plugin CLionSourceCodeAccess
LogPluginManager: Mounting plugin CodeLiteSourceCodeAccess
LogPluginManager: Mounting plugin GitSourceControl
LogPluginManager: Mounting plugin KDevelopSourceCodeAccess
LogPluginManager: Mounting plugin NullSourceCodeAccess
LogPluginManager: Mounting plugin PerforceSourceControl
LogPluginManager: Mounting plugin SubversionSourceControl
LogPluginManager: Mounting plugin UObjectPlugin
LogPluginManager: Mounting plugin VisualStudioCodeSourceCodeAccess
LogPluginManager: Mounting plugin VisualStudioSourceCodeAccess
LogPluginManager: Mounting plugin XCodeSourceCodeAccess
LogPluginManager: Mounting plugin AssetManagerEditor
LogPluginManager: Mounting plugin CryptoKeys
LogPluginManager: Mounting plugin DataValidation
LogPluginManager: Mounting plugin FacialAnimation
LogPluginManager: Mounting plugin GameplayTagsEditor
LogPluginManager: Mounting plugin MacGraphicsSwitching
LogPluginManager: Mounting plugin MeshEditor
LogPluginManager: Mounting plugin MobileLauncherProfileWizard
LogPluginManager: Mounting plugin PluginBrowser
LogPluginManager: Mounting plugin SpeedTreeImporter
LogPluginManager: Mounting plugin DatasmithContent
LogPluginManager: Mounting plugin AlembicImporter
LogPluginManager: Mounting plugin AppleImageUtils
LogPluginManager: Mounting plugin AppleVision
LogPluginManager: Mounting plugin BackChannel
LogPluginManager: Mounting plugin CharacterAI
LogPluginManager: Mounting plugin GeometryCache
LogPluginManager: Mounting plugin HTML5Networking
LogPluginManager: Mounting plugin ProxyLODPlugin
LogPluginManager: Mounting plugin MagicLeap
LogPluginManager: Mounting plugin MagicLeapEmulator
LogPluginManager: Mounting plugin MagicLeapMedia
LogPluginManager: Mounting plugin AndroidMedia
LogPluginManager: Mounting plugin AvfMedia
LogPluginManager: Mounting plugin ImgMedia
LogPluginManager: Mounting plugin LinearTimecode
LogPluginManager: Mounting plugin MediaCompositing
LogPluginManager: Mounting plugin MediaPlayerEditor
LogPluginManager: Mounting plugin WmfMedia
LogPluginManager: Mounting plugin TcpMessaging
LogPluginManager: Mounting plugin UdpMessaging
LogPluginManager: Mounting plugin ActorSequence
LogPluginManager: Mounting plugin LevelSequenceEditor
LogPluginManager: Mounting plugin MatineeToLevelSequence
LogPluginManager: Mounting plugin NetcodeUnitTest
LogPluginManager: Mounting plugin NUTUnrealEngine4
LogPluginManager: Mounting plugin OnlineSubsystemGooglePlay
LogPluginManager: Mounting plugin OnlineSubsystemIOS
LogPluginManager: Mounting plugin OnlineSubsystem
LogPluginManager: Mounting plugin OnlineSubsystemNull
LogPluginManager: Mounting plugin OnlineSubsystemUtils
LogPluginManager: Mounting plugin LauncherChunkInstaller
LogPluginManager: Mounting plugin AndroidDeviceProfileSelector
LogPluginManager: Mounting plugin AndroidMoviePlayer
LogPluginManager: Mounting plugin AndroidPermission
LogPluginManager: Mounting plugin AppleMoviePlayer
LogPluginManager: Mounting plugin ArchVisCharacter
LogPluginManager: Mounting plugin AudioCapture
LogPluginManager: Mounting plugin CableComponent
LogPluginManager: Mounting plugin CustomMeshComponent
LogPluginManager: Mounting plugin EditableMesh
LogPluginManager: Mounting plugin ExampleDeviceProfileSelector
LogPluginManager: Mounting plugin GoogleCloudMessaging
LogPluginManager: Mounting plugin ImmediatePhysics
LogPluginManager: Mounting plugin IOSDeviceProfileSelector
LogPluginManager: Mounting plugin LinuxDeviceProfileSelector
LogPluginManager: Mounting plugin LocationServicesBPLibrary
LogPluginManager: Mounting plugin MobilePatchingUtils
LogPluginManager: Mounting plugin OculusVR
LogPluginManager: Plugin shader directory ../../../Engine/Plugins/Runtime/Oculus/OculusVR/Shaders found
LogPluginManager: Mapping shader source directory ../../../Engine/Plugins/Runtime/Oculus/OculusVR/Shaders to virtual directory /Plugin/OculusVR
LogPluginManager: Mounting plugin PhysXVehicles
LogPluginManager: Mounting plugin ProceduralMeshComponent
LogPluginManager: Mounting plugin RuntimePhysXCooking
LogPluginManager: Mounting plugin SteamVR
LogPluginManager: Mounting plugin WindowsMoviePlayer
LogStreaming: Display: Took  0.120s to configure plugins.
LogInit: Using libcurl 7.55.1-DEV
LogInit:  - built for x86_64-pc-win32
LogInit:  - supports SSL with OpenSSL/1.0.2h
LogInit:  - supports HTTP deflate (compression) using libz 1.2.8
LogInit:  - other features:
LogInit:      CURL_VERSION_SSL
LogInit:      CURL_VERSION_LIBZ
LogInit:      CURL_VERSION_IPV6
LogInit:      CURL_VERSION_ASYNCHDNS
LogInit:      CURL_VERSION_LARGEFILE
LogInit:      CURL_VERSION_IDN
LogInit:  CurlRequestOptions (configurable via config and command line):
LogInit:  - bVerifyPeer = false  - Libcurl will NOT verify peer certificate
LogInit:  - bUseHttpProxy = false  - Libcurl will NOT use HTTP proxy
LogInit:  - bDontReuseConnections = false  - Libcurl will reuse connections
LogInit:  - CertBundlePath = nullptr  - Libcurl will use whatever was configured at build time.
LogInit:  - MaxHostConnections = 16  - Libcurl will limit the number of connections to a host
LogInit:  - LocalHostAddr = Default
LogInit:  - BufferSize = 65536
LogInit: WinSock: version 1.1 (2.2), MaxSocks=32767, MaxUdp=65467
LogInit: Build: ++UE4+Release-4.20-CL-4369336
LogInit: Engine Version: 4.20.3-4369336+++UE4+Release-4.20
LogInit: Compatible Engine Version: 4.20.0-4212847+++UE4+Release-4.20
LogInit: Net CL: 4212847
LogInit: OS: Windows 10 (), CPU: Intel(R) Core(TM) i7-7700HQ CPU @ 2.80GHz, GPU: Intel(R) HD Graphics 630
LogInit: Compiled (64-bit): Sep 17 2018 12:26:19
LogInit: Compiled with Visual C++: 19.13.26129.00
LogInit: Build Configuration: Development
LogInit: Branch Name: ++UE4+Release-4.20
LogInit: Command Line: 
LogInit: Base Directory: D:/Program Files/Epic Games/UE_4.20/Engine/Binaries/Win64/
LogInit: Installed Engine Build: 1
LogDevObjectVersion: Number of dev versions registered: 20
LogDevObjectVersion:   Dev-Blueprints (B0D832E4-1F89-4F0D-ACCF-7EB736FD4AA2): 10
LogDevObjectVersion:   Dev-Build (E1C64328-A22C-4D53-A36C-8E866417BD8C): 0
LogDevObjectVersion:   Dev-Core (375EC13C-06E4-48FB-B500-84F0262A717E): 2
LogDevObjectVersion:   Dev-Editor (E4B068ED-F494-42E9-A231-DA0B2E46BB41): 24
LogDevObjectVersion:   Dev-Framework (CFFC743F-43B0-4480-9391-14DF171D2073): 34
LogDevObjectVersion:   Dev-Mobile (B02B49B5-BB20-44E9-A304-32B752E40360): 2
LogDevObjectVersion:   Dev-Networking (A4E4105C-59A1-49B5-A7C5-40C4547EDFEE): 0
LogDevObjectVersion:   Dev-Online (39C831C9-5AE6-47DC-9A44-9C173E1C8E7C): 0
LogDevObjectVersion:   Dev-Physics (78F01B33-EBEA-4F98-B9B4-84EACCB95AA2): 0
LogDevObjectVersion:   Dev-Platform (6631380F-2D4D-43E0-8009-CF276956A95A): 0
LogDevObjectVersion:   Dev-Rendering (12F88B9F-8875-4AFC-A67C-D90C383ABD29): 26
LogDevObjectVersion:   Dev-Sequencer (7B5AE74C-D270-4C10-A958-57980B212A5A): 9
LogDevObjectVersion:   Dev-VR (D7296918-1DD6-4BDD-9DE2-64A83CC13884): 2
LogDevObjectVersion:   Dev-LoadTimes (C2A15278-BFE7-4AFE-6C17-90FF531DF755): 1
LogDevObjectVersion:   Private-Geometry (6EACA3D4-40EC-4CC1-B786-8BED09428FC5): 3
LogDevObjectVersion:   Dev-AnimPhys (29E575DD-E0A3-4627-9D10-D276232CDCEA): 17
LogDevObjectVersion:   Dev-ReflectionCapture (6B266CEC-1EC7-4B8F-A30B-E4D90942FC07): 1
LogDevObjectVersion:   Dev-Automation (0DF73D61-A23F-47EA-B727-89E90C41499A): 1
LogDevObjectVersion:   FortniteMain (601D1886-AC64-4F84-AA16-D3DE0DEAC7D6): 12
LogDevObjectVersion:   Dev-Enterprise (9DFFBCD6-494F-0158-E221-12823C92A888): 1
LogStreaming: Display: Took  0.006s to delete old logs.
LogInit: Presizing for max 8388607 objects, including 0 objects not considered by GC, pre-allocating 0 bytes for permanent pool.
LogInit: Object subsystem initialized
[2018.12.19-19.38.21:186][  0]LogInit: Selected Device Profile: [Windows]
[2018.12.19-19.38.21:186][  0]LogInit: Applying CVar settings loaded from the selected device profile: [Windows]
[2018.12.19-19.38.21:206][  0]LogHAL: Display: Platform has ~ 16 GB [17059442688 / 17179869184 / 16], which maps to Larger [LargestMinGB=32, LargerMinGB=12, DefaultMinGB=8, SmallerMinGB=6, SmallestMinGB=0)
[2018.12.19-19.38.21:206][  0]LogInit: Setting Device Profile CVar: [[r.Vulkan.UseRealUBs:1]]
[2018.12.19-19.38.21:206][  0]LogInit: Going up to parent DeviceProfile []
[2018.12.19-19.38.21:207][  0]LogInit: Computer: MSI
[2018.12.19-19.38.21:207][  0]LogInit: User: Keke
[2018.12.19-19.38.21:207][  0]LogInit: CPU Page size=4096, Cores=4
[2018.12.19-19.38.21:207][  0]LogInit: High frequency timer resolution =2.742192 MHz
[2018.12.19-19.38.21:207][  0]LogMemory: Memory total: Physical=15.9GB (16GB approx)
[2018.12.19-19.38.21:207][  0]LogMemory: Platform Memory Stats for Windows
[2018.12.19-19.38.21:207][  0]LogMemory: Process Physical Memory: 101.46 MB used, 101.46 MB peak
[2018.12.19-19.38.21:207][  0]LogMemory: Process Virtual Memory: 89.39 MB used, 89.39 MB peak
[2018.12.19-19.38.21:207][  0]LogMemory: Physical Memory: 6909.54 MB used,  9359.61 MB free, 16269.15 MB total
[2018.12.19-19.38.21:207][  0]LogMemory: Virtual Memory: 4643.73 MB used,  9359.61 MB free, 134217728.00 MB total
[2018.12.19-19.38.21:481][  0]LogInit: Using OS detected language (fr-FR).
[2018.12.19-19.38.21:481][  0]LogInit: Using OS detected locale (fr-FR).
[2018.12.19-19.38.21:482][  0]LogTextLocalizationManager: No specific localization for 'fr-FR' exists, so the 'fr' localization will be used.
[2018.12.19-19.38.21:485][  0]LogStreaming: Display: Took  0.004s to InitEngineTextLocalization.
[2018.12.19-19.38.21:486][  0]LogInit: Setting process to per monitor DPI aware
[2018.12.19-19.38.21:520][  0]LogSlate: New Slate User Created.  User Index 0, Is Virtual User: 0
[2018.12.19-19.38.21:520][  0]LogSlate: Slate User Registered.  User Index 0, Is Virtual User: 0
[2018.12.19-19.38.21:970][  0]LogHMD: Failed to initialize OpenVR with code 126
[2018.12.19-19.38.21:970][  0]LogD3D11RHI: D3D11 adapters:
[2018.12.19-19.38.22:049][  0]LogD3D11RHI:    0. 'NVIDIA GeForce GTX 1060' (Feature Level 11_0)
[2018.12.19-19.38.22:049][  0]LogD3D11RHI:       2987/0/8134 MB DedicatedVideo/DedicatedSystem/SharedSystem, Outputs:1, VendorId:0x10de
[2018.12.19-19.38.22:057][  0]LogD3D11RHI:    1. 'Intel(R) HD Graphics 630' (Feature Level 11_0)
[2018.12.19-19.38.22:057][  0]LogD3D11RHI:       128/0/8134 MB DedicatedVideo/DedicatedSystem/SharedSystem, Outputs:0, VendorId:0x8086
[2018.12.19-19.38.22:059][  0]LogD3D11RHI:    2. 'Microsoft Basic Render Driver' (Feature Level 11_0)
[2018.12.19-19.38.22:059][  0]LogD3D11RHI:       0/0/8134 MB DedicatedVideo/DedicatedSystem/SharedSystem, Outputs:0, VendorId:0x1414
[2018.12.19-19.38.22:059][  0]LogD3D11RHI: Chosen D3D11 Adapter: 0
[2018.12.19-19.38.22:088][  0]LogD3D11RHI: Creating new Direct3DDevice
[2018.12.19-19.38.22:088][  0]LogD3D11RHI:     GPU DeviceId: 0x1c20 (for the marketing name, search the web for "GPU Device Id")
[2018.12.19-19.38.22:088][  0]LogWindows: EnumDisplayDevices:
[2018.12.19-19.38.22:089][  0]LogWindows:    0. 'Intel(R) HD Graphics 630' (P:1 D:1)
[2018.12.19-19.38.22:089][  0]LogWindows:    1. 'Intel(R) HD Graphics 630' (P:0 D:0)
[2018.12.19-19.38.22:089][  0]LogWindows:    2. 'Intel(R) HD Graphics 630' (P:0 D:0)
[2018.12.19-19.38.22:090][  0]LogWindows:    3. 'NVIDIA GeForce GTX 1060' (P:0 D:0)
[2018.12.19-19.38.22:090][  0]LogWindows:    4. 'NVIDIA GeForce GTX 1060' (P:0 D:0)
[2018.12.19-19.38.22:090][  0]LogWindows:    5. 'NVIDIA GeForce GTX 1060' (P:0 D:0)
[2018.12.19-19.38.22:091][  0]LogWindows:    6. 'NVIDIA GeForce GTX 1060' (P:0 D:0)
[2018.12.19-19.38.22:091][  0]LogWindows: DebugString: PrimaryIsNotTheChoosenAdapter PrimaryIsNotTheChoosenAdapter PrimaryIsNotTheChoosenAdapter FoundDriverCount:4 
[2018.12.19-19.38.22:091][  0]LogD3D11RHI:     Adapter Name: NVIDIA GeForce GTX 1060
[2018.12.19-19.38.22:091][  0]LogD3D11RHI:   Driver Version: 399.01 (internal:24.21.13.9901, unified:399.01)
[2018.12.19-19.38.22:091][  0]LogD3D11RHI:      Driver Date: 8-13-2018
[2018.12.19-19.38.22:091][  0]LogRHI: Texture pool is 2090 MB (70% of 2987 MB)
[2018.12.19-19.38.22:135][  0]LogD3D11RHI: Async texture creation enabled
[2018.12.19-19.38.22:154][  0]LogD3D11RHI: GPU Timing Frequency: 1000.000000 (Debug: 2 2)
[2018.12.19-19.38.22:156][  0]LogShaderCompilers: Guid format shader working directory is -5 characters bigger than the processId version (C:/Users/Keke/Desktop/Projet_Unreal/Wukongpointpng/Intermediate/Shaders/WorkingDirectory/3740/).
[2018.12.19-19.38.22:156][  0]LogShaderCompilers: Cleaned the shader compiler working directory 'C:/Users/Keke/AppData/Local/Temp/UnrealShaderWorkingDir/5DE6F03D40A075FE73A8EF867EE231F5/'.
[2018.12.19-19.38.22:443][  0]LogTemp: Display: Loaded TP AllDesktopTargetPlatform
[2018.12.19-19.38.22:457][  0]LogTemp: Display: Loaded TP MacClientTargetPlatform
[2018.12.19-19.38.22:472][  0]LogTemp: Display: Loaded TP MacNoEditorTargetPlatform
[2018.12.19-19.38.22:486][  0]LogTemp: Display: Loaded TP MacServerTargetPlatform
[2018.12.19-19.38.22:502][  0]LogTemp: Display: Loaded TP MacTargetPlatform
[2018.12.19-19.38.22:519][  0]LogTemp: Display: Loaded TP WindowsClientTargetPlatform
[2018.12.19-19.38.22:534][  0]LogTemp: Display: Loaded TP WindowsNoEditorTargetPlatform
[2018.12.19-19.38.22:551][  0]LogTemp: Display: Loaded TP WindowsServerTargetPlatform
[2018.12.19-19.38.22:558][  0]LogTemp: Display: Loaded TP WindowsTargetPlatform
[2018.12.19-19.38.22:660][  0]LogTemp: Display: Loaded TP AndroidTargetPlatform
[2018.12.19-19.38.22:660][  0]LogTemp: Display: Loaded TP AndroidTargetPlatform
[2018.12.19-19.38.22:660][  0]LogTemp: Display: Loaded TP AndroidTargetPlatform
[2018.12.19-19.38.22:660][  0]LogTemp: Display: Loaded TP AndroidTargetPlatform
[2018.12.19-19.38.22:660][  0]LogTemp: Display: Loaded TP AndroidTargetPlatform
[2018.12.19-19.38.22:660][  0]LogTemp: Display: Loaded TP AndroidTargetPlatform
[2018.12.19-19.38.22:660][  0]LogTemp: Display: Loaded TP AndroidTargetPlatform
[2018.12.19-19.38.22:660][  0]LogTemp: Display: Loaded TP AndroidTargetPlatform
[2018.12.19-19.38.22:660][  0]LogTemp: Display: Loaded TP AndroidTargetPlatform
[2018.12.19-19.38.22:660][  0]LogTemp: Display: Loaded TP AndroidTargetPlatform
[2018.12.19-19.38.22:660][  0]LogTemp: Display: Loaded TP AndroidTargetPlatform
[2018.12.19-19.38.22:660][  0]LogTemp: Display: Loaded TP AndroidTargetPlatform
[2018.12.19-19.38.22:660][  0]LogTemp: Display: Loaded TP AndroidTargetPlatform
[2018.12.19-19.38.22:660][  0]LogTemp: Display: Loaded TP AndroidTargetPlatform
[2018.12.19-19.38.22:660][  0]LogTemp: Display: Loaded TP AndroidTargetPlatform
[2018.12.19-19.38.22:660][  0]LogTemp: Display: Loaded TP AndroidTargetPlatform
[2018.12.19-19.38.22:660][  0]LogTemp: Display: Loaded TP AndroidTargetPlatform
[2018.12.19-19.38.22:660][  0]LogTemp: Display: Loaded TP AndroidTargetPlatform
[2018.12.19-19.38.22:661][  0]LogTemp: Display: Loaded TP HTML5TargetPlatform
[2018.12.19-19.38.22:724][  0]LogTemp: Display: Loaded TP IOSTargetPlatform
[2018.12.19-19.38.22:724][  0]LogTemp: Display: Loaded TP IOSTargetPlatform
[2018.12.19-19.38.22:751][  0]LogTemp: Display: Loaded TP TVOSTargetPlatform
[2018.12.19-19.38.22:751][  0]LogTemp: Display: Loaded TP TVOSTargetPlatform
[2018.12.19-19.38.22:765][  0]LogTemp: Display: Loaded TP LinuxClientTargetPlatform
[2018.12.19-19.38.22:778][  0]LogTemp: Display: Loaded TP LinuxNoEditorTargetPlatform
[2018.12.19-19.38.22:789][  0]LogTemp: Display: Loaded TP LinuxServerTargetPlatform
[2018.12.19-19.38.22:808][  0]LogTemp: Display: Loaded TP LinuxTargetPlatform
[2018.12.19-19.38.22:817][  0]LogTemp: Display: Loaded TP LuminTargetPlatform
[2018.12.19-19.38.22:817][  0]LogTargetPlatformManager: Display: Building Assets For Windows
[2018.12.19-19.38.22:915][  0]LogXGEController: Cannot use XGE Controller as Incredibuild is not installed on this machine.
[2018.12.19-19.38.22:915][  0]LogShaderCompilers: Cannot use XGE Shader Compiler as Incredibuild is not installed on this machine.
[2018.12.19-19.38.22:915][  0]LogShaderCompilers: Display: Using Local Shader Compiler.
[2018.12.19-19.38.23:737][  0]LogDerivedDataCache: Display: Max Cache Size: 512 MB
[2018.12.19-19.38.23:800][  0]LogDerivedDataCache: Loaded boot cache 0.06s 71MB C:/Users/Keke/AppData/Local/UnrealEngine/4.20/DerivedDataCache/Boot.ddc.
[2018.12.19-19.38.23:801][  0]LogDerivedDataCache: Display: Loaded Boot cache: C:/Users/Keke/AppData/Local/UnrealEngine/4.20/DerivedDataCache/Boot.ddc
[2018.12.19-19.38.23:801][  0]LogDerivedDataCache: FDerivedDataBackendGraph:  Pak pak cache file C:/Users/Keke/Desktop/Projet_Unreal/Wukongpointpng/DerivedDataCache/DDC.ddp not found, will not use a pak cache.
[2018.12.19-19.38.23:801][  0]LogDerivedDataCache: Unable to find inner node Pak for hierarchical cache Hierarchy.
[2018.12.19-19.38.23:801][  0]LogDerivedDataCache: FDerivedDataBackendGraph:  CompressedPak pak cache file C:/Users/Keke/Desktop/Projet_Unreal/Wukongpointpng/DerivedDataCache/Compressed.ddp not found, will not use a pak cache.
[2018.12.19-19.38.23:801][  0]LogDerivedDataCache: Unable to find inner node CompressedPak for hierarchical cache Hierarchy.
[2018.12.19-19.38.23:815][  0]LogDerivedDataCache: Display: Pak cache opened for reading ../../../Engine/DerivedDataCache/Compressed.ddp.
[2018.12.19-19.38.23:827][  0]LogDerivedDataCache: Using Local data cache path C:/Users/Keke/AppData/Local/UnrealEngine/Common/DerivedDataCache: Writable
[2018.12.19-19.38.23:827][  0]LogDerivedDataCache: Shared data cache path not found in *engine.ini, will not use an Shared cache.
[2018.12.19-19.38.23:827][  0]LogDerivedDataCache: Unable to find inner node Shared for hierarchical cache Hierarchy.
[2018.12.19-19.38.23:845][  0]LogMaterial: Verifying Global Shaders for PCD3D_SM5
[2018.12.19-19.38.23:847][  0]LogSlate: Using FreeType 2.6.0
[2018.12.19-19.38.23:848][  0]LogSlate: SlateFontServices - WITH_FREETYPE: 1, WITH_HARFBUZZ: 1
[2018.12.19-19.38.23:938][  0]LogAssetRegistry: FAssetRegistry took 0.0276 seconds to start up
[2018.12.19-19.38.24:296][  0]LogInit: Selected Device Profile: [Windows]
[2018.12.19-19.38.24:467][  0]LogSimplygon: Simplygon DLL not present - disabling.
[2018.12.19-19.38.24:470][  0]LogMeshReduction: Using SimplygonSwarm for distributed automatic mesh merging
[2018.12.19-19.38.24:470][  0]LogMeshReduction: Using ProxyLODMeshReduction for automatic mesh merging
[2018.12.19-19.38.24:470][  0]LogMeshReduction: Using QuadricMeshReduction for automatic static mesh reduction
[2018.12.19-19.38.24:470][  0]LogMeshReduction: No automatic skeletal mesh reduction module available
[2018.12.19-19.38.24:503][  0]LogNetVersion: Wukongpointpng 1.0.0, NetCL: 4212847, EngineNetVer: 5, GameNetVer: 0 (Checksum: 4139426139)
[2018.12.19-19.38.25:120][  0]LogPackageLocalizationCache: Processed 11 localized package path(s) for 2 prioritized culture(s) in 0.140428 seconds
[2018.12.19-19.38.25:128][  0]LogUObjectArray: 38425 objects as part of root set at end of initial load.
[2018.12.19-19.38.25:128][  0]LogUObjectAllocator: 6690872 out of 0 bytes used by permanent object pool.
[2018.12.19-19.38.25:128][  0]LogUObjectArray: CloseDisregardForGC: 0/0 objects in disregard for GC pool
[2018.12.19-19.38.26:228][  0]LogTcpMessaging: Initializing TcpMessaging bridge
[2018.12.19-19.38.26:241][  0]LogUdpMessaging: Initializing bridge on interface 0.0.0.0:0 to multicast group 230.0.0.1:6666.
[2018.12.19-19.38.26:394][  0]SourceControl: Source control is disabled
[2018.12.19-19.38.26:394][  0]SourceControl: Source control is disabled
[2018.12.19-19.38.26:396][  0]SourceControl: Source control is disabled
[2018.12.19-19.38.26:398][  0]SourceControl: Source control is disabled
[2018.12.19-19.38.26:571][  0]LogAndroidPermission: UAndroidPermissionCallbackProxy::GetInstance
[2018.12.19-19.38.26:651][  0]LogOcInput: OculusInput pre-init called
[2018.12.19-19.38.26:722][  0]LogEngine: Initializing Engine...
[2018.12.19-19.38.26:752][  0]LogHMD: Failed to initialize OpenVR with code 126
[2018.12.19-19.38.26:753][  0]LogStats: UGameplayTagsManager::ConstructGameplayTagTree: ImportINI prefixes -  0.000 s
[2018.12.19-19.38.26:753][  0]LogStats: UGameplayTagsManager::ConstructGameplayTagTree: Construct from data asset -  0.000 s
[2018.12.19-19.38.26:754][  0]LogStats: UGameplayTagsManager::ConstructGameplayTagTree: ImportINI -  0.000 s
[2018.12.19-19.38.26:754][  0]LogStats: UGameplayTagsManager::ConstructGameplayTagTree: GameplayTagTreeChangedEvent.Broadcast -  0.000 s
[2018.12.19-19.38.26:987][  0]LogInit: Initializing FReadOnlyCVARCache
[2018.12.19-19.38.27:003][  0]LogAIModule: Creating AISystem for world Untitled
[2018.12.19-19.38.27:021][  0]LogInit: XAudio2 using 'Speakers (Realtek High Definition Audio)' : 6 channels at 48 kHz using 32 bits per sample (channel mask 0x3f)
[2018.12.19-19.38.27:106][  0]LogInit: FAudioDevice initialized.
[2018.12.19-19.38.27:106][  0]LogNetVersion: Set ProjectVersion to 1.0.0.0. Version Checksum will be recalculated on next use.
[2018.12.19-19.38.27:244][  0]LogDerivedDataCache: Saved boot cache 0.14s 71MB C:/Users/Keke/AppData/Local/UnrealEngine/4.20/DerivedDataCache/Boot.ddc.
[2018.12.19-19.38.27:253][  0]LogInit: Texture streaming: Enabled
[2018.12.19-19.38.27:270][  0]LogEngineSessionManager: EngineSessionManager initialized
[2018.12.19-19.38.27:283][  0]LogInit: Transaction tracking system initialized
[2018.12.19-19.38.27:311][  0]BlueprintLog: New page: Editor Load
[2018.12.19-19.38.27:408][  0]LocalizationService: Localization service is disabled
[2018.12.19-19.38.27:741][  0]LogCook: Display: Max memory allowance for cook 16384mb min free memory 0mb
[2018.12.19-19.38.27:741][  0]LogCook: Display: Mobile HDR setting 1
[2018.12.19-19.38.27:741][  0]LogGameplayTags: Display: UGameplayTagsManager::DoneAddingNativeTags. DelegateIsBound: 0
[2018.12.19-19.38.27:741][  0]LogStats: UGameplayTagsManager::ConstructGameplayTagTree: ImportINI prefixes -  0.000 s
[2018.12.19-19.38.27:741][  0]LogStats: UGameplayTagsManager::ConstructGameplayTagTree: Construct from data asset -  0.000 s
[2018.12.19-19.38.27:741][  0]LogStats: UGameplayTagsManager::ConstructGameplayTagTree: ImportINI -  0.000 s
[2018.12.19-19.38.27:741][  0]LogStats: UGameplayTagsManager::ConstructGameplayTagTree: GameplayTagTreeChangedEvent.Broadcast -  0.000 s
[2018.12.19-19.38.28:094][  0]LogFileCache: Scanning file cache for directory 'C:/Users/Keke/Desktop/Projet_Unreal/Wukongpointpng/Content/' took 0.03s
[2018.12.19-19.38.28:101][  0]SourceControl: Source control is disabled
[2018.12.19-19.38.28:101][  0]Cmd: MAP LOAD FILE="C:/Users/Keke/Desktop/Projet_Unreal/Wukongpointpng/Content/SideScrollerBP/Maps/SideScrollerExampleMap.umap" TEMPLATE=0 SHOWPROGRESS=1 FEATURELEVEL=3
[2018.12.19-19.38.28:102][  0]LightingResults: New page: Lighting Build
[2018.12.19-19.38.28:105][  0]MapCheck: New page: Map Check
[2018.12.19-19.38.28:105][  0]LightingResults: New page: Lighting Build
[2018.12.19-19.38.30:234][  0]LogAIModule: Creating AISystem for world SideScrollerExampleMap
[2018.12.19-19.38.30:363][  0]LogEditorServer: Finished looking for orphan Actors (0.000 secs)
[2018.12.19-19.38.30:390][  0]Cmd: MAP CHECKDEP NOCLEARLOG
[2018.12.19-19.38.30:478][  0]MapCheck: Map check complete: 0 Error(s), 0 Warning(s), took 88,236ms to complete.
[2018.12.19-19.38.30:478][  0]LogFileHelpers: Loading map 'SideScrollerExampleMap' took 2.377
[2018.12.19-19.38.30:838][  0]LogSlate: Updating window title bar state: overlay mode, drag disabled, window buttons hidden, title bar hidden
[2018.12.19-19.38.30:846][  0]LogSlate: Updating window title bar state: overlay mode, drag disabled, window buttons hidden, title bar hidden
[2018.12.19-19.38.30:860][  0]LogSlate: Updating window title bar state: overlay mode, drag disabled, window buttons hidden, title bar hidden
[2018.12.19-19.38.30:868][  0]LogSlate: Updating window title bar state: overlay mode, drag disabled, window buttons hidden, title bar hidden
[2018.12.19-19.38.30:880][  0]LogCollectionManager: Loaded 0 collections in 0.001736 seconds
[2018.12.19-19.38.30:968][  0]LogFileCache: Scanning file cache for directory 'C:/Users/Keke/Desktop/Projet_Unreal/Wukongpointpng/Saved/Collections/' took 0.01s
[2018.12.19-19.38.30:968][  0]LogFileCache: Scanning file cache for directory 'C:/Users/Keke/Desktop/Projet_Unreal/Wukongpointpng/Content/Developers/Keke/Collections/' took 0.01s
[2018.12.19-19.38.30:968][  0]LogFileCache: Scanning file cache for directory 'C:/Users/Keke/Desktop/Projet_Unreal/Wukongpointpng/Content/Collections/' took 0.01s
[2018.12.19-19.38.30:968][  0]LogCollectionManager: Rebuilt the GUID cache for 0 collections in 0.000000 seconds
[2018.12.19-19.38.30:979][  0]LogContentBrowser: Native class hierarchy populated in 0.0098 seconds. Added 2572 classes and 603 folders.
[2018.12.19-19.38.31:018][  0]LogContentBrowser: Native class hierarchy updated for 'WidgetCarousel' in 0.0002 seconds. Added 0 classes and 0 folders.
[2018.12.19-19.38.32:496][  0]LogContentBrowser: Native class hierarchy updated for 'AddContentDialog' in 0.0002 seconds. Added 0 classes and 0 folders.
[2018.12.19-19.38.32:537][  0]LogContentBrowser: Native class hierarchy updated for 'SceneOutliner' in 0.0002 seconds. Added 1 classes and 2 folders.
[2018.12.19-19.38.33:184][  0]LogSlate: Took 0.000410 seconds to synchronously load lazily loaded font '../../../Engine/Content/Slate/Fonts/Roboto-Regular.ttf' (155K)
[2018.12.19-19.38.33:188][  0]LogSlate: Took 0.000349 seconds to synchronously load lazily loaded font '../../../Engine/Content/Slate/Fonts/Roboto-Bold.ttf' (160K)
[2018.12.19-19.38.33:236][  0]LogSlate: Took 0.014820 seconds to synchronously load lazily loaded font '../../../Engine/Content/Editor/Slate/Fonts/FontAwesome.ttf' (139K)
[2018.12.19-19.38.33:508][  0]LogRenderer: Reallocating scene render targets to support 840x416 Format 10 NumSamples 1 (Frame:1).
[2018.12.19-19.38.33:841][  0]LogContentBrowser: Native class hierarchy updated for 'HierarchicalLODOutliner' in 0.0003 seconds. Added 0 classes and 0 folders.
[2018.12.19-19.38.33:841][  0]LogLoad: (Engine Initialization) Total time: 15.06 seconds
[2018.12.19-19.38.33:841][  0]LogLoad: (Engine Initialization) Total Blueprint compile time: 0.00 seconds
[2018.12.19-19.38.33:883][  0]LogContentStreaming: Texture pool size now 1000 MB
[2018.12.19-19.38.33:938][  0]LogSlate: Took 0.016644 seconds to synchronously load lazily loaded font '../../../Engine/Content/Slate/Fonts/Roboto-Light.ttf' (167K)
[2018.12.19-19.38.34:201][  1]LogAssetRegistry: Asset discovery search completed in 10.2859 seconds
[2018.12.19-19.38.34:204][  1]LogCollectionManager: Rebuilt the object cache for 0 collections in 0.000000 seconds (found 0 objects)
[2018.12.19-19.38.34:204][  1]LogCollectionManager: Fixed up redirectors for 0 collections in 0.000067 seconds (updated 0 objects)
[2018.12.19-19.38.35:434][  5]LogSlate: Took 0.000490 seconds to synchronously load lazily loaded font '../../../Engine/Content/Slate/Fonts/Roboto-Light.ttf' (167K)
[2018.12.19-19.38.37:435][120]LogSlate: FSceneViewport::OnFocusLost() reason 0
[2018.12.19-19.38.37:601][133]LogAssetEditorManager: Opening Asset editor for Blueprint /Game/StarterContent/Blueprints/POWER_Help_Forest1.POWER_Help_Forest1
[2018.12.19-19.38.38:597][133]LogContentBrowser: Native class hierarchy updated for 'BlueprintGraph' in 0.0014 seconds. Added 116 classes and 0 folders.
[2018.12.19-19.38.40:048][133]LogSlate: Took 0.014673 seconds to synchronously load lazily loaded font '../../../Engine/Content/Slate/Fonts/Roboto-BoldCondensed.ttf' (158K)
[2018.12.19-19.38.43:642][524]LogRenderer: Reallocating scene render targets to support 880x492 Format 10 NumSamples 1 (Frame:1).
[2018.12.19-19.38.50:577][265]LogSlate: Took 0.046812 seconds to synchronously load lazily loaded font '../../../Engine/Content/Slate/Fonts/Roboto-Italic.ttf' (157K)
[2018.12.19-19.38.50:988][312]LogSlate: FSceneViewport::OnFocusLost() reason 0
[2018.12.19-19.39.58:629][297]LogClass: Warning: In asset 'None', there is an enum property of type 'ECollisionEnabled' with an invalid value of ''
[2018.12.19-19.39.58:629][297]LogClass: Warning: In asset 'None', there is an enum property of type 'ECollisionEnabled' with an invalid value of ''
[2018.12.19-19.40.16:696][448]LogClass: Warning: In asset 'None', there is an enum property of type 'ECanBeCharacterBase' with an invalid value of ''
[2018.12.19-19.40.16:696][448]LogClass: Warning: In asset 'None', there is an enum property of type 'ECanBeCharacterBase' with an invalid value of ''
[2018.12.19-19.40.20:690][917]BlueprintLog: New page: Compile POWER_Help_Forest1
[2018.12.19-19.40.21:493][950]LogSavePackage: Moving 'C:/Users/Keke/Desktop/Projet_Unreal/Wukongpointpng/Saved/POWER_Help_Forest1EADC33A041D1FDC4CFD504AFBD6508CD.tmp' to 'C:/Users/Keke/Desktop/Projet_Unreal/Wukongpointpng/Content/StarterContent/Blueprints/POWER_Help_Forest1.uasset'
[2018.12.19-19.40.22:668][ 82]LogTemp: Repeating last play command: New Editor Window (PIE)
[2018.12.19-19.40.22:691][ 82]LogBlueprintUserMessages: Early PlayInEditor Detection: Level '/Game/SideScrollerBP/Maps/SideScrollerExampleMap.SideScrollerExampleMap:PersistentLevel' has LevelScriptBlueprint '/Game/SideScrollerBP/Maps/SideScrollerExampleMap.SideScrollerExampleMap:PersistentLevel.SideScrollerExampleMap' with GeneratedClass '/Game/SideScrollerBP/Maps/SideScrollerExampleMap.SideScrollerExampleMap_C' with ClassGeneratedBy '/Game/SideScrollerBP/Maps/SideScrollerExampleMap.SideScrollerExampleMap:PersistentLevel.SideScrollerExampleMap'
[2018.12.19-19.40.22:692][ 82]LogPlayLevel: PlayLevel: No blueprints needed recompiling
[2018.12.19-19.40.22:722][ 82]PIE: New page: PIE session: SideScrollerExampleMap (19 déc. 2018 21:40:22)
[2018.12.19-19.40.22:722][ 82]LogPlayLevel: Creating play world package: /Game/SideScrollerBP/Maps/UEDPIE_0_SideScrollerExampleMap
[2018.12.19-19.40.22:772][ 82]LogPlayLevel: PIE: StaticDuplicateObject took: (0.049417s)
[2018.12.19-19.40.22:772][ 82]LogAIModule: Creating AISystem for world SideScrollerExampleMap
[2018.12.19-19.40.22:772][ 82]LogPlayLevel: PIE: World Init took: (0.000644s)
[2018.12.19-19.40.22:772][ 82]LogPlayLevel: PIE: Created PIE world by copying editor world from /Game/SideScrollerBP/Maps/SideScrollerExampleMap.SideScrollerExampleMap to /Game/SideScrollerBP/Maps/UEDPIE_0_SideScrollerExampleMap.SideScrollerExampleMap (0.050246s)
[2018.12.19-19.40.22:818][ 82]LogInit: XAudio2 using 'Speakers (Realtek High Definition Audio)' : 6 channels at 48 kHz using 32 bits per sample (channel mask 0x3f)
[2018.12.19-19.40.22:892][ 82]LogInit: FAudioDevice initialized.
[2018.12.19-19.40.22:912][ 82]LogSlate: Updating window title bar state: overlay mode, drag disabled, window buttons hidden, title bar hidden
[2018.12.19-19.40.23:041][ 82]LogLoad: Game class is 'SideScrollerGameMode_C'
[2018.12.19-19.40.23:059][ 82]LogWorld: Bringing World /Game/SideScrollerBP/Maps/UEDPIE_0_SideScrollerExampleMap.SideScrollerExampleMap up for play (max tick rate 0) at 2018.12.19-20.40.23
[2018.12.19-19.40.23:073][ 82]LogWorld: Bringing up level for play took: 0.023507
[2018.12.19-19.40.23:150][ 82]LogContentBrowser: Native class hierarchy updated for 'MovieSceneCapture' in 0.0003 seconds. Added 10 classes and 0 folders.
[2018.12.19-19.40.23:154][ 82]PIE: Play in editor start time for /Game/SideScrollerBP/Maps/UEDPIE_0_SideScrollerExampleMap -0,403
[2018.12.19-19.40.23:160][ 82]LogBlueprintUserMessages: Late PlayInEditor Detection: Level '/Game/SideScrollerBP/Maps/SideScrollerExampleMap.SideScrollerExampleMap:PersistentLevel' has LevelScriptBlueprint '/Game/SideScrollerBP/Maps/SideScrollerExampleMap.SideScrollerExampleMap:PersistentLevel.SideScrollerExampleMap' with GeneratedClass '/Game/SideScrollerBP/Maps/SideScrollerExampleMap.SideScrollerExampleMap_C' with ClassGeneratedBy '/Game/SideScrollerBP/Maps/SideScrollerExampleMap.SideScrollerExampleMap:PersistentLevel.SideScrollerExampleMap'
[2018.12.19-19.40.23:227][ 82]LogRenderer: Reallocating scene render targets to support 1024x576 Format 10 NumSamples 1 (Frame:1).
[2018.12.19-19.40.33:037][135]LogBlueprintUserMessages: Early EndPlayMap Detection: Level '/Game/SideScrollerBP/Maps/SideScrollerExampleMap.SideScrollerExampleMap:PersistentLevel' has LevelScriptBlueprint '/Game/SideScrollerBP/Maps/SideScrollerExampleMap.SideScrollerExampleMap:PersistentLevel.SideScrollerExampleMap' with GeneratedClass '/Game/SideScrollerBP/Maps/SideScrollerExampleMap.SideScrollerExampleMap_C' with ClassGeneratedBy '/Game/SideScrollerBP/Maps/SideScrollerExampleMap.SideScrollerExampleMap:PersistentLevel.SideScrollerExampleMap'
[2018.12.19-19.40.33:038][135]LogSlate: Updating window title bar state: overlay mode, drag disabled, window buttons hidden, title bar hidden
[2018.12.19-19.40.33:062][135]LogSlate: Window 'Wukongpointpng Game Preview Standalone (64-bit/PCD3D_SM5)' being destroyed
[2018.12.19-19.40.33:094][135]LogPlayLevel: Display: Shutting down PIE online subsystems
[2018.12.19-19.40.33:095][135]LogBlueprintUserMessages: Late EndPlayMap Detection: Level '/Game/SideScrollerBP/Maps/SideScrollerExampleMap.SideScrollerExampleMap:PersistentLevel' has LevelScriptBlueprint '/Game/SideScrollerBP/Maps/SideScrollerExampleMap.SideScrollerExampleMap:PersistentLevel.SideScrollerExampleMap' with GeneratedClass '/Game/SideScrollerBP/Maps/SideScrollerExampleMap.SideScrollerExampleMap_C' with ClassGeneratedBy '/Game/SideScrollerBP/Maps/SideScrollerExampleMap.SideScrollerExampleMap:PersistentLevel.SideScrollerExampleMap'
[2018.12.19-19.40.33:159][136]LogPlayLevel: Display: Destroying online subsystem :Context_8
[2018.12.19-19.41.39:089][918]LogAssetEditorManager: Opening Asset editor for Blueprint /Game/SideScrollerBP/Blueprints/SideScrollerCharacter.SideScrollerCharacter
[2018.12.19-19.43.29:412][630]BlueprintLog: New page: Compile SideScrollerCharacter
[2018.12.19-19.43.29:493][630]LogBlueprint: Warning: [Compiler SideScrollerCharacter] Could not find a variable named "Box" in 'SideScrollerCharacter_C'.
Make sure 'SideScrollerCharacter_C' has been compiled for  Get Box
[2018.12.19-19.43.29:498][630]LogBlueprint: Error: [Compiler SideScrollerCharacter] The property associated with  Box  could not be found in '/Game/SideScrollerBP/Blueprints/SideScrollerCharacter.SideScrollerCharacter_C'
[2018.12.19-19.43.29:704][630]LogBlueprint: Warning: [Compiler SideScrollerCharacter] [0310,92] Compile of SideScrollerCharacter failed. 1 Fatal Issue(s) 1 Warning(s) [in 291 ms] (/Game/SideScrollerBP/Blueprints/SideScrollerCharacter.SideScrollerCharacter)
[2018.12.19-19.43.57:553][521]LogSelectionDetails: Warning: NavigateToFunctionSource:  Unable to find symbols for 'UPrimitiveComponent::AddImpulse' [Élément introuvable.]
[2018.12.19-19.44.06:642][407]BlueprintLog: New page: Compile SideScrollerCharacter
[2018.12.19-19.44.07:354][417]LogSavePackage: Moving 'C:/Users/Keke/Desktop/Projet_Unreal/Wukongpointpng/Saved/SideScrollerCharacterE818458B4C9840FEBEA3DB90127C1EA4.tmp' to 'C:/Users/Keke/Desktop/Projet_Unreal/Wukongpointpng/Content/SideScrollerBP/Blueprints/SideScrollerCharacter.uasset'
[2018.12.19-19.44.08:365][530]LogTemp: Repeating last play command: New Editor Window (PIE)
[2018.12.19-19.44.08:412][530]LogBlueprintUserMessages: Early PlayInEditor Detection: Level '/Game/SideScrollerBP/Maps/SideScrollerExampleMap.SideScrollerExampleMap:PersistentLevel' has LevelScriptBlueprint '/Game/SideScrollerBP/Maps/SideScrollerExampleMap.SideScrollerExampleMap:PersistentLevel.SideScrollerExampleMap' with GeneratedClass '/Game/SideScrollerBP/Maps/SideScrollerExampleMap.SideScrollerExampleMap_C' with ClassGeneratedBy '/Game/SideScrollerBP/Maps/SideScrollerExampleMap.SideScrollerExampleMap:PersistentLevel.SideScrollerExampleMap'
[2018.12.19-19.44.08:412][530]BlueprintLog: New page: Pre-Play auto-recompile
[2018.12.19-19.44.08:418][530]LogPlayLevel: [PlayLevel] Compiling POWER_Help_Forest1 before play...
[2018.12.19-19.44.08:629][530]LogPlayLevel: PlayLevel: Blueprint regeneration took 215 ms (1 blueprints)
[2018.12.19-19.44.08:629][530]PIE: New page: PIE session: SideScrollerExampleMap (19 déc. 2018 21:44:08)
[2018.12.19-19.44.08:629][530]LogPlayLevel: Creating play world package: /Game/SideScrollerBP/Maps/UEDPIE_0_SideScrollerExampleMap
[2018.12.19-19.44.08:643][530]LogPlayLevel: PIE: StaticDuplicateObject took: (0.014094s)
[2018.12.19-19.44.08:644][530]LogAIModule: Creating AISystem for world SideScrollerExampleMap
[2018.12.19-19.44.08:645][530]LogPlayLevel: PIE: World Init took: (0.001222s)
[2018.12.19-19.44.08:645][530]LogPlayLevel: PIE: Created PIE world by copying editor world from /Game/SideScrollerBP/Maps/SideScrollerExampleMap.SideScrollerExampleMap to /Game/SideScrollerBP/Maps/UEDPIE_0_SideScrollerExampleMap.SideScrollerExampleMap (0.015514s)
[2018.12.19-19.44.08:698][530]LogInit: XAudio2 using 'Speakers (Realtek High Definition Audio)' : 6 channels at 48 kHz using 32 bits per sample (channel mask 0x3f)
[2018.12.19-19.44.08:767][530]LogInit: FAudioDevice initialized.
[2018.12.19-19.44.08:773][530]LogSlate: Updating window title bar state: overlay mode, drag disabled, window buttons hidden, title bar hidden
[2018.12.19-19.44.08:849][530]LogLoad: Game class is 'SideScrollerGameMode_C'
[2018.12.19-19.44.08:852][530]LogWorld: Bringing World /Game/SideScrollerBP/Maps/UEDPIE_0_SideScrollerExampleMap.SideScrollerExampleMap up for play (max tick rate 0) at 2018.12.19-20.44.08
[2018.12.19-19.44.08:853][530]LogWorld: Bringing up level for play took: 0.002718
[2018.12.19-19.44.08:869][530]PIE: Play in editor start time for /Game/SideScrollerBP/Maps/UEDPIE_0_SideScrollerExampleMap 1,312
[2018.12.19-19.44.08:869][530]LogBlueprintUserMessages: Late PlayInEditor Detection: Level '/Game/SideScrollerBP/Maps/SideScrollerExampleMap.SideScrollerExampleMap:PersistentLevel' has LevelScriptBlueprint '/Game/SideScrollerBP/Maps/SideScrollerExampleMap.SideScrollerExampleMap:PersistentLevel.SideScrollerExampleMap' with GeneratedClass '/Game/SideScrollerBP/Maps/SideScrollerExampleMap.SideScrollerExampleMap_C' with ClassGeneratedBy '/Game/SideScrollerBP/Maps/SideScrollerExampleMap.SideScrollerExampleMap:PersistentLevel.SideScrollerExampleMap'
[2018.12.19-19.44.09:409][579]PIE: Warning: SideScrollerCharacter_78.Spawn_Wolf has to have 'Simulate Physics' enabled if you'd like to AddImpulse. 
[2018.12.19-19.44.10:710][716]LogCharacterMovement: SideScrollerCharacter_78 is stuck and failed to move! Velocity: X=0.00 Y=17.07 Z=0.00 Location: X=1190.00 Y=1474.72 Z=1789.99 Normal: X=0.00 Y=-1.00 Z=0.00 PenetrationDepth:17.222 Actor:POWER_Help_Forest1_C_0 Component:SkeletalMesh BoneName:CG (0 other events since notify)
[2018.12.19-19.44.11:680][821]LogCharacterMovement: SideScrollerCharacter_78 is stuck and failed to move! Velocity: X=0.00 Y=156.76 Z=0.00 Location: X=1190.00 Y=1476.59 Z=1795.18 Normal: X=0.00 Y=-1.00 Z=0.00 PenetrationDepth:19.098 Actor:POWER_Help_Forest1_C_0 Component:SkeletalMesh BoneName:CG (72 other events since notify)
[2018.12.19-19.44.12:763][939]LogCharacterMovement: SideScrollerCharacter_78 is stuck and failed to move! Velocity: X=0.00 Y=-19.17 Z=0.00 Location: X=1190.00 Y=1478.68 Z=1791.59 Normal: X=0.02 Y=1.00 Z=0.00 PenetrationDepth:9.617 Actor:POWER_Help_Forest1_C_0 Component:SkeletalMesh BoneName:Neck (59 other events since notify)
[2018.12.19-19.44.13:814][ 52]LogBlueprintUserMessages: Early EndPlayMap Detection: Level '/Game/SideScrollerBP/Maps/SideScrollerExampleMap.SideScrollerExampleMap:PersistentLevel' has LevelScriptBlueprint '/Game/SideScrollerBP/Maps/SideScrollerExampleMap.SideScrollerExampleMap:PersistentLevel.SideScrollerExampleMap' with GeneratedClass '/Game/SideScrollerBP/Maps/SideScrollerExampleMap.SideScrollerExampleMap_C' with ClassGeneratedBy '/Game/SideScrollerBP/Maps/SideScrollerExampleMap.SideScrollerExampleMap:PersistentLevel.SideScrollerExampleMap'
[2018.12.19-19.44.13:815][ 52]LogSlate: Updating window title bar state: overlay mode, drag disabled, window buttons hidden, title bar hidden
[2018.12.19-19.44.13:844][ 52]LogSlate: Window 'Wukongpointpng Game Preview Standalone (64-bit/PCD3D_SM5)' being destroyed
[2018.12.19-19.44.13:879][ 52]LogPlayLevel: Display: Shutting down PIE online subsystems
[2018.12.19-19.44.13:879][ 52]LogBlueprintUserMessages: Late EndPlayMap Detection: Level '/Game/SideScrollerBP/Maps/SideScrollerExampleMap.SideScrollerExampleMap:PersistentLevel' has LevelScriptBlueprint '/Game/SideScrollerBP/Maps/SideScrollerExampleMap.SideScrollerExampleMap:PersistentLevel.SideScrollerExampleMap' with GeneratedClass '/Game/SideScrollerBP/Maps/SideScrollerExampleMap.SideScrollerExampleMap_C' with ClassGeneratedBy '/Game/SideScrollerBP/Maps/SideScrollerExampleMap.SideScrollerExampleMap:PersistentLevel.SideScrollerExampleMap'
[2018.12.19-19.44.13:960][ 53]LogPlayLevel: Display: Destroying online subsystem :Context_11
[2018.12.19-19.44.24:467][212]LogClass: Warning: In asset 'None', there is an enum property of type 'ECollisionEnabled' with an invalid value of ''
[2018.12.19-19.44.24:467][212]LogClass: Warning: In asset 'None', there is an enum property of type 'ECollisionEnabled' with an invalid value of ''
[2018.12.19-19.44.24:467][212]LogClass: Warning: In asset 'None', there is an enum property of type 'ECollisionEnabled' with an invalid value of ''
[2018.12.19-19.44.24:476][212]LogClass: Warning: In asset 'None', there is an enum property of type 'ECollisionChannel' with an invalid value of ''
[2018.12.19-19.44.24:476][212]LogClass: Warning: In asset 'None', there is an enum property of type 'ECollisionChannel' with an invalid value of ''
[2018.12.19-19.44.24:476][212]LogClass: Warning: In asset 'None', there is an enum property of type 'ECollisionChannel' with an invalid value of ''
[2018.12.19-19.44.25:685][347]BlueprintLog: New page: Compile POWER_Help_Forest1
[2018.12.19-19.44.30:039][817]LogClass: Warning: In asset 'None', there is an enum property of type 'ECollisionEnabled' with an invalid value of ''
[2018.12.19-19.44.30:039][817]LogClass: Warning: In asset 'None', there is an enum property of type 'ECollisionEnabled' with an invalid value of ''
[2018.12.19-19.44.30:043][817]LogClass: Warning: In asset 'None', there is an enum property of type 'ECollisionChannel' with an invalid value of ''
[2018.12.19-19.44.30:043][817]LogClass: Warning: In asset 'None', there is an enum property of type 'ECollisionChannel' with an invalid value of ''
[2018.12.19-19.44.30:797][899]BlueprintLog: New page: Compile POWER_Help_Forest1
[2018.12.19-19.44.31:579][951]LogSavePackage: Moving 'C:/Users/Keke/Desktop/Projet_Unreal/Wukongpointpng/Saved/POWER_Help_Forest1BA6C0FDF4C61FB7D6A45A8AACCEC7E7F.tmp' to 'C:/Users/Keke/Desktop/Projet_Unreal/Wukongpointpng/Content/StarterContent/Blueprints/POWER_Help_Forest1.uasset'
[2018.12.19-19.44.32:730][ 83]LogTemp: Repeating last play command: New Editor Window (PIE)
[2018.12.19-19.44.32:753][ 83]LogBlueprintUserMessages: Early PlayInEditor Detection: Level '/Game/SideScrollerBP/Maps/SideScrollerExampleMap.SideScrollerExampleMap:PersistentLevel' has LevelScriptBlueprint '/Game/SideScrollerBP/Maps/SideScrollerExampleMap.SideScrollerExampleMap:PersistentLevel.SideScrollerExampleMap' with GeneratedClass '/Game/SideScrollerBP/Maps/SideScrollerExampleMap.SideScrollerExampleMap_C' with ClassGeneratedBy '/Game/SideScrollerBP/Maps/SideScrollerExampleMap.SideScrollerExampleMap:PersistentLevel.SideScrollerExampleMap'
[2018.12.19-19.44.32:754][ 83]LogPlayLevel: PlayLevel: No blueprints needed recompiling
[2018.12.19-19.44.32:754][ 83]PIE: New page: PIE session: SideScrollerExampleMap (19 déc. 2018 21:44:32)
[2018.12.19-19.44.32:754][ 83]LogPlayLevel: Creating play world package: /Game/SideScrollerBP/Maps/UEDPIE_0_SideScrollerExampleMap
[2018.12.19-19.44.32:767][ 83]LogPlayLevel: PIE: StaticDuplicateObject took: (0.012642s)
[2018.12.19-19.44.32:767][ 83]LogAIModule: Creating AISystem for world SideScrollerExampleMap
[2018.12.19-19.44.32:768][ 83]LogPlayLevel: PIE: World Init took: (0.001113s)
[2018.12.19-19.44.32:768][ 83]LogPlayLevel: PIE: Created PIE world by copying editor world from /Game/SideScrollerBP/Maps/SideScrollerExampleMap.SideScrollerExampleMap to /Game/SideScrollerBP/Maps/UEDPIE_0_SideScrollerExampleMap.SideScrollerExampleMap (0.013967s)
[2018.12.19-19.44.32:818][ 83]LogInit: XAudio2 using 'Speakers (Realtek High Definition Audio)' : 6 channels at 48 kHz using 32 bits per sample (channel mask 0x3f)
[2018.12.19-19.44.32:897][ 83]LogInit: FAudioDevice initialized.
[2018.12.19-19.44.32:905][ 83]LogSlate: Updating window title bar state: overlay mode, drag disabled, window buttons hidden, title bar hidden
[2018.12.19-19.44.32:988][ 83]LogLoad: Game class is 'SideScrollerGameMode_C'
[2018.12.19-19.44.32:991][ 83]LogWorld: Bringing World /Game/SideScrollerBP/Maps/UEDPIE_0_SideScrollerExampleMap.SideScrollerExampleMap up for play (max tick rate 0) at 2018.12.19-20.44.32
[2018.12.19-19.44.32:992][ 83]LogWorld: Bringing up level for play took: 0.002373
[2018.12.19-19.44.33:009][ 83]PIE: Play in editor start time for /Game/SideScrollerBP/Maps/UEDPIE_0_SideScrollerExampleMap -0,548
[2018.12.19-19.44.33:009][ 83]LogBlueprintUserMessages: Late PlayInEditor Detection: Level '/Game/SideScrollerBP/Maps/SideScrollerExampleMap.SideScrollerExampleMap:PersistentLevel' has LevelScriptBlueprint '/Game/SideScrollerBP/Maps/SideScrollerExampleMap.SideScrollerExampleMap:PersistentLevel.SideScrollerExampleMap' with GeneratedClass '/Game/SideScrollerBP/Maps/SideScrollerExampleMap.SideScrollerExampleMap_C' with ClassGeneratedBy '/Game/SideScrollerBP/Maps/SideScrollerExampleMap.SideScrollerExampleMap:PersistentLevel.SideScrollerExampleMap'
[2018.12.19-19.44.33:449][123]PIE: Warning: SideScrollerCharacter_78.Spawn_Wolf has to have 'Simulate Physics' enabled if you'd like to AddImpulse. 
[2018.12.19-19.44.34:225][207]LogBlueprintUserMessages: Early EndPlayMap Detection: Level '/Game/SideScrollerBP/Maps/SideScrollerExampleMap.SideScrollerExampleMap:PersistentLevel' has LevelScriptBlueprint '/Game/SideScrollerBP/Maps/SideScrollerExampleMap.SideScrollerExampleMap:PersistentLevel.SideScrollerExampleMap' with GeneratedClass '/Game/SideScrollerBP/Maps/SideScrollerExampleMap.SideScrollerExampleMap_C' with ClassGeneratedBy '/Game/SideScrollerBP/Maps/SideScrollerExampleMap.SideScrollerExampleMap:PersistentLevel.SideScrollerExampleMap'
[2018.12.19-19.44.34:225][207]LogSlate: Updating window title bar state: overlay mode, drag disabled, window buttons hidden, title bar hidden
[2018.12.19-19.44.34:256][207]LogSlate: Window 'Wukongpointpng Game Preview Standalone (64-bit/PCD3D_SM5)' being destroyed
[2018.12.19-19.44.34:295][207]LogPlayLevel: Display: Shutting down PIE online subsystems
[2018.12.19-19.44.34:295][207]LogBlueprintUserMessages: Late EndPlayMap Detection: Level '/Game/SideScrollerBP/Maps/SideScrollerExampleMap.SideScrollerExampleMap:PersistentLevel' has LevelScriptBlueprint '/Game/SideScrollerBP/Maps/SideScrollerExampleMap.SideScrollerExampleMap:PersistentLevel.SideScrollerExampleMap' with GeneratedClass '/Game/SideScrollerBP/Maps/SideScrollerExampleMap.SideScrollerExampleMap_C' with ClassGeneratedBy '/Game/SideScrollerBP/Maps/SideScrollerExampleMap.SideScrollerExampleMap:PersistentLevel.SideScrollerExampleMap'
[2018.12.19-19.44.34:385][208]LogPlayLevel: Display: Destroying online subsystem :Context_12
[2018.12.19-19.44.46:446][494]LogSlate: FSceneViewport::OnFocusLost() reason 0
[2018.12.19-19.45.40:035][942]BlueprintLog: New page: Compile SideScrollerCharacter
[2018.12.19-19.45.40:763][951]LogSavePackage: Moving 'C:/Users/Keke/Desktop/Projet_Unreal/Wukongpointpng/Saved/SideScrollerCharacterEB8D066941800D1BA3A658938BE3DB3D.tmp' to 'C:/Users/Keke/Desktop/Projet_Unreal/Wukongpointpng/Content/SideScrollerBP/Blueprints/SideScrollerCharacter.uasset'
[2018.12.19-19.45.54:503][539]LogAssetEditorManager: Opening Asset editor for Blueprint /Game/StarterContent/Blueprints/POWER_Help_Forest1.POWER_Help_Forest1
[2018.12.19-19.46.01:113][269]BlueprintLog: New page: Compile POWER_Help_Forest1
[2018.12.19-19.46.02:074][348]LogSavePackage: Moving 'C:/Users/Keke/Desktop/Projet_Unreal/Wukongpointpng/Saved/POWER_Help_Forest143CBD27A450763481E5243A1197C9CF0.tmp' to 'C:/Users/Keke/Desktop/Projet_Unreal/Wukongpointpng/Content/StarterContent/Blueprints/POWER_Help_Forest1.uasset'
[2018.12.19-19.46.41:942][274]BlueprintLog: New page: Compile SideScrollerCharacter
[2018.12.19-19.46.42:633][279]LogSavePackage: Moving 'C:/Users/Keke/Desktop/Projet_Unreal/Wukongpointpng/Saved/SideScrollerCharacter8DA3A5BD4F7753AC1BB33FA18EF839CC.tmp' to 'C:/Users/Keke/Desktop/Projet_Unreal/Wukongpointpng/Content/SideScrollerBP/Blueprints/SideScrollerCharacter.uasset'
[2018.12.19-19.46.43:185][313]LogSavePackage: Moving 'C:/Users/Keke/Desktop/Projet_Unreal/Wukongpointpng/Saved/SideScrollerCharacter66D5EB8A4D0F0F765AC7029ECC75AECD.tmp' to 'C:/Users/Keke/Desktop/Projet_Unreal/Wukongpointpng/Content/SideScrollerBP/Blueprints/SideScrollerCharacter.uasset'
[2018.12.19-19.46.43:732][358]LogTemp: Repeating last play command: New Editor Window (PIE)
[2018.12.19-19.46.43:786][358]LogBlueprintUserMessages: Early PlayInEditor Detection: Level '/Game/SideScrollerBP/Maps/SideScrollerExampleMap.SideScrollerExampleMap:PersistentLevel' has LevelScriptBlueprint '/Game/SideScrollerBP/Maps/SideScrollerExampleMap.SideScrollerExampleMap:PersistentLevel.SideScrollerExampleMap' with GeneratedClass '/Game/SideScrollerBP/Maps/SideScrollerExampleMap.SideScrollerExampleMap_C' with ClassGeneratedBy '/Game/SideScrollerBP/Maps/SideScrollerExampleMap.SideScrollerExampleMap:PersistentLevel.SideScrollerExampleMap'
[2018.12.19-19.46.43:787][358]LogPlayLevel: PlayLevel: No blueprints needed recompiling
[2018.12.19-19.46.43:787][358]PIE: New page: PIE session: SideScrollerExampleMap (19 déc. 2018 21:46:43)
[2018.12.19-19.46.43:787][358]LogPlayLevel: Creating play world package: /Game/SideScrollerBP/Maps/UEDPIE_0_SideScrollerExampleMap
[2018.12.19-19.46.43:801][358]LogPlayLevel: PIE: StaticDuplicateObject took: (0.013883s)
[2018.12.19-19.46.43:801][358]LogAIModule: Creating AISystem for world SideScrollerExampleMap
[2018.12.19-19.46.43:802][358]LogPlayLevel: PIE: World Init took: (0.000863s)
[2018.12.19-19.46.43:802][358]LogPlayLevel: PIE: Created PIE world by copying editor world from /Game/SideScrollerBP/Maps/SideScrollerExampleMap.SideScrollerExampleMap to /Game/SideScrollerBP/Maps/UEDPIE_0_SideScrollerExampleMap.SideScrollerExampleMap (0.014909s)
[2018.12.19-19.46.43:860][358]LogInit: XAudio2 using 'Speakers (Realtek High Definition Audio)' : 6 channels at 48 kHz using 32 bits per sample (channel mask 0x3f)
[2018.12.19-19.46.43:939][358]LogInit: FAudioDevice initialized.
[2018.12.19-19.46.43:949][358]LogSlate: Updating window title bar state: overlay mode, drag disabled, window buttons hidden, title bar hidden
[2018.12.19-19.46.44:035][358]LogLoad: Game class is 'SideScrollerGameMode_C'
[2018.12.19-19.46.44:038][358]LogWorld: Bringing World /Game/SideScrollerBP/Maps/UEDPIE_0_SideScrollerExampleMap.SideScrollerExampleMap up for play (max tick rate 0) at 2018.12.19-20.46.44
[2018.12.19-19.46.44:039][358]LogWorld: Bringing up level for play took: 0.002286
[2018.12.19-19.46.44:054][358]PIE: Play in editor start time for /Game/SideScrollerBP/Maps/UEDPIE_0_SideScrollerExampleMap 0,497
[2018.12.19-19.46.44:054][358]LogBlueprintUserMessages: Late PlayInEditor Detection: Level '/Game/SideScrollerBP/Maps/SideScrollerExampleMap.SideScrollerExampleMap:PersistentLevel' has LevelScriptBlueprint '/Game/SideScrollerBP/Maps/SideScrollerExampleMap.SideScrollerExampleMap:PersistentLevel.SideScrollerExampleMap' with GeneratedClass '/Game/SideScrollerBP/Maps/SideScrollerExampleMap.SideScrollerExampleMap_C' with ClassGeneratedBy '/Game/SideScrollerBP/Maps/SideScrollerExampleMap.SideScrollerExampleMap:PersistentLevel.SideScrollerExampleMap'
[2018.12.19-19.46.44:703][389]PIE: Warning: POWER_Help_Forest1_C_0.Box has to have 'Simulate Physics' enabled if you'd like to AddImpulse. 
[2018.12.19-19.46.46:698][525]LogBlueprintUserMessages: Early EndPlayMap Detection: Level '/Game/SideScrollerBP/Maps/SideScrollerExampleMap.SideScrollerExampleMap:PersistentLevel' has LevelScriptBlueprint '/Game/SideScrollerBP/Maps/SideScrollerExampleMap.SideScrollerExampleMap:PersistentLevel.SideScrollerExampleMap' with GeneratedClass '/Game/SideScrollerBP/Maps/SideScrollerExampleMap.SideScrollerExampleMap_C' with ClassGeneratedBy '/Game/SideScrollerBP/Maps/SideScrollerExampleMap.SideScrollerExampleMap:PersistentLevel.SideScrollerExampleMap'
[2018.12.19-19.46.46:699][525]LogSlate: Updating window title bar state: overlay mode, drag disabled, window buttons hidden, title bar hidden
[2018.12.19-19.46.46:726][525]LogSlate: Window 'Wukongpointpng Game Preview Standalone (64-bit/PCD3D_SM5)' being destroyed
[2018.12.19-19.46.46:781][525]LogPlayLevel: Display: Shutting down PIE online subsystems
[2018.12.19-19.46.46:781][525]LogBlueprintUserMessages: Late EndPlayMap Detection: Level '/Game/SideScrollerBP/Maps/SideScrollerExampleMap.SideScrollerExampleMap:PersistentLevel' has LevelScriptBlueprint '/Game/SideScrollerBP/Maps/SideScrollerExampleMap.SideScrollerExampleMap:PersistentLevel.SideScrollerExampleMap' with GeneratedClass '/Game/SideScrollerBP/Maps/SideScrollerExampleMap.SideScrollerExampleMap_C' with ClassGeneratedBy '/Game/SideScrollerBP/Maps/SideScrollerExampleMap.SideScrollerExampleMap:PersistentLevel.SideScrollerExampleMap'
[2018.12.19-19.46.46:969][526]LogPlayLevel: Display: Destroying online subsystem :Context_14
[2018.12.19-19.46.52:098][ 63]LogSlate: FSceneViewport::OnFocusLost() reason 0
[2018.12.19-19.46.59:290][886]BlueprintLog: New page: Compile POWER_Help_Forest1
[2018.12.19-19.46.59:948][918]LogSavePackage: Moving 'C:/Users/Keke/Desktop/Projet_Unreal/Wukongpointpng/Saved/POWER_Help_Forest1BFA4B0534CCEB1D3446B78AEEDDA8CE1.tmp' to 'C:/Users/Keke/Desktop/Projet_Unreal/Wukongpointpng/Content/StarterContent/Blueprints/POWER_Help_Forest1.uasset'
[2018.12.19-19.47.00:721][  3]LogTemp: Repeating last play command: New Editor Window (PIE)
[2018.12.19-19.47.00:749][  3]LogBlueprintUserMessages: Early PlayInEditor Detection: Level '/Game/SideScrollerBP/Maps/SideScrollerExampleMap.SideScrollerExampleMap:PersistentLevel' has LevelScriptBlueprint '/Game/SideScrollerBP/Maps/SideScrollerExampleMap.SideScrollerExampleMap:PersistentLevel.SideScrollerExampleMap' with GeneratedClass '/Game/SideScrollerBP/Maps/SideScrollerExampleMap.SideScrollerExampleMap_C' with ClassGeneratedBy '/Game/SideScrollerBP/Maps/SideScrollerExampleMap.SideScrollerExampleMap:PersistentLevel.SideScrollerExampleMap'
[2018.12.19-19.47.00:749][  3]LogPlayLevel: PlayLevel: No blueprints needed recompiling
[2018.12.19-19.47.00:749][  3]PIE: New page: PIE session: SideScrollerExampleMap (19 déc. 2018 21:47:00)
[2018.12.19-19.47.00:749][  3]LogPlayLevel: Creating play world package: /Game/SideScrollerBP/Maps/UEDPIE_0_SideScrollerExampleMap
[2018.12.19-19.47.00:764][  3]LogPlayLevel: PIE: StaticDuplicateObject took: (0.014565s)
[2018.12.19-19.47.00:765][  3]LogAIModule: Creating AISystem for world SideScrollerExampleMap
[2018.12.19-19.47.00:765][  3]LogPlayLevel: PIE: World Init took: (0.001176s)
[2018.12.19-19.47.00:765][  3]LogPlayLevel: PIE: Created PIE world by copying editor world from /Game/SideScrollerBP/Maps/SideScrollerExampleMap.SideScrollerExampleMap to /Game/SideScrollerBP/Maps/UEDPIE_0_SideScrollerExampleMap.SideScrollerExampleMap (0.015934s)
[2018.12.19-19.47.00:826][  3]LogInit: XAudio2 using 'Speakers (Realtek High Definition Audio)' : 6 channels at 48 kHz using 32 bits per sample (channel mask 0x3f)
[2018.12.19-19.47.00:914][  3]LogInit: FAudioDevice initialized.
[2018.12.19-19.47.00:922][  3]LogSlate: Updating window title bar state: overlay mode, drag disabled, window buttons hidden, title bar hidden
[2018.12.19-19.47.01:009][  3]LogLoad: Game class is 'SideScrollerGameMode_C'
[2018.12.19-19.47.01:014][  3]LogWorld: Bringing World /Game/SideScrollerBP/Maps/UEDPIE_0_SideScrollerExampleMap.SideScrollerExampleMap up for play (max tick rate 0) at 2018.12.19-20.47.01
[2018.12.19-19.47.01:014][  3]LogWorld: Bringing up level for play took: 0.003514
[2018.12.19-19.47.01:031][  3]PIE: Play in editor start time for /Game/SideScrollerBP/Maps/UEDPIE_0_SideScrollerExampleMap -0,527
[2018.12.19-19.47.01:031][  3]LogBlueprintUserMessages: Late PlayInEditor Detection: Level '/Game/SideScrollerBP/Maps/SideScrollerExampleMap.SideScrollerExampleMap:PersistentLevel' has LevelScriptBlueprint '/Game/SideScrollerBP/Maps/SideScrollerExampleMap.SideScrollerExampleMap:PersistentLevel.SideScrollerExampleMap' with GeneratedClass '/Game/SideScrollerBP/Maps/SideScrollerExampleMap.SideScrollerExampleMap_C' with ClassGeneratedBy '/Game/SideScrollerBP/Maps/SideScrollerExampleMap.SideScrollerExampleMap:PersistentLevel.SideScrollerExampleMap'
[2018.12.19-19.47.02:068][107]PIE: Warning: POWER_Help_Forest1_C_0.Box has to have 'Simulate Physics' enabled if you'd like to AddImpulse. 
[2018.12.19-19.47.03:425][251]LogBlueprintUserMessages: Early EndPlayMap Detection: Level '/Game/SideScrollerBP/Maps/SideScrollerExampleMap.SideScrollerExampleMap:PersistentLevel' has LevelScriptBlueprint '/Game/SideScrollerBP/Maps/SideScrollerExampleMap.SideScrollerExampleMap:PersistentLevel.SideScrollerExampleMap' with GeneratedClass '/Game/SideScrollerBP/Maps/SideScrollerExampleMap.SideScrollerExampleMap_C' with ClassGeneratedBy '/Game/SideScrollerBP/Maps/SideScrollerExampleMap.SideScrollerExampleMap:PersistentLevel.SideScrollerExampleMap'
[2018.12.19-19.47.03:426][251]LogSlate: Updating window title bar state: overlay mode, drag disabled, window buttons hidden, title bar hidden
[2018.12.19-19.47.03:456][251]LogSlate: Window 'Wukongpointpng Game Preview Standalone (64-bit/PCD3D_SM5)' being destroyed
[2018.12.19-19.47.03:497][251]LogPlayLevel: Display: Shutting down PIE online subsystems
[2018.12.19-19.47.03:497][251]LogBlueprintUserMessages: Late EndPlayMap Detection: Level '/Game/SideScrollerBP/Maps/SideScrollerExampleMap.SideScrollerExampleMap:PersistentLevel' has LevelScriptBlueprint '/Game/SideScrollerBP/Maps/SideScrollerExampleMap.SideScrollerExampleMap:PersistentLevel.SideScrollerExampleMap' with GeneratedClass '/Game/SideScrollerBP/Maps/SideScrollerExampleMap.SideScrollerExampleMap_C' with ClassGeneratedBy '/Game/SideScrollerBP/Maps/SideScrollerExampleMap.SideScrollerExampleMap:PersistentLevel.SideScrollerExampleMap'
[2018.12.19-19.47.03:571][252]LogPlayLevel: Display: Destroying online subsystem :Context_15
[2018.12.19-19.48.01:901][989]LogSlate: FSceneViewport::OnFocusLost() reason 0
[2018.12.19-19.48.23:455][333]LogSlate: FSceneViewport::OnFocusLost() reason 0
[2018.12.19-19.48.29:820][344]LogSlate: Window 'Save Content' being destroyed
[2018.12.19-19.48.30:311][344]LogSavePackage: Moving 'C:/Users/Keke/Desktop/Projet_Unreal/Wukongpointpng/Saved/SideScrollerExampleMap35FC858D47520FA9926E67B3BD8603CC.tmp' to 'C:/Users/Keke/Desktop/Projet_Unreal/Wukongpointpng/Content/SideScrollerBP/Maps/SideScrollerExampleMap.umap'
[2018.12.19-19.48.30:358][344]LogFileHelpers: Saving map 'SideScrollerExampleMap' took 0.505
[2018.12.19-19.48.30:839][344]LogActorComponent: UnregisterComponent: (/Engine/Transient.EditorFloorComp) Not registered. Aborting.
[2018.12.19-19.48.30:897][344]LogSlate: Window 'Wukongpointpng - Unreal Editor' being destroyed
[2018.12.19-19.48.31:164][345]Cmd: QUIT_EDITOR
[2018.12.19-19.48.31:882][345]LogWindowsTextInputMethodSystem: Display: IME system now deactivated.
[2018.12.19-19.48.31:898][345]LogExit: Preparing to exit.
[2018.12.19-19.48.32:635][345]LogExit: Editor shut down
[2018.12.19-19.48.32:635][345]LogExit: Transaction tracking system shut down
[2018.12.19-19.48.33:209][345]LogExit: Object subsystem successfully closed.
[2018.12.19-19.48.33:237][345]LogShaderCompilers: Display: Shaders left to compile 0
[2018.12.19-19.48.33:243][345]LogD3D11RHI: Shutdown
[2018.12.19-19.48.33:243][345]LogD3D11RHI: CleanupD3DDevice
[2018.12.19-19.48.33:246][345]LogD3D11RHI: ~FD3D11DynamicRHI
[2018.12.19-19.48.33:265][345]LogModuleManager: Shutting down and abandoning module MovieSceneCapture (616)
[2018.12.19-19.48.33:265][345]LogModuleManager: Shutting down and abandoning module Voice (614)
[2018.12.19-19.48.33:265][345]LogModuleManager: Shutting down and abandoning module BlueprintGraph (612)
[2018.12.19-19.48.33:266][345]LogModuleManager: Shutting down and abandoning module HierarchicalLODOutliner (610)
[2018.12.19-19.48.33:266][345]LogModuleManager: Shutting down and abandoning module SceneOutliner (608)
[2018.12.19-19.48.33:266][345]LogModuleManager: Shutting down and abandoning module AddContentDialog (606)
[2018.12.19-19.48.33:266][345]LogModuleManager: Shutting down and abandoning module WidgetCarousel (605)
[2018.12.19-19.48.33:266][345]LogModuleManager: Shutting down and abandoning module EditorWidgets (602)
[2018.12.19-19.48.33:266][345]LogModuleManager: Shutting down and abandoning module CollectionManager (600)
[2018.12.19-19.48.33:267][345]LogModuleManager: Shutting down and abandoning module StatsViewer (598)
[2018.12.19-19.48.33:267][345]LogModuleManager: Shutting down and abandoning module FoliageEdit (596)
[2018.12.19-19.48.33:267][345]LogModuleManager: Shutting down and abandoning module LandscapeEditor (594)
[2018.12.19-19.48.33:267][345]LogModuleManager: Shutting down and abandoning module MeshPaintMode (592)
[2018.12.19-19.48.33:267][345]LogModuleManager: Shutting down and abandoning module SceneDepthPickerMode (590)
[2018.12.19-19.48.33:267][345]LogModuleManager: Shutting down and abandoning module ActorPickerMode (588)
[2018.12.19-19.48.33:267][345]LogModuleManager: Shutting down and abandoning module GeometryMode (586)
[2018.12.19-19.48.33:267][345]LogModuleManager: Shutting down and abandoning module TextureAlignMode (584)
[2018.12.19-19.48.33:267][345]LogModuleManager: Shutting down and abandoning module BspMode (582)
[2018.12.19-19.48.33:267][345]LogModuleManager: Shutting down and abandoning module PIEPreviewDeviceProfileSelector (580)
[2018.12.19-19.48.33:267][345]LogModuleManager: Shutting down and abandoning module SequenceRecorderSections (578)
[2018.12.19-19.48.33:268][345]LogModuleManager: Shutting down and abandoning module AutomationWorker (576)
[2018.12.19-19.48.33:268][345]LogModuleManager: Shutting down and abandoning module AudioCaptureEditor (574)
[2018.12.19-19.48.33:268][345]LogModuleManager: Shutting down and abandoning module SequenceRecorder (573)
[2018.12.19-19.48.33:268][345]LogModuleManager: Shutting down and abandoning module MatineeToLevelSequence (570)
[2018.12.19-19.48.33:268][345]LogModuleManager: Shutting down and abandoning module LevelSequenceEditor (568)
[2018.12.19-19.48.33:268][345]LogModuleManager: Shutting down and abandoning module PlacementMode (567)
[2018.12.19-19.48.33:268][345]LogModuleManager: Shutting down and abandoning module MaterialEditor (566)
[2018.12.19-19.48.33:268][345]LogModuleManager: Shutting down and abandoning module WmfMediaFactory (562)
[2018.12.19-19.48.33:268][345]LogModuleManager: Shutting down and abandoning module WmfMediaEditor (560)
[2018.12.19-19.48.33:268][345]LogModuleManager: Shutting down and abandoning module MediaPlayerEditor (558)
[2018.12.19-19.48.33:268][345]LogModuleManager: Shutting down and abandoning module OpenExrWrapper (556)
[2018.12.19-19.48.33:268][345]LogModuleManager: Shutting down and abandoning module ImgMediaFactory (554)
[2018.12.19-19.48.33:268][345]LogModuleManager: Shutting down and abandoning module ImgMediaEditor (552)
[2018.12.19-19.48.33:268][345]LogModuleManager: Shutting down and abandoning module AvfMediaFactory (550)
[2018.12.19-19.48.33:268][345]LogModuleManager: Shutting down and abandoning module AvfMediaEditor (548)
[2018.12.19-19.48.33:268][345]LogModuleManager: Shutting down and abandoning module AndroidMediaFactory (546)
[2018.12.19-19.48.33:269][345]LogModuleManager: Shutting down and abandoning module AndroidMediaEditor (544)
[2018.12.19-19.48.33:269][345]LogModuleManager: Shutting down and abandoning module MagicLeapCameraPreviewFactory (542)
[2018.12.19-19.48.33:269][345]LogModuleManager: Shutting down and abandoning module MagicLeapMediaFactory (540)
[2018.12.19-19.48.33:269][345]LogModuleManager: Shutting down and abandoning module MagicLeapMediaEditor (538)
[2018.12.19-19.48.33:269][345]LogModuleManager: Shutting down and abandoning module CharacterAI (536)
[2018.12.19-19.48.33:269][345]LogModuleManager: Shutting down and abandoning module SmartSnapping (534)
[2018.12.19-19.48.33:269][345]LogModuleManager: Shutting down and abandoning module SessionServices (532)
[2018.12.19-19.48.33:269][345]LogModuleManager: Shutting down and abandoning module ViewportSnapping (530)
[2018.12.19-19.48.33:269][345]LogModuleManager: Shutting down and abandoning module ViewportInteraction (528)
[2018.12.19-19.48.33:269][345]LogModuleManager: Shutting down and abandoning module ClothPainter (526)
[2018.12.19-19.48.33:269][345]LogModuleManager: Shutting down and abandoning module SkeletalMeshEditor (525)
[2018.12.19-19.48.33:269][345]LogModuleManager: Shutting down and abandoning module LogVisualizer (522)
[2018.12.19-19.48.33:269][345]LogModuleManager: Shutting down and abandoning module IntroTutorials (520)
[2018.12.19-19.48.33:269][345]LogModuleManager: Shutting down and abandoning module GameProjectGeneration (519)
[2018.12.19-19.48.33:269][345]LogModuleManager: Shutting down and abandoning module LuminPlatformEditor (516)
[2018.12.19-19.48.33:269][345]LogModuleManager: Shutting down and abandoning module IOSPlatformEditor (514)
[2018.12.19-19.48.33:269][345]LogModuleManager: Shutting down and abandoning module HTML5PlatformEditor (512)
[2018.12.19-19.48.33:269][345]LogModuleManager: Shutting down and abandoning module AndroidPlatformEditor (510)
[2018.12.19-19.48.33:270][345]LogModuleManager: Shutting down and abandoning module AndroidDeviceDetection (509)
[2018.12.19-19.48.33:786][345]LogModuleManager: Shutting down and abandoning module WindowsPlatformEditor (506)
[2018.12.19-19.48.33:786][345]LogModuleManager: Shutting down and abandoning module LuminRuntimeSettings (504)
[2018.12.19-19.48.33:786][345]LogModuleManager: Shutting down and abandoning module IOSRuntimeSettings (502)
[2018.12.19-19.48.33:786][345]LogModuleManager: Shutting down and abandoning module AndroidRuntimeSettings (500)
[2018.12.19-19.48.33:786][345]LogModuleManager: Shutting down and abandoning module InputBindingEditor (498)
[2018.12.19-19.48.33:786][345]LogModuleManager: Shutting down and abandoning module MergeActors (496)
[2018.12.19-19.48.33:786][345]LogModuleManager: Shutting down and abandoning module LocalizationDashboard (494)
[2018.12.19-19.48.33:786][345]LogModuleManager: Shutting down and abandoning module LocalizationService (493)
[2018.12.19-19.48.33:786][345]LogModuleManager: Shutting down and abandoning module HardwareTargeting (490)
[2018.12.19-19.48.33:787][345]LogModuleManager: Shutting down and abandoning module DeviceProfileEditor (488)
[2018.12.19-19.48.33:787][345]LogModuleManager: Shutting down and abandoning module UndoHistory (486)
[2018.12.19-19.48.33:787][345]LogModuleManager: Shutting down and abandoning module XmlParser (484)
[2018.12.19-19.48.33:787][345]LogModuleManager: Shutting down and abandoning module Blutility (482)
[2018.12.19-19.48.33:787][345]LogModuleManager: Shutting down and abandoning module ProjectSettingsViewer (480)
[2018.12.19-19.48.33:787][345]LogModuleManager: Shutting down and abandoning module ProjectTargetPlatformEditor (479)
[2018.12.19-19.48.33:787][345]LogModuleManager: Shutting down and abandoning module EditorSettingsViewer (476)
[2018.12.19-19.48.33:787][345]LogModuleManager: Shutting down and abandoning module SettingsEditor (474)
[2018.12.19-19.48.33:788][345]LogModuleManager: Shutting down and abandoning module ProjectLauncher (472)
[2018.12.19-19.48.33:788][345]LogModuleManager: Shutting down and abandoning module SessionFrontend (470)
[2018.12.19-19.48.33:788][345]LogModuleManager: Shutting down and abandoning module ProfilerClient (468)
[2018.12.19-19.48.33:788][345]LogModuleManager: Shutting down and abandoning module DeviceManager (466)
[2018.12.19-19.48.33:788][345]LogModuleManager: Shutting down and abandoning module TargetDeviceServices (465)
[2018.12.19-19.48.33:843][345]LogModuleManager: Shutting down and abandoning module AutomationController (462)
[2018.12.19-19.48.33:843][345]LogModuleManager: Shutting down and abandoning module AutomationWindow (460)
[2018.12.19-19.48.33:843][345]LogModuleManager: Shutting down and abandoning module Layers (458)
[2018.12.19-19.48.33:843][345]LogModuleManager: Shutting down and abandoning module ComponentVisualizers (456)
[2018.12.19-19.48.33:843][345]LogModuleManager: Shutting down and abandoning module DetailCustomizations (454)
[2018.12.19-19.48.33:843][345]LogModuleManager: Shutting down and abandoning module PackagesDialog (452)
[2018.12.19-19.48.33:843][345]LogModuleManager: Shutting down and abandoning module Persona (450)
[2018.12.19-19.48.33:843][345]LogModuleManager: Shutting down and abandoning module AdvancedPreviewScene (449)
[2018.12.19-19.48.33:843][345]LogModuleManager: Shutting down and abandoning module AnimGraph (447)
[2018.12.19-19.48.33:843][345]LogModuleManager: Shutting down and abandoning module Kismet (444)
[2018.12.19-19.48.33:848][345]LogModuleManager: Shutting down and abandoning module GraphEditor (442)
[2018.12.19-19.48.33:848][345]LogModuleManager: Shutting down and abandoning module ClassViewer (440)
[2018.12.19-19.48.33:849][345]LogModuleManager: Shutting down and abandoning module Toolbox (438)
[2018.12.19-19.48.33:849][345]LogModuleManager: Shutting down and abandoning module ModuleUI (436)
[2018.12.19-19.48.33:849][345]LogModuleManager: Shutting down and abandoning module MovieSceneTools (434)
[2018.12.19-19.48.33:849][345]LogModuleManager: Shutting down and abandoning module OutputLog (432)
[2018.12.19-19.48.33:850][345]LogModuleManager: Shutting down and abandoning module GammaUI (430)
[2018.12.19-19.48.33:850][345]LogModuleManager: Shutting down and abandoning module Documentation (428)
[2018.12.19-19.48.33:850][345]LogModuleManager: Shutting down and abandoning module MovieSceneTracks (426)
[2018.12.19-19.48.33:850][345]LogModuleManager: Shutting down and abandoning module MovieScene (424)
[2018.12.19-19.48.33:850][345]LogModuleManager: Shutting down and abandoning module StreamingPauseRendering (422)
[2018.12.19-19.48.33:850][345]LogModuleManager: Shutting down and abandoning module LauncherPlatform (420)
[2018.12.19-19.48.33:850][345]LogModuleManager: Shutting down and abandoning module AnalyticsET (418)
[2018.12.19-19.48.33:850][345]LogModuleManager: Shutting down and abandoning module PortalServices (416)
[2018.12.19-19.48.33:850][345]LogModuleManager: Shutting down and abandoning module PortalRpc (414)
[2018.12.19-19.48.33:850][345]LogModuleManager: Shutting down and abandoning module MessagingRpc (412)
[2018.12.19-19.48.33:850][345]LogModuleManager: Shutting down and abandoning module AIModule (410)
[2018.12.19-19.48.33:850][345]LogModuleManager: Shutting down and abandoning module GameplayDebugger (409)
[2018.12.19-19.48.33:850][345]LogModuleManager: Shutting down and abandoning module AITestSuite (407)
[2018.12.19-19.48.33:850][345]LogModuleManager: Shutting down and abandoning module NavigationSystem (405)
[2018.12.19-19.48.33:850][345]LogModuleManager: Shutting down and abandoning module DesktopPlatform (402)
[2018.12.19-19.48.33:850][345]LogModuleManager: Shutting down and abandoning module ProfilerService (400)
[2018.12.19-19.48.33:965][345]LogModuleManager: Shutting down and abandoning module TaskGraph (398)
[2018.12.19-19.48.33:965][345]LogModuleManager: Shutting down and abandoning module SteamVRController (396)
[2018.12.19-19.48.33:965][345]LogModuleManager: Shutting down and abandoning module ProceduralMeshComponentEditor (394)
[2018.12.19-19.48.33:965][345]LogModuleManager: Shutting down and abandoning module ProceduralMeshComponent (392)
[2018.12.19-19.48.33:965][345]LogModuleManager: Shutting down and abandoning module OculusInput (390)
[2018.12.19-19.48.33:965][345]LogModuleManager: Shutting down and abandoning module MobilePatchingUtils (388)
[2018.12.19-19.48.33:966][345]LogModuleManager: Shutting down and abandoning module EditableMesh (386)
[2018.12.19-19.48.33:966][345]LogModuleManager: Shutting down and abandoning module CustomMeshComponent (384)
[2018.12.19-19.48.33:966][345]LogModuleManager: Shutting down and abandoning module CableComponent (382)
[2018.12.19-19.48.33:966][345]LogModuleManager: Shutting down and abandoning module AudioCapture (380)
[2018.12.19-19.48.33:966][345]LogModuleManager: Shutting down and abandoning module ArchVisCharacter (378)
[2018.12.19-19.48.33:966][345]LogModuleManager: Shutting down and abandoning module AndroidPermission (376)
[2018.12.19-19.48.33:966][345]LogModuleManager: Shutting down and abandoning module NUTUnrealEngine4 (374)
[2018.12.19-19.48.33:966][345]LogModuleManager: Shutting down and abandoning module NetcodeUnitTest (372)
[2018.12.19-19.48.33:966][345]LogModuleManager: Shutting down and abandoning module MediaCompositingEditor (370)
[2018.12.19-19.48.33:966][345]LogModuleManager: Shutting down and abandoning module MediaCompositing (368)
[2018.12.19-19.48.33:966][345]LogModuleManager: Shutting down and abandoning module LinearTimecode (366)
[2018.12.19-19.48.33:966][345]LogModuleManager: Shutting down and abandoning module ImgMedia (364)
[2018.12.19-19.48.33:970][345]LogModuleManager: Shutting down and abandoning module HTML5Networking (362)
[2018.12.19-19.48.33:970][345]LogModuleManager: Shutting down and abandoning module GeometryCacheTracks (360)
[2018.12.19-19.48.33:970][345]LogModuleManager: Shutting down and abandoning module GeometryCacheSequencer (358)
[2018.12.19-19.48.33:970][345]LogModuleManager: Shutting down and abandoning module BackChannel (356)
[2018.12.19-19.48.33:970][345]LogModuleManager: Shutting down and abandoning module AppleVision (354)
[2018.12.19-19.48.33:970][345]LogModuleManager: Shutting down and abandoning module AppleImageUtils (352)
[2018.12.19-19.48.33:970][345]LogModuleManager: Shutting down and abandoning module AlembicImporter (350)
[2018.12.19-19.48.33:970][345]LogModuleManager: Shutting down and abandoning module AlembicLibrary (349)
[2018.12.19-19.48.33:970][345]LogModuleManager: Shutting down and abandoning module GeometryCache (348)
[2018.12.19-19.48.33:970][345]LogModuleManager: Shutting down and abandoning module GeometryCacheEd (347)
[2018.12.19-19.48.33:970][345]LogModuleManager: Shutting down and abandoning module DatasmithContentEditor (342)
[2018.12.19-19.48.33:970][345]LogModuleManager: Shutting down and abandoning module DatasmithContent (340)
[2018.12.19-19.48.33:971][345]LogModuleManager: Shutting down and abandoning module SpeedTreeImporter (338)
[2018.12.19-19.48.33:971][345]LogModuleManager: Shutting down and abandoning module PluginBrowser (336)
[2018.12.19-19.48.33:971][345]LogModuleManager: Shutting down and abandoning module MobileLauncherProfileWizard (334)
[2018.12.19-19.48.33:971][345]LogModuleManager: Shutting down and abandoning module PolygonModeling (332)
[2018.12.19-19.48.33:971][345]LogModuleManager: Shutting down and abandoning module MeshEditor (330)
[2018.12.19-19.48.33:971][345]LogModuleManager: Shutting down and abandoning module CryptoKeysOpenSSL (328)
[2018.12.19-19.48.33:971][345]LogModuleManager: Shutting down and abandoning module CryptoKeys (326)
[2018.12.19-19.48.33:971][345]LogModuleManager: Shutting down and abandoning module VisualStudioSourceCodeAccess (324)
[2018.12.19-19.48.33:971][345]LogModuleManager: Shutting down and abandoning module VisualStudioCodeSourceCodeAccess (322)
[2018.12.19-19.48.33:971][345]LogModuleManager: Shutting down and abandoning module UObjectPlugin (320)
[2018.12.19-19.48.33:971][345]LogModuleManager: Shutting down and abandoning module SubversionSourceControl (318)
[2018.12.19-19.48.33:971][345]LogModuleManager: Shutting down and abandoning module PerforceSourceControl (316)
[2018.12.19-19.48.33:971][345]LogModuleManager: Shutting down and abandoning module GitSourceControl (314)
[2018.12.19-19.48.33:971][345]LogModuleManager: Shutting down and abandoning module SourceControl (313)
[2018.12.19-19.48.33:971][345]LogModuleManager: Shutting down and abandoning module CLionSourceCodeAccess (310)
[2018.12.19-19.48.33:971][345]LogModuleManager: Shutting down and abandoning module LightPropagationVolumeEditor (308)
[2018.12.19-19.48.33:971][345]LogModuleManager: Shutting down and abandoning module PaperTiledImporter (306)
[2018.12.19-19.48.33:971][345]LogModuleManager: Shutting down and abandoning module PaperSpriteSheetImporter (304)
[2018.12.19-19.48.33:971][345]LogModuleManager: Shutting down and abandoning module Paper2DEditor (302)
[2018.12.19-19.48.33:971][345]LogModuleManager: Shutting down and abandoning module MeshPaint (301)
[2018.12.19-19.48.33:972][345]LogModuleManager: Shutting down and abandoning module RuntimePhysXCooking (298)
[2018.12.19-19.48.33:972][345]LogModuleManager: Shutting down and abandoning module PhysXVehiclesEditor (296)
[2018.12.19-19.48.33:972][345]LogModuleManager: Shutting down and abandoning module PhysXVehicles (294)
[2018.12.19-19.48.33:972][345]LogModuleManager: Shutting down and abandoning module OculusEditor (292)
[2018.12.19-19.48.33:972][345]LogModuleManager: Shutting down and abandoning module LocationServicesBPLibrary (290)
[2018.12.19-19.48.33:972][345]LogModuleManager: Shutting down and abandoning module ImmediatePhysicsEditor (288)
[2018.12.19-19.48.33:972][345]LogModuleManager: Shutting down and abandoning module ImmediatePhysics (286)
[2018.12.19-19.48.33:972][345]LogModuleManager: Shutting down and abandoning module ActorSequence (284)
[2018.12.19-19.48.33:972][345]LogModuleManager: Shutting down and abandoning module UdpMessaging (282)
[2018.12.19-19.48.34:073][345]LogModuleManager: Shutting down and abandoning module TcpMessaging (280)
[2018.12.19-19.48.34:174][345]LogModuleManager: Shutting down and abandoning module MagicLeapAudio (278)
[2018.12.19-19.48.34:174][345]LogModuleManager: Shutting down and abandoning module GameplayTagsEditor (276)
[2018.12.19-19.48.34:174][345]LogModuleManager: Shutting down and abandoning module FacialAnimationEditor (274)
[2018.12.19-19.48.34:174][345]LogModuleManager: Shutting down and abandoning module FacialAnimation (272)
[2018.12.19-19.48.34:174][345]LogModuleManager: Shutting down and abandoning module DataValidation (270)
[2018.12.19-19.48.34:174][345]LogModuleManager: Shutting down and abandoning module AssetManagerEditor (268)
[2018.12.19-19.48.34:174][345]LogModuleManager: Shutting down and abandoning module LevelEditor (267)
[2018.12.19-19.48.34:176][345]LogModuleManager: Shutting down and abandoning module PixelInspectorModule (266)
[2018.12.19-19.48.34:176][345]LogModuleManager: Shutting down and abandoning module CommonMenuExtensions (264)
[2018.12.19-19.48.34:176][345]LogModuleManager: Shutting down and abandoning module MainFrame (262)
[2018.12.19-19.48.34:176][345]LogModuleManager: Shutting down and abandoning module HotReload (261)
[2018.12.19-19.48.34:176][345]LogModuleManager: Shutting down and abandoning module ContentBrowser (257)
[2018.12.19-19.48.34:177][345]LogModuleManager: Shutting down and abandoning module TreeMap (255)
[2018.12.19-19.48.34:177][345]LogModuleManager: Shutting down and abandoning module LightPropagationVolumeRuntime (252)
[2018.12.19-19.48.34:177][345]LogModuleManager: Shutting down and abandoning module AISupportModule (250)
[2018.12.19-19.48.34:177][345]LogModuleManager: Shutting down and abandoning module Paper2D (248)
[2018.12.19-19.48.34:177][345]LogModuleManager: Shutting down and abandoning module WindowsMoviePlayer (246)
[2018.12.19-19.48.34:177][345]LogModuleManager: Shutting down and abandoning module WmfMedia (244)
[2018.12.19-19.48.34:179][345]LogModuleManager: Shutting down and abandoning module Media (243)
[2018.12.19-19.48.34:185][345]LogModuleManager: Shutting down and abandoning module PacketHandler (240)
[2018.12.19-19.48.34:185][345]LogModuleManager: Shutting down and abandoning module ClothingSystemEditor (238)
[2018.12.19-19.48.34:185][345]LogModuleManager: Shutting down and abandoning module ClothingSystemRuntime (236)
[2018.12.19-19.48.34:185][345]LogModuleManager: Shutting down and abandoning module MediaAssets (234)
[2018.12.19-19.48.34:185][345]LogModuleManager: Shutting down and abandoning module Overlay (232)
[2018.12.19-19.48.34:185][345]LogModuleManager: Shutting down and abandoning module OverlayEditor (231)
[2018.12.19-19.48.34:186][345]LogModuleManager: Shutting down and abandoning module VREditor (228)
[2018.12.19-19.48.34:186][345]LogModuleManager: Shutting down and abandoning module StringTableEditor (226)
[2018.12.19-19.48.34:186][345]LogModuleManager: Shutting down and abandoning module GameplayTasksEditor (224)
[2018.12.19-19.48.34:186][345]LogModuleManager: Shutting down and abandoning module BehaviorTreeEditor (222)
[2018.12.19-19.48.34:186][345]LogModuleManager: Shutting down and abandoning module FunctionalTesting (220)
[2018.12.19-19.48.34:186][345]LogModuleManager: Shutting down and abandoning module CollisionAnalyzer (218)
[2018.12.19-19.48.34:186][345]LogModuleManager: Shutting down and abandoning module WorkspaceMenuStructure (217)
[2018.12.19-19.48.34:186][345]LogModuleManager: Shutting down and abandoning module UMG (214)
[2018.12.19-19.48.34:186][345]LogModuleManager: Shutting down and abandoning module UMGEditor (213)
[2018.12.19-19.48.34:186][345]LogModuleManager: Shutting down and abandoning module Sequencer (212)
[2018.12.19-19.48.34:186][345]LogModuleManager: Shutting down and abandoning module MessageLog (209)
[2018.12.19-19.48.34:186][345]LogModuleManager: Shutting down and abandoning module SlateReflector (204)
[2018.12.19-19.48.34:186][345]LogModuleManager: Shutting down and abandoning module Slate (202)
[2018.12.19-19.48.34:186][345]LogModuleManager: Shutting down and abandoning module EditorStyle (200)
[2018.12.19-19.48.34:188][345]LogModuleManager: Shutting down and abandoning module MRMesh (198)
[2018.12.19-19.48.34:188][345]LogModuleManager: Shutting down and abandoning module SourceCodeAccess (196)
[2018.12.19-19.48.34:188][345]LogModuleManager: Shutting down and abandoning module HeadMountedDisplay (194)
[2018.12.19-19.48.34:188][345]LogModuleManager: Shutting down and abandoning module XAudio2 (192)
[2018.12.19-19.48.34:188][345]LogModuleManager: Shutting down and abandoning module Networking (190)
[2018.12.19-19.48.34:188][345]LogModuleManager: Shutting down and abandoning module Core (188)
[2018.12.19-19.48.34:188][345]LogModuleManager: Shutting down and abandoning module LevelSequence (186)
[2018.12.19-19.48.34:188][345]LogModuleManager: Shutting down and abandoning module KismetCompiler (184)
[2018.12.19-19.48.34:188][345]LogModuleManager: Shutting down and abandoning module MeshUtilities (182)
[2018.12.19-19.48.34:188][345]LogModuleManager: Shutting down and abandoning module MeshMergeUtilities (181)
[2018.12.19-19.48.34:188][345]LogModuleManager: Shutting down and abandoning module MeshReductionInterface (180)
[2018.12.19-19.48.34:188][345]LogModuleManager: Shutting down and abandoning module SimplygonSwarm (179)
[2018.12.19-19.48.34:188][345]LogModuleManager: Shutting down and abandoning module ProxyLODMeshReduction (177)
[2018.12.19-19.48.34:188][345]LogModuleManager: Shutting down and abandoning module SimplygonMeshReduction (175)
[2018.12.19-19.48.34:188][345]LogModuleManager: Shutting down and abandoning module QuadricMeshReduction (173)
[2018.12.19-19.48.34:188][345]LogModuleManager: Shutting down and abandoning module MaterialBaking (169)
[2018.12.19-19.48.34:188][345]LogModuleManager: Shutting down and abandoning module DirectoryWatcher (165)
[2018.12.19-19.48.34:188][345]LogModuleManager: Shutting down and abandoning module DerivedDataCache (162)
[2018.12.19-19.48.34:190][345]LogDerivedDataCache: Shutdown
[2018.12.19-19.48.34:190][345]LogModuleManager: Shutting down and abandoning module XGEController (160)
[2018.12.19-19.48.34:190][345]LogModuleManager: Shutting down and abandoning module TargetPlatform (158)
[2018.12.19-19.48.34:190][345]LogModuleManager: Shutting down and abandoning module VulkanShaderFormat (157)
[2018.12.19-19.48.34:190][345]LogModuleManager: Shutting down and abandoning module ShaderFormatVectorVM (155)
[2018.12.19-19.48.34:190][345]LogModuleManager: Shutting down and abandoning module ShaderFormatOpenGL (153)
[2018.12.19-19.48.34:190][345]LogModuleManager: Shutting down and abandoning module ShaderFormatD3D (151)
[2018.12.19-19.48.34:191][345]LogModuleManager: Shutting down and abandoning module MetalShaderFormat (149)
[2018.12.19-19.48.34:191][345]LogModuleManager: Shutting down and abandoning module TextureFormatUncompressed (147)
[2018.12.19-19.48.34:191][345]LogModuleManager: Shutting down and abandoning module TextureFormatPVR (145)
[2018.12.19-19.48.34:191][345]LogModuleManager: Shutting down and abandoning module TextureFormatDXT (143)
[2018.12.19-19.48.34:191][345]LogModuleManager: Shutting down and abandoning module TextureFormatIntelISPCTexComp (141)
[2018.12.19-19.48.34:191][345]LogModuleManager: Shutting down and abandoning module TextureFormatASTC (139)
[2018.12.19-19.48.34:191][345]LogModuleManager: Shutting down and abandoning module ImageWrapper (138)
[2018.12.19-19.48.34:191][345]LogModuleManager: Shutting down and abandoning module TextureFormatAndroid (135)
[2018.12.19-19.48.34:191][345]LogModuleManager: Shutting down and abandoning module AudioFormatOpus (133)
[2018.12.19-19.48.34:191][345]LogModuleManager: Shutting down and abandoning module AudioFormatOgg (131)
[2018.12.19-19.48.34:191][345]LogModuleManager: Shutting down and abandoning module AudioFormatADPCM (129)
[2018.12.19-19.48.34:191][345]LogModuleManager: Shutting down and abandoning module LuminTargetPlatform (127)
[2018.12.19-19.48.34:191][345]LogModuleManager: Shutting down and abandoning module LinuxTargetPlatform (125)
[2018.12.19-19.48.34:191][345]LogModuleManager: Shutting down and abandoning module LinuxServerTargetPlatform (123)
[2018.12.19-19.48.34:191][345]LogModuleManager: Shutting down and abandoning module LinuxNoEditorTargetPlatform (121)
[2018.12.19-19.48.34:191][345]LogModuleManager: Shutting down and abandoning module LinuxClientTargetPlatform (119)
[2018.12.19-19.48.34:191][345]LogModuleManager: Shutting down and abandoning module TVOSTargetPlatform (117)
[2018.12.19-19.48.34:192][345]LogModuleManager: Shutting down and abandoning module Messaging (115)
[2018.12.19-19.48.34:192][345]LogModuleManager: Shutting down and abandoning module IOSTargetPlatform (113)
[2018.12.19-19.48.34:193][345]LogModuleManager: Shutting down and abandoning module HTML5TargetPlatform (111)
[2018.12.19-19.48.34:193][345]LogModuleManager: Shutting down and abandoning module AndroidTargetPlatform (109)
[2018.12.19-19.48.34:198][345]LogModuleManager: Shutting down and abandoning module WindowsTargetPlatform (107)
[2018.12.19-19.48.34:198][345]LogModuleManager: Shutting down and abandoning module WindowsServerTargetPlatform (105)
[2018.12.19-19.48.34:198][345]LogModuleManager: Shutting down and abandoning module WindowsNoEditorTargetPlatform (103)
[2018.12.19-19.48.34:198][345]LogModuleManager: Shutting down and abandoning module WindowsClientTargetPlatform (101)
[2018.12.19-19.48.34:198][345]LogModuleManager: Shutting down and abandoning module MacTargetPlatform (99)
[2018.12.19-19.48.34:198][345]LogModuleManager: Shutting down and abandoning module MacServerTargetPlatform (97)
[2018.12.19-19.48.34:198][345]LogModuleManager: Shutting down and abandoning module MacNoEditorTargetPlatform (95)
[2018.12.19-19.48.34:198][345]LogModuleManager: Shutting down and abandoning module MacClientTargetPlatform (93)
[2018.12.19-19.48.34:198][345]LogModuleManager: Shutting down and abandoning module AllDesktopTargetPlatform (91)
[2018.12.19-19.48.34:198][345]LogModuleManager: Shutting down and abandoning module InputCore (88)
[2018.12.19-19.48.34:198][345]LogModuleManager: Shutting down and abandoning module Settings (86)
[2018.12.19-19.48.34:198][345]LogModuleManager: Shutting down and abandoning module PhysXCooking (84)
[2018.12.19-19.48.34:198][345]LogModuleManager: Shutting down and abandoning module SteamVR (82)
[2018.12.19-19.48.34:198][345]LogModuleManager: Shutting down and abandoning module OculusHMD (80)
[2018.12.19-19.48.34:198][345]LogModuleManager: Shutting down and abandoning module ExampleDeviceProfileSelector (78)
[2018.12.19-19.48.34:198][345]LogModuleManager: Shutting down and abandoning module LauncherChunkInstaller (76)
[2018.12.19-19.48.34:198][345]LogModuleManager: Shutting down and abandoning module OnlineBlueprintSupport (74)
[2018.12.19-19.48.34:198][345]LogModuleManager: Shutting down and abandoning module OnlineSubsystem (70)
[2018.12.19-19.48.34:199][345]LogModuleManager: Shutting down and abandoning module XMPP (65)
[2018.12.19-19.48.34:199][345]LogModuleManager: Shutting down and abandoning module WebSockets (64)
[2018.12.19-19.48.34:232][345]LogModuleManager: Shutting down and abandoning module HTTP (61)
[2018.12.19-19.48.34:232][345]LogHttp: Display: Http module shutting down, but needs to wait on 2 outstanding Http requests:
[2018.12.19-19.48.34:232][345]LogHttp: Display: 	verb=[POST] url=[https://datarouter.ol.epicgames.com/datarouter/api/v1/public/data?SessionID=%7B6060D3B8-48BD-4474-688A-8192DA2581C8%7D&AppID=UEEditor.Rocket.Release&AppVersion=4.20.3-4369336%2B%2B%2BUE4%2BRelease-4.20&UserID=ea38d07c49dacb4b47af4f9f170ad476%7Ccc440910cab041d5837346e545bcb12a%7Cea3e0def-91d6-495c-ba32-f06e272c3d0b&AppEnvironment=datacollector-binary&UploadType=eteventstream] status=Processing
[2018.12.19-19.48.34:233][345]LogHttp: Display: 	verb=[POST] url=[https://datarouter.ol.epicgames.com/datarouter/api/v1/public/data?SessionID=%7B6060D3B8-48BD-4474-688A-8192DA2581C8%7D&AppID=UEEditor.Rocket.Release&AppVersion=4.20.3-4369336%2B%2B%2BUE4%2BRelease-4.20&UserID=ea38d07c49dacb4b47af4f9f170ad476%7Ccc440910cab041d5837346e545bcb12a%7Cea3e0def-91d6-495c-ba32-f06e272c3d0b&AppEnvironment=datacollector-binary&UploadType=eteventstream] status=Processing
[2018.12.19-19.48.34:263][345]LogModuleManager: Shutting down and abandoning module SSL (60)
[2018.12.19-19.48.34:264][345]LogModuleManager: Shutting down and abandoning module MagicLeapEmulator (56)
[2018.12.19-19.48.34:264][345]LogModuleManager: Shutting down and abandoning module MagicLeapPrivileges (54)
[2018.12.19-19.48.34:264][345]LogModuleManager: Shutting down and abandoning module MagicLeapIdentity (52)
[2018.12.19-19.48.34:264][345]LogModuleManager: Shutting down and abandoning module MagicLeapHelperVulkan (50)
[2018.12.19-19.48.34:264][345]LogModuleManager: Shutting down and abandoning module MagicLeapHelperOpenGL (48)
[2018.12.19-19.48.34:264][345]LogModuleManager: Shutting down and abandoning module MagicLeapSecureStorage (46)
[2018.12.19-19.48.34:264][345]LogModuleManager: Shutting down and abandoning module MagicLeapGestures (44)
[2018.12.19-19.48.34:264][345]LogModuleManager: Shutting down and abandoning module MagicLeapEyeTracker (42)
[2018.12.19-19.48.34:264][345]LogModuleManager: Shutting down and abandoning module MagicLeapController (40)
[2018.12.19-19.48.34:264][345]LogSlate: Slate User Destroyed.  User Index 0, Is Virtual User: 0
[2018.12.19-19.48.34:264][345]LogModuleManager: Shutting down and abandoning module MagicLeap (38)
[2018.12.19-19.48.34:264][345]LogModuleManager: Shutting down and abandoning module AnimationModifiers (36)
[2018.12.19-19.48.34:264][345]LogModuleManager: Shutting down and abandoning module PropertyEditor (35)
[2018.12.19-19.48.34:264][345]LogModuleManager: Shutting down and abandoning module AudioEditor (32)
[2018.12.19-19.48.34:264][345]LogModuleManager: Shutting down and abandoning module TextureCompressor (30)
[2018.12.19-19.48.34:265][345]LogModuleManager: Shutting down and abandoning module ShaderCore (28)
[2018.12.19-19.48.34:265][345]LogModuleManager: Shutting down and abandoning module Landscape (26)
[2018.12.19-19.48.34:265][345]LogModuleManager: Shutting down and abandoning module SlateRHIRenderer (24)
[2018.12.19-19.48.34:265][345]LogModuleManager: Shutting down and abandoning module OpenGLDrv (22)
[2018.12.19-19.48.34:265][345]LogModuleManager: Shutting down and abandoning module D3D11RHI (20)
[2018.12.19-19.48.34:265][345]LogModuleManager: Shutting down and abandoning module AnimGraphRuntime (18)
[2018.12.19-19.48.34:265][345]LogModuleManager: Shutting down and abandoning module Renderer (16)
[2018.12.19-19.48.34:265][345]LogModuleManager: Shutting down and abandoning module Engine (14)
[2018.12.19-19.48.34:265][345]LogModuleManager: Shutting down and abandoning module CoreUObject (12)
[2018.12.19-19.48.34:265][345]LogModuleManager: Shutting down and abandoning module NetworkFile (10)
[2018.12.19-19.48.34:265][345]LogModuleManager: Shutting down and abandoning module CookedIterativeFile (8)
[2018.12.19-19.48.34:265][345]LogModuleManager: Shutting down and abandoning module StreamingFile (6)
[2018.12.19-19.48.34:265][345]LogModuleManager: Shutting down and abandoning module SandboxFile (4)
[2018.12.19-19.48.34:265][345]LogModuleManager: Shutting down and abandoning module PakFile (2)
[2018.12.19-19.48.34:272][345]LogExit: Exiting.
[2018.12.19-19.48.34:283][345]Log file closed, 12/19/18 20:48:34
