Log file open, 12/14/18 19:22:32
LogWindows: Failed to load 'aqProf.dll' (GetLastError=126)
LogWindows: File 'aqProf.dll' does not exist
LogWindows: Failed to load 'VSPerf140.dll' (GetLastError=126)
LogWindows: File 'VSPerf140.dll' does not exist
LogWindows: Failed to load 'VtuneApi.dll' (GetLastError=126)
LogWindows: File 'VtuneApi.dll' does not exist
LogWindows: Failed to load 'VtuneApi32e.dll' (GetLastError=126)
LogWindows: File 'VtuneApi32e.dll' does not exist
LogInit: Display: Running engine for game: Wukongpointpng
LogPlatformFile: Not using cached read wrapper
LogTaskGraph: Started task graph with 5 named threads and 23 total threads with 3 sets of task threads.
LogStats: Stats thread started at 0.291052
LogD3D11RHI: Loaded GFSDK_Aftermath_Lib.x64.dll
LogICUInternationalization: Display: ICU TimeZone Detection - Raw Offset: +1:00, Platform Override: ''
LogPluginManager: Mounting plugin Paper2D
LogPluginManager: Mounting plugin AISupport
LogPluginManager: Mounting plugin LightPropagationVolume
LogPluginManager: Mounting plugin CLionSourceCodeAccess
LogPluginManager: Mounting plugin CodeLiteSourceCodeAccess
LogPluginManager: Mounting plugin GitSourceControl
LogPluginManager: Mounting plugin KDevelopSourceCodeAccess
LogPluginManager: Mounting plugin NullSourceCodeAccess
LogPluginManager: Mounting plugin PerforceSourceControl
LogPluginManager: Mounting plugin SubversionSourceControl
LogPluginManager: Mounting plugin UObjectPlugin
LogPluginManager: Mounting plugin VisualStudioCodeSourceCodeAccess
LogPluginManager: Mounting plugin VisualStudioSourceCodeAccess
LogPluginManager: Mounting plugin XCodeSourceCodeAccess
LogPluginManager: Mounting plugin AssetManagerEditor
LogPluginManager: Mounting plugin CryptoKeys
LogPluginManager: Mounting plugin DataValidation
LogPluginManager: Mounting plugin FacialAnimation
LogPluginManager: Mounting plugin GameplayTagsEditor
LogPluginManager: Mounting plugin MacGraphicsSwitching
LogPluginManager: Mounting plugin MeshEditor
LogPluginManager: Mounting plugin MobileLauncherProfileWizard
LogPluginManager: Mounting plugin PluginBrowser
LogPluginManager: Mounting plugin SpeedTreeImporter
LogPluginManager: Mounting plugin DatasmithContent
LogPluginManager: Mounting plugin AlembicImporter
LogPluginManager: Mounting plugin AppleImageUtils
LogPluginManager: Mounting plugin AppleVision
LogPluginManager: Mounting plugin BackChannel
LogPluginManager: Mounting plugin CharacterAI
LogPluginManager: Mounting plugin GeometryCache
LogPluginManager: Mounting plugin HTML5Networking
LogPluginManager: Mounting plugin ProxyLODPlugin
LogPluginManager: Mounting plugin MagicLeap
LogPluginManager: Mounting plugin MagicLeapEmulator
LogPluginManager: Mounting plugin MagicLeapMedia
LogPluginManager: Mounting plugin AndroidMedia
LogPluginManager: Mounting plugin AvfMedia
LogPluginManager: Mounting plugin ImgMedia
LogPluginManager: Mounting plugin LinearTimecode
LogPluginManager: Mounting plugin MediaCompositing
LogPluginManager: Mounting plugin MediaPlayerEditor
LogPluginManager: Mounting plugin WmfMedia
LogPluginManager: Mounting plugin TcpMessaging
LogPluginManager: Mounting plugin UdpMessaging
LogPluginManager: Mounting plugin ActorSequence
LogPluginManager: Mounting plugin LevelSequenceEditor
LogPluginManager: Mounting plugin MatineeToLevelSequence
LogPluginManager: Mounting plugin NetcodeUnitTest
LogPluginManager: Mounting plugin NUTUnrealEngine4
LogPluginManager: Mounting plugin OnlineSubsystemGooglePlay
LogPluginManager: Mounting plugin OnlineSubsystemIOS
LogPluginManager: Mounting plugin OnlineSubsystem
LogPluginManager: Mounting plugin OnlineSubsystemNull
LogPluginManager: Mounting plugin OnlineSubsystemUtils
LogPluginManager: Mounting plugin LauncherChunkInstaller
LogPluginManager: Mounting plugin AndroidDeviceProfileSelector
LogPluginManager: Mounting plugin AndroidMoviePlayer
LogPluginManager: Mounting plugin AndroidPermission
LogPluginManager: Mounting plugin AppleMoviePlayer
LogPluginManager: Mounting plugin ArchVisCharacter
LogPluginManager: Mounting plugin AudioCapture
LogPluginManager: Mounting plugin CableComponent
LogPluginManager: Mounting plugin CustomMeshComponent
LogPluginManager: Mounting plugin EditableMesh
LogPluginManager: Mounting plugin ExampleDeviceProfileSelector
LogPluginManager: Mounting plugin GoogleCloudMessaging
LogPluginManager: Mounting plugin ImmediatePhysics
LogPluginManager: Mounting plugin IOSDeviceProfileSelector
LogPluginManager: Mounting plugin LinuxDeviceProfileSelector
LogPluginManager: Mounting plugin LocationServicesBPLibrary
LogPluginManager: Mounting plugin MobilePatchingUtils
LogPluginManager: Mounting plugin OculusVR
LogPluginManager: Plugin shader directory ../../../Engine/Plugins/Runtime/Oculus/OculusVR/Shaders found
LogPluginManager: Mapping shader source directory ../../../Engine/Plugins/Runtime/Oculus/OculusVR/Shaders to virtual directory /Plugin/OculusVR
LogPluginManager: Mounting plugin PhysXVehicles
LogPluginManager: Mounting plugin ProceduralMeshComponent
LogPluginManager: Mounting plugin RuntimePhysXCooking
LogPluginManager: Mounting plugin SteamVR
LogPluginManager: Mounting plugin WindowsMoviePlayer
LogStreaming: Display: Took  0.095s to configure plugins.
LogInit: Using libcurl 7.55.1-DEV
LogInit:  - built for x86_64-pc-win32
LogInit:  - supports SSL with OpenSSL/1.0.2h
LogInit:  - supports HTTP deflate (compression) using libz 1.2.8
LogInit:  - other features:
LogInit:      CURL_VERSION_SSL
LogInit:      CURL_VERSION_LIBZ
LogInit:      CURL_VERSION_IPV6
LogInit:      CURL_VERSION_ASYNCHDNS
LogInit:      CURL_VERSION_LARGEFILE
LogInit:      CURL_VERSION_IDN
LogInit:  CurlRequestOptions (configurable via config and command line):
LogInit:  - bVerifyPeer = false  - Libcurl will NOT verify peer certificate
LogInit:  - bUseHttpProxy = false  - Libcurl will NOT use HTTP proxy
LogInit:  - bDontReuseConnections = false  - Libcurl will reuse connections
LogInit:  - CertBundlePath = nullptr  - Libcurl will use whatever was configured at build time.
LogInit:  - MaxHostConnections = 16  - Libcurl will limit the number of connections to a host
LogInit:  - LocalHostAddr = Default
LogInit:  - BufferSize = 65536
LogInit: WinSock: version 1.1 (2.2), MaxSocks=32767, MaxUdp=65467
LogInit: Build: ++UE4+Release-4.20-CL-4369336
LogInit: Engine Version: 4.20.3-4369336+++UE4+Release-4.20
LogInit: Compatible Engine Version: 4.20.0-4212847+++UE4+Release-4.20
LogInit: Net CL: 4212847
LogInit: OS: Windows 10 (), CPU: Intel(R) Core(TM) i7-6700HQ CPU @ 2.60GHz, GPU: NVIDIA GeForce GTX 970M
LogInit: Compiled (64-bit): Sep 17 2018 12:26:19
LogInit: Compiled with Visual C++: 19.13.26129.00
LogInit: Build Configuration: Development
LogInit: Branch Name: ++UE4+Release-4.20
LogInit: Command Line:  
LogInit: Base Directory: D:/UE_4.20/Engine/Binaries/Win64/
LogInit: Installed Engine Build: 1
LogDevObjectVersion: Number of dev versions registered: 20
LogDevObjectVersion:   Dev-Blueprints (B0D832E4-1F89-4F0D-ACCF-7EB736FD4AA2): 10
LogDevObjectVersion:   Dev-Build (E1C64328-A22C-4D53-A36C-8E866417BD8C): 0
LogDevObjectVersion:   Dev-Core (375EC13C-06E4-48FB-B500-84F0262A717E): 2
LogDevObjectVersion:   Dev-Editor (E4B068ED-F494-42E9-A231-DA0B2E46BB41): 24
LogDevObjectVersion:   Dev-Framework (CFFC743F-43B0-4480-9391-14DF171D2073): 34
LogDevObjectVersion:   Dev-Mobile (B02B49B5-BB20-44E9-A304-32B752E40360): 2
LogDevObjectVersion:   Dev-Networking (A4E4105C-59A1-49B5-A7C5-40C4547EDFEE): 0
LogDevObjectVersion:   Dev-Online (39C831C9-5AE6-47DC-9A44-9C173E1C8E7C): 0
LogDevObjectVersion:   Dev-Physics (78F01B33-EBEA-4F98-B9B4-84EACCB95AA2): 0
LogDevObjectVersion:   Dev-Platform (6631380F-2D4D-43E0-8009-CF276956A95A): 0
LogDevObjectVersion:   Dev-Rendering (12F88B9F-8875-4AFC-A67C-D90C383ABD29): 26
LogDevObjectVersion:   Dev-Sequencer (7B5AE74C-D270-4C10-A958-57980B212A5A): 9
LogDevObjectVersion:   Dev-VR (D7296918-1DD6-4BDD-9DE2-64A83CC13884): 2
LogDevObjectVersion:   Dev-LoadTimes (C2A15278-BFE7-4AFE-6C17-90FF531DF755): 1
LogDevObjectVersion:   Private-Geometry (6EACA3D4-40EC-4CC1-B786-8BED09428FC5): 3
LogDevObjectVersion:   Dev-AnimPhys (29E575DD-E0A3-4627-9D10-D276232CDCEA): 17
LogDevObjectVersion:   Dev-ReflectionCapture (6B266CEC-1EC7-4B8F-A30B-E4D90942FC07): 1
LogDevObjectVersion:   Dev-Automation (0DF73D61-A23F-47EA-B727-89E90C41499A): 1
LogDevObjectVersion:   FortniteMain (601D1886-AC64-4F84-AA16-D3DE0DEAC7D6): 12
LogDevObjectVersion:   Dev-Enterprise (9DFFBCD6-494F-0158-E221-12823C92A888): 1
LogStreaming: Display: Took  0.074s to delete old logs.
LogInit: Presizing for max 8388607 objects, including 0 objects not considered by GC, pre-allocating 0 bytes for permanent pool.
LogInit: Object subsystem initialized
[2018.12.14-18.22.33:057][  0]LogInit: Selected Device Profile: [Windows]
[2018.12.14-18.22.33:057][  0]LogInit: Applying CVar settings loaded from the selected device profile: [Windows]
[2018.12.14-18.22.33:065][  0]LogHAL: Display: Platform has ~ 8 GB [8522620928 / 8589934592 / 8], which maps to Default [LargestMinGB=32, LargerMinGB=12, DefaultMinGB=8, SmallerMinGB=6, SmallestMinGB=0)
[2018.12.14-18.22.33:065][  0]LogInit: Setting Device Profile CVar: [[r.Vulkan.UseRealUBs:1]]
[2018.12.14-18.22.33:065][  0]LogInit: Going up to parent DeviceProfile []
[2018.12.14-18.22.33:065][  0]LogInit: Computer: DESKTOP-22TEGNE
[2018.12.14-18.22.33:065][  0]LogInit: User: Tom
[2018.12.14-18.22.33:065][  0]LogInit: CPU Page size=4096, Cores=4
[2018.12.14-18.22.33:065][  0]LogInit: High frequency timer resolution =2.531256 MHz
[2018.12.14-18.22.33:066][  0]LogMemory: Memory total: Physical=7.9GB (8GB approx)
[2018.12.14-18.22.33:066][  0]LogMemory: Platform Memory Stats for Windows
[2018.12.14-18.22.33:066][  0]LogMemory: Process Physical Memory: 100.21 MB used, 100.21 MB peak
[2018.12.14-18.22.33:066][  0]LogMemory: Process Virtual Memory: 91.01 MB used, 91.01 MB peak
[2018.12.14-18.22.33:066][  0]LogMemory: Physical Memory: 3757.78 MB used,  4370.02 MB free, 8127.80 MB total
[2018.12.14-18.22.33:066][  0]LogMemory: Virtual Memory: 4630.92 MB used,  4370.02 MB free, 134217728.00 MB total
[2018.12.14-18.22.33:090][  0]LogInit: Using OS detected language (fr-FR).
[2018.12.14-18.22.33:090][  0]LogInit: Using OS detected locale (fr-FR).
[2018.12.14-18.22.33:091][  0]LogTextLocalizationManager: No specific localization for 'fr-FR' exists, so the 'fr' localization will be used.
[2018.12.14-18.22.33:094][  0]LogStreaming: Display: Took  0.004s to InitEngineTextLocalization.
[2018.12.14-18.22.33:094][  0]LogInit: Setting process to per monitor DPI aware
[2018.12.14-18.22.33:129][  0]LogSlate: New Slate User Created.  User Index 0, Is Virtual User: 0
[2018.12.14-18.22.33:129][  0]LogSlate: Slate User Registered.  User Index 0, Is Virtual User: 0
[2018.12.14-18.22.33:403][  0]LogHMD: Failed to initialize OpenVR with code 100
[2018.12.14-18.22.33:403][  0]LogD3D11RHI: D3D11 adapters:
[2018.12.14-18.22.33:479][  0]LogD3D11RHI:    0. 'NVIDIA GeForce GTX 970M' (Feature Level 11_0)
[2018.12.14-18.22.33:479][  0]LogD3D11RHI:       3029/0/4063 MB DedicatedVideo/DedicatedSystem/SharedSystem, Outputs:1, VendorId:0x10de
[2018.12.14-18.22.33:482][  0]LogD3D11RHI:    1. 'Microsoft Basic Render Driver' (Feature Level 11_0)
[2018.12.14-18.22.33:482][  0]LogD3D11RHI:       0/0/4063 MB DedicatedVideo/DedicatedSystem/SharedSystem, Outputs:0, VendorId:0x1414
[2018.12.14-18.22.33:482][  0]LogD3D11RHI: Chosen D3D11 Adapter: 0
[2018.12.14-18.22.33:489][  0]LogD3D11RHI: Creating new Direct3DDevice
[2018.12.14-18.22.33:489][  0]LogD3D11RHI:     GPU DeviceId: 0x1618 (for the marketing name, search the web for "GPU Device Id")
[2018.12.14-18.22.33:489][  0]LogWindows: EnumDisplayDevices:
[2018.12.14-18.22.33:489][  0]LogWindows:    0. 'NVIDIA GeForce GTX 970M' (P:1 D:1)
[2018.12.14-18.22.33:489][  0]LogWindows:    1. 'NVIDIA GeForce GTX 970M' (P:0 D:0)
[2018.12.14-18.22.33:490][  0]LogWindows:    2. 'NVIDIA GeForce GTX 970M' (P:0 D:0)
[2018.12.14-18.22.33:490][  0]LogWindows:    3. 'NVIDIA GeForce GTX 970M' (P:0 D:0)
[2018.12.14-18.22.33:490][  0]LogWindows: DebugString: FoundDriverCount:4 
[2018.12.14-18.22.33:490][  0]LogD3D11RHI:     Adapter Name: NVIDIA GeForce GTX 970M
[2018.12.14-18.22.33:490][  0]LogD3D11RHI:   Driver Version: 417.22 (internal:25.21.14.1722, unified:417.22)
[2018.12.14-18.22.33:490][  0]LogD3D11RHI:      Driver Date: 11-29-2018
[2018.12.14-18.22.33:490][  0]LogRHI: Texture pool is 2120 MB (70% of 3029 MB)
[2018.12.14-18.22.33:538][  0]LogD3D11RHI: Async texture creation enabled
[2018.12.14-18.22.33:557][  0]LogD3D11RHI: GPU Timing Frequency: 1000.000000 (Debug: 2 2)
[2018.12.14-18.22.33:600][  0]LogShaderCompilers: Guid format shader working directory is 4 characters bigger than the processId version (../../../../Projet-Unreal/Wukongpointpng/Intermediate/Shaders/WorkingDirectory/8952/).
[2018.12.14-18.22.33:600][  0]LogShaderCompilers: Cleaned the shader compiler working directory 'C:/Users/Tom/AppData/Local/Temp/UnrealShaderWorkingDir/5444999F4E651E6E0F9B119D63284501/'.
[2018.12.14-18.22.33:962][  0]LogTemp: Display: Loaded TP AllDesktopTargetPlatform
[2018.12.14-18.22.33:977][  0]LogTemp: Display: Loaded TP MacClientTargetPlatform
[2018.12.14-18.22.33:992][  0]LogTemp: Display: Loaded TP MacNoEditorTargetPlatform
[2018.12.14-18.22.34:007][  0]LogTemp: Display: Loaded TP MacServerTargetPlatform
[2018.12.14-18.22.34:021][  0]LogTemp: Display: Loaded TP MacTargetPlatform
[2018.12.14-18.22.34:035][  0]LogTemp: Display: Loaded TP WindowsClientTargetPlatform
[2018.12.14-18.22.34:050][  0]LogTemp: Display: Loaded TP WindowsNoEditorTargetPlatform
[2018.12.14-18.22.34:064][  0]LogTemp: Display: Loaded TP WindowsServerTargetPlatform
[2018.12.14-18.22.34:071][  0]LogTemp: Display: Loaded TP WindowsTargetPlatform
[2018.12.14-18.22.34:155][  0]LogTemp: Display: Loaded TP AndroidTargetPlatform
[2018.12.14-18.22.34:156][  0]LogTemp: Display: Loaded TP AndroidTargetPlatform
[2018.12.14-18.22.34:156][  0]LogTemp: Display: Loaded TP AndroidTargetPlatform
[2018.12.14-18.22.34:156][  0]LogTemp: Display: Loaded TP AndroidTargetPlatform
[2018.12.14-18.22.34:156][  0]LogTemp: Display: Loaded TP AndroidTargetPlatform
[2018.12.14-18.22.34:156][  0]LogTemp: Display: Loaded TP AndroidTargetPlatform
[2018.12.14-18.22.34:156][  0]LogTemp: Display: Loaded TP AndroidTargetPlatform
[2018.12.14-18.22.34:156][  0]LogTemp: Display: Loaded TP AndroidTargetPlatform
[2018.12.14-18.22.34:156][  0]LogTemp: Display: Loaded TP AndroidTargetPlatform
[2018.12.14-18.22.34:156][  0]LogTemp: Display: Loaded TP AndroidTargetPlatform
[2018.12.14-18.22.34:156][  0]LogTemp: Display: Loaded TP AndroidTargetPlatform
[2018.12.14-18.22.34:156][  0]LogTemp: Display: Loaded TP AndroidTargetPlatform
[2018.12.14-18.22.34:156][  0]LogTemp: Display: Loaded TP AndroidTargetPlatform
[2018.12.14-18.22.34:156][  0]LogTemp: Display: Loaded TP AndroidTargetPlatform
[2018.12.14-18.22.34:156][  0]LogTemp: Display: Loaded TP AndroidTargetPlatform
[2018.12.14-18.22.34:156][  0]LogTemp: Display: Loaded TP AndroidTargetPlatform
[2018.12.14-18.22.34:156][  0]LogTemp: Display: Loaded TP AndroidTargetPlatform
[2018.12.14-18.22.34:156][  0]LogTemp: Display: Loaded TP AndroidTargetPlatform
[2018.12.14-18.22.34:157][  0]LogTemp: Display: Loaded TP HTML5TargetPlatform
[2018.12.14-18.22.34:221][  0]LogTemp: Display: Loaded TP IOSTargetPlatform
[2018.12.14-18.22.34:221][  0]LogTemp: Display: Loaded TP IOSTargetPlatform
[2018.12.14-18.22.34:245][  0]LogTemp: Display: Loaded TP TVOSTargetPlatform
[2018.12.14-18.22.34:245][  0]LogTemp: Display: Loaded TP TVOSTargetPlatform
[2018.12.14-18.22.34:257][  0]LogTemp: Display: Loaded TP LinuxClientTargetPlatform
[2018.12.14-18.22.34:270][  0]LogTemp: Display: Loaded TP LinuxNoEditorTargetPlatform
[2018.12.14-18.22.34:283][  0]LogTemp: Display: Loaded TP LinuxServerTargetPlatform
[2018.12.14-18.22.34:296][  0]LogTemp: Display: Loaded TP LinuxTargetPlatform
[2018.12.14-18.22.34:305][  0]LogTemp: Display: Loaded TP LuminTargetPlatform
[2018.12.14-18.22.34:305][  0]LogTargetPlatformManager: Display: Building Assets For Windows
[2018.12.14-18.22.34:365][  0]LogXGEController: Cleaning working directory: C:/Users/Tom/AppData/Local/Temp/UnrealXGEWorkingDir/
[2018.12.14-18.22.34:366][  0]LogXGEController: Cannot use XGE Controller as Incredibuild is not installed on this machine.
[2018.12.14-18.22.34:366][  0]LogShaderCompilers: Cannot use XGE Shader Compiler as Incredibuild is not installed on this machine.
[2018.12.14-18.22.34:366][  0]LogShaderCompilers: Display: Using Local Shader Compiler.
[2018.12.14-18.22.35:102][  0]LogDerivedDataCache: Display: Max Cache Size: 512 MB
[2018.12.14-18.22.35:165][  0]LogDerivedDataCache: Loaded boot cache 0.06s 71MB C:/Users/Tom/AppData/Local/UnrealEngine/4.20/DerivedDataCache/Boot.ddc.
[2018.12.14-18.22.35:165][  0]LogDerivedDataCache: Display: Loaded Boot cache: C:/Users/Tom/AppData/Local/UnrealEngine/4.20/DerivedDataCache/Boot.ddc
[2018.12.14-18.22.35:165][  0]LogDerivedDataCache: FDerivedDataBackendGraph:  Pak pak cache file ../../../../Projet-Unreal/Wukongpointpng/DerivedDataCache/DDC.ddp not found, will not use a pak cache.
[2018.12.14-18.22.35:165][  0]LogDerivedDataCache: Unable to find inner node Pak for hierarchical cache Hierarchy.
[2018.12.14-18.22.35:165][  0]LogDerivedDataCache: FDerivedDataBackendGraph:  CompressedPak pak cache file ../../../../Projet-Unreal/Wukongpointpng/DerivedDataCache/Compressed.ddp not found, will not use a pak cache.
[2018.12.14-18.22.35:165][  0]LogDerivedDataCache: Unable to find inner node CompressedPak for hierarchical cache Hierarchy.
[2018.12.14-18.22.35:179][  0]LogDerivedDataCache: Display: Pak cache opened for reading ../../../Engine/DerivedDataCache/Compressed.ddp.
[2018.12.14-18.22.35:193][  0]LogDerivedDataCache: Using Local data cache path C:/Users/Tom/AppData/Local/UnrealEngine/Common/DerivedDataCache: Writable
[2018.12.14-18.22.35:193][  0]LogDerivedDataCache: Shared data cache path not found in *engine.ini, will not use an Shared cache.
[2018.12.14-18.22.35:193][  0]LogDerivedDataCache: Unable to find inner node Shared for hierarchical cache Hierarchy.
[2018.12.14-18.22.35:211][  0]LogMaterial: Verifying Global Shaders for PCD3D_SM5
[2018.12.14-18.22.35:213][  0]LogSlate: Using FreeType 2.6.0
[2018.12.14-18.22.35:213][  0]LogSlate: SlateFontServices - WITH_FREETYPE: 1, WITH_HARFBUZZ: 1
[2018.12.14-18.22.35:303][  0]LogAssetRegistry: FAssetRegistry took 0.0262 seconds to start up
[2018.12.14-18.22.35:642][  0]LogInit: Selected Device Profile: [Windows]
[2018.12.14-18.22.35:787][  0]LogSimplygon: Simplygon DLL not present - disabling.
[2018.12.14-18.22.35:791][  0]LogMeshReduction: Using SimplygonSwarm for distributed automatic mesh merging
[2018.12.14-18.22.35:791][  0]LogMeshReduction: Using ProxyLODMeshReduction for automatic mesh merging
[2018.12.14-18.22.35:791][  0]LogMeshReduction: Using QuadricMeshReduction for automatic static mesh reduction
[2018.12.14-18.22.35:791][  0]LogMeshReduction: No automatic skeletal mesh reduction module available
[2018.12.14-18.22.36:182][  0]LogNetVersion: Wukongpointpng 1.0.0, NetCL: 4212847, EngineNetVer: 5, GameNetVer: 0 (Checksum: 4139426139)
[2018.12.14-18.22.44:094][  0]LogPackageLocalizationCache: Processed 11 localized package path(s) for 2 prioritized culture(s) in 0.545345 seconds
[2018.12.14-18.22.44:446][  0]LogUObjectArray: 38426 objects as part of root set at end of initial load.
[2018.12.14-18.22.44:446][  0]LogUObjectAllocator: 6691096 out of 0 bytes used by permanent object pool.
[2018.12.14-18.22.44:446][  0]LogUObjectArray: CloseDisregardForGC: 0/0 objects in disregard for GC pool
[2018.12.14-18.23.08:420][  0]LogTcpMessaging: Initializing TcpMessaging bridge
[2018.12.14-18.23.08:653][  0]LogUdpMessaging: Initializing bridge on interface 0.0.0.0:0 to multicast group 230.0.0.1:6666.
[2018.12.14-18.23.09:650][  0]SourceControl: Source control is disabled
[2018.12.14-18.23.09:650][  0]SourceControl: Source control is disabled
[2018.12.14-18.23.09:764][  0]SourceControl: Source control is disabled
[2018.12.14-18.23.09:791][  0]SourceControl: Source control is disabled
[2018.12.14-18.23.11:454][  0]LogAndroidPermission: UAndroidPermissionCallbackProxy::GetInstance
[2018.12.14-18.23.11:649][  0]LogOcInput: OculusInput pre-init called
[2018.12.14-18.23.12:101][  0]LogEngine: Initializing Engine...
[2018.12.14-18.23.12:130][  0]LogHMD: Failed to initialize OpenVR with code 100
[2018.12.14-18.23.12:141][  0]LogStats: UGameplayTagsManager::ConstructGameplayTagTree: ImportINI prefixes -  0.000 s
[2018.12.14-18.23.12:141][  0]LogStats: UGameplayTagsManager::ConstructGameplayTagTree: Construct from data asset -  0.000 s
[2018.12.14-18.23.12:141][  0]LogStats: UGameplayTagsManager::ConstructGameplayTagTree: ImportINI -  0.000 s
[2018.12.14-18.23.12:142][  0]LogStats: UGameplayTagsManager::ConstructGameplayTagTree: GameplayTagTreeChangedEvent.Broadcast -  0.000 s
[2018.12.14-18.23.12:478][  0]LogInit: Initializing FReadOnlyCVARCache
[2018.12.14-18.23.12:762][  0]LogAIModule: Creating AISystem for world Untitled
[2018.12.14-18.23.12:936][  0]LogInit: XAudio2 using 'Speakers (Realtek High Definition Audio)' : 2 channels at 48 kHz using 32 bits per sample (channel mask 0x3)
[2018.12.14-18.23.13:158][  0]LogInit: FAudioDevice initialized.
[2018.12.14-18.23.13:158][  0]LogNetVersion: Set ProjectVersion to 1.0.0.0. Version Checksum will be recalculated on next use.
[2018.12.14-18.23.13:285][  0]LogDerivedDataCache: Saved boot cache 0.13s 71MB C:/Users/Tom/AppData/Local/UnrealEngine/4.20/DerivedDataCache/Boot.ddc.
[2018.12.14-18.23.13:285][  0]LogInit: Texture streaming: Enabled
[2018.12.14-18.23.13:440][  0]LogEngineSessionManager: EngineSessionManager initialized
[2018.12.14-18.23.13:547][  0]LogInit: Transaction tracking system initialized
[2018.12.14-18.23.13:943][  0]BlueprintLog: New page: Editor Load
[2018.12.14-18.23.15:107][  0]LocalizationService: Localization service is disabled
[2018.12.14-18.23.16:853][  0]LogFileCache: Scanning file cache for directory 'D:/Projet-Unreal/Wukongpointpng/Content/' took 0.02s
[2018.12.14-18.23.16:853][  0]LogCook: Display: Max memory allowance for cook 16384mb min free memory 0mb
[2018.12.14-18.23.16:860][  0]LogCook: Display: Mobile HDR setting 1
[2018.12.14-18.23.16:860][  0]LogGameplayTags: Display: UGameplayTagsManager::DoneAddingNativeTags. DelegateIsBound: 0
[2018.12.14-18.23.16:860][  0]LogStats: UGameplayTagsManager::ConstructGameplayTagTree: ImportINI prefixes -  0.000 s
[2018.12.14-18.23.16:860][  0]LogStats: UGameplayTagsManager::ConstructGameplayTagTree: Construct from data asset -  0.000 s
[2018.12.14-18.23.16:860][  0]LogStats: UGameplayTagsManager::ConstructGameplayTagTree: ImportINI -  0.000 s
[2018.12.14-18.23.16:860][  0]LogStats: UGameplayTagsManager::ConstructGameplayTagTree: GameplayTagTreeChangedEvent.Broadcast -  0.000 s
[2018.12.14-18.23.19:005][  0]SourceControl: Source control is disabled
[2018.12.14-18.23.19:033][  0]Cmd: MAP LOAD FILE="../../../../Projet-Unreal/Wukongpointpng/Content/SideScrollerBP/Maps/SideScrollerExampleMap.umap" TEMPLATE=0 SHOWPROGRESS=1 FEATURELEVEL=3
[2018.12.14-18.23.19:043][  0]LightingResults: New page: Lighting Build
[2018.12.14-18.23.19:168][  0]MapCheck: New page: Map Check
[2018.12.14-18.23.19:168][  0]LightingResults: New page: Lighting Build
[2018.12.14-18.23.21:142][  0]LogAIModule: Creating AISystem for world SideScrollerExampleMap
[2018.12.14-18.23.21:634][  0]LogEditorServer: Finished looking for orphan Actors (0.000 secs)
[2018.12.14-18.23.21:764][  0]Cmd: MAP CHECKDEP NOCLEARLOG
[2018.12.14-18.23.21:843][  0]MapCheck: Map check complete: 0 Error(s), 0 Warning(s), took 78,283ms to complete.
[2018.12.14-18.23.21:843][  0]LogFileHelpers: Loading map 'SideScrollerExampleMap' took 2.821
[2018.12.14-18.23.23:623][  0]LogSlate: Updating window title bar state: overlay mode, drag disabled, window buttons hidden, title bar hidden
[2018.12.14-18.23.23:650][  0]LogSlate: Updating window title bar state: overlay mode, drag disabled, window buttons hidden, title bar hidden
[2018.12.14-18.23.23:658][  0]LogSlate: Updating window title bar state: overlay mode, drag disabled, window buttons hidden, title bar hidden
[2018.12.14-18.23.23:666][  0]LogSlate: Updating window title bar state: overlay mode, drag disabled, window buttons hidden, title bar hidden
[2018.12.14-18.23.23:723][  0]LogCollectionManager: Loaded 0 collections in 0.002236 seconds
[2018.12.14-18.23.23:948][  0]LogFileCache: Scanning file cache for directory 'D:/Projet-Unreal/Wukongpointpng/Saved/Collections/' took 0.01s
[2018.12.14-18.23.23:948][  0]LogFileCache: Scanning file cache for directory 'D:/Projet-Unreal/Wukongpointpng/Content/Developers/Tom/Collections/' took 0.01s
[2018.12.14-18.23.23:948][  0]LogFileCache: Scanning file cache for directory 'D:/Projet-Unreal/Wukongpointpng/Content/Collections/' took 0.01s
[2018.12.14-18.23.23:948][  0]LogCollectionManager: Rebuilt the GUID cache for 0 collections in 0.000000 seconds
[2018.12.14-18.23.23:976][  0]LogContentBrowser: Native class hierarchy populated in 0.0113 seconds. Added 2572 classes and 603 folders.
[2018.12.14-18.23.24:052][  0]LogContentBrowser: Native class hierarchy updated for 'WidgetCarousel' in 0.0003 seconds. Added 0 classes and 0 folders.
[2018.12.14-18.23.24:706][  0]LogContentBrowser: Native class hierarchy updated for 'AddContentDialog' in 0.0002 seconds. Added 0 classes and 0 folders.
[2018.12.14-18.23.24:813][  0]LogContentBrowser: Native class hierarchy updated for 'SceneOutliner' in 0.0003 seconds. Added 1 classes and 2 folders.
[2018.12.14-18.23.25:647][  0]LogSlate: Took 0.008940 seconds to synchronously load lazily loaded font '../../../Engine/Content/Slate/Fonts/Roboto-Regular.ttf' (155K)
[2018.12.14-18.23.25:693][  0]LogSlate: Took 0.034520 seconds to synchronously load lazily loaded font '../../../Engine/Content/Slate/Fonts/Roboto-Bold.ttf' (160K)
[2018.12.14-18.23.25:747][  0]LogSlate: Took 0.013579 seconds to synchronously load lazily loaded font '../../../Engine/Content/Editor/Slate/Fonts/FontAwesome.ttf' (139K)
[2018.12.14-18.23.26:126][  0]LogRenderer: Reallocating scene render targets to support 1148x504 Format 10 NumSamples 1 (Frame:1).
[2018.12.14-18.23.26:650][  0]LogContentBrowser: Native class hierarchy updated for 'HierarchicalLODOutliner' in 0.0003 seconds. Added 0 classes and 0 folders.
[2018.12.14-18.23.26:650][  0]LogLoad: (Engine Initialization) Total time: 55.78 seconds
[2018.12.14-18.23.26:650][  0]LogLoad: (Engine Initialization) Total Blueprint compile time: 0.00 seconds
[2018.12.14-18.23.26:670][  0]LogWindowsTextInputMethodSystem: Display: IME system now deactivated.
[2018.12.14-18.23.26:766][  0]LogContentStreaming: Texture pool size now 1000 MB
[2018.12.14-18.23.26:910][  0]LogSlate: Took 0.040515 seconds to synchronously load lazily loaded font '../../../Engine/Content/Slate/Fonts/Roboto-Light.ttf' (167K)
[2018.12.14-18.23.27:161][  2]LogAssetRegistry: Asset discovery search completed in 51.8803 seconds
[2018.12.14-18.23.27:164][  2]LogCollectionManager: Rebuilt the object cache for 0 collections in 0.000000 seconds (found 0 objects)
[2018.12.14-18.23.27:164][  2]LogCollectionManager: Fixed up redirectors for 0 collections in 0.000065 seconds (updated 0 objects)
[2018.12.14-18.23.41:360][219]LogSlate: FSceneViewport::OnFocusLost() reason 0
[2018.12.14-18.23.42:269][238]LogSlate: Took 0.000540 seconds to synchronously load lazily loaded font '../../../Engine/Content/Slate/Fonts/Roboto-Light.ttf' (167K)
[2018.12.14-18.23.42:281][238]LogAssetEditorManager: Opening Asset editor for Blueprint /Game/SideScrollerBP/Blueprints/SideScrollerCharacter.SideScrollerCharacter
[2018.12.14-18.23.43:271][238]LogContentBrowser: Native class hierarchy updated for 'BlueprintGraph' in 0.0007 seconds. Added 116 classes and 0 folders.
[2018.12.14-18.23.44:936][238]LogSlate: Took 0.010539 seconds to synchronously load lazily loaded font '../../../Engine/Content/Slate/Fonts/Roboto-BoldCondensed.ttf' (158K)
[2018.12.14-18.23.45:480][239]LogSlate: Took 0.011612 seconds to synchronously load lazily loaded font '../../../Engine/Content/Slate/Fonts/Roboto-Italic.ttf' (157K)
[2018.12.14-18.24.29:381][128]LogLinker: Warning: Can't find file '/Game/SideScrollerBP/Maps/LD_01_BuiltData'
[2018.12.14-18.24.29:381][128]LogLinker: Warning: Can't find file for asset '/Game/SideScrollerBP/Maps/LD_01_BuiltData' while loading ../../../../Projet-Unreal/Wukongpointpng/Content/SideScrollerBP/Maps/LD_01.umap.
[2018.12.14-18.24.29:381][128]LoadErrors: Error: /Game/SideScrollerBP/Maps/LD_01 : Can't find file for asset. /Game/SideScrollerBP/Maps/LD_01_BuiltData
[2018.12.14-18.24.29:383][128]LogLinker: Warning: Can't find file '/Game/SideScrollerBP/Maps/LD_01_BuiltData'
[2018.12.14-18.24.29:383][128]LogLinker: Warning: Can't find file for asset '/Game/SideScrollerBP/Maps/LD_01_BuiltData' while loading ../../../../Projet-Unreal/Wukongpointpng/Content/SideScrollerBP/Maps/LD_01.umap.
[2018.12.14-18.24.29:384][128]LogLinker: Warning: Can't find file '/Game/SideScrollerBP/Maps/LD_01_BuiltData'
[2018.12.14-18.24.29:385][128]LogLinker: Warning: Can't find file for asset '/Game/SideScrollerBP/Maps/LD_01_BuiltData' while loading NULL.
[2018.12.14-18.24.29:385][128]LogLinker: Warning: Can't find file '/Game/SideScrollerBP/Maps/LD_01_BuiltData'
[2018.12.14-18.24.29:385][128]LogLinker: Warning: Can't find file for asset '/Game/SideScrollerBP/Maps/LD_01_BuiltData' while loading NULL.
[2018.12.14-18.24.29:392][128]LogLinker: Warning: Can't find file '/Game/SideScrollerBP/Maps/LD_01_BuiltData'
[2018.12.14-18.24.29:392][128]LoadErrors: Failed to load /Game/SideScrollerBP/Maps/LD_01_BuiltData.LD_01_BuiltData Referenced by PersistentLevel
[2018.12.14-18.24.29:392][128]LogLinker: Warning: Can't find file for asset '/Game/SideScrollerBP/Maps/LD_01_BuiltData' while loading NULL.
[2018.12.14-18.24.29:407][128]LogAIModule: Creating AISystem for world LD_01
[2018.12.14-18.24.29:441][128]LogAssetEditorManager: Opening Asset editor for World /Game/SideScrollerBP/Maps/LD_01.LD_01
[2018.12.14-18.24.29:515][128]Cmd: MAP LOAD FILE="../../../../Projet-Unreal/Wukongpointpng/Content/SideScrollerBP/Maps/LD_01.umap" TEMPLATE=0 SHOWPROGRESS=1 FEATURELEVEL=3
[2018.12.14-18.24.29:515][128]LightingResults: New page: Lighting Build
[2018.12.14-18.24.29:515][128]LoadErrors: New page: Loading map: LD_01.umap
[2018.12.14-18.24.29:516][128]MapCheck: New page: Map Check
[2018.12.14-18.24.29:516][128]LightingResults: New page: Lighting Build
[2018.12.14-18.24.29:673][128]LogEditorServer: Finished looking for orphan Actors (0.000 secs)
[2018.12.14-18.24.29:720][128]Cmd: MAP CHECKDEP NOCLEARLOG
[2018.12.14-18.24.29:805][128]MapCheck: Map check complete: 0 Error(s), 0 Warning(s), took 84,741ms to complete.
[2018.12.14-18.24.29:805][128]LogFileHelpers: Loading map 'LD_01' took 0.291
[2018.12.14-18.25.34:421][688]LogSlate: FSceneViewport::OnFocusLost() reason 0
[2018.12.14-18.25.34:614][692]LogSlate: Window 'Wukongpointpng - Unreal Editor' being destroyed
[2018.12.14-18.25.34:615][692]LogWindowsTextInputMethodSystem: Display: IME system now deactivated.
[2018.12.14-18.25.34:866][693]Cmd: QUIT_EDITOR
[2018.12.14-18.25.35:032][693]LogExit: Preparing to exit.
[2018.12.14-18.25.35:928][693]LogExit: Editor shut down
[2018.12.14-18.25.35:928][693]LogExit: Transaction tracking system shut down
[2018.12.14-18.25.36:677][693]LogExit: Object subsystem successfully closed.
[2018.12.14-18.25.36:708][693]LogShaderCompilers: Display: Shaders left to compile 0
[2018.12.14-18.25.36:721][693]LogD3D11RHI: Shutdown
[2018.12.14-18.25.36:721][693]LogD3D11RHI: CleanupD3DDevice
[2018.12.14-18.25.36:723][693]LogD3D11RHI: ~FD3D11DynamicRHI
[2018.12.14-18.25.37:115][693]LogModuleManager: Shutting down and abandoning module BlueprintGraph (612)
[2018.12.14-18.25.37:115][693]LogModuleManager: Shutting down and abandoning module HierarchicalLODOutliner (610)
[2018.12.14-18.25.37:115][693]LogModuleManager: Shutting down and abandoning module SceneOutliner (608)
[2018.12.14-18.25.37:115][693]LogModuleManager: Shutting down and abandoning module AddContentDialog (606)
[2018.12.14-18.25.37:115][693]LogModuleManager: Shutting down and abandoning module WidgetCarousel (605)
[2018.12.14-18.25.37:115][693]LogModuleManager: Shutting down and abandoning module EditorWidgets (602)
[2018.12.14-18.25.37:116][693]LogModuleManager: Shutting down and abandoning module CollectionManager (600)
[2018.12.14-18.25.37:129][693]LogModuleManager: Shutting down and abandoning module StatsViewer (598)
[2018.12.14-18.25.37:129][693]LogModuleManager: Shutting down and abandoning module FoliageEdit (596)
[2018.12.14-18.25.37:129][693]LogModuleManager: Shutting down and abandoning module LandscapeEditor (594)
[2018.12.14-18.25.37:153][693]LogModuleManager: Shutting down and abandoning module MeshPaintMode (592)
[2018.12.14-18.25.37:154][693]LogModuleManager: Shutting down and abandoning module SceneDepthPickerMode (590)
[2018.12.14-18.25.37:154][693]LogModuleManager: Shutting down and abandoning module ActorPickerMode (588)
[2018.12.14-18.25.37:154][693]LogModuleManager: Shutting down and abandoning module GeometryMode (586)
[2018.12.14-18.25.37:154][693]LogModuleManager: Shutting down and abandoning module TextureAlignMode (584)
[2018.12.14-18.25.37:154][693]LogModuleManager: Shutting down and abandoning module BspMode (582)
[2018.12.14-18.25.37:154][693]LogModuleManager: Shutting down and abandoning module PIEPreviewDeviceProfileSelector (580)
[2018.12.14-18.25.37:154][693]LogModuleManager: Shutting down and abandoning module SequenceRecorderSections (578)
[2018.12.14-18.25.37:154][693]LogModuleManager: Shutting down and abandoning module AutomationWorker (576)
[2018.12.14-18.25.37:154][693]LogModuleManager: Shutting down and abandoning module AudioCaptureEditor (574)
[2018.12.14-18.25.37:154][693]LogModuleManager: Shutting down and abandoning module SequenceRecorder (573)
[2018.12.14-18.25.37:154][693]LogModuleManager: Shutting down and abandoning module MatineeToLevelSequence (570)
[2018.12.14-18.25.37:154][693]LogModuleManager: Shutting down and abandoning module LevelSequenceEditor (568)
[2018.12.14-18.25.37:166][693]LogModuleManager: Shutting down and abandoning module PlacementMode (567)
[2018.12.14-18.25.37:167][693]LogModuleManager: Shutting down and abandoning module MaterialEditor (566)
[2018.12.14-18.25.37:197][693]LogModuleManager: Shutting down and abandoning module WmfMediaFactory (562)
[2018.12.14-18.25.37:197][693]LogModuleManager: Shutting down and abandoning module WmfMediaEditor (560)
[2018.12.14-18.25.37:197][693]LogModuleManager: Shutting down and abandoning module MediaPlayerEditor (558)
[2018.12.14-18.25.37:197][693]LogModuleManager: Shutting down and abandoning module OpenExrWrapper (556)
[2018.12.14-18.25.37:197][693]LogModuleManager: Shutting down and abandoning module ImgMediaFactory (554)
[2018.12.14-18.25.37:197][693]LogModuleManager: Shutting down and abandoning module ImgMediaEditor (552)
[2018.12.14-18.25.37:197][693]LogModuleManager: Shutting down and abandoning module AvfMediaFactory (550)
[2018.12.14-18.25.37:197][693]LogModuleManager: Shutting down and abandoning module AvfMediaEditor (548)
[2018.12.14-18.25.37:197][693]LogModuleManager: Shutting down and abandoning module AndroidMediaFactory (546)
[2018.12.14-18.25.37:197][693]LogModuleManager: Shutting down and abandoning module AndroidMediaEditor (544)
[2018.12.14-18.25.37:197][693]LogModuleManager: Shutting down and abandoning module MagicLeapCameraPreviewFactory (542)
[2018.12.14-18.25.37:197][693]LogModuleManager: Shutting down and abandoning module MagicLeapMediaFactory (540)
[2018.12.14-18.25.37:197][693]LogModuleManager: Shutting down and abandoning module MagicLeapMediaEditor (538)
[2018.12.14-18.25.37:197][693]LogModuleManager: Shutting down and abandoning module CharacterAI (536)
[2018.12.14-18.25.37:197][693]LogModuleManager: Shutting down and abandoning module SmartSnapping (534)
[2018.12.14-18.25.37:197][693]LogModuleManager: Shutting down and abandoning module SessionServices (532)
[2018.12.14-18.25.37:197][693]LogModuleManager: Shutting down and abandoning module ViewportSnapping (530)
[2018.12.14-18.25.37:197][693]LogModuleManager: Shutting down and abandoning module ViewportInteraction (528)
[2018.12.14-18.25.37:197][693]LogModuleManager: Shutting down and abandoning module ClothPainter (526)
[2018.12.14-18.25.37:216][693]LogModuleManager: Shutting down and abandoning module SkeletalMeshEditor (525)
[2018.12.14-18.25.37:232][693]LogModuleManager: Shutting down and abandoning module LogVisualizer (522)
[2018.12.14-18.25.37:243][693]LogModuleManager: Shutting down and abandoning module IntroTutorials (520)
[2018.12.14-18.25.37:244][693]LogModuleManager: Shutting down and abandoning module GameProjectGeneration (519)
[2018.12.14-18.25.37:260][693]LogModuleManager: Shutting down and abandoning module LuminPlatformEditor (516)
[2018.12.14-18.25.37:260][693]LogModuleManager: Shutting down and abandoning module IOSPlatformEditor (514)
[2018.12.14-18.25.37:260][693]LogModuleManager: Shutting down and abandoning module HTML5PlatformEditor (512)
[2018.12.14-18.25.37:260][693]LogModuleManager: Shutting down and abandoning module AndroidPlatformEditor (510)
[2018.12.14-18.25.37:260][693]LogModuleManager: Shutting down and abandoning module AndroidDeviceDetection (509)
[2018.12.14-18.25.37:430][693]LogModuleManager: Shutting down and abandoning module WindowsPlatformEditor (506)
[2018.12.14-18.25.37:430][693]LogModuleManager: Shutting down and abandoning module LuminRuntimeSettings (504)
[2018.12.14-18.25.37:430][693]LogModuleManager: Shutting down and abandoning module IOSRuntimeSettings (502)
[2018.12.14-18.25.37:430][693]LogModuleManager: Shutting down and abandoning module AndroidRuntimeSettings (500)
[2018.12.14-18.25.37:430][693]LogModuleManager: Shutting down and abandoning module InputBindingEditor (498)
[2018.12.14-18.25.37:439][693]LogModuleManager: Shutting down and abandoning module MergeActors (496)
[2018.12.14-18.25.37:440][693]LogModuleManager: Shutting down and abandoning module LocalizationDashboard (494)
[2018.12.14-18.25.37:453][693]LogModuleManager: Shutting down and abandoning module LocalizationService (493)
[2018.12.14-18.25.37:453][693]LogModuleManager: Shutting down and abandoning module HardwareTargeting (490)
[2018.12.14-18.25.37:453][693]LogModuleManager: Shutting down and abandoning module DeviceProfileEditor (488)
[2018.12.14-18.25.37:453][693]LogModuleManager: Shutting down and abandoning module UndoHistory (486)
[2018.12.14-18.25.37:453][693]LogModuleManager: Shutting down and abandoning module XmlParser (484)
[2018.12.14-18.25.37:453][693]LogModuleManager: Shutting down and abandoning module Blutility (482)
[2018.12.14-18.25.37:453][693]LogModuleManager: Shutting down and abandoning module ProjectSettingsViewer (480)
[2018.12.14-18.25.37:453][693]LogModuleManager: Shutting down and abandoning module ProjectTargetPlatformEditor (479)
[2018.12.14-18.25.37:453][693]LogModuleManager: Shutting down and abandoning module EditorSettingsViewer (476)
[2018.12.14-18.25.37:453][693]LogModuleManager: Shutting down and abandoning module SettingsEditor (474)
[2018.12.14-18.25.37:453][693]LogModuleManager: Shutting down and abandoning module ProjectLauncher (472)
[2018.12.14-18.25.37:472][693]LogModuleManager: Shutting down and abandoning module SessionFrontend (470)
[2018.12.14-18.25.37:472][693]LogModuleManager: Shutting down and abandoning module ProfilerClient (468)
[2018.12.14-18.25.37:486][693]LogModuleManager: Shutting down and abandoning module DeviceManager (466)
[2018.12.14-18.25.37:486][693]LogModuleManager: Shutting down and abandoning module TargetDeviceServices (465)
[2018.12.14-18.25.37:550][693]LogModuleManager: Shutting down and abandoning module AutomationController (462)
[2018.12.14-18.25.37:550][693]LogModuleManager: Shutting down and abandoning module AutomationWindow (460)
[2018.12.14-18.25.37:563][693]LogModuleManager: Shutting down and abandoning module Layers (458)
[2018.12.14-18.25.37:580][693]LogModuleManager: Shutting down and abandoning module ComponentVisualizers (456)
[2018.12.14-18.25.37:580][693]LogModuleManager: Shutting down and abandoning module DetailCustomizations (454)
[2018.12.14-18.25.37:580][693]LogModuleManager: Shutting down and abandoning module PackagesDialog (452)
[2018.12.14-18.25.37:592][693]LogModuleManager: Shutting down and abandoning module Persona (450)
[2018.12.14-18.25.37:607][693]LogModuleManager: Shutting down and abandoning module AdvancedPreviewScene (449)
[2018.12.14-18.25.37:607][693]LogModuleManager: Shutting down and abandoning module AnimGraph (447)
[2018.12.14-18.25.37:607][693]LogModuleManager: Shutting down and abandoning module Kismet (444)
[2018.12.14-18.25.37:612][693]LogModuleManager: Shutting down and abandoning module GraphEditor (442)
[2018.12.14-18.25.37:612][693]LogModuleManager: Shutting down and abandoning module ClassViewer (440)
[2018.12.14-18.25.37:612][693]LogModuleManager: Shutting down and abandoning module Toolbox (438)
[2018.12.14-18.25.37:612][693]LogModuleManager: Shutting down and abandoning module ModuleUI (436)
[2018.12.14-18.25.37:624][693]LogModuleManager: Shutting down and abandoning module MovieSceneTools (434)
[2018.12.14-18.25.37:624][693]LogModuleManager: Shutting down and abandoning module OutputLog (432)
[2018.12.14-18.25.37:624][693]LogModuleManager: Shutting down and abandoning module GammaUI (430)
[2018.12.14-18.25.37:635][693]LogModuleManager: Shutting down and abandoning module Documentation (428)
[2018.12.14-18.25.37:636][693]LogModuleManager: Shutting down and abandoning module MovieSceneTracks (426)
[2018.12.14-18.25.37:652][693]LogModuleManager: Shutting down and abandoning module MovieScene (424)
[2018.12.14-18.25.37:652][693]LogModuleManager: Shutting down and abandoning module StreamingPauseRendering (422)
[2018.12.14-18.25.37:652][693]LogModuleManager: Shutting down and abandoning module LauncherPlatform (420)
[2018.12.14-18.25.37:652][693]LogModuleManager: Shutting down and abandoning module AnalyticsET (418)
[2018.12.14-18.25.37:652][693]LogModuleManager: Shutting down and abandoning module PortalServices (416)
[2018.12.14-18.25.37:652][693]LogModuleManager: Shutting down and abandoning module PortalRpc (414)
[2018.12.14-18.25.37:652][693]LogModuleManager: Shutting down and abandoning module MessagingRpc (412)
[2018.12.14-18.25.37:652][693]LogModuleManager: Shutting down and abandoning module AIModule (410)
[2018.12.14-18.25.37:652][693]LogModuleManager: Shutting down and abandoning module GameplayDebugger (409)
[2018.12.14-18.25.37:652][693]LogModuleManager: Shutting down and abandoning module AITestSuite (407)
[2018.12.14-18.25.37:652][693]LogModuleManager: Shutting down and abandoning module NavigationSystem (405)
[2018.12.14-18.25.37:652][693]LogModuleManager: Shutting down and abandoning module DesktopPlatform (402)
[2018.12.14-18.25.37:652][693]LogModuleManager: Shutting down and abandoning module ProfilerService (400)
[2018.12.14-18.25.37:832][693]LogModuleManager: Shutting down and abandoning module TaskGraph (398)
[2018.12.14-18.25.37:833][693]LogModuleManager: Shutting down and abandoning module SteamVRController (396)
[2018.12.14-18.25.37:833][693]LogModuleManager: Shutting down and abandoning module ProceduralMeshComponentEditor (394)
[2018.12.14-18.25.37:833][693]LogModuleManager: Shutting down and abandoning module ProceduralMeshComponent (392)
[2018.12.14-18.25.37:833][693]LogModuleManager: Shutting down and abandoning module OculusInput (390)
[2018.12.14-18.25.37:833][693]LogModuleManager: Shutting down and abandoning module MobilePatchingUtils (388)
[2018.12.14-18.25.37:833][693]LogModuleManager: Shutting down and abandoning module EditableMesh (386)
[2018.12.14-18.25.37:842][693]LogModuleManager: Shutting down and abandoning module CustomMeshComponent (384)
[2018.12.14-18.25.37:842][693]LogModuleManager: Shutting down and abandoning module CableComponent (382)
[2018.12.14-18.25.37:842][693]LogModuleManager: Shutting down and abandoning module AudioCapture (380)
[2018.12.14-18.25.37:843][693]LogModuleManager: Shutting down and abandoning module ArchVisCharacter (378)
[2018.12.14-18.25.37:843][693]LogModuleManager: Shutting down and abandoning module AndroidPermission (376)
[2018.12.14-18.25.37:843][693]LogModuleManager: Shutting down and abandoning module NUTUnrealEngine4 (374)
[2018.12.14-18.25.37:843][693]LogModuleManager: Shutting down and abandoning module NetcodeUnitTest (372)
[2018.12.14-18.25.37:859][693]LogModuleManager: Shutting down and abandoning module MediaCompositingEditor (370)
[2018.12.14-18.25.37:859][693]LogModuleManager: Shutting down and abandoning module MediaCompositing (368)
[2018.12.14-18.25.37:859][693]LogModuleManager: Shutting down and abandoning module LinearTimecode (366)
[2018.12.14-18.25.37:859][693]LogModuleManager: Shutting down and abandoning module ImgMedia (364)
[2018.12.14-18.25.37:876][693]LogModuleManager: Shutting down and abandoning module HTML5Networking (362)
[2018.12.14-18.25.37:876][693]LogModuleManager: Shutting down and abandoning module GeometryCacheTracks (360)
[2018.12.14-18.25.37:876][693]LogModuleManager: Shutting down and abandoning module GeometryCacheSequencer (358)
[2018.12.14-18.25.37:876][693]LogModuleManager: Shutting down and abandoning module BackChannel (356)
[2018.12.14-18.25.37:876][693]LogModuleManager: Shutting down and abandoning module AppleVision (354)
[2018.12.14-18.25.37:876][693]LogModuleManager: Shutting down and abandoning module AppleImageUtils (352)
[2018.12.14-18.25.37:876][693]LogModuleManager: Shutting down and abandoning module AlembicImporter (350)
[2018.12.14-18.25.37:876][693]LogModuleManager: Shutting down and abandoning module AlembicLibrary (349)
[2018.12.14-18.25.37:876][693]LogModuleManager: Shutting down and abandoning module GeometryCache (348)
[2018.12.14-18.25.37:876][693]LogModuleManager: Shutting down and abandoning module GeometryCacheEd (347)
[2018.12.14-18.25.37:876][693]LogModuleManager: Shutting down and abandoning module DatasmithContentEditor (342)
[2018.12.14-18.25.37:876][693]LogModuleManager: Shutting down and abandoning module DatasmithContent (340)
[2018.12.14-18.25.37:877][693]LogModuleManager: Shutting down and abandoning module SpeedTreeImporter (338)
[2018.12.14-18.25.37:877][693]LogModuleManager: Shutting down and abandoning module PluginBrowser (336)
[2018.12.14-18.25.37:888][693]LogModuleManager: Shutting down and abandoning module MobileLauncherProfileWizard (334)
[2018.12.14-18.25.37:899][693]LogModuleManager: Shutting down and abandoning module PolygonModeling (332)
[2018.12.14-18.25.37:899][693]LogModuleManager: Shutting down and abandoning module MeshEditor (330)
[2018.12.14-18.25.37:899][693]LogModuleManager: Shutting down and abandoning module CryptoKeysOpenSSL (328)
[2018.12.14-18.25.37:899][693]LogModuleManager: Shutting down and abandoning module CryptoKeys (326)
[2018.12.14-18.25.37:899][693]LogModuleManager: Shutting down and abandoning module VisualStudioSourceCodeAccess (324)
[2018.12.14-18.25.37:899][693]LogModuleManager: Shutting down and abandoning module VisualStudioCodeSourceCodeAccess (322)
[2018.12.14-18.25.37:899][693]LogModuleManager: Shutting down and abandoning module UObjectPlugin (320)
[2018.12.14-18.25.37:899][693]LogModuleManager: Shutting down and abandoning module SubversionSourceControl (318)
[2018.12.14-18.25.37:899][693]LogModuleManager: Shutting down and abandoning module PerforceSourceControl (316)
[2018.12.14-18.25.37:909][693]LogModuleManager: Shutting down and abandoning module GitSourceControl (314)
[2018.12.14-18.25.37:909][693]LogModuleManager: Shutting down and abandoning module SourceControl (313)
[2018.12.14-18.25.37:909][693]LogModuleManager: Shutting down and abandoning module CLionSourceCodeAccess (310)
[2018.12.14-18.25.37:909][693]LogModuleManager: Shutting down and abandoning module LightPropagationVolumeEditor (308)
[2018.12.14-18.25.37:910][693]LogModuleManager: Shutting down and abandoning module PaperTiledImporter (306)
[2018.12.14-18.25.37:910][693]LogModuleManager: Shutting down and abandoning module PaperSpriteSheetImporter (304)
[2018.12.14-18.25.37:910][693]LogModuleManager: Shutting down and abandoning module Paper2DEditor (302)
[2018.12.14-18.25.37:927][693]LogModuleManager: Shutting down and abandoning module MeshPaint (301)
[2018.12.14-18.25.37:927][693]LogModuleManager: Shutting down and abandoning module RuntimePhysXCooking (298)
[2018.12.14-18.25.37:927][693]LogModuleManager: Shutting down and abandoning module PhysXVehiclesEditor (296)
[2018.12.14-18.25.37:927][693]LogModuleManager: Shutting down and abandoning module PhysXVehicles (294)
[2018.12.14-18.25.37:927][693]LogModuleManager: Shutting down and abandoning module OculusEditor (292)
[2018.12.14-18.25.37:927][693]LogModuleManager: Shutting down and abandoning module LocationServicesBPLibrary (290)
[2018.12.14-18.25.37:927][693]LogModuleManager: Shutting down and abandoning module ImmediatePhysicsEditor (288)
[2018.12.14-18.25.37:927][693]LogModuleManager: Shutting down and abandoning module ImmediatePhysics (286)
[2018.12.14-18.25.37:927][693]LogModuleManager: Shutting down and abandoning module ActorSequence (284)
[2018.12.14-18.25.37:927][693]LogModuleManager: Shutting down and abandoning module UdpMessaging (282)
[2018.12.14-18.25.38:028][693]LogModuleManager: Shutting down and abandoning module TcpMessaging (280)
[2018.12.14-18.25.38:129][693]LogModuleManager: Shutting down and abandoning module MagicLeapAudio (278)
[2018.12.14-18.25.38:129][693]LogModuleManager: Shutting down and abandoning module GameplayTagsEditor (276)
[2018.12.14-18.25.38:139][693]LogModuleManager: Shutting down and abandoning module FacialAnimationEditor (274)
[2018.12.14-18.25.38:140][693]LogModuleManager: Shutting down and abandoning module FacialAnimation (272)
[2018.12.14-18.25.38:140][693]LogModuleManager: Shutting down and abandoning module DataValidation (270)
[2018.12.14-18.25.38:140][693]LogModuleManager: Shutting down and abandoning module AssetManagerEditor (268)
[2018.12.14-18.25.38:148][693]LogModuleManager: Shutting down and abandoning module LevelEditor (267)
[2018.12.14-18.25.38:149][693]LogModuleManager: Shutting down and abandoning module PixelInspectorModule (266)
[2018.12.14-18.25.38:149][693]LogModuleManager: Shutting down and abandoning module CommonMenuExtensions (264)
[2018.12.14-18.25.38:149][693]LogModuleManager: Shutting down and abandoning module MainFrame (262)
[2018.12.14-18.25.38:149][693]LogModuleManager: Shutting down and abandoning module HotReload (261)
[2018.12.14-18.25.38:150][693]LogModuleManager: Shutting down and abandoning module ContentBrowser (257)
[2018.12.14-18.25.38:151][693]LogModuleManager: Shutting down and abandoning module TreeMap (255)
[2018.12.14-18.25.38:151][693]LogModuleManager: Shutting down and abandoning module LightPropagationVolumeRuntime (252)
[2018.12.14-18.25.38:151][693]LogModuleManager: Shutting down and abandoning module AISupportModule (250)
[2018.12.14-18.25.38:151][693]LogModuleManager: Shutting down and abandoning module Paper2D (248)
[2018.12.14-18.25.38:151][693]LogModuleManager: Shutting down and abandoning module WindowsMoviePlayer (246)
[2018.12.14-18.25.38:151][693]LogModuleManager: Shutting down and abandoning module WmfMedia (244)
[2018.12.14-18.25.38:163][693]LogModuleManager: Shutting down and abandoning module Media (243)
[2018.12.14-18.25.38:169][693]LogModuleManager: Shutting down and abandoning module PacketHandler (240)
[2018.12.14-18.25.38:169][693]LogModuleManager: Shutting down and abandoning module ClothingSystemEditor (238)
[2018.12.14-18.25.38:169][693]LogModuleManager: Shutting down and abandoning module ClothingSystemRuntime (236)
[2018.12.14-18.25.38:170][693]LogModuleManager: Shutting down and abandoning module MediaAssets (234)
[2018.12.14-18.25.38:170][693]LogModuleManager: Shutting down and abandoning module Overlay (232)
[2018.12.14-18.25.38:170][693]LogModuleManager: Shutting down and abandoning module OverlayEditor (231)
[2018.12.14-18.25.38:170][693]LogModuleManager: Shutting down and abandoning module VREditor (228)
[2018.12.14-18.25.38:182][693]LogModuleManager: Shutting down and abandoning module StringTableEditor (226)
[2018.12.14-18.25.38:191][693]LogModuleManager: Shutting down and abandoning module GameplayTasksEditor (224)
[2018.12.14-18.25.38:191][693]LogModuleManager: Shutting down and abandoning module BehaviorTreeEditor (222)
[2018.12.14-18.25.38:204][693]LogModuleManager: Shutting down and abandoning module FunctionalTesting (220)
[2018.12.14-18.25.38:204][693]LogModuleManager: Shutting down and abandoning module CollisionAnalyzer (218)
[2018.12.14-18.25.38:204][693]LogModuleManager: Shutting down and abandoning module WorkspaceMenuStructure (217)
[2018.12.14-18.25.38:204][693]LogModuleManager: Shutting down and abandoning module UMG (214)
[2018.12.14-18.25.38:214][693]LogModuleManager: Shutting down and abandoning module UMGEditor (213)
[2018.12.14-18.25.38:229][693]LogModuleManager: Shutting down and abandoning module Sequencer (212)
[2018.12.14-18.25.38:250][693]LogModuleManager: Shutting down and abandoning module MessageLog (209)
[2018.12.14-18.25.38:250][693]LogModuleManager: Shutting down and abandoning module SlateReflector (204)
[2018.12.14-18.25.38:273][693]LogModuleManager: Shutting down and abandoning module Slate (202)
[2018.12.14-18.25.38:273][693]LogModuleManager: Shutting down and abandoning module EditorStyle (200)
[2018.12.14-18.25.38:275][693]LogModuleManager: Shutting down and abandoning module MRMesh (198)
[2018.12.14-18.25.38:275][693]LogModuleManager: Shutting down and abandoning module SourceCodeAccess (196)
[2018.12.14-18.25.38:275][693]LogModuleManager: Shutting down and abandoning module HeadMountedDisplay (194)
[2018.12.14-18.25.38:275][693]LogModuleManager: Shutting down and abandoning module XAudio2 (192)
[2018.12.14-18.25.38:275][693]LogModuleManager: Shutting down and abandoning module Networking (190)
[2018.12.14-18.25.38:275][693]LogModuleManager: Shutting down and abandoning module Core (188)
[2018.12.14-18.25.38:275][693]LogModuleManager: Shutting down and abandoning module LevelSequence (186)
[2018.12.14-18.25.38:275][693]LogModuleManager: Shutting down and abandoning module KismetCompiler (184)
[2018.12.14-18.25.38:275][693]LogModuleManager: Shutting down and abandoning module MeshUtilities (182)
[2018.12.14-18.25.38:288][693]LogModuleManager: Shutting down and abandoning module MeshMergeUtilities (181)
[2018.12.14-18.25.38:288][693]LogModuleManager: Shutting down and abandoning module MeshReductionInterface (180)
[2018.12.14-18.25.38:288][693]LogModuleManager: Shutting down and abandoning module SimplygonSwarm (179)
[2018.12.14-18.25.38:296][693]LogModuleManager: Shutting down and abandoning module ProxyLODMeshReduction (177)
[2018.12.14-18.25.38:309][693]LogModuleManager: Shutting down and abandoning module SimplygonMeshReduction (175)
[2018.12.14-18.25.38:309][693]LogModuleManager: Shutting down and abandoning module QuadricMeshReduction (173)
[2018.12.14-18.25.38:323][693]LogModuleManager: Shutting down and abandoning module MaterialBaking (169)
[2018.12.14-18.25.38:324][693]LogModuleManager: Shutting down and abandoning module DirectoryWatcher (165)
[2018.12.14-18.25.38:324][693]LogModuleManager: Shutting down and abandoning module DerivedDataCache (162)
[2018.12.14-18.25.38:361][693]LogDerivedDataCache: Shutdown
[2018.12.14-18.25.38:361][693]LogModuleManager: Shutting down and abandoning module XGEController (160)
[2018.12.14-18.25.38:361][693]LogXGEController: Cleaning working directory: C:/Users/Tom/AppData/Local/Temp/UnrealXGEWorkingDir/
[2018.12.14-18.25.38:361][693]LogModuleManager: Shutting down and abandoning module TargetPlatform (158)
[2018.12.14-18.25.38:361][693]LogModuleManager: Shutting down and abandoning module VulkanShaderFormat (157)
[2018.12.14-18.25.38:361][693]LogModuleManager: Shutting down and abandoning module ShaderFormatVectorVM (155)
[2018.12.14-18.25.38:361][693]LogModuleManager: Shutting down and abandoning module ShaderFormatOpenGL (153)
[2018.12.14-18.25.38:369][693]LogModuleManager: Shutting down and abandoning module ShaderFormatD3D (151)
[2018.12.14-18.25.38:369][693]LogModuleManager: Shutting down and abandoning module MetalShaderFormat (149)
[2018.12.14-18.25.38:382][693]LogModuleManager: Shutting down and abandoning module TextureFormatUncompressed (147)
[2018.12.14-18.25.38:382][693]LogModuleManager: Shutting down and abandoning module TextureFormatPVR (145)
[2018.12.14-18.25.38:382][693]LogModuleManager: Shutting down and abandoning module TextureFormatDXT (143)
[2018.12.14-18.25.38:382][693]LogModuleManager: Shutting down and abandoning module TextureFormatIntelISPCTexComp (141)
[2018.12.14-18.25.38:383][693]LogModuleManager: Shutting down and abandoning module TextureFormatASTC (139)
[2018.12.14-18.25.38:383][693]LogModuleManager: Shutting down and abandoning module ImageWrapper (138)
[2018.12.14-18.25.38:383][693]LogModuleManager: Shutting down and abandoning module TextureFormatAndroid (135)
[2018.12.14-18.25.38:383][693]LogModuleManager: Shutting down and abandoning module AudioFormatOpus (133)
[2018.12.14-18.25.38:383][693]LogModuleManager: Shutting down and abandoning module AudioFormatOgg (131)
[2018.12.14-18.25.38:383][693]LogModuleManager: Shutting down and abandoning module AudioFormatADPCM (129)
[2018.12.14-18.25.38:383][693]LogModuleManager: Shutting down and abandoning module LuminTargetPlatform (127)
[2018.12.14-18.25.38:383][693]LogModuleManager: Shutting down and abandoning module LinuxTargetPlatform (125)
[2018.12.14-18.25.38:383][693]LogModuleManager: Shutting down and abandoning module LinuxServerTargetPlatform (123)
[2018.12.14-18.25.38:383][693]LogModuleManager: Shutting down and abandoning module LinuxNoEditorTargetPlatform (121)
[2018.12.14-18.25.38:383][693]LogModuleManager: Shutting down and abandoning module LinuxClientTargetPlatform (119)
[2018.12.14-18.25.38:383][693]LogModuleManager: Shutting down and abandoning module TVOSTargetPlatform (117)
[2018.12.14-18.25.38:384][693]LogModuleManager: Shutting down and abandoning module Messaging (115)
[2018.12.14-18.25.38:384][693]LogModuleManager: Shutting down and abandoning module IOSTargetPlatform (113)
[2018.12.14-18.25.38:384][693]LogModuleManager: Shutting down and abandoning module HTML5TargetPlatform (111)
[2018.12.14-18.25.38:384][693]LogModuleManager: Shutting down and abandoning module AndroidTargetPlatform (109)
[2018.12.14-18.25.38:390][693]LogModuleManager: Shutting down and abandoning module WindowsTargetPlatform (107)
[2018.12.14-18.25.38:390][693]LogModuleManager: Shutting down and abandoning module WindowsServerTargetPlatform (105)
[2018.12.14-18.25.38:390][693]LogModuleManager: Shutting down and abandoning module WindowsNoEditorTargetPlatform (103)
[2018.12.14-18.25.38:390][693]LogModuleManager: Shutting down and abandoning module WindowsClientTargetPlatform (101)
[2018.12.14-18.25.38:390][693]LogModuleManager: Shutting down and abandoning module MacTargetPlatform (99)
[2018.12.14-18.25.38:390][693]LogModuleManager: Shutting down and abandoning module MacServerTargetPlatform (97)
[2018.12.14-18.25.38:390][693]LogModuleManager: Shutting down and abandoning module MacNoEditorTargetPlatform (95)
[2018.12.14-18.25.38:390][693]LogModuleManager: Shutting down and abandoning module MacClientTargetPlatform (93)
[2018.12.14-18.25.38:390][693]LogModuleManager: Shutting down and abandoning module AllDesktopTargetPlatform (91)
[2018.12.14-18.25.38:390][693]LogModuleManager: Shutting down and abandoning module InputCore (88)
[2018.12.14-18.25.38:390][693]LogModuleManager: Shutting down and abandoning module Settings (86)
[2018.12.14-18.25.38:390][693]LogModuleManager: Shutting down and abandoning module PhysXCooking (84)
[2018.12.14-18.25.38:390][693]LogModuleManager: Shutting down and abandoning module SteamVR (82)
[2018.12.14-18.25.38:390][693]LogModuleManager: Shutting down and abandoning module OculusHMD (80)
[2018.12.14-18.25.38:390][693]LogModuleManager: Shutting down and abandoning module ExampleDeviceProfileSelector (78)
[2018.12.14-18.25.38:390][693]LogModuleManager: Shutting down and abandoning module LauncherChunkInstaller (76)
[2018.12.14-18.25.38:390][693]LogModuleManager: Shutting down and abandoning module OnlineBlueprintSupport (74)
[2018.12.14-18.25.38:390][693]LogModuleManager: Shutting down and abandoning module OnlineSubsystem (70)
[2018.12.14-18.25.38:412][693]LogModuleManager: Shutting down and abandoning module XMPP (65)
[2018.12.14-18.25.38:436][693]LogModuleManager: Shutting down and abandoning module WebSockets (64)
[2018.12.14-18.25.38:466][693]LogModuleManager: Shutting down and abandoning module HTTP (61)
[2018.12.14-18.25.38:466][693]LogHttp: Display: Http module shutting down, but needs to wait on 1 outstanding Http requests:
[2018.12.14-18.25.38:466][693]LogHttp: Display: 	verb=[POST] url=[https://datarouter.ol.epicgames.com/datarouter/api/v1/public/data?SessionID=%7B3C7682F3-4251-1D90-97AC-BDBB974FC9F1%7D&AppID=UEEditor.Rocket.Release&AppVersion=4.20.3-4369336%2B%2B%2BUE4%2BRelease-4.20&UserID=0a34d52b47933266f470deb52612c378%7C424d29f0eb3e41838378eaad155bef5d%7C921af401-3263-4114-a3ee-ae18dd84d636&AppEnvironment=datacollector-binary&UploadType=eteventstream] status=Processing
[2018.12.14-18.25.38:481][693]LogModuleManager: Shutting down and abandoning module SSL (60)
[2018.12.14-18.25.38:483][693]LogModuleManager: Shutting down and abandoning module MagicLeapEmulator (56)
[2018.12.14-18.25.38:483][693]LogModuleManager: Shutting down and abandoning module MagicLeapPrivileges (54)
[2018.12.14-18.25.38:483][693]LogModuleManager: Shutting down and abandoning module MagicLeapIdentity (52)
[2018.12.14-18.25.38:483][693]LogModuleManager: Shutting down and abandoning module MagicLeapHelperVulkan (50)
[2018.12.14-18.25.38:483][693]LogModuleManager: Shutting down and abandoning module MagicLeapHelperOpenGL (48)
[2018.12.14-18.25.38:483][693]LogModuleManager: Shutting down and abandoning module MagicLeapSecureStorage (46)
[2018.12.14-18.25.38:483][693]LogModuleManager: Shutting down and abandoning module MagicLeapGestures (44)
[2018.12.14-18.25.38:483][693]LogModuleManager: Shutting down and abandoning module MagicLeapEyeTracker (42)
[2018.12.14-18.25.38:483][693]LogModuleManager: Shutting down and abandoning module MagicLeapController (40)
[2018.12.14-18.25.38:483][693]LogSlate: Slate User Destroyed.  User Index 0, Is Virtual User: 0
[2018.12.14-18.25.38:483][693]LogModuleManager: Shutting down and abandoning module MagicLeap (38)
[2018.12.14-18.25.38:483][693]LogModuleManager: Shutting down and abandoning module AnimationModifiers (36)
[2018.12.14-18.25.38:492][693]LogModuleManager: Shutting down and abandoning module PropertyEditor (35)
[2018.12.14-18.25.38:492][693]LogModuleManager: Shutting down and abandoning module AudioEditor (32)
[2018.12.14-18.25.38:505][693]LogModuleManager: Shutting down and abandoning module TextureCompressor (30)
[2018.12.14-18.25.38:512][693]LogModuleManager: Shutting down and abandoning module ShaderCore (28)
[2018.12.14-18.25.38:512][693]LogModuleManager: Shutting down and abandoning module Landscape (26)
[2018.12.14-18.25.38:512][693]LogModuleManager: Shutting down and abandoning module SlateRHIRenderer (24)
[2018.12.14-18.25.38:523][693]LogModuleManager: Shutting down and abandoning module OpenGLDrv (22)
[2018.12.14-18.25.38:531][693]LogModuleManager: Shutting down and abandoning module D3D11RHI (20)
[2018.12.14-18.25.38:531][693]LogModuleManager: Shutting down and abandoning module AnimGraphRuntime (18)
[2018.12.14-18.25.38:531][693]LogModuleManager: Shutting down and abandoning module Renderer (16)
[2018.12.14-18.25.38:531][693]LogModuleManager: Shutting down and abandoning module Engine (14)
[2018.12.14-18.25.38:531][693]LogModuleManager: Shutting down and abandoning module CoreUObject (12)
[2018.12.14-18.25.38:531][693]LogModuleManager: Shutting down and abandoning module NetworkFile (10)
[2018.12.14-18.25.38:531][693]LogModuleManager: Shutting down and abandoning module CookedIterativeFile (8)
[2018.12.14-18.25.38:531][693]LogModuleManager: Shutting down and abandoning module StreamingFile (6)
[2018.12.14-18.25.38:531][693]LogModuleManager: Shutting down and abandoning module SandboxFile (4)
[2018.12.14-18.25.38:531][693]LogModuleManager: Shutting down and abandoning module PakFile (2)
[2018.12.14-18.25.38:538][693]LogExit: Exiting.
[2018.12.14-18.25.38:557][693]Log file closed, 12/14/18 19:25:38
