Log file open, 01/13/19 20:39:03
LogWindows: Failed to load 'aqProf.dll' (GetLastError=126)
LogWindows: File 'aqProf.dll' does not exist
LogWindows: Failed to load 'VtuneApi.dll' (GetLastError=126)
LogWindows: File 'VtuneApi.dll' does not exist
LogWindows: Failed to load 'VtuneApi32e.dll' (GetLastError=126)
LogWindows: File 'VtuneApi32e.dll' does not exist
LogConsoleResponse: Display: Failed to find resolution value strings in scalability ini. Falling back to default.
LogInit: Display: Running engine for game: Wukongpointpng
LogPakFile: Registered encryption key '00000000000000000000000000000000': 0 pak files mounted, 0 remain pending
LogPlatformFile: Not using cached read wrapper
LogTaskGraph: Started task graph with 5 named threads and 23 total threads with 3 sets of task threads.
LogStats: Stats thread started at 0.293914
LogD3D11RHI: Loaded GFSDK_Aftermath_Lib.x64.dll
LogICUInternationalization: ICU TimeZone Detection - Raw Offset: +1:00, Platform Override: ''
LogPluginManager: Mounting plugin Paper2D
LogPluginManager: Mounting plugin AISupport
LogPluginManager: Mounting plugin LightPropagationVolume
LogPluginManager: Mounting plugin ActorLayerUtilities
LogPluginManager: Mounting plugin CLionSourceCodeAccess
LogPluginManager: Mounting plugin CodeLiteSourceCodeAccess
LogPluginManager: Mounting plugin GitSourceControl
LogPluginManager: Mounting plugin KDevelopSourceCodeAccess
LogPluginManager: Mounting plugin NullSourceCodeAccess
LogPluginManager: Mounting plugin PerforceSourceControl
LogPluginManager: Mounting plugin SubversionSourceControl
LogPluginManager: Mounting plugin UObjectPlugin
LogPluginManager: Mounting plugin VisualStudioCodeSourceCodeAccess
LogPluginManager: Mounting plugin VisualStudioSourceCodeAccess
LogPluginManager: Mounting plugin XCodeSourceCodeAccess
LogPluginManager: Mounting plugin AssetManagerEditor
LogPluginManager: Mounting plugin CryptoKeys
LogPluginManager: Mounting plugin DataValidation
LogPluginManager: Mounting plugin FacialAnimation
LogPluginManager: Mounting plugin GameplayTagsEditor
LogPluginManager: Mounting plugin MacGraphicsSwitching
LogPluginManager: Mounting plugin MeshEditor
LogPluginManager: Mounting plugin MobileLauncherProfileWizard
LogPluginManager: Mounting plugin PluginBrowser
LogPluginManager: Mounting plugin SpeedTreeImporter
LogPluginManager: Mounting plugin DatasmithContent
LogPluginManager: Mounting plugin VariantManagerContent
LogPluginManager: Mounting plugin AlembicImporter
LogPluginManager: Mounting plugin AppleImageUtils
LogPluginManager: Mounting plugin AppleVision
LogPluginManager: Mounting plugin BackChannel
LogPluginManager: Mounting plugin CharacterAI
LogPluginManager: Mounting plugin GeometryCache
LogPluginManager: Mounting plugin HTML5Networking
LogPluginManager: Mounting plugin ProxyLODPlugin
LogPluginManager: Mounting plugin MagicLeap
LogPluginManager: Mounting plugin MagicLeapMedia
LogPluginManager: Mounting plugin AndroidMedia
LogPluginManager: Mounting plugin AvfMedia
LogPluginManager: Mounting plugin ImgMedia
LogPluginManager: Mounting plugin LinearTimecode
LogPluginManager: Mounting plugin MediaCompositing
LogPluginManager: Mounting plugin MediaPlayerEditor
LogPluginManager: Mounting plugin WebMMedia
LogPluginManager: Mounting plugin WmfMedia
LogPluginManager: Mounting plugin TcpMessaging
LogPluginManager: Mounting plugin UdpMessaging
LogPluginManager: Mounting plugin ActorSequence
LogPluginManager: Mounting plugin LevelSequenceEditor
LogPluginManager: Mounting plugin MatineeToLevelSequence
LogPluginManager: Mounting plugin NetcodeUnitTest
LogPluginManager: Mounting plugin NUTUnrealEngine4
LogPluginManager: Mounting plugin OnlineSubsystemGooglePlay
LogPluginManager: Mounting plugin OnlineSubsystemIOS
LogPluginManager: Mounting plugin OnlineSubsystem
LogPluginManager: Mounting plugin OnlineSubsystemNull
LogPluginManager: Mounting plugin OnlineSubsystemUtils
LogPluginManager: Mounting plugin LauncherChunkInstaller
LogPluginManager: Mounting plugin AndroidDeviceProfileSelector
LogPluginManager: Mounting plugin AndroidMoviePlayer
LogPluginManager: Mounting plugin AndroidPermission
LogPluginManager: Mounting plugin ApexDestruction
LogPluginManager: Mounting plugin AppleMoviePlayer
LogPluginManager: Mounting plugin ArchVisCharacter
LogPluginManager: Mounting plugin AudioCapture
LogPluginManager: Mounting plugin CableComponent
LogPluginManager: Mounting plugin CustomMeshComponent
LogPluginManager: Mounting plugin EditableMesh
LogPluginManager: Mounting plugin ExampleDeviceProfileSelector
LogPluginManager: Mounting plugin Firebase
LogPluginManager: Mounting plugin GoogleCloudMessaging
LogPluginManager: Mounting plugin IOSDeviceProfileSelector
LogPluginManager: Mounting plugin LinuxDeviceProfileSelector
LogPluginManager: Mounting plugin LocationServicesBPLibrary
LogPluginManager: Mounting plugin MobilePatchingUtils
LogPluginManager: Mounting plugin OculusVR
LogPluginManager: Mounting plugin PhysXVehicles
LogPluginManager: Mounting plugin ProceduralMeshComponent
LogPluginManager: Mounting plugin RuntimePhysXCooking
LogPluginManager: Mounting plugin SteamVR
LogPluginManager: Mounting plugin WebMMoviePlayer
LogPluginManager: Mounting plugin WindowsMoviePlayer
LogStreaming: Display: Took  0.078s to configure plugins.
LogInit: Using libcurl 7.55.1-DEV
LogInit:  - built for x86_64-pc-win32
LogInit:  - supports SSL with OpenSSL/1.0.2h
LogInit:  - supports HTTP deflate (compression) using libz 1.2.8
LogInit:  - other features:
LogInit:      CURL_VERSION_SSL
LogInit:      CURL_VERSION_LIBZ
LogInit:      CURL_VERSION_IPV6
LogInit:      CURL_VERSION_ASYNCHDNS
LogInit:      CURL_VERSION_LARGEFILE
LogInit:      CURL_VERSION_IDN
LogInit:  CurlRequestOptions (configurable via config and command line):
LogInit:  - bVerifyPeer = true  - Libcurl will verify peer certificate
LogInit:  - bUseHttpProxy = false  - Libcurl will NOT use HTTP proxy
LogInit:  - bDontReuseConnections = false  - Libcurl will reuse connections
LogInit:  - MaxHostConnections = 16  - Libcurl will limit the number of connections to a host
LogInit:  - LocalHostAddr = Default
LogInit:  - BufferSize = 65536
LogInit: WinSock: version 1.1 (2.2), MaxSocks=32767, MaxUdp=65467
LogInit: Build: ++UE4+Release-4.21-CL-4541578
LogInit: Engine Version: 4.21.0-4541578+++UE4+Release-4.21
LogInit: Compatible Engine Version: 4.21.0-4541578+++UE4+Release-4.21
LogInit: Net CL: 4541578
LogInit: OS: Windows 10 (), CPU: Intel(R) Core(TM) i7-6700HQ CPU @ 2.60GHz, GPU: NVIDIA GeForce GTX 970M
LogInit: Compiled (64-bit): Nov  6 2018 02:04:24
LogInit: Compiled with Visual C++: 19.13.26129.00
LogInit: Build Configuration: Development
LogInit: Branch Name: ++UE4+Release-4.21
LogInit: Command Line: 
LogInit: Base Directory: D:/UE_4.21/Engine/Binaries/Win64/
LogInit: Installed Engine Build: 1
LogDevObjectVersion: Number of dev versions registered: 22
LogDevObjectVersion:   Dev-Blueprints (B0D832E4-1F89-4F0D-ACCF-7EB736FD4AA2): 10
LogDevObjectVersion:   Dev-Build (E1C64328-A22C-4D53-A36C-8E866417BD8C): 0
LogDevObjectVersion:   Dev-Core (375EC13C-06E4-48FB-B500-84F0262A717E): 2
LogDevObjectVersion:   Dev-Editor (E4B068ED-F494-42E9-A231-DA0B2E46BB41): 26
LogDevObjectVersion:   Dev-Framework (CFFC743F-43B0-4480-9391-14DF171D2073): 34
LogDevObjectVersion:   Dev-Mobile (B02B49B5-BB20-44E9-A304-32B752E40360): 2
LogDevObjectVersion:   Dev-Networking (A4E4105C-59A1-49B5-A7C5-40C4547EDFEE): 0
LogDevObjectVersion:   Dev-Online (39C831C9-5AE6-47DC-9A44-9C173E1C8E7C): 0
LogDevObjectVersion:   Dev-Physics (78F01B33-EBEA-4F98-B9B4-84EACCB95AA2): 0
LogDevObjectVersion:   Dev-Platform (6631380F-2D4D-43E0-8009-CF276956A95A): 0
LogDevObjectVersion:   Dev-Rendering (12F88B9F-8875-4AFC-A67C-D90C383ABD29): 27
LogDevObjectVersion:   Dev-Sequencer (7B5AE74C-D270-4C10-A958-57980B212A5A): 9
LogDevObjectVersion:   Dev-VR (D7296918-1DD6-4BDD-9DE2-64A83CC13884): 2
LogDevObjectVersion:   Dev-LoadTimes (C2A15278-BFE7-4AFE-6C17-90FF531DF755): 1
LogDevObjectVersion:   Private-Geometry (6EACA3D4-40EC-4CC1-B786-8BED09428FC5): 3
LogDevObjectVersion:   Dev-AnimPhys (29E575DD-E0A3-4627-9D10-D276232CDCEA): 17
LogDevObjectVersion:   Dev-Anim (AF43A65D-7FD3-4947-9873-3E8ED9C1BB05): 2
LogDevObjectVersion:   Dev-ReflectionCapture (6B266CEC-1EC7-4B8F-A30B-E4D90942FC07): 1
LogDevObjectVersion:   Dev-Automation (0DF73D61-A23F-47EA-B727-89E90C41499A): 1
LogDevObjectVersion:   FortniteMain (601D1886-AC64-4F84-AA16-D3DE0DEAC7D6): 17
LogDevObjectVersion:   Dev-Enterprise (9DFFBCD6-494F-0158-E221-12823C92A888): 4
LogDevObjectVersion:   Dev-Niagara (F2AED0AC-9AFE-416F-8664-AA7FFA26D6FC): 1
LogStreaming: Display: Took  0.020s to delete old logs.
LogInit: Presizing for max 8388607 objects, including 0 objects not considered by GC, pre-allocating 0 bytes for permanent pool.
LogInit: Object subsystem initialized
LogConfig: Setting CVar [[con.DebugEarlyDefault:1]]
LogConfig: Setting CVar [[r.setres:1280x720]]
[2019.01.13-19.39.04:093][  0]LogConfig: Setting CVar [[r.VSync:0]]
[2019.01.13-19.39.04:093][  0]LogConfig: Setting CVar [[r.RHICmdBypass:0]]
[2019.01.13-19.39.04:093][  0]LogConfig: Applying CVar settings from Section [/Script/Engine.RendererSettings] File [D:/Projet_Unreal/Projet-Unreal/Wukongpointpng/Saved/Config/Windows/Engine.ini]
[2019.01.13-19.39.04:093][  0]LogConfig: Setting CVar [[r.GPUCrashDebugging:0]]
[2019.01.13-19.39.04:093][  0]LogConfig: Applying CVar settings from Section [/Script/Engine.RendererOverrideSettings] File [D:/Projet_Unreal/Projet-Unreal/Wukongpointpng/Saved/Config/Windows/Engine.ini]
[2019.01.13-19.39.04:093][  0]LogConfig: Applying CVar settings from Section [/Script/Engine.StreamingSettings] File [D:/Projet_Unreal/Projet-Unreal/Wukongpointpng/Saved/Config/Windows/Engine.ini]
[2019.01.13-19.39.04:093][  0]LogConfig: Setting CVar [[s.MinBulkDataSizeForAsyncLoading:131072]]
[2019.01.13-19.39.04:093][  0]LogConfig: Setting CVar [[s.AsyncLoadingThreadEnabled:0]]
[2019.01.13-19.39.04:093][  0]LogConfig: Setting CVar [[s.EventDrivenLoaderEnabled:1]]
[2019.01.13-19.39.04:093][  0]LogConfig: Setting CVar [[s.WarnIfTimeLimitExceeded:0]]
[2019.01.13-19.39.04:093][  0]LogConfig: Setting CVar [[s.TimeLimitExceededMultiplier:1.5]]
[2019.01.13-19.39.04:094][  0]LogConfig: Setting CVar [[s.TimeLimitExceededMinTime:0.005]]
[2019.01.13-19.39.04:094][  0]LogConfig: Setting CVar [[s.UseBackgroundLevelStreaming:1]]
[2019.01.13-19.39.04:094][  0]LogConfig: Setting CVar [[s.PriorityAsyncLoadingExtraTime:15.0]]
[2019.01.13-19.39.04:094][  0]LogConfig: Setting CVar [[s.LevelStreamingActorsUpdateTimeLimit:5.0]]
[2019.01.13-19.39.04:094][  0]LogConfig: Setting CVar [[s.PriorityLevelStreamingActorsUpdateExtraTime:5.0]]
[2019.01.13-19.39.04:094][  0]LogConfig: Setting CVar [[s.LevelStreamingComponentsRegistrationGranularity:10]]
[2019.01.13-19.39.04:094][  0]LogConfig: Setting CVar [[s.UnregisterComponentsTimeLimit:1.0]]
[2019.01.13-19.39.04:094][  0]LogConfig: Setting CVar [[s.LevelStreamingComponentsUnregistrationGranularity:5]]
[2019.01.13-19.39.04:094][  0]LogConfig: Applying CVar settings from Section [/Script/Engine.GarbageCollectionSettings] File [D:/Projet_Unreal/Projet-Unreal/Wukongpointpng/Saved/Config/Windows/Engine.ini]
[2019.01.13-19.39.04:094][  0]LogConfig: Setting CVar [[gc.MaxObjectsNotConsideredByGC:1]]
[2019.01.13-19.39.04:094][  0]LogConfig: Setting CVar [[gc.SizeOfPermanentObjectPool:0]]
[2019.01.13-19.39.04:094][  0]LogConfig: Setting CVar [[gc.FlushStreamingOnGC:0]]
[2019.01.13-19.39.04:094][  0]LogConfig: Setting CVar [[gc.NumRetriesBeforeForcingGC:10]]
[2019.01.13-19.39.04:094][  0]LogConfig: Setting CVar [[gc.AllowParallelGC:1]]
[2019.01.13-19.39.04:094][  0]LogConfig: Setting CVar [[gc.TimeBetweenPurgingPendingKillObjects:61.1]]
[2019.01.13-19.39.04:094][  0]LogConfig: Setting CVar [[gc.MaxObjectsInEditor:8388607]]
[2019.01.13-19.39.04:094][  0]LogConfig: Setting CVar [[gc.IncrementalBeginDestroyEnabled:1]]
[2019.01.13-19.39.04:094][  0]LogConfig: Setting CVar [[gc.CreateGCClusters:1]]
[2019.01.13-19.39.04:094][  0]LogConfig: Setting CVar [[gc.MergeGCClusters:0]]
[2019.01.13-19.39.04:094][  0]LogConfig: Setting CVar [[gc.MinGCClusterSize:5]]
[2019.01.13-19.39.04:094][  0]LogConfig: Setting CVar [[gc.ActorClusteringEnabled:0]]
[2019.01.13-19.39.04:094][  0]LogConfig: Setting CVar [[gc.BlueprintClusteringEnabled:0]]
[2019.01.13-19.39.04:094][  0]LogConfig: Setting CVar [[gc.UseDisregardForGCOnDedicatedServers:0]]
[2019.01.13-19.39.04:094][  0]LogConfig: Applying CVar settings from Section [/Script/Engine.NetworkSettings] File [D:/Projet_Unreal/Projet-Unreal/Wukongpointpng/Saved/Config/Windows/Engine.ini]
[2019.01.13-19.39.04:094][  0]LogConfig: Applying CVar settings from Section [/Script/UnrealEd.CookerSettings] File [D:/Projet_Unreal/Projet-Unreal/Wukongpointpng/Saved/Config/Windows/Engine.ini]
[2019.01.13-19.39.04:098][  0]LogConfig: Applying CVar settings from Section [ViewDistanceQuality@3] File [D:/Projet_Unreal/Projet-Unreal/Wukongpointpng/Saved/Config/Windows/Scalability.ini]
[2019.01.13-19.39.04:098][  0]LogConfig: Setting CVar [[r.SkeletalMeshLODBias:0]]
[2019.01.13-19.39.04:098][  0]LogConfig: Setting CVar [[r.ViewDistanceScale:1.0]]
[2019.01.13-19.39.04:098][  0]LogConfig: Applying CVar settings from Section [AntiAliasingQuality@3] File [D:/Projet_Unreal/Projet-Unreal/Wukongpointpng/Saved/Config/Windows/Scalability.ini]
[2019.01.13-19.39.04:098][  0]LogConfig: Setting CVar [[r.PostProcessAAQuality:4]]
[2019.01.13-19.39.04:098][  0]LogConfig: Applying CVar settings from Section [ShadowQuality@3] File [D:/Projet_Unreal/Projet-Unreal/Wukongpointpng/Saved/Config/Windows/Scalability.ini]
[2019.01.13-19.39.04:099][  0]LogConfig: Setting CVar [[r.LightFunctionQuality:1]]
[2019.01.13-19.39.04:099][  0]LogConfig: Setting CVar [[r.ShadowQuality:5]]
[2019.01.13-19.39.04:099][  0]LogConfig: Setting CVar [[r.Shadow.CSM.MaxCascades:10]]
[2019.01.13-19.39.04:099][  0]LogConfig: Setting CVar [[r.Shadow.MaxResolution:2048]]
[2019.01.13-19.39.04:099][  0]LogConfig: Setting CVar [[r.Shadow.MaxCSMResolution:2048]]
[2019.01.13-19.39.04:099][  0]LogConfig: Setting CVar [[r.Shadow.RadiusThreshold:0.01]]
[2019.01.13-19.39.04:099][  0]LogConfig: Setting CVar [[r.Shadow.DistanceScale:1.0]]
[2019.01.13-19.39.04:099][  0]LogConfig: Setting CVar [[r.Shadow.CSM.TransitionScale:1.0]]
[2019.01.13-19.39.04:099][  0]LogConfig: Setting CVar [[r.Shadow.PreShadowResolutionFactor:1.0]]
[2019.01.13-19.39.04:099][  0]LogConfig: Setting CVar [[r.DistanceFieldShadowing:1]]
[2019.01.13-19.39.04:099][  0]LogConfig: Setting CVar [[r.DistanceFieldAO:1]]
[2019.01.13-19.39.04:099][  0]LogConfig: Setting CVar [[r.AOQuality:2]]
[2019.01.13-19.39.04:099][  0]LogConfig: Setting CVar [[r.VolumetricFog:1]]
[2019.01.13-19.39.04:099][  0]LogConfig: Setting CVar [[r.VolumetricFog.GridPixelSize:8]]
[2019.01.13-19.39.04:099][  0]LogConfig: Setting CVar [[r.VolumetricFog.GridSizeZ:128]]
[2019.01.13-19.39.04:099][  0]LogConfig: Setting CVar [[r.VolumetricFog.HistoryMissSupersampleCount:4]]
[2019.01.13-19.39.04:099][  0]LogConfig: Setting CVar [[r.LightMaxDrawDistanceScale:1]]
[2019.01.13-19.39.04:099][  0]LogConfig: Setting CVar [[r.CapsuleShadows:1]]
[2019.01.13-19.39.04:099][  0]LogConfig: Applying CVar settings from Section [PostProcessQuality@3] File [D:/Projet_Unreal/Projet-Unreal/Wukongpointpng/Saved/Config/Windows/Scalability.ini]
[2019.01.13-19.39.04:099][  0]LogConfig: Setting CVar [[r.MotionBlurQuality:4]]
[2019.01.13-19.39.04:099][  0]LogConfig: Setting CVar [[r.AmbientOcclusionMipLevelFactor:0.4]]
[2019.01.13-19.39.04:099][  0]LogConfig: Setting CVar [[r.AmbientOcclusionMaxQuality:100]]
[2019.01.13-19.39.04:099][  0]LogConfig: Setting CVar [[r.AmbientOcclusionLevels:-1]]
[2019.01.13-19.39.04:099][  0]LogConfig: Setting CVar [[r.AmbientOcclusionRadiusScale:1.0]]
[2019.01.13-19.39.04:099][  0]LogConfig: Setting CVar [[r.DepthOfFieldQuality:2]]
[2019.01.13-19.39.04:099][  0]LogConfig: Setting CVar [[r.RenderTargetPoolMin:400]]
[2019.01.13-19.39.04:099][  0]LogConfig: Setting CVar [[r.LensFlareQuality:2]]
[2019.01.13-19.39.04:099][  0]LogConfig: Setting CVar [[r.SceneColorFringeQuality:1]]
[2019.01.13-19.39.04:099][  0]LogConfig: Setting CVar [[r.EyeAdaptationQuality:2]]
[2019.01.13-19.39.04:099][  0]LogConfig: Setting CVar [[r.BloomQuality:5]]
[2019.01.13-19.39.04:099][  0]LogConfig: Setting CVar [[r.FastBlurThreshold:100]]
[2019.01.13-19.39.04:099][  0]LogConfig: Setting CVar [[r.Upscale.Quality:3]]
[2019.01.13-19.39.04:099][  0]LogConfig: Setting CVar [[r.Tonemapper.GrainQuantization:1]]
[2019.01.13-19.39.04:100][  0]LogConfig: Setting CVar [[r.LightShaftQuality:1]]
[2019.01.13-19.39.04:100][  0]LogConfig: Setting CVar [[r.Filter.SizeScale:1]]
[2019.01.13-19.39.04:100][  0]LogConfig: Setting CVar [[r.Tonemapper.Quality:5]]
[2019.01.13-19.39.04:100][  0]LogConfig: Setting CVar [[r.DOF.Gather.AccumulatorQuality:1        ; higher gathering accumulator quality]]
[2019.01.13-19.39.04:100][  0]LogConfig: Setting CVar [[r.DOF.Gather.PostfilterMethod:1          ; Median3x3 postfilering method]]
[2019.01.13-19.39.04:100][  0]LogConfig: Setting CVar [[r.DOF.Gather.EnableBokehSettings:0       ; no bokeh simulation when gathering]]
[2019.01.13-19.39.04:100][  0]LogConfig: Setting CVar [[r.DOF.Gather.RingCount:4                 ; medium number of samples when gathering]]
[2019.01.13-19.39.04:100][  0]LogConfig: Setting CVar [[r.DOF.Scatter.ForegroundCompositing:1    ; additive foreground scattering]]
[2019.01.13-19.39.04:100][  0]LogConfig: Setting CVar [[r.DOF.Scatter.BackgroundCompositing:2    ; additive background scattering]]
[2019.01.13-19.39.04:100][  0]LogConfig: Setting CVar [[r.DOF.Scatter.EnableBokehSettings:1      ; bokeh simulation when scattering]]
[2019.01.13-19.39.04:100][  0]LogConfig: Setting CVar [[r.DOF.Scatter.MaxSpriteRatio:0.1         ; only a maximum of 10% of scattered bokeh]]
[2019.01.13-19.39.04:100][  0]LogConfig: Setting CVar [[r.DOF.Recombine.Quality:1                ; cheap slight out of focus]]
[2019.01.13-19.39.04:100][  0]LogConfig: Setting CVar [[r.DOF.Recombine.EnableBokehSettings:0    ; no bokeh simulation on slight out of focus]]
[2019.01.13-19.39.04:100][  0]LogConfig: Setting CVar [[r.DOF.TemporalAAQuality:1                ; more stable temporal accumulation]]
[2019.01.13-19.39.04:100][  0]LogConfig: Setting CVar [[r.DOF.Kernel.MaxForegroundRadius:0.025]]
[2019.01.13-19.39.04:100][  0]LogConfig: Setting CVar [[r.DOF.Kernel.MaxBackgroundRadius:0.025]]
[2019.01.13-19.39.04:100][  0]LogConfig: Applying CVar settings from Section [TextureQuality@3] File [D:/Projet_Unreal/Projet-Unreal/Wukongpointpng/Saved/Config/Windows/Scalability.ini]
[2019.01.13-19.39.04:100][  0]LogConfig: Setting CVar [[r.Streaming.MipBias:0]]
[2019.01.13-19.39.04:100][  0]LogConfig: Setting CVar [[r.Streaming.AmortizeCPUToGPUCopy:0]]
[2019.01.13-19.39.04:100][  0]LogConfig: Setting CVar [[r.Streaming.MaxNumTexturesToStreamPerFrame:0]]
[2019.01.13-19.39.04:100][  0]LogConfig: Setting CVar [[r.Streaming.Boost:1]]
[2019.01.13-19.39.04:100][  0]LogConfig: Setting CVar [[r.MaxAnisotropy:8]]
[2019.01.13-19.39.04:100][  0]LogConfig: Setting CVar [[r.Streaming.LimitPoolSizeToVRAM:0]]
[2019.01.13-19.39.04:100][  0]LogConfig: Setting CVar [[r.Streaming.PoolSize:1000]]
[2019.01.13-19.39.04:100][  0]LogConfig: Setting CVar [[r.Streaming.MaxEffectiveScreenSize:0]]
[2019.01.13-19.39.04:100][  0]LogConfig: Applying CVar settings from Section [EffectsQuality@3] File [D:/Projet_Unreal/Projet-Unreal/Wukongpointpng/Saved/Config/Windows/Scalability.ini]
[2019.01.13-19.39.04:100][  0]LogConfig: Setting CVar [[r.TranslucencyLightingVolumeDim:64]]
[2019.01.13-19.39.04:100][  0]LogConfig: Setting CVar [[r.RefractionQuality:2]]
[2019.01.13-19.39.04:100][  0]LogConfig: Setting CVar [[r.SSR.Quality:3]]
[2019.01.13-19.39.04:100][  0]LogConfig: Setting CVar [[r.SceneColorFormat:4]]
[2019.01.13-19.39.04:100][  0]LogConfig: Setting CVar [[r.DetailMode:2]]
[2019.01.13-19.39.04:100][  0]LogConfig: Setting CVar [[r.TranslucencyVolumeBlur:1]]
[2019.01.13-19.39.04:100][  0]LogConfig: Setting CVar [[r.MaterialQualityLevel:1 ; High quality]]
[2019.01.13-19.39.04:101][  0]LogConfig: Setting CVar [[r.SSS.Scale:1]]
[2019.01.13-19.39.04:101][  0]LogConfig: Setting CVar [[r.SSS.SampleSet:2]]
[2019.01.13-19.39.04:101][  0]LogConfig: Setting CVar [[r.SSS.Quality:1]]
[2019.01.13-19.39.04:101][  0]LogConfig: Setting CVar [[r.SSS.HalfRes:1]]
[2019.01.13-19.39.04:101][  0]LogConfig: Setting CVar [[r.EmitterSpawnRateScale:1.0]]
[2019.01.13-19.39.04:101][  0]LogConfig: Setting CVar [[r.ParticleLightQuality:2]]
[2019.01.13-19.39.04:101][  0]LogConfig: Applying CVar settings from Section [FoliageQuality@3] File [D:/Projet_Unreal/Projet-Unreal/Wukongpointpng/Saved/Config/Windows/Scalability.ini]
[2019.01.13-19.39.04:101][  0]LogConfig: Setting CVar [[foliage.DensityScale:1.0]]
[2019.01.13-19.39.04:101][  0]LogConfig: Setting CVar [[grass.DensityScale:1.0]]
[2019.01.13-19.39.04:101][  0]LogInit: Selected Device Profile: [Windows]
[2019.01.13-19.39.04:101][  0]LogInit: Applying CVar settings loaded from the selected device profile: [Windows]
[2019.01.13-19.39.04:118][  0]LogHAL: Display: Platform has ~ 8 GB [8522620928 / 8589934592 / 8], which maps to Default [LargestMinGB=32, LargerMinGB=12, DefaultMinGB=8, SmallerMinGB=6, SmallestMinGB=0)
[2019.01.13-19.39.04:118][  0]LogConfig: Setting CVar [[r.Vulkan.UseRealUBs:1]]
[2019.01.13-19.39.04:118][  0]LogInit: Going up to parent DeviceProfile []
[2019.01.13-19.39.04:119][  0]LogConfig: Applying CVar settings from Section [ViewDistanceQuality@3] File [D:/Projet_Unreal/Projet-Unreal/Wukongpointpng/Saved/Config/Windows/Scalability.ini]
[2019.01.13-19.39.04:119][  0]LogConfig: Setting CVar [[r.SkeletalMeshLODBias:0]]
[2019.01.13-19.39.04:119][  0]LogConfig: Setting CVar [[r.ViewDistanceScale:1.0]]
[2019.01.13-19.39.04:119][  0]LogConfig: Applying CVar settings from Section [AntiAliasingQuality@3] File [D:/Projet_Unreal/Projet-Unreal/Wukongpointpng/Saved/Config/Windows/Scalability.ini]
[2019.01.13-19.39.04:119][  0]LogConfig: Setting CVar [[r.PostProcessAAQuality:4]]
[2019.01.13-19.39.04:119][  0]LogConfig: Applying CVar settings from Section [ShadowQuality@3] File [D:/Projet_Unreal/Projet-Unreal/Wukongpointpng/Saved/Config/Windows/Scalability.ini]
[2019.01.13-19.39.04:119][  0]LogConfig: Setting CVar [[r.LightFunctionQuality:1]]
[2019.01.13-19.39.04:119][  0]LogConfig: Setting CVar [[r.ShadowQuality:5]]
[2019.01.13-19.39.04:119][  0]LogConfig: Setting CVar [[r.Shadow.CSM.MaxCascades:10]]
[2019.01.13-19.39.04:119][  0]LogConfig: Setting CVar [[r.Shadow.MaxResolution:2048]]
[2019.01.13-19.39.04:119][  0]LogConfig: Setting CVar [[r.Shadow.MaxCSMResolution:2048]]
[2019.01.13-19.39.04:119][  0]LogConfig: Setting CVar [[r.Shadow.RadiusThreshold:0.01]]
[2019.01.13-19.39.04:119][  0]LogConfig: Setting CVar [[r.Shadow.DistanceScale:1.0]]
[2019.01.13-19.39.04:119][  0]LogConfig: Setting CVar [[r.Shadow.CSM.TransitionScale:1.0]]
[2019.01.13-19.39.04:119][  0]LogConfig: Setting CVar [[r.Shadow.PreShadowResolutionFactor:1.0]]
[2019.01.13-19.39.04:119][  0]LogConfig: Setting CVar [[r.DistanceFieldShadowing:1]]
[2019.01.13-19.39.04:119][  0]LogConfig: Setting CVar [[r.DistanceFieldAO:1]]
[2019.01.13-19.39.04:119][  0]LogConfig: Setting CVar [[r.AOQuality:2]]
[2019.01.13-19.39.04:119][  0]LogConfig: Setting CVar [[r.VolumetricFog:1]]
[2019.01.13-19.39.04:119][  0]LogConfig: Setting CVar [[r.VolumetricFog.GridPixelSize:8]]
[2019.01.13-19.39.04:119][  0]LogConfig: Setting CVar [[r.VolumetricFog.GridSizeZ:128]]
[2019.01.13-19.39.04:119][  0]LogConfig: Setting CVar [[r.VolumetricFog.HistoryMissSupersampleCount:4]]
[2019.01.13-19.39.04:119][  0]LogConfig: Setting CVar [[r.LightMaxDrawDistanceScale:1]]
[2019.01.13-19.39.04:119][  0]LogConfig: Setting CVar [[r.CapsuleShadows:1]]
[2019.01.13-19.39.04:120][  0]LogConfig: Applying CVar settings from Section [PostProcessQuality@3] File [D:/Projet_Unreal/Projet-Unreal/Wukongpointpng/Saved/Config/Windows/Scalability.ini]
[2019.01.13-19.39.04:120][  0]LogConfig: Setting CVar [[r.MotionBlurQuality:4]]
[2019.01.13-19.39.04:120][  0]LogConfig: Setting CVar [[r.AmbientOcclusionMipLevelFactor:0.4]]
[2019.01.13-19.39.04:120][  0]LogConfig: Setting CVar [[r.AmbientOcclusionMaxQuality:100]]
[2019.01.13-19.39.04:120][  0]LogConfig: Setting CVar [[r.AmbientOcclusionLevels:-1]]
[2019.01.13-19.39.04:120][  0]LogConfig: Setting CVar [[r.AmbientOcclusionRadiusScale:1.0]]
[2019.01.13-19.39.04:120][  0]LogConfig: Setting CVar [[r.DepthOfFieldQuality:2]]
[2019.01.13-19.39.04:120][  0]LogConfig: Setting CVar [[r.RenderTargetPoolMin:400]]
[2019.01.13-19.39.04:120][  0]LogConfig: Setting CVar [[r.LensFlareQuality:2]]
[2019.01.13-19.39.04:120][  0]LogConfig: Setting CVar [[r.SceneColorFringeQuality:1]]
[2019.01.13-19.39.04:120][  0]LogConfig: Setting CVar [[r.EyeAdaptationQuality:2]]
[2019.01.13-19.39.04:120][  0]LogConfig: Setting CVar [[r.BloomQuality:5]]
[2019.01.13-19.39.04:120][  0]LogConfig: Setting CVar [[r.FastBlurThreshold:100]]
[2019.01.13-19.39.04:120][  0]LogConfig: Setting CVar [[r.Upscale.Quality:3]]
[2019.01.13-19.39.04:120][  0]LogConfig: Setting CVar [[r.Tonemapper.GrainQuantization:1]]
[2019.01.13-19.39.04:120][  0]LogConfig: Setting CVar [[r.LightShaftQuality:1]]
[2019.01.13-19.39.04:120][  0]LogConfig: Setting CVar [[r.Filter.SizeScale:1]]
[2019.01.13-19.39.04:120][  0]LogConfig: Setting CVar [[r.Tonemapper.Quality:5]]
[2019.01.13-19.39.04:120][  0]LogConfig: Setting CVar [[r.DOF.Gather.AccumulatorQuality:1        ; higher gathering accumulator quality]]
[2019.01.13-19.39.04:120][  0]LogConfig: Setting CVar [[r.DOF.Gather.PostfilterMethod:1          ; Median3x3 postfilering method]]
[2019.01.13-19.39.04:120][  0]LogConfig: Setting CVar [[r.DOF.Gather.EnableBokehSettings:0       ; no bokeh simulation when gathering]]
[2019.01.13-19.39.04:120][  0]LogConfig: Setting CVar [[r.DOF.Gather.RingCount:4                 ; medium number of samples when gathering]]
[2019.01.13-19.39.04:120][  0]LogConfig: Setting CVar [[r.DOF.Scatter.ForegroundCompositing:1    ; additive foreground scattering]]
[2019.01.13-19.39.04:120][  0]LogConfig: Setting CVar [[r.DOF.Scatter.BackgroundCompositing:2    ; additive background scattering]]
[2019.01.13-19.39.04:120][  0]LogConfig: Setting CVar [[r.DOF.Scatter.EnableBokehSettings:1      ; bokeh simulation when scattering]]
[2019.01.13-19.39.04:120][  0]LogConfig: Setting CVar [[r.DOF.Scatter.MaxSpriteRatio:0.1         ; only a maximum of 10% of scattered bokeh]]
[2019.01.13-19.39.04:120][  0]LogConfig: Setting CVar [[r.DOF.Recombine.Quality:1                ; cheap slight out of focus]]
[2019.01.13-19.39.04:121][  0]LogConfig: Setting CVar [[r.DOF.Recombine.EnableBokehSettings:0    ; no bokeh simulation on slight out of focus]]
[2019.01.13-19.39.04:121][  0]LogConfig: Setting CVar [[r.DOF.TemporalAAQuality:1                ; more stable temporal accumulation]]
[2019.01.13-19.39.04:121][  0]LogConfig: Setting CVar [[r.DOF.Kernel.MaxForegroundRadius:0.025]]
[2019.01.13-19.39.04:121][  0]LogConfig: Setting CVar [[r.DOF.Kernel.MaxBackgroundRadius:0.025]]
[2019.01.13-19.39.04:121][  0]LogConfig: Applying CVar settings from Section [TextureQuality@3] File [D:/Projet_Unreal/Projet-Unreal/Wukongpointpng/Saved/Config/Windows/Scalability.ini]
[2019.01.13-19.39.04:121][  0]LogConfig: Setting CVar [[r.Streaming.MipBias:0]]
[2019.01.13-19.39.04:121][  0]LogConfig: Setting CVar [[r.Streaming.AmortizeCPUToGPUCopy:0]]
[2019.01.13-19.39.04:121][  0]LogConfig: Setting CVar [[r.Streaming.MaxNumTexturesToStreamPerFrame:0]]
[2019.01.13-19.39.04:121][  0]LogConfig: Setting CVar [[r.Streaming.Boost:1]]
[2019.01.13-19.39.04:121][  0]LogConfig: Setting CVar [[r.MaxAnisotropy:8]]
[2019.01.13-19.39.04:121][  0]LogConfig: Setting CVar [[r.Streaming.LimitPoolSizeToVRAM:0]]
[2019.01.13-19.39.04:121][  0]LogConfig: Setting CVar [[r.Streaming.PoolSize:1000]]
[2019.01.13-19.39.04:121][  0]LogConfig: Setting CVar [[r.Streaming.MaxEffectiveScreenSize:0]]
[2019.01.13-19.39.04:121][  0]LogConfig: Applying CVar settings from Section [EffectsQuality@3] File [D:/Projet_Unreal/Projet-Unreal/Wukongpointpng/Saved/Config/Windows/Scalability.ini]
[2019.01.13-19.39.04:121][  0]LogConfig: Setting CVar [[r.TranslucencyLightingVolumeDim:64]]
[2019.01.13-19.39.04:121][  0]LogConfig: Setting CVar [[r.RefractionQuality:2]]
[2019.01.13-19.39.04:121][  0]LogConfig: Setting CVar [[r.SSR.Quality:3]]
[2019.01.13-19.39.04:121][  0]LogConfig: Setting CVar [[r.SceneColorFormat:4]]
[2019.01.13-19.39.04:121][  0]LogConfig: Setting CVar [[r.DetailMode:2]]
[2019.01.13-19.39.04:121][  0]LogConfig: Setting CVar [[r.TranslucencyVolumeBlur:1]]
[2019.01.13-19.39.04:121][  0]LogConfig: Setting CVar [[r.MaterialQualityLevel:1 ; High quality]]
[2019.01.13-19.39.04:121][  0]LogConfig: Setting CVar [[r.SSS.Scale:1]]
[2019.01.13-19.39.04:121][  0]LogConfig: Setting CVar [[r.SSS.SampleSet:2]]
[2019.01.13-19.39.04:121][  0]LogConfig: Setting CVar [[r.SSS.Quality:1]]
[2019.01.13-19.39.04:121][  0]LogConfig: Setting CVar [[r.SSS.HalfRes:1]]
[2019.01.13-19.39.04:121][  0]LogConfig: Setting CVar [[r.EmitterSpawnRateScale:1.0]]
[2019.01.13-19.39.04:121][  0]LogConfig: Setting CVar [[r.ParticleLightQuality:2]]
[2019.01.13-19.39.04:121][  0]LogConfig: Applying CVar settings from Section [FoliageQuality@3] File [D:/Projet_Unreal/Projet-Unreal/Wukongpointpng/Saved/Config/Windows/Scalability.ini]
[2019.01.13-19.39.04:121][  0]LogConfig: Setting CVar [[foliage.DensityScale:1.0]]
[2019.01.13-19.39.04:121][  0]LogConfig: Setting CVar [[grass.DensityScale:1.0]]
[2019.01.13-19.39.04:122][  0]LogConfig: Applying CVar settings from Section [Startup] File [../../../Engine/Config/ConsoleVariables.ini]
[2019.01.13-19.39.04:122][  0]LogConfig: Setting CVar [[net.UseAdaptiveNetUpdateFrequency:0]]
[2019.01.13-19.39.04:122][  0]LogConfig: Applying CVar settings from Section [ConsoleVariables] File [D:/Projet_Unreal/Projet-Unreal/Wukongpointpng/Saved/Config/Windows/Engine.ini]
[2019.01.13-19.39.04:123][  0]LogInit: Computer: DESKTOP-22TEGNE
[2019.01.13-19.39.04:123][  0]LogInit: User: Tom
[2019.01.13-19.39.04:123][  0]LogInit: CPU Page size=4096, Cores=4
[2019.01.13-19.39.04:123][  0]LogInit: High frequency timer resolution =2.531250 MHz
[2019.01.13-19.39.04:123][  0]LogMemory: Memory total: Physical=7.9GB (8GB approx)
[2019.01.13-19.39.04:123][  0]LogMemory: Platform Memory Stats for Windows
[2019.01.13-19.39.04:123][  0]LogMemory: Process Physical Memory: 103.98 MB used, 103.98 MB peak
[2019.01.13-19.39.04:123][  0]LogMemory: Process Virtual Memory: 93.88 MB used, 93.88 MB peak
[2019.01.13-19.39.04:123][  0]LogMemory: Physical Memory: 2607.98 MB used,  5519.83 MB free, 8127.80 MB total
[2019.01.13-19.39.04:123][  0]LogMemory: Virtual Memory: 4640.76 MB used,  134213088.00 MB free, 134217728.00 MB total
[2019.01.13-19.39.04:178][  0]LogInit: Using OS detected language (fr-FR).
[2019.01.13-19.39.04:178][  0]LogInit: Using OS detected locale (fr-FR).
[2019.01.13-19.39.04:180][  0]LogTextLocalizationManager: No specific localization for 'fr-FR' exists, so the 'fr' localization will be used.
[2019.01.13-19.39.04:184][  0]LogStreaming: Display: Took  0.006s to InitEngineTextLocalization.
[2019.01.13-19.39.04:184][  0]LogInit: Setting process to per monitor DPI aware
[2019.01.13-19.39.04:235][  0]LogSlate: New Slate User Created.  User Index 0, Is Virtual User: 0
[2019.01.13-19.39.04:235][  0]LogSlate: Slate User Registered.  User Index 0, Is Virtual User: 0
[2019.01.13-19.39.04:695][  0]LogHMD: Failed to initialize OpenVR with code 100
[2019.01.13-19.39.04:695][  0]LogD3D11RHI: D3D11 adapters:
[2019.01.13-19.39.04:810][  0]LogD3D11RHI:    0. 'NVIDIA GeForce GTX 970M' (Feature Level 11_0)
[2019.01.13-19.39.04:810][  0]LogD3D11RHI:       3029/0/4063 MB DedicatedVideo/DedicatedSystem/SharedSystem, Outputs:1, VendorId:0x10de
[2019.01.13-19.39.04:815][  0]LogD3D11RHI:    1. 'Microsoft Basic Render Driver' (Feature Level 11_0)
[2019.01.13-19.39.04:815][  0]LogD3D11RHI:       0/0/4063 MB DedicatedVideo/DedicatedSystem/SharedSystem, Outputs:0, VendorId:0x1414
[2019.01.13-19.39.04:815][  0]LogD3D11RHI: Chosen D3D11 Adapter: 0
[2019.01.13-19.39.04:825][  0]LogD3D11RHI: Creating new Direct3DDevice
[2019.01.13-19.39.04:825][  0]LogD3D11RHI:     GPU DeviceId: 0x1618 (for the marketing name, search the web for "GPU Device Id")
[2019.01.13-19.39.04:825][  0]LogWindows: EnumDisplayDevices:
[2019.01.13-19.39.04:826][  0]LogWindows:    0. 'NVIDIA GeForce GTX 970M' (P:1 D:1)
[2019.01.13-19.39.04:826][  0]LogWindows:    1. 'NVIDIA GeForce GTX 970M' (P:0 D:0)
[2019.01.13-19.39.04:827][  0]LogWindows:    2. 'NVIDIA GeForce GTX 970M' (P:0 D:0)
[2019.01.13-19.39.04:828][  0]LogWindows:    3. 'NVIDIA GeForce GTX 970M' (P:0 D:0)
[2019.01.13-19.39.04:828][  0]LogWindows: DebugString: FoundDriverCount:4 
[2019.01.13-19.39.04:828][  0]LogD3D11RHI:     Adapter Name: NVIDIA GeForce GTX 970M
[2019.01.13-19.39.04:828][  0]LogD3D11RHI:   Driver Version: 417.22 (internal:25.21.14.1722, unified:417.22)
[2019.01.13-19.39.04:829][  0]LogD3D11RHI:      Driver Date: 11-29-2018
[2019.01.13-19.39.04:829][  0]LogRHI: Texture pool is 2120 MB (70% of 3029 MB)
[2019.01.13-19.39.04:899][  0]LogD3D11RHI: Async texture creation enabled
[2019.01.13-19.39.04:920][  0]LogD3D11RHI: GPU Timing Frequency: 1000.000000 (Debug: 2 2)
[2019.01.13-19.39.05:514][  0]LogTemp: Display: Loaded TP AllDesktopTargetPlatform
[2019.01.13-19.39.05:536][  0]LogTemp: Display: Loaded TP MacClientTargetPlatform
[2019.01.13-19.39.05:551][  0]LogTemp: Display: Loaded TP MacNoEditorTargetPlatform
[2019.01.13-19.39.05:572][  0]LogTemp: Display: Loaded TP MacServerTargetPlatform
[2019.01.13-19.39.05:589][  0]LogTemp: Display: Loaded TP MacTargetPlatform
[2019.01.13-19.39.05:614][  0]LogTemp: Display: Loaded TP WindowsClientTargetPlatform
[2019.01.13-19.39.05:631][  0]LogTemp: Display: Loaded TP WindowsNoEditorTargetPlatform
[2019.01.13-19.39.05:650][  0]LogTemp: Display: Loaded TP WindowsServerTargetPlatform
[2019.01.13-19.39.05:659][  0]LogTemp: Display: Loaded TP WindowsTargetPlatform
[2019.01.13-19.39.05:788][  0]LogTemp: Display: Loaded TP AndroidTargetPlatform
[2019.01.13-19.39.05:788][  0]LogTemp: Display: Loaded TP AndroidTargetPlatform
[2019.01.13-19.39.05:788][  0]LogTemp: Display: Loaded TP AndroidTargetPlatform
[2019.01.13-19.39.05:789][  0]LogTemp: Display: Loaded TP AndroidTargetPlatform
[2019.01.13-19.39.05:789][  0]LogTemp: Display: Loaded TP AndroidTargetPlatform
[2019.01.13-19.39.05:789][  0]LogTemp: Display: Loaded TP AndroidTargetPlatform
[2019.01.13-19.39.05:789][  0]LogTemp: Display: Loaded TP AndroidTargetPlatform
[2019.01.13-19.39.05:789][  0]LogTemp: Display: Loaded TP AndroidTargetPlatform
[2019.01.13-19.39.05:789][  0]LogTemp: Display: Loaded TP AndroidTargetPlatform
[2019.01.13-19.39.05:789][  0]LogTemp: Display: Loaded TP AndroidTargetPlatform
[2019.01.13-19.39.05:789][  0]LogTemp: Display: Loaded TP AndroidTargetPlatform
[2019.01.13-19.39.05:789][  0]LogTemp: Display: Loaded TP AndroidTargetPlatform
[2019.01.13-19.39.05:789][  0]LogTemp: Display: Loaded TP AndroidTargetPlatform
[2019.01.13-19.39.05:789][  0]LogTemp: Display: Loaded TP AndroidTargetPlatform
[2019.01.13-19.39.05:789][  0]LogTemp: Display: Loaded TP AndroidTargetPlatform
[2019.01.13-19.39.05:789][  0]LogTemp: Display: Loaded TP AndroidTargetPlatform
[2019.01.13-19.39.05:789][  0]LogTemp: Display: Loaded TP AndroidTargetPlatform
[2019.01.13-19.39.05:789][  0]LogTemp: Display: Loaded TP AndroidTargetPlatform
[2019.01.13-19.39.05:790][  0]LogTemp: Display: Loaded TP HTML5TargetPlatform
[2019.01.13-19.39.05:868][  0]LogTemp: Display: Loaded TP IOSTargetPlatform
[2019.01.13-19.39.05:868][  0]LogTemp: Display: Loaded TP IOSTargetPlatform
[2019.01.13-19.39.05:897][  0]LogTemp: Display: Loaded TP TVOSTargetPlatform
[2019.01.13-19.39.05:897][  0]LogTemp: Display: Loaded TP TVOSTargetPlatform
[2019.01.13-19.39.05:918][  0]LogTemp: Display: Loaded TP LinuxClientTargetPlatform
[2019.01.13-19.39.05:941][  0]LogTemp: Display: Loaded TP LinuxNoEditorTargetPlatform
[2019.01.13-19.39.05:957][  0]LogTemp: Display: Loaded TP LinuxServerTargetPlatform
[2019.01.13-19.39.05:974][  0]LogTemp: Display: Loaded TP LinuxTargetPlatform
[2019.01.13-19.39.06:042][  0]LogTemp: Display: Loaded TP LuminTargetPlatform
[2019.01.13-19.39.06:042][  0]LogTemp: Display: Loaded TP LuminTargetPlatform
[2019.01.13-19.39.06:042][  0]LogTargetPlatformManager: Display: Building Assets For Windows
[2019.01.13-19.39.06:133][  0]LogShaderCompilers: Guid format shader working directory is -11 characters bigger than the processId version (../../../../Projet_Unreal/Projet-Unreal/Wukongpointpng/Intermediate/Shaders/WorkingDirectory/11016/).
[2019.01.13-19.39.06:133][  0]LogShaderCompilers: Cleaned the shader compiler working directory 'C:/Users/Tom/AppData/Local/Temp/UnrealShaderWorkingDir/FF8C25544F873892F98B0E992306523B/'.
[2019.01.13-19.39.06:135][  0]LogXGEController: Cleaning working directory: C:/Users/Tom/AppData/Local/Temp/UnrealXGEWorkingDir/
[2019.01.13-19.39.06:135][  0]LogXGEController: Cannot use XGE Controller as Incredibuild is not installed on this machine.
[2019.01.13-19.39.06:135][  0]LogShaderCompilers: Cannot use XGE Shader Compiler as Incredibuild is not installed on this machine.
[2019.01.13-19.39.06:135][  0]LogShaderCompilers: Display: Using Local Shader Compiler.
[2019.01.13-19.39.06:885][  0]LogDerivedDataCache: Display: Max Cache Size: 512 MB
[2019.01.13-19.39.06:951][  0]LogDerivedDataCache: Loaded boot cache 0.07s 71MB C:/Users/Tom/AppData/Local/UnrealEngine/4.21/DerivedDataCache/Boot.ddc.
[2019.01.13-19.39.06:951][  0]LogDerivedDataCache: Display: Loaded Boot cache: C:/Users/Tom/AppData/Local/UnrealEngine/4.21/DerivedDataCache/Boot.ddc
[2019.01.13-19.39.06:951][  0]LogDerivedDataCache: FDerivedDataBackendGraph:  Pak pak cache file ../../../../Projet_Unreal/Projet-Unreal/Wukongpointpng/DerivedDataCache/DDC.ddp not found, will not use a pak cache.
[2019.01.13-19.39.06:951][  0]LogDerivedDataCache: Unable to find inner node Pak for hierarchical cache Hierarchy.
[2019.01.13-19.39.06:951][  0]LogDerivedDataCache: FDerivedDataBackendGraph:  CompressedPak pak cache file ../../../../Projet_Unreal/Projet-Unreal/Wukongpointpng/DerivedDataCache/Compressed.ddp not found, will not use a pak cache.
[2019.01.13-19.39.06:951][  0]LogDerivedDataCache: Unable to find inner node CompressedPak for hierarchical cache Hierarchy.
[2019.01.13-19.39.06:966][  0]LogDerivedDataCache: Display: Pak cache opened for reading ../../../Engine/DerivedDataCache/Compressed.ddp.
[2019.01.13-19.39.06:966][  0]LogDerivedDataCache: FDerivedDataBackendGraph:  EnterprisePak pak cache file ../../../Enterprise/DerivedDataCache/Compressed.ddp not found, will not use a pak cache.
[2019.01.13-19.39.06:966][  0]LogDerivedDataCache: Unable to find inner node EnterprisePak for hierarchical cache Hierarchy.
[2019.01.13-19.39.06:979][  0]LogDerivedDataCache: Using Local data cache path C:/Users/Tom/AppData/Local/UnrealEngine/Common/DerivedDataCache: Writable
[2019.01.13-19.39.06:979][  0]LogDerivedDataCache: Shared data cache path not found in *engine.ini, will not use an Shared cache.
[2019.01.13-19.39.06:979][  0]LogDerivedDataCache: Unable to find inner node Shared for hierarchical cache Hierarchy.
[2019.01.13-19.39.07:006][  0]LogMaterial: Verifying Global Shaders for PCD3D_SM5
[2019.01.13-19.39.07:007][  0]LogSlate: Using FreeType 2.6.0
[2019.01.13-19.39.07:008][  0]LogSlate: SlateFontServices - WITH_FREETYPE: 1, WITH_HARFBUZZ: 1
[2019.01.13-19.39.07:123][  0]LogAssetRegistry: FAssetRegistry took 0.0347 seconds to start up
[2019.01.13-19.39.07:528][  0]LogInit: Selected Device Profile: [Windows]
[2019.01.13-19.39.07:701][  0]LogSimplygon: Simplygon DLL not present - disabling.
[2019.01.13-19.39.07:707][  0]LogMeshReduction: Using SimplygonSwarm for distributed automatic mesh merging
[2019.01.13-19.39.07:707][  0]LogMeshReduction: Using ProxyLODMeshReduction for automatic mesh merging
[2019.01.13-19.39.07:707][  0]LogMeshReduction: Using QuadricMeshReduction for automatic static mesh reduction
[2019.01.13-19.39.07:707][  0]LogMeshReduction: No automatic skeletal mesh reduction module available
[2019.01.13-19.39.07:733][  0]LogNetVersion: Wukongpointpng 1.0.0, NetCL: 4541578, EngineNetVer: 5, GameNetVer: 0 (Checksum: 3576798769)
[2019.01.13-19.39.08:440][  0]LogPackageLocalizationCache: Processed 11 localized package path(s) for 2 prioritized culture(s) in 0.087976 seconds
[2019.01.13-19.39.08:447][  0]LogUObjectArray: 39775 objects as part of root set at end of initial load.
[2019.01.13-19.39.08:447][  0]LogUObjectAllocator: 6914664 out of 0 bytes used by permanent object pool.
[2019.01.13-19.39.08:447][  0]LogUObjectArray: CloseDisregardForGC: 0/0 objects in disregard for GC pool
[2019.01.13-19.39.09:876][  0]LogTcpMessaging: Initializing TcpMessaging bridge
[2019.01.13-19.39.09:892][  0]LogUdpMessaging: Initializing bridge on interface 0.0.0.0:0 to multicast group 230.0.0.1:6666.
[2019.01.13-19.39.11:034][  0]SourceControl: Source control is disabled
[2019.01.13-19.39.11:034][  0]SourceControl: Source control is disabled
[2019.01.13-19.39.11:036][  0]SourceControl: Source control is disabled
[2019.01.13-19.39.11:038][  0]SourceControl: Source control is disabled
[2019.01.13-19.39.11:216][  0]LogAndroidPermission: UAndroidPermissionCallbackProxy::GetInstance
[2019.01.13-19.39.11:283][  0]LogOcInput: OculusInput pre-init called
[2019.01.13-19.39.11:438][  0]LogEngine: Initializing Engine...
[2019.01.13-19.39.11:440][  0]LogHMD: Failed to initialize OpenVR with code 100
[2019.01.13-19.39.11:442][  0]LogStats: UGameplayTagsManager::ConstructGameplayTagTree: ImportINI prefixes -  0.000 s
[2019.01.13-19.39.11:442][  0]LogStats: UGameplayTagsManager::ConstructGameplayTagTree: Construct from data asset -  0.000 s
[2019.01.13-19.39.11:442][  0]LogStats: UGameplayTagsManager::ConstructGameplayTagTree: ImportINI -  0.000 s
[2019.01.13-19.39.11:442][  0]LogStats: UGameplayTagsManager::ConstructGameplayTagTree: GameplayTagTreeChangedEvent.Broadcast -  0.000 s
[2019.01.13-19.39.11:775][  0]LogInit: Initializing FReadOnlyCVARCache
[2019.01.13-19.39.11:792][  0]LogAIModule: Creating AISystem for world Untitled
[2019.01.13-19.39.11:820][  0]LogInit: XAudio2 using 'Speakers (Realtek High Definition Audio)' : 2 channels at 48 kHz using 32 bits per sample (channel mask 0x3)
[2019.01.13-19.39.11:908][  0]LogInit: FAudioDevice initialized.
[2019.01.13-19.39.11:908][  0]LogNetVersion: Set ProjectVersion to 1.0.0.0. Version Checksum will be recalculated on next use.
[2019.01.13-19.39.12:050][  0]LogDerivedDataCache: Saved boot cache 0.14s 71MB C:/Users/Tom/AppData/Local/UnrealEngine/4.21/DerivedDataCache/Boot.ddc.
[2019.01.13-19.39.12:064][  0]LogInit: Texture streaming: Enabled
[2019.01.13-19.39.12:095][  0]LogEngineSessionManager: EngineSessionManager initialized
[2019.01.13-19.39.12:108][  0]LogInit: Transaction tracking system initialized
[2019.01.13-19.39.12:134][  0]BlueprintLog: New page: Editor Load
[2019.01.13-19.39.12:213][  0]LocalizationService: Localization service is disabled
[2019.01.13-19.39.12:642][  0]LogCook: Display: Max memory allowance for cook 16384mb min free memory 0mb
[2019.01.13-19.39.12:642][  0]LogCook: Display: Mobile HDR setting 1
[2019.01.13-19.39.12:642][  0]LogGameplayTags: Display: UGameplayTagsManager::DoneAddingNativeTags. DelegateIsBound: 0
[2019.01.13-19.39.12:642][  0]LogStats: UGameplayTagsManager::ConstructGameplayTagTree: ImportINI prefixes -  0.000 s
[2019.01.13-19.39.12:642][  0]LogStats: UGameplayTagsManager::ConstructGameplayTagTree: Construct from data asset -  0.000 s
[2019.01.13-19.39.12:642][  0]LogStats: UGameplayTagsManager::ConstructGameplayTagTree: ImportINI -  0.000 s
[2019.01.13-19.39.12:642][  0]LogStats: UGameplayTagsManager::ConstructGameplayTagTree: GameplayTagTreeChangedEvent.Broadcast -  0.000 s
[2019.01.13-19.39.12:792][  0]LogFileCache: Scanning file cache for directory 'D:/Projet_Unreal/Projet-Unreal/Wukongpointpng/Content/' took 0.02s
[2019.01.13-19.39.12:792][  0]SourceControl: Source control is disabled
[2019.01.13-19.39.12:792][  0]Cmd: MAP LOAD FILE="../../../Engine/Content/Maps/Templates/Template_Default.umap" TEMPLATE=1 SHOWPROGRESS=1 FEATURELEVEL=3
[2019.01.13-19.39.12:792][  0]LightingResults: New page: Lighting Build
[2019.01.13-19.39.12:795][  0]MapCheck: New page: Map Check
[2019.01.13-19.39.12:795][  0]LightingResults: New page: Lighting Build
[2019.01.13-19.39.12:999][  0]LogAIModule: Creating AISystem for world Untitled_1
[2019.01.13-19.39.13:008][  0]LogEditorServer: Finished looking for orphan Actors (0.000 secs)
[2019.01.13-19.39.13:036][  0]Cmd: MAP CHECKDEP NOCLEARLOG
[2019.01.13-19.39.13:036][  0]MapCheck: Map check complete: 0 Error(s), 0 Warning(s), took 0,11ms to complete.
[2019.01.13-19.39.13:036][  0]LogFileHelpers: Loading map 'Template_Default' took 0.245
[2019.01.13-19.39.13:138][  0]LogSlate: Updating window title bar state: overlay mode, drag disabled, window buttons hidden, title bar hidden
[2019.01.13-19.39.13:146][  0]LogSlate: Updating window title bar state: overlay mode, drag disabled, window buttons hidden, title bar hidden
[2019.01.13-19.39.13:154][  0]LogSlate: Updating window title bar state: overlay mode, drag disabled, window buttons hidden, title bar hidden
[2019.01.13-19.39.13:162][  0]LogSlate: Updating window title bar state: overlay mode, drag disabled, window buttons hidden, title bar hidden
[2019.01.13-19.39.13:170][  0]LogCollectionManager: Loaded 0 collections in 0.002138 seconds
[2019.01.13-19.39.13:187][  0]LogFileCache: Scanning file cache for directory 'D:/Projet_Unreal/Projet-Unreal/Wukongpointpng/Saved/Collections/' took 0.01s
[2019.01.13-19.39.13:187][  0]LogFileCache: Scanning file cache for directory 'D:/Projet_Unreal/Projet-Unreal/Wukongpointpng/Content/Developers/Tom/Collections/' took 0.00s
[2019.01.13-19.39.13:187][  0]LogFileCache: Scanning file cache for directory 'D:/Projet_Unreal/Projet-Unreal/Wukongpointpng/Content/Collections/' took 0.00s
[2019.01.13-19.39.13:187][  0]LogCollectionManager: Rebuilt the GUID cache for 0 collections in 0.000000 seconds
[2019.01.13-19.39.13:195][  0]LogContentBrowser: Native class hierarchy populated in 0.0089 seconds. Added 2660 classes and 625 folders.
[2019.01.13-19.39.13:201][  0]LogContentBrowser: Native class hierarchy updated for 'WidgetCarousel' in 0.0002 seconds. Added 0 classes and 0 folders.
[2019.01.13-19.39.13:203][  0]LogPakFile: Registered encryption key '00000000000000000000000000000000': 0 pak files mounted, 0 remain pending
[2019.01.13-19.39.13:204][  0]LogPakFile: Registered encryption key '00000000000000000000000000000000': 0 pak files mounted, 0 remain pending
[2019.01.13-19.39.13:205][  0]LogPakFile: Registered encryption key '00000000000000000000000000000000': 0 pak files mounted, 0 remain pending
[2019.01.13-19.39.13:205][  0]LogPakFile: Registered encryption key '00000000000000000000000000000000': 0 pak files mounted, 0 remain pending
[2019.01.13-19.39.13:205][  0]LogPakFile: Registered encryption key '00000000000000000000000000000000': 0 pak files mounted, 0 remain pending
[2019.01.13-19.39.13:206][  0]LogPakFile: Registered encryption key '00000000000000000000000000000000': 0 pak files mounted, 0 remain pending
[2019.01.13-19.39.13:206][  0]LogPakFile: Registered encryption key '00000000000000000000000000000000': 0 pak files mounted, 0 remain pending
[2019.01.13-19.39.13:207][  0]LogPakFile: Registered encryption key '00000000000000000000000000000000': 0 pak files mounted, 0 remain pending
[2019.01.13-19.39.13:208][  0]LogPakFile: Registered encryption key '00000000000000000000000000000000': 0 pak files mounted, 0 remain pending
[2019.01.13-19.39.13:208][  0]LogPakFile: Registered encryption key '00000000000000000000000000000000': 0 pak files mounted, 0 remain pending
[2019.01.13-19.39.13:209][  0]LogPakFile: Registered encryption key '00000000000000000000000000000000': 0 pak files mounted, 0 remain pending
[2019.01.13-19.39.13:209][  0]LogPakFile: Registered encryption key '00000000000000000000000000000000': 0 pak files mounted, 0 remain pending
[2019.01.13-19.39.13:210][  0]LogPakFile: Registered encryption key '00000000000000000000000000000000': 0 pak files mounted, 0 remain pending
[2019.01.13-19.39.13:211][  0]LogPakFile: Registered encryption key '00000000000000000000000000000000': 0 pak files mounted, 0 remain pending
[2019.01.13-19.39.13:214][  0]LogPakFile: Registered encryption key '00000000000000000000000000000000': 0 pak files mounted, 0 remain pending
[2019.01.13-19.39.13:214][  0]LogPakFile: Registered encryption key '00000000000000000000000000000000': 0 pak files mounted, 0 remain pending
[2019.01.13-19.39.13:214][  0]LogPakFile: Registered encryption key '00000000000000000000000000000000': 0 pak files mounted, 0 remain pending
[2019.01.13-19.39.13:214][  0]LogPakFile: Registered encryption key '00000000000000000000000000000000': 0 pak files mounted, 0 remain pending
[2019.01.13-19.39.13:215][  0]LogPakFile: Registered encryption key '00000000000000000000000000000000': 0 pak files mounted, 0 remain pending
[2019.01.13-19.39.13:216][  0]LogPakFile: Registered encryption key '00000000000000000000000000000000': 0 pak files mounted, 0 remain pending
[2019.01.13-19.39.13:216][  0]LogPakFile: Registered encryption key '00000000000000000000000000000000': 0 pak files mounted, 0 remain pending
[2019.01.13-19.39.13:217][  0]LogPakFile: Registered encryption key '00000000000000000000000000000000': 0 pak files mounted, 0 remain pending
[2019.01.13-19.39.13:217][  0]LogPakFile: Registered encryption key '00000000000000000000000000000000': 0 pak files mounted, 0 remain pending
[2019.01.13-19.39.13:218][  0]LogPakFile: Registered encryption key '00000000000000000000000000000000': 0 pak files mounted, 0 remain pending
[2019.01.13-19.39.13:219][  0]LogPakFile: Registered encryption key '00000000000000000000000000000000': 0 pak files mounted, 0 remain pending
[2019.01.13-19.39.13:219][  0]LogPakFile: Registered encryption key '00000000000000000000000000000000': 0 pak files mounted, 0 remain pending
[2019.01.13-19.39.13:279][  0]LogContentBrowser: Native class hierarchy updated for 'AddContentDialog' in 0.0003 seconds. Added 0 classes and 0 folders.
[2019.01.13-19.39.13:283][  0]LogContentBrowser: Native class hierarchy updated for 'SceneOutliner' in 0.0002 seconds. Added 1 classes and 2 folders.
[2019.01.13-19.39.13:300][  0]LogSlate: Took 0.000309 seconds to synchronously load lazily loaded font '../../../Engine/Content/Slate/Fonts/Roboto-Regular.ttf' (155K)
[2019.01.13-19.39.13:304][  0]LogSlate: Took 0.000451 seconds to synchronously load lazily loaded font '../../../Engine/Content/Slate/Fonts/Roboto-Bold.ttf' (160K)
[2019.01.13-19.39.13:310][  0]LogSlate: Took 0.000250 seconds to synchronously load lazily loaded font '../../../Engine/Content/Editor/Slate/Fonts/FontAwesome.ttf' (139K)
[2019.01.13-19.39.13:403][  0]LogRenderer: Reallocating scene render targets to support 1208x552 Format 10 NumSamples 1 (Frame:1).
[2019.01.13-19.39.13:552][  0]LogContentBrowser: Native class hierarchy updated for 'HierarchicalLODOutliner' in 0.0002 seconds. Added 0 classes and 0 folders.
[2019.01.13-19.39.13:552][  0]LogLoad: (Engine Initialization) Total time: 11.84 seconds
[2019.01.13-19.39.13:552][  0]LogLoad: (Engine Initialization) Total Blueprint compile time: 0.00 seconds
[2019.01.13-19.39.13:654][  0]LogContentStreaming: Texture pool size now 1000 MB
[2019.01.13-19.39.13:682][  0]LogSlate: Took 0.000224 seconds to synchronously load lazily loaded font '../../../Engine/Content/Slate/Fonts/Roboto-Light.ttf' (167K)
[2019.01.13-19.39.13:725][  1]LogAssetRegistry: Asset discovery search completed in 6.6242 seconds
[2019.01.13-19.39.13:730][  1]LogCollectionManager: Rebuilt the object cache for 0 collections in 0.000000 seconds (found 0 objects)
[2019.01.13-19.39.13:730][  1]LogCollectionManager: Fixed up redirectors for 0 collections in 0.000090 seconds (updated 0 objects)
[2019.01.13-19.39.15:035][  5]LogSlate: Took 0.000396 seconds to synchronously load lazily loaded font '../../../Engine/Content/Slate/Fonts/Roboto-Light.ttf' (167K)
[2019.01.13-19.39.18:706][ 16]LogFileCache: Retrieving MD5 hashes for directory 'D:/Projet_Unreal/Projet-Unreal/Wukongpointpng/Content/' took 5.12s
[2019.01.13-19.39.38:242][392]LogSlate: FSceneViewport::OnFocusLost() reason 0
[2019.01.13-19.39.39:240][511]LogSlate: FSceneViewport::OnFocusLost() reason 0
[2019.01.13-19.40.04:987][470]LogAssetEditorManager: Opening Asset editor for AnimSequence /Game/Mannequin/Animations/Jump.Jump
[2019.01.13-19.40.05:042][470]LogContentBrowser: Native class hierarchy updated for 'SkeletonEditor' in 0.0003 seconds. Added 1 classes and 2 folders.
[2019.01.13-19.40.05:307][470]LogActorComponent: RegisterComponentWithWorld: (/Engine/Transient.World_0:PersistentLevel.AnimationEditorPreviewActor_0.DebugSkelMeshComponent_0) Already registered. Aborting.
[2019.01.13-19.40.05:309][470]LogContentBrowser: Native class hierarchy updated for 'PinnedCommandList' in 0.0003 seconds. Added 1 classes and 0 folders.
[2019.01.13-19.40.05:372][470]LogSkeletalMesh: USkeletalMeshComponent::InitArticulated : Bodies already created (/Engine/Transient.World_0:PersistentLevel.AnimationEditorPreviewActor_0.DebugSkelMeshComponent_0) - call TermArticulated first.
[2019.01.13-19.40.05:926][470]LogContentBrowser: Native class hierarchy updated for 'ClothingSystemEditorInterface' in 0.0005 seconds. Added 1 classes and 0 folders.
[2019.01.13-19.40.05:952][470]LogContentBrowser: Verbose: The majority of assets in the view are of type: AnimSequence
[2019.01.13-19.40.07:675][568]LogSlate: Window 'Jump' being destroyed
[2019.01.13-19.40.07:683][568]LogSlate: Window 'Jump' being destroyed
[2019.01.13-19.40.10:004][694]LogAssetEditorManager: Opening Asset editor for AnimSequence /Game/Mannequin/Animations/ThirdPersonJump_Loop.ThirdPersonJump_Loop
[2019.01.13-19.40.10:134][694]LogActorComponent: RegisterComponentWithWorld: (/Engine/Transient.World_6:PersistentLevel.AnimationEditorPreviewActor_0.DebugSkelMeshComponent_0) Already registered. Aborting.
[2019.01.13-19.40.10:186][694]LogSkeletalMesh: USkeletalMeshComponent::InitArticulated : Bodies already created (/Engine/Transient.World_6:PersistentLevel.AnimationEditorPreviewActor_0.DebugSkelMeshComponent_0) - call TermArticulated first.
[2019.01.13-19.40.10:562][694]LogContentBrowser: Verbose: The majority of assets in the view are of type: AnimSequence
[2019.01.13-19.40.20:017][247]LogEditorFactories: Performing atomic reimport of [D:/Projet_Unreal/Projet-Unreal/Wukongpointpng/Content/Mannequin/Animations/ThirdPersonJump_Loop.FBX]
[2019.01.13-19.40.20:190][247]LogFbx: Loading FBX Scene from D:/Projet_Unreal/Projet-Unreal/Wukongpointpng/Content/Mannequin/Animations/ThirdPersonJump_Loop.FBX
[2019.01.13-19.40.20:241][247]LogFbx: FBX Scene Loaded Succesfully
[2019.01.13-19.40.20:277][247]LogFbx: Parsing AnimStack Unreal Take
[2019.01.13-19.40.21:140][247]LogAnimationCompression: Building Anim DDC data for AnimSequence /Game/Mannequin/Animations/ThirdPersonJump_Loop.ThirdPersonJump_Loop
[2019.01.13-19.40.21:141][247]LogAnimationCompression: Recompressing (AnimSequence /Engine/Transient.ThirdPersonJump_Loop) using current/default (AnimCompress_BitwiseCompressOnly_0) bFirstRecompressUsingCurrentOrDefault(1) bTryAlternateCompressor(0) IsCompressedDataValid(0)
[2019.01.13-19.40.21:204][247]LogEditorFactories: -- imported successfully
[2019.01.13-19.40.25:790][515]LogSlate: Window 'ThirdPersonJump_Loop*' being destroyed
[2019.01.13-19.40.25:797][515]LogSlate: Window 'ThirdPersonJump_Loop*' being destroyed
[2019.01.13-19.41.53:305][160]LogFactory: FactoryCreateFile: StaticMesh with FbxFactory (0 0 C:/Users/Tom/Desktop/ThirdPersonJump_Loop2.FBX)
[2019.01.13-19.41.53:318][160]LogFbx: Loading FBX Scene from C:/Users/Tom/Desktop/ThirdPersonJump_Loop2.FBX
[2019.01.13-19.41.53:369][160]LogFbx: FBX Scene Loaded Succesfully
[2019.01.13-19.41.57:776][160]LogSlate: Window 'FBX Import Options' being destroyed
[2019.01.13-19.41.57:828][160]FBXImport: Error: Mesh contains Hips bone as root but animation doesn't contain the root track.
Import failed. 
[2019.01.13-19.41.57:828][160]FBXImport: Error: Import failed. 
[2019.01.13-19.42.05:065][160]LogSlate: Window 'Message' being destroyed
[2019.01.13-19.42.05:072][160]LogAssetTools: Warning: Failed to import 'C:/Users/Tom/Desktop/ThirdPersonJump_Loop2.FBX'. Failed to create asset '/Game/Mannequin/Animations/ThirdPersonJump_Loop2'.
Please see Output Log for details.
[2019.01.13-19.42.11:520][539]LogWindows: LaunchURL http://docs.unrealengine.com/latest/FRA/Shared/Editor/FbxErrors/index.html?utm_source=editor&utm_medium=docs&utm_campaign=msg_log
[2019.01.13-19.42.17:005][616]LogWindows: LaunchURL http://docs.unrealengine.com/latest/FRA/Shared/Editor/FbxErrors/index.html?utm_source=editor&utm_medium=docs&utm_campaign=msg_log
[2019.01.13-19.44.53:073][346]LogSlate: Window 'Message Log' being destroyed
[2019.01.13-19.44.53:077][346]LogSlate: Window 'Message Log' being destroyed
[2019.01.13-19.49.14:054][225]LogFileHelpers: Editor autosave (incl. sublevels) for '/Temp/Untitled_1' took 0.047
[2019.01.13-19.49.14:057][225]OBJ SavePackage: Generating thumbnails for [1] asset(s) in package [/Game/Mannequin/Animations/ThirdPersonJump_Loop] ([1] browsable assets)...
[2019.01.13-19.49.14:081][225]OBJ SavePackage:     Rendered thumbnail for [AnimSequence /Game/Mannequin/Animations/ThirdPersonJump_Loop.ThirdPersonJump_Loop]
[2019.01.13-19.49.14:082][225]OBJ SavePackage: Finished generating thumbnails for package [/Game/Mannequin/Animations/ThirdPersonJump_Loop]
[2019.01.13-19.49.14:104][225]LogSavePackage: Moving '../../../../Projet_Unreal/Projet-Unreal/Wukongpointpng/Saved/ThirdPersonJump_Loop_Auto103F58CA142B6A2DF476FA59DEC1949C7.tmp' to '../../../../Projet_Unreal/Projet-Unreal/Wukongpointpng/Saved/Autosaves/Game/Mannequin/Animations/ThirdPersonJump_Loop_Auto1.uasset'
[2019.01.13-19.49.14:106][225]LogFileHelpers: Auto-saving content packages took 0.051
[2019.01.13-19.50.13:292][538]LogAssetEditorManager: Opening Asset editor for AnimSequence /Game/Mannequin/Animations/Jump.Jump
[2019.01.13-19.50.13:303][538]LogActorComponent: RegisterComponentWithWorld: (/Engine/Transient.World_9:PersistentLevel.AnimationEditorPreviewActor_0.DebugSkelMeshComponent_0) Already registered. Aborting.
[2019.01.13-19.50.13:358][538]LogSkeletalMesh: USkeletalMeshComponent::InitArticulated : Bodies already created (/Engine/Transient.World_9:PersistentLevel.AnimationEditorPreviewActor_0.DebugSkelMeshComponent_0) - call TermArticulated first.
[2019.01.13-19.50.13:731][538]LogContentBrowser: Verbose: The majority of assets in the view are of type: AnimSequence
[2019.01.13-19.50.15:127][617]LogSlate: Window 'Jump' being destroyed
[2019.01.13-19.50.15:132][617]LogSlate: Window 'Jump' being destroyed
[2019.01.13-19.52.18:522][288]LogFactory: FactoryCreateFile: StaticMesh with FbxFactory (0 0 C:/Users/Tom/Downloads/Fall A Loop.fbx)
[2019.01.13-19.52.18:538][288]LogFbx: Loading FBX Scene from C:/Users/Tom/Downloads/Fall A Loop.fbx
[2019.01.13-19.52.18:563][288]LogFbx: FBX Scene Loaded Succesfully
[2019.01.13-19.52.22:997][288]LogSlate: Window 'FBX Import Options' being destroyed
[2019.01.13-19.52.23:098][288]LogFbx: SortedLinks :(0) Hips
[2019.01.13-19.52.23:098][288]LogFbx: SortedLinks :(1) Spine
[2019.01.13-19.52.23:098][288]LogFbx: SortedLinks :(2) Spine1
[2019.01.13-19.52.23:098][288]LogFbx: SortedLinks :(3) Spine2
[2019.01.13-19.52.23:098][288]LogFbx: SortedLinks :(4) Neck
[2019.01.13-19.52.23:098][288]LogFbx: SortedLinks :(5) Head
[2019.01.13-19.52.23:098][288]LogFbx: SortedLinks :(6) HeadTop_End
[2019.01.13-19.52.23:098][288]LogFbx: SortedLinks :(7) LeftShoulder
[2019.01.13-19.52.23:098][288]LogFbx: SortedLinks :(8) LeftArm
[2019.01.13-19.52.23:098][288]LogFbx: SortedLinks :(9) LeftForeArm
[2019.01.13-19.52.23:098][288]LogFbx: SortedLinks :(10) LeftHand
[2019.01.13-19.52.23:098][288]LogFbx: SortedLinks :(11) LeftHandThumb1
[2019.01.13-19.52.23:098][288]LogFbx: SortedLinks :(12) LeftHandThumb2
[2019.01.13-19.52.23:098][288]LogFbx: SortedLinks :(13) LeftHandThumb3
[2019.01.13-19.52.23:098][288]LogFbx: SortedLinks :(14) LeftHandThumb4
[2019.01.13-19.52.23:098][288]LogFbx: SortedLinks :(15) LeftHandIndex1
[2019.01.13-19.52.23:098][288]LogFbx: SortedLinks :(16) LeftHandIndex2
[2019.01.13-19.52.23:098][288]LogFbx: SortedLinks :(17) LeftHandIndex3
[2019.01.13-19.52.23:098][288]LogFbx: SortedLinks :(18) LeftHandIndex4
[2019.01.13-19.52.23:098][288]LogFbx: SortedLinks :(19) LeftHandMiddle1
[2019.01.13-19.52.23:098][288]LogFbx: SortedLinks :(20) LeftHandMiddle2
[2019.01.13-19.52.23:098][288]LogFbx: SortedLinks :(21) LeftHandMiddle3
[2019.01.13-19.52.23:098][288]LogFbx: SortedLinks :(22) LeftHandMiddle4
[2019.01.13-19.52.23:098][288]LogFbx: SortedLinks :(23) LeftHandRing1
[2019.01.13-19.52.23:098][288]LogFbx: SortedLinks :(24) LeftHandRing2
[2019.01.13-19.52.23:098][288]LogFbx: SortedLinks :(25) LeftHandRing3
[2019.01.13-19.52.23:098][288]LogFbx: SortedLinks :(26) LeftHandRing4
[2019.01.13-19.52.23:098][288]LogFbx: SortedLinks :(27) LeftHandPinky1
[2019.01.13-19.52.23:098][288]LogFbx: SortedLinks :(28) LeftHandPinky2
[2019.01.13-19.52.23:098][288]LogFbx: SortedLinks :(29) LeftHandPinky3
[2019.01.13-19.52.23:098][288]LogFbx: SortedLinks :(30) LeftHandPinky4
[2019.01.13-19.52.23:098][288]LogFbx: SortedLinks :(31) RightShoulder
[2019.01.13-19.52.23:098][288]LogFbx: SortedLinks :(32) RightArm
[2019.01.13-19.52.23:098][288]LogFbx: SortedLinks :(33) RightForeArm
[2019.01.13-19.52.23:098][288]LogFbx: SortedLinks :(34) RightHand
[2019.01.13-19.52.23:099][288]LogFbx: SortedLinks :(35) RightHandThumb1
[2019.01.13-19.52.23:099][288]LogFbx: SortedLinks :(36) RightHandThumb2
[2019.01.13-19.52.23:099][288]LogFbx: SortedLinks :(37) RightHandThumb3
[2019.01.13-19.52.23:099][288]LogFbx: SortedLinks :(38) RightHandThumb4
[2019.01.13-19.52.23:099][288]LogFbx: SortedLinks :(39) RightHandPinky1
[2019.01.13-19.52.23:099][288]LogFbx: SortedLinks :(40) RightHandPinky2
[2019.01.13-19.52.23:099][288]LogFbx: SortedLinks :(41) RightHandPinky3
[2019.01.13-19.52.23:099][288]LogFbx: SortedLinks :(42) RightHandPinky4
[2019.01.13-19.52.23:099][288]LogFbx: SortedLinks :(43) RightHandRing1
[2019.01.13-19.52.23:099][288]LogFbx: SortedLinks :(44) RightHandRing2
[2019.01.13-19.52.23:099][288]LogFbx: SortedLinks :(45) RightHandRing3
[2019.01.13-19.52.23:099][288]LogFbx: SortedLinks :(46) RightHandRing4
[2019.01.13-19.52.23:099][288]LogFbx: SortedLinks :(47) RightHandMiddle1
[2019.01.13-19.52.23:099][288]LogFbx: SortedLinks :(48) RightHandMiddle2
[2019.01.13-19.52.23:099][288]LogFbx: SortedLinks :(49) RightHandMiddle3
[2019.01.13-19.52.23:099][288]LogFbx: SortedLinks :(50) RightHandMiddle4
[2019.01.13-19.52.23:099][288]LogFbx: SortedLinks :(51) RightHandIndex1
[2019.01.13-19.52.23:099][288]LogFbx: SortedLinks :(52) RightHandIndex2
[2019.01.13-19.52.23:099][288]LogFbx: SortedLinks :(53) RightHandIndex3
[2019.01.13-19.52.23:099][288]LogFbx: SortedLinks :(54) RightHandIndex4
[2019.01.13-19.52.23:099][288]LogFbx: SortedLinks :(55) LeftUpLeg
[2019.01.13-19.52.23:099][288]LogFbx: SortedLinks :(56) LeftLeg
[2019.01.13-19.52.23:099][288]LogFbx: SortedLinks :(57) LeftFoot
[2019.01.13-19.52.23:099][288]LogFbx: SortedLinks :(58) LeftToeBase
[2019.01.13-19.52.23:099][288]LogFbx: SortedLinks :(59) LeftToe_End
[2019.01.13-19.52.23:099][288]LogFbx: SortedLinks :(60) RightUpLeg
[2019.01.13-19.52.23:099][288]LogFbx: SortedLinks :(61) RightLeg
[2019.01.13-19.52.23:099][288]LogFbx: SortedLinks :(62) RightFoot
[2019.01.13-19.52.23:099][288]LogFbx: SortedLinks :(63) RightToeBase
[2019.01.13-19.52.23:099][288]LogFbx: SortedLinks :(64) RightToe_End
[2019.01.13-19.52.23:100][288]LogFbx: Parsing AnimStack mixamo.com
[2019.01.13-19.52.23:115][288]LogLinker: Can't find file '/Game/Mannequin/Animations/Fall_A_Loop'
[2019.01.13-19.52.23:115][288]LogLinker: Can't find file '/Game/Mannequin/Animations/Fall_A_Loop'
[2019.01.13-19.52.23:319][288]LogAnimationCompression: Building Anim DDC data for AnimSequence /Game/Mannequin/Animations/Fall_A_Loop.Fall_A_Loop
[2019.01.13-19.52.23:320][288]LogAnimationCompression: Recompressing (AnimSequence /Engine/Transient.Fall_A_Loop) using current/default (AnimCompress_BitwiseCompressOnly_0) bFirstRecompressUsingCurrentOrDefault(1) bTryAlternateCompressor(0) IsCompressedDataValid(0)
[2019.01.13-19.52.23:328][288]FBXImport: Warning: The following bones exist in the imported animation, but not in the Skeleton asset maw_j_laygo_Skeleton.  Any animation on these bones will not be imported: 

 LeftHandRing1  
LeftHandRing2  
LeftHandRing3  
LeftHandRing4  
RightHandRing1  
RightHandRing2  
RightHandRing3  
RightHandRing4  
 
[2019.01.13-19.52.23:347][288]LogFactory: FactoryCreateFile: AnimSequence with FbxFactory (0 0 C:/Users/Tom/Downloads/Standing Jump.fbx)
[2019.01.13-19.52.23:368][288]LogFbx: Loading FBX Scene from C:/Users/Tom/Downloads/Standing Jump.fbx
[2019.01.13-19.52.23:397][288]LogFbx: FBX Scene Loaded Succesfully
[2019.01.13-19.52.26:013][288]LogSlate: Window 'FBX Import Options' being destroyed
[2019.01.13-19.52.26:044][288]LogFbx: SortedLinks :(0) Hips
[2019.01.13-19.52.26:044][288]LogFbx: SortedLinks :(1) Spine
[2019.01.13-19.52.26:044][288]LogFbx: SortedLinks :(2) Spine1
[2019.01.13-19.52.26:044][288]LogFbx: SortedLinks :(3) Spine2
[2019.01.13-19.52.26:044][288]LogFbx: SortedLinks :(4) Neck
[2019.01.13-19.52.26:044][288]LogFbx: SortedLinks :(5) Head
[2019.01.13-19.52.26:044][288]LogFbx: SortedLinks :(6) HeadTop_End
[2019.01.13-19.52.26:044][288]LogFbx: SortedLinks :(7) LeftShoulder
[2019.01.13-19.52.26:044][288]LogFbx: SortedLinks :(8) LeftArm
[2019.01.13-19.52.26:044][288]LogFbx: SortedLinks :(9) LeftForeArm
[2019.01.13-19.52.26:044][288]LogFbx: SortedLinks :(10) LeftHand
[2019.01.13-19.52.26:044][288]LogFbx: SortedLinks :(11) LeftHandThumb1
[2019.01.13-19.52.26:044][288]LogFbx: SortedLinks :(12) LeftHandThumb2
[2019.01.13-19.52.26:044][288]LogFbx: SortedLinks :(13) LeftHandThumb3
[2019.01.13-19.52.26:044][288]LogFbx: SortedLinks :(14) LeftHandThumb4
[2019.01.13-19.52.26:044][288]LogFbx: SortedLinks :(15) LeftHandIndex1
[2019.01.13-19.52.26:044][288]LogFbx: SortedLinks :(16) LeftHandIndex2
[2019.01.13-19.52.26:044][288]LogFbx: SortedLinks :(17) LeftHandIndex3
[2019.01.13-19.52.26:044][288]LogFbx: SortedLinks :(18) LeftHandIndex4
[2019.01.13-19.52.26:044][288]LogFbx: SortedLinks :(19) LeftHandMiddle1
[2019.01.13-19.52.26:044][288]LogFbx: SortedLinks :(20) LeftHandMiddle2
[2019.01.13-19.52.26:044][288]LogFbx: SortedLinks :(21) LeftHandMiddle3
[2019.01.13-19.52.26:044][288]LogFbx: SortedLinks :(22) LeftHandMiddle4
[2019.01.13-19.52.26:045][288]LogFbx: SortedLinks :(23) LeftHandPinky1
[2019.01.13-19.52.26:045][288]LogFbx: SortedLinks :(24) LeftHandPinky2
[2019.01.13-19.52.26:045][288]LogFbx: SortedLinks :(25) LeftHandPinky3
[2019.01.13-19.52.26:045][288]LogFbx: SortedLinks :(26) LeftHandPinky4
[2019.01.13-19.52.26:045][288]LogFbx: SortedLinks :(27) RightShoulder
[2019.01.13-19.52.26:045][288]LogFbx: SortedLinks :(28) RightArm
[2019.01.13-19.52.26:045][288]LogFbx: SortedLinks :(29) RightForeArm
[2019.01.13-19.52.26:045][288]LogFbx: SortedLinks :(30) RightHand
[2019.01.13-19.52.26:045][288]LogFbx: SortedLinks :(31) RightHandThumb1
[2019.01.13-19.52.26:045][288]LogFbx: SortedLinks :(32) RightHandThumb2
[2019.01.13-19.52.26:045][288]LogFbx: SortedLinks :(33) RightHandThumb3
[2019.01.13-19.52.26:045][288]LogFbx: SortedLinks :(34) RightHandThumb4
[2019.01.13-19.52.26:045][288]LogFbx: SortedLinks :(35) RightHandIndex1
[2019.01.13-19.52.26:045][288]LogFbx: SortedLinks :(36) RightHandIndex2
[2019.01.13-19.52.26:045][288]LogFbx: SortedLinks :(37) RightHandIndex3
[2019.01.13-19.52.26:045][288]LogFbx: SortedLinks :(38) RightHandIndex4
[2019.01.13-19.52.26:045][288]LogFbx: SortedLinks :(39) RightHandMiddle1
[2019.01.13-19.52.26:045][288]LogFbx: SortedLinks :(40) RightHandMiddle2
[2019.01.13-19.52.26:045][288]LogFbx: SortedLinks :(41) RightHandMiddle3
[2019.01.13-19.52.26:045][288]LogFbx: SortedLinks :(42) RightHandMiddle4
[2019.01.13-19.52.26:045][288]LogFbx: SortedLinks :(43) RightHandPinky1
[2019.01.13-19.52.26:045][288]LogFbx: SortedLinks :(44) RightHandPinky2
[2019.01.13-19.52.26:045][288]LogFbx: SortedLinks :(45) RightHandPinky3
[2019.01.13-19.52.26:045][288]LogFbx: SortedLinks :(46) RightHandPinky4
[2019.01.13-19.52.26:045][288]LogFbx: SortedLinks :(47) LeftUpLeg
[2019.01.13-19.52.26:045][288]LogFbx: SortedLinks :(48) LeftLeg
[2019.01.13-19.52.26:045][288]LogFbx: SortedLinks :(49) LeftFoot
[2019.01.13-19.52.26:045][288]LogFbx: SortedLinks :(50) LeftToeBase
[2019.01.13-19.52.26:045][288]LogFbx: SortedLinks :(51) LeftToe_End
[2019.01.13-19.52.26:045][288]LogFbx: SortedLinks :(52) RightUpLeg
[2019.01.13-19.52.26:045][288]LogFbx: SortedLinks :(53) RightLeg
[2019.01.13-19.52.26:045][288]LogFbx: SortedLinks :(54) RightFoot
[2019.01.13-19.52.26:045][288]LogFbx: SortedLinks :(55) RightToeBase
[2019.01.13-19.52.26:045][288]LogFbx: SortedLinks :(56) RightToe_End
[2019.01.13-19.52.26:045][288]LogFbx: Parsing AnimStack mixamo.com
[2019.01.13-19.52.26:048][288]LogLinker: Can't find file '/Game/Mannequin/Animations/Standing_Jump'
[2019.01.13-19.52.26:049][288]LogLinker: Can't find file '/Game/Mannequin/Animations/Standing_Jump'
[2019.01.13-19.52.26:189][288]LogAnimationCompression: Building Anim DDC data for AnimSequence /Game/Mannequin/Animations/Standing_Jump.Standing_Jump
[2019.01.13-19.52.26:190][288]LogAnimationCompression: Recompressing (AnimSequence /Engine/Transient.Standing_Jump) using current/default (AnimCompress_BitwiseCompressOnly_0) bFirstRecompressUsingCurrentOrDefault(1) bTryAlternateCompressor(0) IsCompressedDataValid(0)
[2019.01.13-19.52.27:655][373]LogSlate: Window 'Message Log' being destroyed
[2019.01.13-19.52.27:662][373]LogSlate: Window 'Message Log' being destroyed
[2019.01.13-19.52.46:007][470]Cmd: OBJ SAVEPACKAGE PACKAGE="/Game/Mannequin/Animations/Jump_Begin" FILE="../../../../Projet_Unreal/Projet-Unreal/Wukongpointpng/Content/Mannequin/Animations/Jump_Begin.uasset" SILENT=true
[2019.01.13-19.52.46:020][470]LogSavePackage: Moving '../../../../Projet_Unreal/Projet-Unreal/Wukongpointpng/Saved/Jump_Begin3B8543E64E55495C50571BAF94752F2E.tmp' to '../../../../Projet_Unreal/Projet-Unreal/Wukongpointpng/Content/Mannequin/Animations/Jump_Begin.uasset'
[2019.01.13-19.52.51:698][800]LogAssetEditorManager: Opening Asset editor for AnimSequence /Game/Mannequin/Animations/Jump_Begin.Jump_Begin
[2019.01.13-19.52.51:706][800]LogActorComponent: RegisterComponentWithWorld: (/Engine/Transient.World_11:PersistentLevel.AnimationEditorPreviewActor_0.DebugSkelMeshComponent_0) Already registered. Aborting.
[2019.01.13-19.52.51:758][800]LogSkeletalMesh: USkeletalMeshComponent::InitArticulated : Bodies already created (/Engine/Transient.World_11:PersistentLevel.AnimationEditorPreviewActor_0.DebugSkelMeshComponent_0) - call TermArticulated first.
[2019.01.13-19.52.52:076][800]LogContentBrowser: Verbose: The majority of assets in the view are of type: AnimSequence
[2019.01.13-19.52.53:190][866]LogSlate: Window 'Jump_Begin' being destroyed
[2019.01.13-19.52.53:197][866]LogSlate: Window 'Jump_Begin' being destroyed
[2019.01.13-19.52.57:829][130]Cmd: OBJ SAVEPACKAGE PACKAGE="/Game/Mannequin/Animations/Jump_Loop" FILE="../../../../Projet_Unreal/Projet-Unreal/Wukongpointpng/Content/Mannequin/Animations/Jump_Loop.uasset" SILENT=true
[2019.01.13-19.52.57:842][130]LogSavePackage: Moving '../../../../Projet_Unreal/Projet-Unreal/Wukongpointpng/Saved/Jump_Loop7B70E68D482105B287D163BBDDA912CE.tmp' to '../../../../Projet_Unreal/Projet-Unreal/Wukongpointpng/Content/Mannequin/Animations/Jump_Loop.uasset'
[2019.01.13-19.53.10:185][858]Cmd: OBJ SAVEPACKAGE PACKAGE="/Game/Mannequin/Animations/Jump_Begin" FILE="../../../../Projet_Unreal/Projet-Unreal/Wukongpointpng/Content/Mannequin/Animations/Jump_Begin.uasset" SILENT=true
[2019.01.13-19.53.10:198][858]LogSavePackage: Moving '../../../../Projet_Unreal/Projet-Unreal/Wukongpointpng/Saved/Jump_Begin644ABA154D385AE52CB6878D6BA26321.tmp' to '../../../../Projet_Unreal/Projet-Unreal/Wukongpointpng/Content/Mannequin/Animations/Jump_Begin.uasset'
[2019.01.13-19.53.11:379][916]LogAssetEditorManager: Opening Asset editor for AnimSequence /Game/Mannequin/Animations/Jumping.Jumping
[2019.01.13-19.53.11:388][916]LogActorComponent: RegisterComponentWithWorld: (/Engine/Transient.World_13:PersistentLevel.AnimationEditorPreviewActor_0.DebugSkelMeshComponent_0) Already registered. Aborting.
[2019.01.13-19.53.11:433][916]LogSkeletalMesh: USkeletalMeshComponent::InitArticulated : Bodies already created (/Engine/Transient.World_13:PersistentLevel.AnimationEditorPreviewActor_0.DebugSkelMeshComponent_0) - call TermArticulated first.
[2019.01.13-19.53.11:773][916]LogContentBrowser: Verbose: The majority of assets in the view are of type: AnimSequence
[2019.01.13-19.53.13:580][ 23]LogUnrealEdMisc: Warning: Heartbeat event firing too frequently (47.340 sec). This should never happen. Something is wrong with the timer delegate!
[2019.01.13-19.53.15:166][118]LogSlate: Window 'Jumping' being destroyed
[2019.01.13-19.53.15:174][118]LogSlate: Window 'Jumping' being destroyed
[2019.01.13-19.53.20:606][432]Cmd: OBJ SAVEPACKAGE PACKAGE="/Game/Mannequin/Animations/Jump_End" FILE="../../../../Projet_Unreal/Projet-Unreal/Wukongpointpng/Content/Mannequin/Animations/Jump_End.uasset" SILENT=true
[2019.01.13-19.53.20:619][432]LogSavePackage: Moving '../../../../Projet_Unreal/Projet-Unreal/Wukongpointpng/Saved/Jump_End040EDE5240963C7F642AFA9A257E740E.tmp' to '../../../../Projet_Unreal/Projet-Unreal/Wukongpointpng/Content/Mannequin/Animations/Jump_End.uasset'
[2019.01.13-19.53.22:144][510]LogAssetEditorManager: Opening Asset editor for AnimSequence /Game/Mannequin/Animations/Leg_Sweep.Leg_Sweep
[2019.01.13-19.53.22:153][510]LogActorComponent: RegisterComponentWithWorld: (/Engine/Transient.World_15:PersistentLevel.AnimationEditorPreviewActor_0.DebugSkelMeshComponent_0) Already registered. Aborting.
[2019.01.13-19.53.22:199][510]LogSkeletalMesh: USkeletalMeshComponent::InitArticulated : Bodies already created (/Engine/Transient.World_15:PersistentLevel.AnimationEditorPreviewActor_0.DebugSkelMeshComponent_0) - call TermArticulated first.
[2019.01.13-19.53.22:545][510]LogContentBrowser: Verbose: The majority of assets in the view are of type: AnimSequence
[2019.01.13-19.53.24:264][612]LogSlate: Window 'Leg_Sweep' being destroyed
[2019.01.13-19.53.24:271][612]LogSlate: Window 'Leg_Sweep' being destroyed
[2019.01.13-19.53.26:904][691]LogSlate: Window 'Save Level As' being destroyed
[2019.01.13-19.53.30:440][757]LogSlate: Window 'Save Level As' being destroyed
[2019.01.13-19.53.38:861][218]LogAIModule: Creating AISystem for world SideScrollerExampleMap
[2019.01.13-19.53.38:886][218]LogAssetEditorManager: Opening Asset editor for World /Game/SideScrollerBP/Maps/SideScrollerExampleMap.SideScrollerExampleMap
[2019.01.13-19.53.42:554][218]LogSlate: Window 'Save Content' being destroyed
[2019.01.13-19.53.42:571][218]LogSavePackage: Moving '../../../../Projet_Unreal/Projet-Unreal/Wukongpointpng/Saved/ThirdPersonJump_LoopDB8371584860D8C5D145919C9424878B.tmp' to '../../../../Projet_Unreal/Projet-Unreal/Wukongpointpng/Content/Mannequin/Animations/ThirdPersonJump_Loop.uasset'
[2019.01.13-19.53.42:612][218]Cmd: MAP LOAD FILE="../../../../Projet_Unreal/Projet-Unreal/Wukongpointpng/Content/SideScrollerBP/Maps/SideScrollerExampleMap.umap" TEMPLATE=0 SHOWPROGRESS=1 FEATURELEVEL=3
[2019.01.13-19.53.42:612][218]LightingResults: New page: Lighting Build
[2019.01.13-19.53.42:613][218]LoadErrors: New page: Loading map: SideScrollerExampleMap.umap
[2019.01.13-19.53.42:613][218]MapCheck: New page: Map Check
[2019.01.13-19.53.42:613][218]LightingResults: New page: Lighting Build
[2019.01.13-19.53.42:663][218]LogEditorServer: Finished looking for orphan Actors (0.000 secs)
[2019.01.13-19.53.42:734][218]Cmd: MAP CHECKDEP NOCLEARLOG
[2019.01.13-19.53.42:734][218]MapCheck: Map check complete: 0 Error(s), 0 Warning(s), took 0,099ms to complete.
[2019.01.13-19.53.42:734][218]LogFileHelpers: Loading map 'SideScrollerExampleMap' took 0.123
