Log file open, 01/06/19 23:55:34
LogWindows: Failed to load 'aqProf.dll' (GetLastError=126)
LogWindows: File 'aqProf.dll' does not exist
LogWindows: Failed to load 'VtuneApi.dll' (GetLastError=126)
LogWindows: File 'VtuneApi.dll' does not exist
LogWindows: Failed to load 'VtuneApi32e.dll' (GetLastError=126)
LogWindows: File 'VtuneApi32e.dll' does not exist
LogConsoleResponse: Display: Failed to find resolution value strings in scalability ini. Falling back to default.
LogInit: Display: Running engine for game: Wukongpointpng
LogPakFile: Registered encryption key '00000000000000000000000000000000': 0 pak files mounted, 0 remain pending
LogPlatformFile: Not using cached read wrapper
LogTaskGraph: Started task graph with 5 named threads and 23 total threads with 3 sets of task threads.
LogStats: Stats thread started at 2.718203
LogD3D11RHI: Loaded GFSDK_Aftermath_Lib.x64.dll
LogICUInternationalization: ICU TimeZone Detection - Raw Offset: +1:00, Platform Override: ''
LogPluginManager: Mounting plugin Paper2D
LogPluginManager: Mounting plugin AISupport
LogPluginManager: Mounting plugin LightPropagationVolume
LogPluginManager: Mounting plugin ActorLayerUtilities
LogPluginManager: Mounting plugin CLionSourceCodeAccess
LogPluginManager: Mounting plugin CodeLiteSourceCodeAccess
LogPluginManager: Mounting plugin GitSourceControl
LogPluginManager: Mounting plugin KDevelopSourceCodeAccess
LogPluginManager: Mounting plugin NullSourceCodeAccess
LogPluginManager: Mounting plugin PerforceSourceControl
LogPluginManager: Mounting plugin SubversionSourceControl
LogPluginManager: Mounting plugin UObjectPlugin
LogPluginManager: Mounting plugin VisualStudioCodeSourceCodeAccess
LogPluginManager: Mounting plugin VisualStudioSourceCodeAccess
LogPluginManager: Mounting plugin XCodeSourceCodeAccess
LogPluginManager: Mounting plugin AssetManagerEditor
LogPluginManager: Mounting plugin CryptoKeys
LogPluginManager: Mounting plugin DataValidation
LogPluginManager: Mounting plugin FacialAnimation
LogPluginManager: Mounting plugin GameplayTagsEditor
LogPluginManager: Mounting plugin MacGraphicsSwitching
LogPluginManager: Mounting plugin MeshEditor
LogPluginManager: Mounting plugin MobileLauncherProfileWizard
LogPluginManager: Mounting plugin PluginBrowser
LogPluginManager: Mounting plugin SpeedTreeImporter
LogPluginManager: Mounting plugin DatasmithContent
LogPluginManager: Mounting plugin VariantManagerContent
LogPluginManager: Mounting plugin AlembicImporter
LogPluginManager: Mounting plugin AppleImageUtils
LogPluginManager: Mounting plugin AppleVision
LogPluginManager: Mounting plugin BackChannel
LogPluginManager: Mounting plugin CharacterAI
LogPluginManager: Mounting plugin GeometryCache
LogPluginManager: Mounting plugin HTML5Networking
LogPluginManager: Mounting plugin ProxyLODPlugin
LogPluginManager: Mounting plugin MagicLeap
LogPluginManager: Mounting plugin MagicLeapMedia
LogPluginManager: Mounting plugin AndroidMedia
LogPluginManager: Mounting plugin AvfMedia
LogPluginManager: Mounting plugin ImgMedia
LogPluginManager: Mounting plugin LinearTimecode
LogPluginManager: Mounting plugin MediaCompositing
LogPluginManager: Mounting plugin MediaPlayerEditor
LogPluginManager: Mounting plugin WebMMedia
LogPluginManager: Mounting plugin WmfMedia
LogPluginManager: Mounting plugin TcpMessaging
LogPluginManager: Mounting plugin UdpMessaging
LogPluginManager: Mounting plugin ActorSequence
LogPluginManager: Mounting plugin LevelSequenceEditor
LogPluginManager: Mounting plugin MatineeToLevelSequence
LogPluginManager: Mounting plugin NetcodeUnitTest
LogPluginManager: Mounting plugin NUTUnrealEngine4
LogPluginManager: Mounting plugin OnlineSubsystemGooglePlay
LogPluginManager: Mounting plugin OnlineSubsystemIOS
LogPluginManager: Mounting plugin OnlineSubsystem
LogPluginManager: Mounting plugin OnlineSubsystemNull
LogPluginManager: Mounting plugin OnlineSubsystemUtils
LogPluginManager: Mounting plugin LauncherChunkInstaller
LogPluginManager: Mounting plugin AndroidDeviceProfileSelector
LogPluginManager: Mounting plugin AndroidMoviePlayer
LogPluginManager: Mounting plugin AndroidPermission
LogPluginManager: Mounting plugin AppleMoviePlayer
LogPluginManager: Mounting plugin ArchVisCharacter
LogPluginManager: Mounting plugin AudioCapture
LogPluginManager: Mounting plugin CableComponent
LogPluginManager: Mounting plugin CustomMeshComponent
LogPluginManager: Mounting plugin EditableMesh
LogPluginManager: Mounting plugin ExampleDeviceProfileSelector
LogPluginManager: Mounting plugin Firebase
LogPluginManager: Mounting plugin GoogleCloudMessaging
LogPluginManager: Mounting plugin IOSDeviceProfileSelector
LogPluginManager: Mounting plugin LinuxDeviceProfileSelector
LogPluginManager: Mounting plugin LocationServicesBPLibrary
LogPluginManager: Mounting plugin MobilePatchingUtils
LogPluginManager: Mounting plugin OculusVR
LogPluginManager: Mounting plugin PhysXVehicles
LogPluginManager: Mounting plugin ProceduralMeshComponent
LogPluginManager: Mounting plugin RuntimePhysXCooking
LogPluginManager: Mounting plugin SteamVR
LogPluginManager: Mounting plugin WebMMoviePlayer
LogPluginManager: Mounting plugin WindowsMoviePlayer
LogStreaming: Display: Took  0.205s to configure plugins.
LogInit: Using libcurl 7.55.1-DEV
LogInit:  - built for x86_64-pc-win32
LogInit:  - supports SSL with OpenSSL/1.0.2h
LogInit:  - supports HTTP deflate (compression) using libz 1.2.8
LogInit:  - other features:
LogInit:      CURL_VERSION_SSL
LogInit:      CURL_VERSION_LIBZ
LogInit:      CURL_VERSION_IPV6
LogInit:      CURL_VERSION_ASYNCHDNS
LogInit:      CURL_VERSION_LARGEFILE
LogInit:      CURL_VERSION_IDN
LogInit:  CurlRequestOptions (configurable via config and command line):
LogInit:  - bVerifyPeer = true  - Libcurl will verify peer certificate
LogInit:  - bUseHttpProxy = false  - Libcurl will NOT use HTTP proxy
LogInit:  - bDontReuseConnections = false  - Libcurl will reuse connections
LogInit:  - MaxHostConnections = 16  - Libcurl will limit the number of connections to a host
LogInit:  - LocalHostAddr = Default
LogInit:  - BufferSize = 65536
LogInit: WinSock: version 1.1 (2.2), MaxSocks=32767, MaxUdp=65467
LogInit: Build: ++UE4+Release-4.21-CL-4613538
LogInit: Engine Version: 4.21.1-4613538+++UE4+Release-4.21
LogInit: Compatible Engine Version: 4.21.0-4541578+++UE4+Release-4.21
LogInit: Net CL: 4541578
LogInit: OS: Windows 10 (), CPU: Intel(R) Core(TM) i7-7700HQ CPU @ 2.80GHz, GPU: Intel(R) HD Graphics 630
LogInit: Compiled (64-bit): Nov 30 2018 04:13:25
LogInit: Compiled with Visual C++: 19.13.26129.00
LogInit: Build Configuration: Development
LogInit: Branch Name: ++UE4+Release-4.21
LogInit: Command Line: 
LogInit: Base Directory: D:/Epic Games/UE_4.21/Engine/Binaries/Win64/
LogInit: Installed Engine Build: 1
LogDevObjectVersion: Number of dev versions registered: 22
LogDevObjectVersion:   Dev-Blueprints (B0D832E4-1F89-4F0D-ACCF-7EB736FD4AA2): 10
LogDevObjectVersion:   Dev-Build (E1C64328-A22C-4D53-A36C-8E866417BD8C): 0
LogDevObjectVersion:   Dev-Core (375EC13C-06E4-48FB-B500-84F0262A717E): 2
LogDevObjectVersion:   Dev-Editor (E4B068ED-F494-42E9-A231-DA0B2E46BB41): 26
LogDevObjectVersion:   Dev-Framework (CFFC743F-43B0-4480-9391-14DF171D2073): 34
LogDevObjectVersion:   Dev-Mobile (B02B49B5-BB20-44E9-A304-32B752E40360): 2
LogDevObjectVersion:   Dev-Networking (A4E4105C-59A1-49B5-A7C5-40C4547EDFEE): 0
LogDevObjectVersion:   Dev-Online (39C831C9-5AE6-47DC-9A44-9C173E1C8E7C): 0
LogDevObjectVersion:   Dev-Physics (78F01B33-EBEA-4F98-B9B4-84EACCB95AA2): 0
LogDevObjectVersion:   Dev-Platform (6631380F-2D4D-43E0-8009-CF276956A95A): 0
LogDevObjectVersion:   Dev-Rendering (12F88B9F-8875-4AFC-A67C-D90C383ABD29): 27
LogDevObjectVersion:   Dev-Sequencer (7B5AE74C-D270-4C10-A958-57980B212A5A): 9
LogDevObjectVersion:   Dev-VR (D7296918-1DD6-4BDD-9DE2-64A83CC13884): 2
LogDevObjectVersion:   Dev-LoadTimes (C2A15278-BFE7-4AFE-6C17-90FF531DF755): 1
LogDevObjectVersion:   Private-Geometry (6EACA3D4-40EC-4CC1-B786-8BED09428FC5): 3
LogDevObjectVersion:   Dev-AnimPhys (29E575DD-E0A3-4627-9D10-D276232CDCEA): 17
LogDevObjectVersion:   Dev-Anim (AF43A65D-7FD3-4947-9873-3E8ED9C1BB05): 2
LogDevObjectVersion:   Dev-ReflectionCapture (6B266CEC-1EC7-4B8F-A30B-E4D90942FC07): 1
LogDevObjectVersion:   Dev-Automation (0DF73D61-A23F-47EA-B727-89E90C41499A): 1
LogDevObjectVersion:   FortniteMain (601D1886-AC64-4F84-AA16-D3DE0DEAC7D6): 17
LogDevObjectVersion:   Dev-Enterprise (9DFFBCD6-494F-0158-E221-12823C92A888): 4
LogDevObjectVersion:   Dev-Niagara (F2AED0AC-9AFE-416F-8664-AA7FFA26D6FC): 1
LogStreaming: Display: Took  0.001s to delete old logs.
LogInit: Presizing for max 8388607 objects, including 0 objects not considered by GC, pre-allocating 0 bytes for permanent pool.
LogInit: Object subsystem initialized
LogConfig: Setting CVar [[con.DebugEarlyDefault:1]]
LogConfig: Setting CVar [[r.setres:1280x720]]
[2019.01.06-22.55.37:415][  0]LogConfig: Setting CVar [[r.VSync:0]]
[2019.01.06-22.55.37:415][  0]LogConfig: Setting CVar [[r.RHICmdBypass:0]]
[2019.01.06-22.55.37:415][  0]LogConfig: Applying CVar settings from Section [/Script/Engine.RendererSettings] File [D:/ProjetsGitHub/Projet-Unreal/Wukongpointpng/Saved/Config/Windows/Engine.ini]
[2019.01.06-22.55.37:415][  0]LogConfig: Setting CVar [[r.GPUCrashDebugging:0]]
[2019.01.06-22.55.37:415][  0]LogConfig: Applying CVar settings from Section [/Script/Engine.RendererOverrideSettings] File [D:/ProjetsGitHub/Projet-Unreal/Wukongpointpng/Saved/Config/Windows/Engine.ini]
[2019.01.06-22.55.37:415][  0]LogConfig: Applying CVar settings from Section [/Script/Engine.StreamingSettings] File [D:/ProjetsGitHub/Projet-Unreal/Wukongpointpng/Saved/Config/Windows/Engine.ini]
[2019.01.06-22.55.37:415][  0]LogConfig: Setting CVar [[s.MinBulkDataSizeForAsyncLoading:131072]]
[2019.01.06-22.55.37:415][  0]LogConfig: Setting CVar [[s.AsyncLoadingThreadEnabled:0]]
[2019.01.06-22.55.37:415][  0]LogConfig: Setting CVar [[s.EventDrivenLoaderEnabled:1]]
[2019.01.06-22.55.37:415][  0]LogConfig: Setting CVar [[s.WarnIfTimeLimitExceeded:0]]
[2019.01.06-22.55.37:415][  0]LogConfig: Setting CVar [[s.TimeLimitExceededMultiplier:1.5]]
[2019.01.06-22.55.37:415][  0]LogConfig: Setting CVar [[s.TimeLimitExceededMinTime:0.005]]
[2019.01.06-22.55.37:415][  0]LogConfig: Setting CVar [[s.UseBackgroundLevelStreaming:1]]
[2019.01.06-22.55.37:415][  0]LogConfig: Setting CVar [[s.PriorityAsyncLoadingExtraTime:15.0]]
[2019.01.06-22.55.37:415][  0]LogConfig: Setting CVar [[s.LevelStreamingActorsUpdateTimeLimit:5.0]]
[2019.01.06-22.55.37:415][  0]LogConfig: Setting CVar [[s.PriorityLevelStreamingActorsUpdateExtraTime:5.0]]
[2019.01.06-22.55.37:415][  0]LogConfig: Setting CVar [[s.LevelStreamingComponentsRegistrationGranularity:10]]
[2019.01.06-22.55.37:415][  0]LogConfig: Setting CVar [[s.UnregisterComponentsTimeLimit:1.0]]
[2019.01.06-22.55.37:415][  0]LogConfig: Setting CVar [[s.LevelStreamingComponentsUnregistrationGranularity:5]]
[2019.01.06-22.55.37:415][  0]LogConfig: Applying CVar settings from Section [/Script/Engine.GarbageCollectionSettings] File [D:/ProjetsGitHub/Projet-Unreal/Wukongpointpng/Saved/Config/Windows/Engine.ini]
[2019.01.06-22.55.37:415][  0]LogConfig: Setting CVar [[gc.MaxObjectsNotConsideredByGC:1]]
[2019.01.06-22.55.37:415][  0]LogConfig: Setting CVar [[gc.SizeOfPermanentObjectPool:0]]
[2019.01.06-22.55.37:415][  0]LogConfig: Setting CVar [[gc.FlushStreamingOnGC:0]]
[2019.01.06-22.55.37:415][  0]LogConfig: Setting CVar [[gc.NumRetriesBeforeForcingGC:10]]
[2019.01.06-22.55.37:415][  0]LogConfig: Setting CVar [[gc.AllowParallelGC:1]]
[2019.01.06-22.55.37:415][  0]LogConfig: Setting CVar [[gc.TimeBetweenPurgingPendingKillObjects:61.1]]
[2019.01.06-22.55.37:415][  0]LogConfig: Setting CVar [[gc.MaxObjectsInEditor:8388607]]
[2019.01.06-22.55.37:415][  0]LogConfig: Setting CVar [[gc.IncrementalBeginDestroyEnabled:1]]
[2019.01.06-22.55.37:415][  0]LogConfig: Setting CVar [[gc.CreateGCClusters:1]]
[2019.01.06-22.55.37:415][  0]LogConfig: Setting CVar [[gc.MergeGCClusters:0]]
[2019.01.06-22.55.37:415][  0]LogConfig: Setting CVar [[gc.MinGCClusterSize:5]]
[2019.01.06-22.55.37:415][  0]LogConfig: Setting CVar [[gc.ActorClusteringEnabled:0]]
[2019.01.06-22.55.37:415][  0]LogConfig: Setting CVar [[gc.BlueprintClusteringEnabled:0]]
[2019.01.06-22.55.37:415][  0]LogConfig: Setting CVar [[gc.UseDisregardForGCOnDedicatedServers:0]]
[2019.01.06-22.55.37:415][  0]LogConfig: Applying CVar settings from Section [/Script/Engine.NetworkSettings] File [D:/ProjetsGitHub/Projet-Unreal/Wukongpointpng/Saved/Config/Windows/Engine.ini]
[2019.01.06-22.55.37:415][  0]LogConfig: Applying CVar settings from Section [/Script/UnrealEd.CookerSettings] File [D:/ProjetsGitHub/Projet-Unreal/Wukongpointpng/Saved/Config/Windows/Engine.ini]
[2019.01.06-22.55.37:418][  0]LogConfig: Applying CVar settings from Section [ViewDistanceQuality@3] File [D:/ProjetsGitHub/Projet-Unreal/Wukongpointpng/Saved/Config/Windows/Scalability.ini]
[2019.01.06-22.55.37:418][  0]LogConfig: Setting CVar [[r.SkeletalMeshLODBias:0]]
[2019.01.06-22.55.37:418][  0]LogConfig: Setting CVar [[r.ViewDistanceScale:1.0]]
[2019.01.06-22.55.37:418][  0]LogConfig: Applying CVar settings from Section [AntiAliasingQuality@3] File [D:/ProjetsGitHub/Projet-Unreal/Wukongpointpng/Saved/Config/Windows/Scalability.ini]
[2019.01.06-22.55.37:418][  0]LogConfig: Setting CVar [[r.PostProcessAAQuality:4]]
[2019.01.06-22.55.37:418][  0]LogConfig: Applying CVar settings from Section [ShadowQuality@3] File [D:/ProjetsGitHub/Projet-Unreal/Wukongpointpng/Saved/Config/Windows/Scalability.ini]
[2019.01.06-22.55.37:418][  0]LogConfig: Setting CVar [[r.LightFunctionQuality:1]]
[2019.01.06-22.55.37:418][  0]LogConfig: Setting CVar [[r.ShadowQuality:5]]
[2019.01.06-22.55.37:418][  0]LogConfig: Setting CVar [[r.Shadow.CSM.MaxCascades:10]]
[2019.01.06-22.55.37:418][  0]LogConfig: Setting CVar [[r.Shadow.MaxResolution:2048]]
[2019.01.06-22.55.37:418][  0]LogConfig: Setting CVar [[r.Shadow.MaxCSMResolution:2048]]
[2019.01.06-22.55.37:418][  0]LogConfig: Setting CVar [[r.Shadow.RadiusThreshold:0.01]]
[2019.01.06-22.55.37:418][  0]LogConfig: Setting CVar [[r.Shadow.DistanceScale:1.0]]
[2019.01.06-22.55.37:418][  0]LogConfig: Setting CVar [[r.Shadow.CSM.TransitionScale:1.0]]
[2019.01.06-22.55.37:418][  0]LogConfig: Setting CVar [[r.Shadow.PreShadowResolutionFactor:1.0]]
[2019.01.06-22.55.37:418][  0]LogConfig: Setting CVar [[r.DistanceFieldShadowing:1]]
[2019.01.06-22.55.37:418][  0]LogConfig: Setting CVar [[r.DistanceFieldAO:1]]
[2019.01.06-22.55.37:418][  0]LogConfig: Setting CVar [[r.AOQuality:2]]
[2019.01.06-22.55.37:418][  0]LogConfig: Setting CVar [[r.VolumetricFog:1]]
[2019.01.06-22.55.37:418][  0]LogConfig: Setting CVar [[r.VolumetricFog.GridPixelSize:8]]
[2019.01.06-22.55.37:418][  0]LogConfig: Setting CVar [[r.VolumetricFog.GridSizeZ:128]]
[2019.01.06-22.55.37:418][  0]LogConfig: Setting CVar [[r.VolumetricFog.HistoryMissSupersampleCount:4]]
[2019.01.06-22.55.37:418][  0]LogConfig: Setting CVar [[r.LightMaxDrawDistanceScale:1]]
[2019.01.06-22.55.37:418][  0]LogConfig: Setting CVar [[r.CapsuleShadows:1]]
[2019.01.06-22.55.37:418][  0]LogConfig: Applying CVar settings from Section [PostProcessQuality@3] File [D:/ProjetsGitHub/Projet-Unreal/Wukongpointpng/Saved/Config/Windows/Scalability.ini]
[2019.01.06-22.55.37:418][  0]LogConfig: Setting CVar [[r.MotionBlurQuality:4]]
[2019.01.06-22.55.37:418][  0]LogConfig: Setting CVar [[r.AmbientOcclusionMipLevelFactor:0.4]]
[2019.01.06-22.55.37:418][  0]LogConfig: Setting CVar [[r.AmbientOcclusionMaxQuality:100]]
[2019.01.06-22.55.37:418][  0]LogConfig: Setting CVar [[r.AmbientOcclusionLevels:-1]]
[2019.01.06-22.55.37:419][  0]LogConfig: Setting CVar [[r.AmbientOcclusionRadiusScale:1.0]]
[2019.01.06-22.55.37:419][  0]LogConfig: Setting CVar [[r.DepthOfFieldQuality:2]]
[2019.01.06-22.55.37:419][  0]LogConfig: Setting CVar [[r.RenderTargetPoolMin:400]]
[2019.01.06-22.55.37:419][  0]LogConfig: Setting CVar [[r.LensFlareQuality:2]]
[2019.01.06-22.55.37:419][  0]LogConfig: Setting CVar [[r.SceneColorFringeQuality:1]]
[2019.01.06-22.55.37:419][  0]LogConfig: Setting CVar [[r.EyeAdaptationQuality:2]]
[2019.01.06-22.55.37:419][  0]LogConfig: Setting CVar [[r.BloomQuality:5]]
[2019.01.06-22.55.37:419][  0]LogConfig: Setting CVar [[r.FastBlurThreshold:100]]
[2019.01.06-22.55.37:419][  0]LogConfig: Setting CVar [[r.Upscale.Quality:3]]
[2019.01.06-22.55.37:419][  0]LogConfig: Setting CVar [[r.Tonemapper.GrainQuantization:1]]
[2019.01.06-22.55.37:419][  0]LogConfig: Setting CVar [[r.LightShaftQuality:1]]
[2019.01.06-22.55.37:419][  0]LogConfig: Setting CVar [[r.Filter.SizeScale:1]]
[2019.01.06-22.55.37:419][  0]LogConfig: Setting CVar [[r.Tonemapper.Quality:5]]
[2019.01.06-22.55.37:419][  0]LogConfig: Setting CVar [[r.DOF.Gather.AccumulatorQuality:1        ; higher gathering accumulator quality]]
[2019.01.06-22.55.37:419][  0]LogConfig: Setting CVar [[r.DOF.Gather.PostfilterMethod:1          ; Median3x3 postfilering method]]
[2019.01.06-22.55.37:419][  0]LogConfig: Setting CVar [[r.DOF.Gather.EnableBokehSettings:0       ; no bokeh simulation when gathering]]
[2019.01.06-22.55.37:419][  0]LogConfig: Setting CVar [[r.DOF.Gather.RingCount:4                 ; medium number of samples when gathering]]
[2019.01.06-22.55.37:419][  0]LogConfig: Setting CVar [[r.DOF.Scatter.ForegroundCompositing:1    ; additive foreground scattering]]
[2019.01.06-22.55.37:419][  0]LogConfig: Setting CVar [[r.DOF.Scatter.BackgroundCompositing:2    ; additive background scattering]]
[2019.01.06-22.55.37:419][  0]LogConfig: Setting CVar [[r.DOF.Scatter.EnableBokehSettings:1      ; bokeh simulation when scattering]]
[2019.01.06-22.55.37:419][  0]LogConfig: Setting CVar [[r.DOF.Scatter.MaxSpriteRatio:0.1         ; only a maximum of 10% of scattered bokeh]]
[2019.01.06-22.55.37:419][  0]LogConfig: Setting CVar [[r.DOF.Recombine.Quality:1                ; cheap slight out of focus]]
[2019.01.06-22.55.37:419][  0]LogConfig: Setting CVar [[r.DOF.Recombine.EnableBokehSettings:0    ; no bokeh simulation on slight out of focus]]
[2019.01.06-22.55.37:419][  0]LogConfig: Setting CVar [[r.DOF.TemporalAAQuality:1                ; more stable temporal accumulation]]
[2019.01.06-22.55.37:419][  0]LogConfig: Setting CVar [[r.DOF.Kernel.MaxForegroundRadius:0.025]]
[2019.01.06-22.55.37:419][  0]LogConfig: Setting CVar [[r.DOF.Kernel.MaxBackgroundRadius:0.025]]
[2019.01.06-22.55.37:419][  0]LogConfig: Applying CVar settings from Section [TextureQuality@3] File [D:/ProjetsGitHub/Projet-Unreal/Wukongpointpng/Saved/Config/Windows/Scalability.ini]
[2019.01.06-22.55.37:419][  0]LogConfig: Setting CVar [[r.Streaming.MipBias:0]]
[2019.01.06-22.55.37:419][  0]LogConfig: Setting CVar [[r.Streaming.AmortizeCPUToGPUCopy:0]]
[2019.01.06-22.55.37:419][  0]LogConfig: Setting CVar [[r.Streaming.MaxNumTexturesToStreamPerFrame:0]]
[2019.01.06-22.55.37:419][  0]LogConfig: Setting CVar [[r.Streaming.Boost:1]]
[2019.01.06-22.55.37:419][  0]LogConfig: Setting CVar [[r.MaxAnisotropy:8]]
[2019.01.06-22.55.37:419][  0]LogConfig: Setting CVar [[r.Streaming.LimitPoolSizeToVRAM:0]]
[2019.01.06-22.55.37:419][  0]LogConfig: Setting CVar [[r.Streaming.PoolSize:1000]]
[2019.01.06-22.55.37:419][  0]LogConfig: Setting CVar [[r.Streaming.MaxEffectiveScreenSize:0]]
[2019.01.06-22.55.37:419][  0]LogConfig: Applying CVar settings from Section [EffectsQuality@3] File [D:/ProjetsGitHub/Projet-Unreal/Wukongpointpng/Saved/Config/Windows/Scalability.ini]
[2019.01.06-22.55.37:419][  0]LogConfig: Setting CVar [[r.TranslucencyLightingVolumeDim:64]]
[2019.01.06-22.55.37:419][  0]LogConfig: Setting CVar [[r.RefractionQuality:2]]
[2019.01.06-22.55.37:419][  0]LogConfig: Setting CVar [[r.SSR.Quality:3]]
[2019.01.06-22.55.37:419][  0]LogConfig: Setting CVar [[r.SceneColorFormat:4]]
[2019.01.06-22.55.37:419][  0]LogConfig: Setting CVar [[r.DetailMode:2]]
[2019.01.06-22.55.37:419][  0]LogConfig: Setting CVar [[r.TranslucencyVolumeBlur:1]]
[2019.01.06-22.55.37:419][  0]LogConfig: Setting CVar [[r.MaterialQualityLevel:1 ; High quality]]
[2019.01.06-22.55.37:419][  0]LogConfig: Setting CVar [[r.SSS.Scale:1]]
[2019.01.06-22.55.37:419][  0]LogConfig: Setting CVar [[r.SSS.SampleSet:2]]
[2019.01.06-22.55.37:419][  0]LogConfig: Setting CVar [[r.SSS.Quality:1]]
[2019.01.06-22.55.37:419][  0]LogConfig: Setting CVar [[r.SSS.HalfRes:1]]
[2019.01.06-22.55.37:419][  0]LogConfig: Setting CVar [[r.EmitterSpawnRateScale:1.0]]
[2019.01.06-22.55.37:419][  0]LogConfig: Setting CVar [[r.ParticleLightQuality:2]]
[2019.01.06-22.55.37:419][  0]LogConfig: Applying CVar settings from Section [FoliageQuality@3] File [D:/ProjetsGitHub/Projet-Unreal/Wukongpointpng/Saved/Config/Windows/Scalability.ini]
[2019.01.06-22.55.37:419][  0]LogConfig: Setting CVar [[foliage.DensityScale:1.0]]
[2019.01.06-22.55.37:419][  0]LogConfig: Setting CVar [[grass.DensityScale:1.0]]
[2019.01.06-22.55.37:419][  0]LogInit: Selected Device Profile: [Windows]
[2019.01.06-22.55.37:419][  0]LogInit: Applying CVar settings loaded from the selected device profile: [Windows]
[2019.01.06-22.55.37:461][  0]LogHAL: Display: Platform has ~ 16 GB [17059438592 / 17179869184 / 16], which maps to Larger [LargestMinGB=32, LargerMinGB=12, DefaultMinGB=8, SmallerMinGB=6, SmallestMinGB=0)
[2019.01.06-22.55.37:461][  0]LogConfig: Setting CVar [[r.Vulkan.UseRealUBs:1]]
[2019.01.06-22.55.37:461][  0]LogInit: Going up to parent DeviceProfile []
[2019.01.06-22.55.37:461][  0]LogConfig: Applying CVar settings from Section [ViewDistanceQuality@3] File [D:/ProjetsGitHub/Projet-Unreal/Wukongpointpng/Saved/Config/Windows/Scalability.ini]
[2019.01.06-22.55.37:461][  0]LogConfig: Setting CVar [[r.SkeletalMeshLODBias:0]]
[2019.01.06-22.55.37:461][  0]LogConfig: Setting CVar [[r.ViewDistanceScale:1.0]]
[2019.01.06-22.55.37:461][  0]LogConfig: Applying CVar settings from Section [AntiAliasingQuality@3] File [D:/ProjetsGitHub/Projet-Unreal/Wukongpointpng/Saved/Config/Windows/Scalability.ini]
[2019.01.06-22.55.37:461][  0]LogConfig: Setting CVar [[r.PostProcessAAQuality:4]]
[2019.01.06-22.55.37:461][  0]LogConfig: Applying CVar settings from Section [ShadowQuality@3] File [D:/ProjetsGitHub/Projet-Unreal/Wukongpointpng/Saved/Config/Windows/Scalability.ini]
[2019.01.06-22.55.37:461][  0]LogConfig: Setting CVar [[r.LightFunctionQuality:1]]
[2019.01.06-22.55.37:461][  0]LogConfig: Setting CVar [[r.ShadowQuality:5]]
[2019.01.06-22.55.37:461][  0]LogConfig: Setting CVar [[r.Shadow.CSM.MaxCascades:10]]
[2019.01.06-22.55.37:461][  0]LogConfig: Setting CVar [[r.Shadow.MaxResolution:2048]]
[2019.01.06-22.55.37:461][  0]LogConfig: Setting CVar [[r.Shadow.MaxCSMResolution:2048]]
[2019.01.06-22.55.37:461][  0]LogConfig: Setting CVar [[r.Shadow.RadiusThreshold:0.01]]
[2019.01.06-22.55.37:461][  0]LogConfig: Setting CVar [[r.Shadow.DistanceScale:1.0]]
[2019.01.06-22.55.37:461][  0]LogConfig: Setting CVar [[r.Shadow.CSM.TransitionScale:1.0]]
[2019.01.06-22.55.37:461][  0]LogConfig: Setting CVar [[r.Shadow.PreShadowResolutionFactor:1.0]]
[2019.01.06-22.55.37:461][  0]LogConfig: Setting CVar [[r.DistanceFieldShadowing:1]]
[2019.01.06-22.55.37:461][  0]LogConfig: Setting CVar [[r.DistanceFieldAO:1]]
[2019.01.06-22.55.37:461][  0]LogConfig: Setting CVar [[r.AOQuality:2]]
[2019.01.06-22.55.37:461][  0]LogConfig: Setting CVar [[r.VolumetricFog:1]]
[2019.01.06-22.55.37:461][  0]LogConfig: Setting CVar [[r.VolumetricFog.GridPixelSize:8]]
[2019.01.06-22.55.37:461][  0]LogConfig: Setting CVar [[r.VolumetricFog.GridSizeZ:128]]
[2019.01.06-22.55.37:461][  0]LogConfig: Setting CVar [[r.VolumetricFog.HistoryMissSupersampleCount:4]]
[2019.01.06-22.55.37:461][  0]LogConfig: Setting CVar [[r.LightMaxDrawDistanceScale:1]]
[2019.01.06-22.55.37:461][  0]LogConfig: Setting CVar [[r.CapsuleShadows:1]]
[2019.01.06-22.55.37:461][  0]LogConfig: Applying CVar settings from Section [PostProcessQuality@3] File [D:/ProjetsGitHub/Projet-Unreal/Wukongpointpng/Saved/Config/Windows/Scalability.ini]
[2019.01.06-22.55.37:461][  0]LogConfig: Setting CVar [[r.MotionBlurQuality:4]]
[2019.01.06-22.55.37:461][  0]LogConfig: Setting CVar [[r.AmbientOcclusionMipLevelFactor:0.4]]
[2019.01.06-22.55.37:461][  0]LogConfig: Setting CVar [[r.AmbientOcclusionMaxQuality:100]]
[2019.01.06-22.55.37:461][  0]LogConfig: Setting CVar [[r.AmbientOcclusionLevels:-1]]
[2019.01.06-22.55.37:461][  0]LogConfig: Setting CVar [[r.AmbientOcclusionRadiusScale:1.0]]
[2019.01.06-22.55.37:461][  0]LogConfig: Setting CVar [[r.DepthOfFieldQuality:2]]
[2019.01.06-22.55.37:461][  0]LogConfig: Setting CVar [[r.RenderTargetPoolMin:400]]
[2019.01.06-22.55.37:461][  0]LogConfig: Setting CVar [[r.LensFlareQuality:2]]
[2019.01.06-22.55.37:461][  0]LogConfig: Setting CVar [[r.SceneColorFringeQuality:1]]
[2019.01.06-22.55.37:461][  0]LogConfig: Setting CVar [[r.EyeAdaptationQuality:2]]
[2019.01.06-22.55.37:462][  0]LogConfig: Setting CVar [[r.BloomQuality:5]]
[2019.01.06-22.55.37:462][  0]LogConfig: Setting CVar [[r.FastBlurThreshold:100]]
[2019.01.06-22.55.37:462][  0]LogConfig: Setting CVar [[r.Upscale.Quality:3]]
[2019.01.06-22.55.37:462][  0]LogConfig: Setting CVar [[r.Tonemapper.GrainQuantization:1]]
[2019.01.06-22.55.37:462][  0]LogConfig: Setting CVar [[r.LightShaftQuality:1]]
[2019.01.06-22.55.37:462][  0]LogConfig: Setting CVar [[r.Filter.SizeScale:1]]
[2019.01.06-22.55.37:462][  0]LogConfig: Setting CVar [[r.Tonemapper.Quality:5]]
[2019.01.06-22.55.37:462][  0]LogConfig: Setting CVar [[r.DOF.Gather.AccumulatorQuality:1        ; higher gathering accumulator quality]]
[2019.01.06-22.55.37:462][  0]LogConfig: Setting CVar [[r.DOF.Gather.PostfilterMethod:1          ; Median3x3 postfilering method]]
[2019.01.06-22.55.37:462][  0]LogConfig: Setting CVar [[r.DOF.Gather.EnableBokehSettings:0       ; no bokeh simulation when gathering]]
[2019.01.06-22.55.37:462][  0]LogConfig: Setting CVar [[r.DOF.Gather.RingCount:4                 ; medium number of samples when gathering]]
[2019.01.06-22.55.37:462][  0]LogConfig: Setting CVar [[r.DOF.Scatter.ForegroundCompositing:1    ; additive foreground scattering]]
[2019.01.06-22.55.37:462][  0]LogConfig: Setting CVar [[r.DOF.Scatter.BackgroundCompositing:2    ; additive background scattering]]
[2019.01.06-22.55.37:462][  0]LogConfig: Setting CVar [[r.DOF.Scatter.EnableBokehSettings:1      ; bokeh simulation when scattering]]
[2019.01.06-22.55.37:462][  0]LogConfig: Setting CVar [[r.DOF.Scatter.MaxSpriteRatio:0.1         ; only a maximum of 10% of scattered bokeh]]
[2019.01.06-22.55.37:462][  0]LogConfig: Setting CVar [[r.DOF.Recombine.Quality:1                ; cheap slight out of focus]]
[2019.01.06-22.55.37:462][  0]LogConfig: Setting CVar [[r.DOF.Recombine.EnableBokehSettings:0    ; no bokeh simulation on slight out of focus]]
[2019.01.06-22.55.37:462][  0]LogConfig: Setting CVar [[r.DOF.TemporalAAQuality:1                ; more stable temporal accumulation]]
[2019.01.06-22.55.37:462][  0]LogConfig: Setting CVar [[r.DOF.Kernel.MaxForegroundRadius:0.025]]
[2019.01.06-22.55.37:462][  0]LogConfig: Setting CVar [[r.DOF.Kernel.MaxBackgroundRadius:0.025]]
[2019.01.06-22.55.37:462][  0]LogConfig: Applying CVar settings from Section [TextureQuality@3] File [D:/ProjetsGitHub/Projet-Unreal/Wukongpointpng/Saved/Config/Windows/Scalability.ini]
[2019.01.06-22.55.37:462][  0]LogConfig: Setting CVar [[r.Streaming.MipBias:0]]
[2019.01.06-22.55.37:462][  0]LogConfig: Setting CVar [[r.Streaming.AmortizeCPUToGPUCopy:0]]
[2019.01.06-22.55.37:462][  0]LogConfig: Setting CVar [[r.Streaming.MaxNumTexturesToStreamPerFrame:0]]
[2019.01.06-22.55.37:462][  0]LogConfig: Setting CVar [[r.Streaming.Boost:1]]
[2019.01.06-22.55.37:462][  0]LogConfig: Setting CVar [[r.MaxAnisotropy:8]]
[2019.01.06-22.55.37:462][  0]LogConfig: Setting CVar [[r.Streaming.LimitPoolSizeToVRAM:0]]
[2019.01.06-22.55.37:462][  0]LogConfig: Setting CVar [[r.Streaming.PoolSize:1000]]
[2019.01.06-22.55.37:462][  0]LogConfig: Setting CVar [[r.Streaming.MaxEffectiveScreenSize:0]]
[2019.01.06-22.55.37:462][  0]LogConfig: Applying CVar settings from Section [EffectsQuality@3] File [D:/ProjetsGitHub/Projet-Unreal/Wukongpointpng/Saved/Config/Windows/Scalability.ini]
[2019.01.06-22.55.37:462][  0]LogConfig: Setting CVar [[r.TranslucencyLightingVolumeDim:64]]
[2019.01.06-22.55.37:462][  0]LogConfig: Setting CVar [[r.RefractionQuality:2]]
[2019.01.06-22.55.37:462][  0]LogConfig: Setting CVar [[r.SSR.Quality:3]]
[2019.01.06-22.55.37:462][  0]LogConfig: Setting CVar [[r.SceneColorFormat:4]]
[2019.01.06-22.55.37:462][  0]LogConfig: Setting CVar [[r.DetailMode:2]]
[2019.01.06-22.55.37:462][  0]LogConfig: Setting CVar [[r.TranslucencyVolumeBlur:1]]
[2019.01.06-22.55.37:462][  0]LogConfig: Setting CVar [[r.MaterialQualityLevel:1 ; High quality]]
[2019.01.06-22.55.37:462][  0]LogConfig: Setting CVar [[r.SSS.Scale:1]]
[2019.01.06-22.55.37:462][  0]LogConfig: Setting CVar [[r.SSS.SampleSet:2]]
[2019.01.06-22.55.37:462][  0]LogConfig: Setting CVar [[r.SSS.Quality:1]]
[2019.01.06-22.55.37:462][  0]LogConfig: Setting CVar [[r.SSS.HalfRes:1]]
[2019.01.06-22.55.37:462][  0]LogConfig: Setting CVar [[r.EmitterSpawnRateScale:1.0]]
[2019.01.06-22.55.37:462][  0]LogConfig: Setting CVar [[r.ParticleLightQuality:2]]
[2019.01.06-22.55.37:462][  0]LogConfig: Applying CVar settings from Section [FoliageQuality@3] File [D:/ProjetsGitHub/Projet-Unreal/Wukongpointpng/Saved/Config/Windows/Scalability.ini]
[2019.01.06-22.55.37:462][  0]LogConfig: Setting CVar [[foliage.DensityScale:1.0]]
[2019.01.06-22.55.37:462][  0]LogConfig: Setting CVar [[grass.DensityScale:1.0]]
[2019.01.06-22.55.37:462][  0]LogConfig: Applying CVar settings from Section [Startup] File [../../../Engine/Config/ConsoleVariables.ini]
[2019.01.06-22.55.37:469][  0]LogConfig: Setting CVar [[net.UseAdaptiveNetUpdateFrequency:0]]
[2019.01.06-22.55.37:469][  0]LogConfig: Applying CVar settings from Section [ConsoleVariables] File [D:/ProjetsGitHub/Projet-Unreal/Wukongpointpng/Saved/Config/Windows/Engine.ini]
[2019.01.06-22.55.37:469][  0]LogInit: Computer: DESKTOP-A1KBGSC
[2019.01.06-22.55.37:469][  0]LogInit: User: utilisateur
[2019.01.06-22.55.37:469][  0]LogInit: CPU Page size=4096, Cores=4
[2019.01.06-22.55.37:469][  0]LogInit: High frequency timer resolution =2.742190 MHz
[2019.01.06-22.55.37:469][  0]LogMemory: Memory total: Physical=15.9GB (16GB approx)
[2019.01.06-22.55.37:469][  0]LogMemory: Platform Memory Stats for Windows
[2019.01.06-22.55.37:469][  0]LogMemory: Process Physical Memory: 103.11 MB used, 103.11 MB peak
[2019.01.06-22.55.37:469][  0]LogMemory: Process Virtual Memory: 93.81 MB used, 93.81 MB peak
[2019.01.06-22.55.37:469][  0]LogMemory: Physical Memory: 3455.70 MB used,  12813.45 MB free, 16269.15 MB total
[2019.01.06-22.55.37:469][  0]LogMemory: Virtual Memory: 4655.14 MB used,  134213072.00 MB free, 134217728.00 MB total
[2019.01.06-22.55.38:524][  0]LogInit: Using OS detected language (fr-FR).
[2019.01.06-22.55.38:525][  0]LogInit: Using OS detected locale (fr-FR).
[2019.01.06-22.55.38:612][  0]LogTextLocalizationManager: No specific localization for 'fr-FR' exists, so the 'fr' localization will be used.
[2019.01.06-22.55.38:745][  0]LogStreaming: Display: Took  0.221s to InitEngineTextLocalization.
[2019.01.06-22.55.38:745][  0]LogInit: Setting process to per monitor DPI aware
[2019.01.06-22.55.39:054][  0]LogSlate: New Slate User Created.  User Index 0, Is Virtual User: 0
[2019.01.06-22.55.39:054][  0]LogSlate: Slate User Registered.  User Index 0, Is Virtual User: 0
[2019.01.06-22.55.42:370][  0]LogHMD: Failed to initialize OpenVR with code 110
[2019.01.06-22.55.42:370][  0]LogD3D11RHI: D3D11 adapters:
[2019.01.06-22.55.43:085][  0]LogD3D11RHI:    0. 'NVIDIA GeForce GTX 1060' (Feature Level 11_0)
[2019.01.06-22.55.43:085][  0]LogD3D11RHI:       2987/0/8134 MB DedicatedVideo/DedicatedSystem/SharedSystem, Outputs:1, VendorId:0x10de
[2019.01.06-22.55.43:096][  0]LogD3D11RHI:    1. 'Intel(R) HD Graphics 630' (Feature Level 11_0)
[2019.01.06-22.55.43:096][  0]LogD3D11RHI:       128/0/8134 MB DedicatedVideo/DedicatedSystem/SharedSystem, Outputs:0, VendorId:0x8086
[2019.01.06-22.55.43:098][  0]LogD3D11RHI:    2. 'Microsoft Basic Render Driver' (Feature Level 11_0)
[2019.01.06-22.55.43:098][  0]LogD3D11RHI:       0/0/8134 MB DedicatedVideo/DedicatedSystem/SharedSystem, Outputs:0, VendorId:0x1414
[2019.01.06-22.55.43:098][  0]LogD3D11RHI: Chosen D3D11 Adapter: 0
[2019.01.06-22.55.43:125][  0]LogD3D11RHI: Creating new Direct3DDevice
[2019.01.06-22.55.43:125][  0]LogD3D11RHI:     GPU DeviceId: 0x1c20 (for the marketing name, search the web for "GPU Device Id")
[2019.01.06-22.55.43:125][  0]LogWindows: EnumDisplayDevices:
[2019.01.06-22.55.43:125][  0]LogWindows:    0. 'Intel(R) HD Graphics 630' (P:1 D:1)
[2019.01.06-22.55.43:126][  0]LogWindows:    1. 'Intel(R) HD Graphics 630' (P:0 D:0)
[2019.01.06-22.55.43:126][  0]LogWindows:    2. 'Intel(R) HD Graphics 630' (P:0 D:0)
[2019.01.06-22.55.43:126][  0]LogWindows:    3. 'NVIDIA GeForce GTX 1060' (P:0 D:0)
[2019.01.06-22.55.43:126][  0]LogWindows:    4. 'NVIDIA GeForce GTX 1060' (P:0 D:0)
[2019.01.06-22.55.43:126][  0]LogWindows:    5. 'NVIDIA GeForce GTX 1060' (P:0 D:0)
[2019.01.06-22.55.43:126][  0]LogWindows:    6. 'NVIDIA GeForce GTX 1060' (P:0 D:0)
[2019.01.06-22.55.43:127][  0]LogWindows: DebugString: PrimaryIsNotTheChoosenAdapter PrimaryIsNotTheChoosenAdapter PrimaryIsNotTheChoosenAdapter FoundDriverCount:4 
[2019.01.06-22.55.43:127][  0]LogD3D11RHI:     Adapter Name: NVIDIA GeForce GTX 1060
[2019.01.06-22.55.43:127][  0]LogD3D11RHI:   Driver Version: 399.01 (internal:24.21.13.9901, unified:399.01)
[2019.01.06-22.55.43:127][  0]LogD3D11RHI:      Driver Date: 8-13-2018
[2019.01.06-22.55.43:127][  0]LogRHI: Texture pool is 2090 MB (70% of 2987 MB)
[2019.01.06-22.55.43:169][  0]LogD3D11RHI: Async texture creation enabled
[2019.01.06-22.55.43:188][  0]LogD3D11RHI: GPU Timing Frequency: 1000.000000 (Debug: 2 2)
[2019.01.06-22.55.44:177][  0]LogTemp: Display: Loaded TP AllDesktopTargetPlatform
[2019.01.06-22.55.44:219][  0]LogTemp: Display: Loaded TP MacClientTargetPlatform
[2019.01.06-22.55.44:246][  0]LogTemp: Display: Loaded TP MacNoEditorTargetPlatform
[2019.01.06-22.55.44:270][  0]LogTemp: Display: Loaded TP MacServerTargetPlatform
[2019.01.06-22.55.44:310][  0]LogTemp: Display: Loaded TP MacTargetPlatform
[2019.01.06-22.55.44:342][  0]LogTemp: Display: Loaded TP WindowsClientTargetPlatform
[2019.01.06-22.55.44:378][  0]LogTemp: Display: Loaded TP WindowsNoEditorTargetPlatform
[2019.01.06-22.55.44:412][  0]LogTemp: Display: Loaded TP WindowsServerTargetPlatform
[2019.01.06-22.55.44:440][  0]LogTemp: Display: Loaded TP WindowsTargetPlatform
[2019.01.06-22.55.44:569][  0]LogTemp: Display: Loaded TP AndroidTargetPlatform
[2019.01.06-22.55.44:569][  0]LogTemp: Display: Loaded TP AndroidTargetPlatform
[2019.01.06-22.55.44:569][  0]LogTemp: Display: Loaded TP AndroidTargetPlatform
[2019.01.06-22.55.44:569][  0]LogTemp: Display: Loaded TP AndroidTargetPlatform
[2019.01.06-22.55.44:569][  0]LogTemp: Display: Loaded TP AndroidTargetPlatform
[2019.01.06-22.55.44:569][  0]LogTemp: Display: Loaded TP AndroidTargetPlatform
[2019.01.06-22.55.44:569][  0]LogTemp: Display: Loaded TP AndroidTargetPlatform
[2019.01.06-22.55.44:569][  0]LogTemp: Display: Loaded TP AndroidTargetPlatform
[2019.01.06-22.55.44:569][  0]LogTemp: Display: Loaded TP AndroidTargetPlatform
[2019.01.06-22.55.44:569][  0]LogTemp: Display: Loaded TP AndroidTargetPlatform
[2019.01.06-22.55.44:569][  0]LogTemp: Display: Loaded TP AndroidTargetPlatform
[2019.01.06-22.55.44:569][  0]LogTemp: Display: Loaded TP AndroidTargetPlatform
[2019.01.06-22.55.44:569][  0]LogTemp: Display: Loaded TP AndroidTargetPlatform
[2019.01.06-22.55.44:569][  0]LogTemp: Display: Loaded TP AndroidTargetPlatform
[2019.01.06-22.55.44:570][  0]LogTemp: Display: Loaded TP AndroidTargetPlatform
[2019.01.06-22.55.44:570][  0]LogTemp: Display: Loaded TP AndroidTargetPlatform
[2019.01.06-22.55.44:570][  0]LogTemp: Display: Loaded TP AndroidTargetPlatform
[2019.01.06-22.55.44:570][  0]LogTemp: Display: Loaded TP AndroidTargetPlatform
[2019.01.06-22.55.44:596][  0]LogTemp: Display: Loaded TP HTML5TargetPlatform
[2019.01.06-22.55.44:781][  0]LogTemp: Display: Loaded TP IOSTargetPlatform
[2019.01.06-22.55.44:781][  0]LogTemp: Display: Loaded TP IOSTargetPlatform
[2019.01.06-22.55.44:824][  0]LogTemp: Display: Loaded TP TVOSTargetPlatform
[2019.01.06-22.55.44:824][  0]LogTemp: Display: Loaded TP TVOSTargetPlatform
[2019.01.06-22.55.44:853][  0]LogTemp: Display: Loaded TP LinuxClientTargetPlatform
[2019.01.06-22.55.44:889][  0]LogTemp: Display: Loaded TP LinuxNoEditorTargetPlatform
[2019.01.06-22.55.44:915][  0]LogTemp: Display: Loaded TP LinuxServerTargetPlatform
[2019.01.06-22.55.44:958][  0]LogTemp: Display: Loaded TP LinuxTargetPlatform
[2019.01.06-22.55.45:030][  0]LogTemp: Display: Loaded TP LuminTargetPlatform
[2019.01.06-22.55.45:030][  0]LogTemp: Display: Loaded TP LuminTargetPlatform
[2019.01.06-22.55.45:030][  0]LogTargetPlatformManager: Display: Building Assets For Windows
[2019.01.06-22.55.45:939][  0]LogShaderCompilers: Guid format shader working directory is -6 characters bigger than the processId version (../../../../../ProjetsGitHub/Projet-Unreal/Wukongpointpng/Intermediate/Shaders/WorkingDirectory/14704/).
[2019.01.06-22.55.45:939][  0]LogShaderCompilers: Cleaned the shader compiler working directory 'C:/Users/utilisateur/AppData/Local/Temp/UnrealShaderWorkingDir/42E920DF46772B8FE470D1B915D5A59C/'.
[2019.01.06-22.55.45:940][  0]LogXGEController: Cleaning working directory: C:/Users/utilisateur/AppData/Local/Temp/UnrealXGEWorkingDir/
[2019.01.06-22.55.45:941][  0]LogXGEController: Cannot use XGE Controller as Incredibuild is not installed on this machine.
[2019.01.06-22.55.45:941][  0]LogShaderCompilers: Cannot use XGE Shader Compiler as Incredibuild is not installed on this machine.
[2019.01.06-22.55.45:941][  0]LogShaderCompilers: Display: Using Local Shader Compiler.
[2019.01.06-22.55.48:748][  0]LogDerivedDataCache: Display: Max Cache Size: 512 MB
[2019.01.06-22.55.48:748][  0]LogDerivedDataCache: Display: Starting with empty Boot cache
[2019.01.06-22.55.48:748][  0]LogDerivedDataCache: FDerivedDataBackendGraph:  Pak pak cache file ../../../../../ProjetsGitHub/Projet-Unreal/Wukongpointpng/DerivedDataCache/DDC.ddp not found, will not use a pak cache.
[2019.01.06-22.55.48:748][  0]LogDerivedDataCache: Unable to find inner node Pak for hierarchical cache Hierarchy.
[2019.01.06-22.55.48:748][  0]LogDerivedDataCache: FDerivedDataBackendGraph:  CompressedPak pak cache file ../../../../../ProjetsGitHub/Projet-Unreal/Wukongpointpng/DerivedDataCache/Compressed.ddp not found, will not use a pak cache.
[2019.01.06-22.55.48:748][  0]LogDerivedDataCache: Unable to find inner node CompressedPak for hierarchical cache Hierarchy.
[2019.01.06-22.55.48:802][  0]LogDerivedDataCache: Display: Pak cache opened for reading ../../../Engine/DerivedDataCache/Compressed.ddp.
[2019.01.06-22.55.48:803][  0]LogDerivedDataCache: FDerivedDataBackendGraph:  EnterprisePak pak cache file ../../../Enterprise/DerivedDataCache/Compressed.ddp not found, will not use a pak cache.
[2019.01.06-22.55.48:803][  0]LogDerivedDataCache: Unable to find inner node EnterprisePak for hierarchical cache Hierarchy.
[2019.01.06-22.55.48:816][  0]LogDerivedDataCache: Using Local data cache path C:/Users/utilisateur/AppData/Local/UnrealEngine/Common/DerivedDataCache: Writable
[2019.01.06-22.55.48:816][  0]LogDerivedDataCache: Shared data cache path not found in *engine.ini, will not use an Shared cache.
[2019.01.06-22.55.48:816][  0]LogDerivedDataCache: Unable to find inner node Shared for hierarchical cache Hierarchy.
[2019.01.06-22.55.48:949][  0]LogMaterial: Verifying Global Shaders for PCD3D_SM5
[2019.01.06-22.55.48:950][  0]LogSlate: Using FreeType 2.6.0
[2019.01.06-22.55.49:021][  0]LogSlate: SlateFontServices - WITH_FREETYPE: 1, WITH_HARFBUZZ: 1
[2019.01.06-22.55.49:519][  0]LogAssetRegistry: FAssetRegistry took 0.0339 seconds to start up
[2019.01.06-22.55.49:922][  0]LogInit: Selected Device Profile: [Windows]
[2019.01.06-22.55.52:306][  0]LogSimplygon: Simplygon DLL not present - disabling.
[2019.01.06-22.55.52:817][  0]LogMeshReduction: Using SimplygonSwarm for distributed automatic mesh merging
[2019.01.06-22.55.52:818][  0]LogMeshReduction: Using ProxyLODMeshReduction for automatic mesh merging
[2019.01.06-22.55.52:824][  0]LogMeshReduction: Using QuadricMeshReduction for automatic static mesh reduction
[2019.01.06-22.55.52:824][  0]LogMeshReduction: No automatic skeletal mesh reduction module available
[2019.01.06-22.55.53:359][  0]LogNetVersion: Wukongpointpng 1.0.0, NetCL: 4541578, EngineNetVer: 5, GameNetVer: 0 (Checksum: 3576798769)
[2019.01.06-22.55.57:618][  0]LogPackageLocalizationCache: Processed 11 localized package path(s) for 2 prioritized culture(s) in 0.123846 seconds
[2019.01.06-22.55.57:624][  0]LogUObjectArray: 39796 objects as part of root set at end of initial load.
[2019.01.06-22.55.57:624][  0]LogUObjectAllocator: 6916344 out of 0 bytes used by permanent object pool.
[2019.01.06-22.55.57:624][  0]LogUObjectArray: CloseDisregardForGC: 0/0 objects in disregard for GC pool
[2019.01.06-22.56.09:218][  0]LogTcpMessaging: Initializing TcpMessaging bridge
[2019.01.06-22.56.09:282][  0]LogUdpMessaging: Initializing bridge on interface 0.0.0.0:0 to multicast group 230.0.0.1:6666.
[2019.01.06-22.56.12:039][  0]SourceControl: Source control is disabled
[2019.01.06-22.56.12:039][  0]SourceControl: Source control is disabled
[2019.01.06-22.56.12:186][  0]SourceControl: Source control is disabled
[2019.01.06-22.56.12:232][  0]SourceControl: Source control is disabled
[2019.01.06-22.56.14:530][  0]LogAndroidPermission: UAndroidPermissionCallbackProxy::GetInstance
[2019.01.06-22.56.14:806][  0]LogOcInput: OculusInput pre-init called
[2019.01.06-22.56.15:148][  0]LogEngine: Initializing Engine...
[2019.01.06-22.56.15:149][  0]LogHMD: Failed to initialize OpenVR with code 110
[2019.01.06-22.56.15:150][  0]LogStats: UGameplayTagsManager::ConstructGameplayTagTree: ImportINI prefixes -  0.000 s
[2019.01.06-22.56.15:150][  0]LogStats: UGameplayTagsManager::ConstructGameplayTagTree: Construct from data asset -  0.000 s
[2019.01.06-22.56.15:150][  0]LogStats: UGameplayTagsManager::ConstructGameplayTagTree: ImportINI -  0.000 s
[2019.01.06-22.56.15:150][  0]LogStats: UGameplayTagsManager::ConstructGameplayTagTree: GameplayTagTreeChangedEvent.Broadcast -  0.000 s
[2019.01.06-22.56.15:930][  0]LogInit: Initializing FReadOnlyCVARCache
[2019.01.06-22.56.15:965][  0]LogAIModule: Creating AISystem for world Untitled
[2019.01.06-22.56.15:972][  0]LogInit: XAudio2 using 'Haut-parleurs (Realtek High Definition Audio)' : 2 channels at 48 kHz using 32 bits per sample (channel mask 0x3)
[2019.01.06-22.56.16:026][  0]LogInit: FAudioDevice initialized.
[2019.01.06-22.56.16:027][  0]LogNetVersion: Set ProjectVersion to 1.0.0.0. Version Checksum will be recalculated on next use.
[2019.01.06-22.56.16:101][  0]LogDerivedDataCache: Saved boot cache 0.07s 86MB C:/Users/utilisateur/AppData/Local/UnrealEngine/4.21/DerivedDataCache/Boot.ddc.
[2019.01.06-22.56.16:115][  0]LogInit: Texture streaming: Enabled
[2019.01.06-22.56.16:201][  0]LogEngineSessionManager: EngineSessionManager initialized
[2019.01.06-22.56.16:238][  0]LogInit: Transaction tracking system initialized
[2019.01.06-22.56.16:767][  0]BlueprintLog: New page: Editor Load
[2019.01.06-22.56.18:154][  0]LocalizationService: Localization service is disabled
[2019.01.06-22.56.20:436][  0]LogFileCache: Scanning file cache for directory 'D:/ProjetsGitHub/Projet-Unreal/Wukongpointpng/Content/' took 0.02s
[2019.01.06-22.56.20:436][  0]LogCook: Display: Max memory allowance for cook 16384mb min free memory 0mb
[2019.01.06-22.56.20:436][  0]LogCook: Display: Mobile HDR setting 1
[2019.01.06-22.56.20:436][  0]LogGameplayTags: Display: UGameplayTagsManager::DoneAddingNativeTags. DelegateIsBound: 0
[2019.01.06-22.56.20:436][  0]LogStats: UGameplayTagsManager::ConstructGameplayTagTree: ImportINI prefixes -  0.000 s
[2019.01.06-22.56.20:436][  0]LogStats: UGameplayTagsManager::ConstructGameplayTagTree: Construct from data asset -  0.000 s
[2019.01.06-22.56.20:436][  0]LogStats: UGameplayTagsManager::ConstructGameplayTagTree: ImportINI -  0.000 s
[2019.01.06-22.56.20:436][  0]LogStats: UGameplayTagsManager::ConstructGameplayTagTree: GameplayTagTreeChangedEvent.Broadcast -  0.000 s
[2019.01.06-22.56.23:159][  0]SourceControl: Source control is disabled
[2019.01.06-22.56.23:159][  0]Cmd: MAP LOAD FILE="../../../../../ProjetsGitHub/Projet-Unreal/Wukongpointpng/Content/SideScrollerBP/Maps/SideScrollerExampleMap.umap" TEMPLATE=0 SHOWPROGRESS=1 FEATURELEVEL=3
[2019.01.06-22.56.23:160][  0]LightingResults: New page: Lighting Build
[2019.01.06-22.56.23:162][  0]MapCheck: New page: Map Check
[2019.01.06-22.56.23:162][  0]LightingResults: New page: Lighting Build
[2019.01.06-22.56.23:949][  0]LogTexture: Display: Building textures: T_Wolf_Black (AutoDXT, 128X64)
[2019.01.06-22.56.23:949][  0]LogTexture: Display: Building textures: T_WhiteTexture (AutoDXT, 64X64)
[2019.01.06-22.56.24:103][  0]LogAnimationCompression: Building Anim DDC data for AnimSequence /Game/PolyArtWolf/Animations/InPlace/Wolf_IP_Run_Forward.Wolf_IP_Run_Forward
[2019.01.06-22.56.24:103][  0]LogAnimationCompression: Recompressing (AnimSequence /Game/PolyArtWolf/Animations/InPlace/Wolf_IP_Run_Forward.Wolf_IP_Run_Forward) using current/default (AnimCompress_BitwiseCompressOnly_1) bFirstRecompressUsingCurrentOrDefault(1) bTryAlternateCompressor(0) IsCompressedDataValid(0)
[2019.01.06-22.56.24:137][  0]LogMaterial: Display: Missing cached shader map for material Mat_Ground, compiling. 
[2019.01.06-22.56.24:235][  0]LogSkeletalMesh: Building Skeletal Mesh SK_WolfMagic...
[2019.01.06-22.56.24:239][  0]LogSkeletalMesh: Built Skeletal Mesh [0.00s] /Game/PolyArtWolf/Meshes/SK_WolfMagic.SK_WolfMagic
[2019.01.06-22.56.24:244][  0]LogMaterial: Display: Missing cached shader map for material Mat_Magic, compiling. 
[2019.01.06-22.56.24:418][  0]LogShaderCompilers: Display: Shaders left to compile 107
[2019.01.06-22.56.24:418][  0]LogShaderCompilers: Display: Shaders left to compile 97
[2019.01.06-22.56.24:418][  0]LogShaderCompilers: Display: Shaders left to compile 87
[2019.01.06-22.56.24:418][  0]LogShaderCompilers: Display: Shaders left to compile 77
[2019.01.06-22.56.24:418][  0]LogShaderCompilers: Display: Shaders left to compile 67
[2019.01.06-22.56.24:418][  0]LogAudioDerivedData: Display: Building compressed audio format OGG hash OGG wave appeldelaforet...
[2019.01.06-22.56.24:467][  0]LogAudioDerivedData: Display: Updated SoundWave->RawPCMDataSize from 0 to 360384 while cooking SoundWave /Game/Sound/Powers/appeldelaforet.appeldelaforet.
[2019.01.06-22.56.24:522][  0]LogAIModule: Creating AISystem for world SideScrollerExampleMap
[2019.01.06-22.56.24:578][  0]LogEditorServer: Finished looking for orphan Actors (0.000 secs)
[2019.01.06-22.56.24:623][  0]Cmd: MAP CHECKDEP NOCLEARLOG
[2019.01.06-22.56.24:623][  0]MapCheck: Map check complete: 0 Error(s), 0 Warning(s), took 0,133ms to complete.
[2019.01.06-22.56.24:623][  0]LogFileHelpers: Loading map 'SideScrollerExampleMap' took 1.463
[2019.01.06-22.56.24:852][  0]LogSlate: Updating window title bar state: overlay mode, drag disabled, window buttons hidden, title bar hidden
[2019.01.06-22.56.24:859][  0]LogSlate: Updating window title bar state: overlay mode, drag disabled, window buttons hidden, title bar hidden
[2019.01.06-22.56.24:867][  0]LogSlate: Updating window title bar state: overlay mode, drag disabled, window buttons hidden, title bar hidden
[2019.01.06-22.56.24:875][  0]LogSlate: Updating window title bar state: overlay mode, drag disabled, window buttons hidden, title bar hidden
[2019.01.06-22.56.24:913][  0]LogCollectionManager: Loaded 0 collections in 0.000674 seconds
[2019.01.06-22.56.24:962][  0]LogFileCache: Scanning file cache for directory 'D:/ProjetsGitHub/Projet-Unreal/Wukongpointpng/Saved/Collections/' took 0.01s
[2019.01.06-22.56.24:962][  0]LogFileCache: Scanning file cache for directory 'D:/ProjetsGitHub/Projet-Unreal/Wukongpointpng/Content/Developers/utilisateur/Collections/' took 0.01s
[2019.01.06-22.56.24:962][  0]LogFileCache: Scanning file cache for directory 'D:/ProjetsGitHub/Projet-Unreal/Wukongpointpng/Content/Collections/' took 0.01s
[2019.01.06-22.56.24:962][  0]LogCollectionManager: Rebuilt the GUID cache for 0 collections in 0.000000 seconds
[2019.01.06-22.56.24:971][  0]LogContentBrowser: Native class hierarchy populated in 0.0084 seconds. Added 2651 classes and 620 folders.
[2019.01.06-22.56.24:976][  0]LogContentBrowser: Native class hierarchy updated for 'WidgetCarousel' in 0.0002 seconds. Added 0 classes and 0 folders.
[2019.01.06-22.56.25:123][  0]LogPakFile: Registered encryption key '00000000000000000000000000000000': 0 pak files mounted, 0 remain pending
[2019.01.06-22.56.25:167][  0]LogPakFile: Registered encryption key '00000000000000000000000000000000': 0 pak files mounted, 0 remain pending
[2019.01.06-22.56.25:228][  0]LogPakFile: Registered encryption key '00000000000000000000000000000000': 0 pak files mounted, 0 remain pending
[2019.01.06-22.56.25:247][  0]LogPakFile: Registered encryption key '00000000000000000000000000000000': 0 pak files mounted, 0 remain pending
[2019.01.06-22.56.25:270][  0]LogPakFile: Registered encryption key '00000000000000000000000000000000': 0 pak files mounted, 0 remain pending
[2019.01.06-22.56.25:297][  0]LogPakFile: Registered encryption key '00000000000000000000000000000000': 0 pak files mounted, 0 remain pending
[2019.01.06-22.56.25:319][  0]LogPakFile: Registered encryption key '00000000000000000000000000000000': 0 pak files mounted, 0 remain pending
[2019.01.06-22.56.25:354][  0]LogPakFile: Registered encryption key '00000000000000000000000000000000': 0 pak files mounted, 0 remain pending
[2019.01.06-22.56.25:388][  0]LogPakFile: Registered encryption key '00000000000000000000000000000000': 0 pak files mounted, 0 remain pending
[2019.01.06-22.56.25:471][  0]LogPakFile: Registered encryption key '00000000000000000000000000000000': 0 pak files mounted, 0 remain pending
[2019.01.06-22.56.25:488][  0]LogPakFile: Registered encryption key '00000000000000000000000000000000': 0 pak files mounted, 0 remain pending
[2019.01.06-22.56.25:560][  0]LogPakFile: Registered encryption key '00000000000000000000000000000000': 0 pak files mounted, 0 remain pending
[2019.01.06-22.56.25:599][  0]LogPakFile: Registered encryption key '00000000000000000000000000000000': 0 pak files mounted, 0 remain pending
[2019.01.06-22.56.25:641][  0]LogPakFile: Registered encryption key '00000000000000000000000000000000': 0 pak files mounted, 0 remain pending
[2019.01.06-22.56.25:671][  0]LogPakFile: Registered encryption key '00000000000000000000000000000000': 0 pak files mounted, 0 remain pending
[2019.01.06-22.56.25:709][  0]LogPakFile: Registered encryption key '00000000000000000000000000000000': 0 pak files mounted, 0 remain pending
[2019.01.06-22.56.25:792][  0]LogPakFile: Registered encryption key '00000000000000000000000000000000': 0 pak files mounted, 0 remain pending
[2019.01.06-22.56.25:824][  0]LogPakFile: Registered encryption key '00000000000000000000000000000000': 0 pak files mounted, 0 remain pending
[2019.01.06-22.56.25:852][  0]LogPakFile: Registered encryption key '00000000000000000000000000000000': 0 pak files mounted, 0 remain pending
[2019.01.06-22.56.25:874][  0]LogPakFile: Registered encryption key '00000000000000000000000000000000': 0 pak files mounted, 0 remain pending
[2019.01.06-22.56.25:974][  0]LogPakFile: Registered encryption key '00000000000000000000000000000000': 0 pak files mounted, 0 remain pending
[2019.01.06-22.56.25:993][  0]LogPakFile: Registered encryption key '00000000000000000000000000000000': 0 pak files mounted, 0 remain pending
[2019.01.06-22.56.26:009][  0]LogPakFile: Registered encryption key '00000000000000000000000000000000': 0 pak files mounted, 0 remain pending
[2019.01.06-22.56.26:027][  0]LogPakFile: Registered encryption key '00000000000000000000000000000000': 0 pak files mounted, 0 remain pending
[2019.01.06-22.56.26:046][  0]LogPakFile: Registered encryption key '00000000000000000000000000000000': 0 pak files mounted, 0 remain pending
[2019.01.06-22.56.26:074][  0]LogPakFile: Registered encryption key '00000000000000000000000000000000': 0 pak files mounted, 0 remain pending
[2019.01.06-22.56.27:669][  0]LogContentBrowser: Native class hierarchy updated for 'AddContentDialog' in 0.0004 seconds. Added 0 classes and 0 folders.
[2019.01.06-22.56.27:717][  0]LogContentBrowser: Native class hierarchy updated for 'SceneOutliner' in 0.0005 seconds. Added 1 classes and 2 folders.
[2019.01.06-22.56.27:780][  0]LogSlate: Took 0.031352 seconds to synchronously load lazily loaded font '../../../Engine/Content/Slate/Fonts/Roboto-Regular.ttf' (155K)
[2019.01.06-22.56.27:821][  0]LogSlate: Took 0.037337 seconds to synchronously load lazily loaded font '../../../Engine/Content/Slate/Fonts/Roboto-Bold.ttf' (160K)
[2019.01.06-22.56.27:850][  0]LogSlate: Took 0.020875 seconds to synchronously load lazily loaded font '../../../Engine/Content/Editor/Slate/Fonts/FontAwesome.ttf' (139K)
[2019.01.06-22.56.28:100][  0]LogRenderer: Reallocating scene render targets to support 964x436 Format 10 NumSamples 1 (Frame:1).
[2019.01.06-22.56.29:426][  0]LogSlate: FSceneViewport::OnFocusLost() reason 2
[2019.01.06-22.56.29:501][  0]LogSlate: Window 'Tutorials' being destroyed
[2019.01.06-22.56.29:583][  0]LogContentBrowser: Native class hierarchy updated for 'HierarchicalLODOutliner' in 0.0005 seconds. Added 0 classes and 0 folders.
[2019.01.06-22.56.29:583][  0]LogLoad: (Engine Initialization) Total time: 70.47 seconds
[2019.01.06-22.56.29:583][  0]LogLoad: (Engine Initialization) Total Blueprint compile time: 0.00 seconds
[2019.01.06-22.56.29:669][  0]LogContentStreaming: Texture pool size now 1000 MB
[2019.01.06-22.56.29:737][  0]LogSlate: Took 0.021021 seconds to synchronously load lazily loaded font '../../../Engine/Content/Slate/Fonts/Roboto-Light.ttf' (167K)
[2019.01.06-22.56.29:760][  1]LogFileCache: Retrieving MD5 hashes for directory 'D:/ProjetsGitHub/Projet-Unreal/Wukongpointpng/Content/' took 0.15s
[2019.01.06-22.56.30:422][  5]LogAssetRegistry: Asset discovery search completed in 40.9269 seconds
[2019.01.06-22.56.30:427][  5]LogCollectionManager: Rebuilt the object cache for 0 collections in 0.000001 seconds (found 0 objects)
[2019.01.06-22.56.30:427][  5]LogCollectionManager: Fixed up redirectors for 0 collections in 0.000150 seconds (updated 0 objects)
[2019.01.06-22.56.30:598][ 13]LogShaderCompilers: Display: Shaders left to compile 155
[2019.01.06-22.56.30:651][ 13]LogSlate: Took 0.000243 seconds to synchronously load lazily loaded font '../../../Engine/Content/Slate/Fonts/Roboto-Light.ttf' (167K)
[2019.01.06-22.56.31:287][ 47]LogShaderCompilers: Display: Shaders left to compile 145
[2019.01.06-22.56.32:986][147]LogShaderCompilers: Display: Shaders left to compile 135
[2019.01.06-22.56.33:367][170]LogShaderCompilers: Display: Shaders left to compile 125
[2019.01.06-22.56.34:569][242]LogShaderCompilers: Display: Shaders left to compile 115
[2019.01.06-22.56.35:868][320]LogShaderCompilers: Display: Shaders left to compile 105
[2019.01.06-22.56.36:852][379]LogShaderCompilers: Display: Shaders left to compile 95
[2019.01.06-22.56.37:401][412]LogShaderCompilers: Display: Shaders left to compile 85
[2019.01.06-22.56.38:319][467]LogShaderCompilers: Display: Shaders left to compile 75
[2019.01.06-22.56.39:699][550]LogShaderCompilers: Display: Shaders left to compile 65
[2019.01.06-22.56.39:847][558]LogShaderCompilers: Display: Shaders left to compile 55
[2019.01.06-22.56.41:447][654]LogShaderCompilers: Display: Shaders left to compile 45
[2019.01.06-22.56.42:031][689]LogShaderCompilers: Display: Shaders left to compile 35
[2019.01.06-22.56.43:333][767]LogShaderCompilers: Display: Shaders left to compile 25
[2019.01.06-22.56.43:449][774]LogShaderCompilers: Display: Shaders left to compile 15
[2019.01.06-22.56.45:098][873]LogShaderCompilers: Display: Shaders left to compile 5
[2019.01.06-22.56.51:125][231]LogSlate: FSceneViewport::OnFocusLost() reason 0
[2019.01.06-22.56.52:968][340]LogAssetEditorManager: Opening Asset editor for Blueprint /Game/SideScrollerBP/Blueprints/SideScrollerCharacter.SideScrollerCharacter
[2019.01.06-22.56.53:396][340]LogContentBrowser: Native class hierarchy updated for 'BlueprintGraph' in 0.0006 seconds. Added 117 classes and 0 folders.
[2019.01.06-22.56.54:446][340]LogAssetEditorManager: Opening Asset editor for Blueprint /Game/SideScrollerBP/Blueprints/Bp_Boomerang2.BP_Boomerang2
[2019.01.06-22.56.54:849][340]LogSlate: Took 0.090474 seconds to synchronously load lazily loaded font '../../../Engine/Content/Slate/Fonts/Roboto-BoldCondensed.ttf' (158K)
[2019.01.06-22.56.54:994][341]LogSlate: Took 0.005628 seconds to synchronously load lazily loaded font '../../../Engine/Content/Slate/Fonts/Roboto-Italic.ttf' (157K)
[2019.01.06-22.57.02:349][759]LogActorComponent: UnregisterComponent: (/Engine/Transient.EditorFloorComp) Not registered. Aborting.
[2019.01.06-22.57.08:455][120]LogAudioDerivedData: Display: Building compressed audio format OGG hash OGG wave coup_de_base_v1...
[2019.01.06-22.57.08:466][120]LogAudioDerivedData: Display: Updated SoundWave->RawPCMDataSize from 0 to 40972 while cooking SoundWave /Game/Sound/coup_de_base_v1.coup_de_base_v1.
[2019.01.06-22.57.09:427][178]LogAudioDerivedData: Display: Building compressed audio format OGG hash OGG wave saut_v1...
[2019.01.06-22.57.09:461][178]LogAudioDerivedData: Display: Updated SoundWave->RawPCMDataSize from 0 to 174176 while cooking SoundWave /Game/Sound/saut_v1.saut_v1.
[2019.01.06-22.57.10:505][241]LogAudioDerivedData: Display: Building compressed audio format OGG hash OGG wave bruit_de_pas...
[2019.01.06-22.57.10:539][241]LogAudioDerivedData: Display: Updated SoundWave->RawPCMDataSize from 0 to 175332 while cooking SoundWave /Game/Sound/bruit_de_pas.bruit_de_pas.
[2019.01.06-22.57.14:884][502]LogAudioDerivedData: Display: Building compressed audio format OGG hash OGG wave collectible_v1...
[2019.01.06-22.57.14:900][502]LogAudioDerivedData: Display: Updated SoundWave->RawPCMDataSize from 0 to 43380 while cooking SoundWave /Game/Sound/Colletible/collectible_v1.collectible_v1.
[2019.01.06-22.57.15:712][551]LogAudioDerivedData: Display: Building compressed audio format OGG hash OGG wave healsound...
[2019.01.06-22.57.15:741][551]LogAudioDerivedData: Display: Updated SoundWave->RawPCMDataSize from 0 to 188928 while cooking SoundWave /Game/Sound/Colletible/healsound.healsound.
[2019.01.06-22.57.19:502][777]LogAudioDerivedData: Display: Building compressed audio format OGG hash OGG wave boomerangsound2_0...
[2019.01.06-22.57.19:513][777]LogAudioDerivedData: Display: Updated SoundWave->RawPCMDataSize from 0 to 59148 while cooking SoundWave /Game/Sound/Powers/boomerangsound2_0.boomerangsound2_0.
[2019.01.06-22.57.21:408][891]LogAudioDerivedData: Display: Building compressed audio format OGG hash OGG wave DeathOfDog...
[2019.01.06-22.57.21:414][891]LogAudioDerivedData: Display: Updated SoundWave->RawPCMDataSize from 0 to 21866 while cooking SoundWave /Game/Sound/Powers/DeathOfDog.DeathOfDog.
[2019.01.06-22.57.24:192][ 58]LogAudioDerivedData: Display: Building compressed audio format OGG hash OGG wave increase_speed...
[2019.01.06-22.57.24:222][ 58]LogAudioDerivedData: Display: Updated SoundWave->RawPCMDataSize from 0 to 109256 while cooking SoundWave /Game/Sound/Powers/increase_speed.increase_speed.
[2019.01.06-22.57.25:317][124]LogAudioDerivedData: Display: Building compressed audio format OGG hash OGG wave teleport2_0...
[2019.01.06-22.57.25:349][124]LogAudioDerivedData: Display: Updated SoundWave->RawPCMDataSize from 0 to 160364 while cooking SoundWave /Game/Sound/Powers/teleport2_0.teleport2_0.
[2019.01.06-22.58.04:266][628]LogWindows: LaunchFileInExternalEditor D:/ProjetsGitHub/Projet-Unreal/Wukongpointpng/Content/Sound/Powers/teleport2_0.wav 
[2019.01.06-22.58.04:311][628]LogWindows: Launch application code for D:/ProjetsGitHub/Projet-Unreal/Wukongpointpng/Content/Sound/Powers/teleport2_0.wav : 31
[2019.01.06-23.03.10:823][642]LogAudioEditor: Performing atomic reimport of [D:/ProjetsGitHub/Projet-Unreal/Wukongpointpng/Content/Sound/Powers/teleport2_0.wav]
[2019.01.06-23.03.10:824][642]LogFactory: FactoryCreateFile: SoundWave with ReimportSoundFactory (0 0 D:/ProjetsGitHub/Projet-Unreal/Wukongpointpng/Content/Sound/Powers/teleport2_0.wav)
[2019.01.06-23.03.10:830][642]LogAudioEditor: -- imported successfully
[2019.01.06-23.03.36:840][137]LogAudioDerivedData: Display: Building compressed audio format OGG hash OGG wave teleport2_0...
[2019.01.06-23.05.55:852][924]AssetReimport: New page: Outstanding source content changes 01:05:55
[2019.01.06-23.05.55:854][924]LogFactory: FactoryCreateFile: SoundWave with ReimportSoundFactory (0 0 D:/ProjetsGitHub/Projet-Unreal/Wukongpointpng/Content/Sound/Powers/teleport2_0 modif.wav)
[2019.01.06-23.05.55:895][924]Cmd: OBJ SAVEPACKAGE PACKAGE="/Game/Sound/Powers/teleport2_0_modif" FILE="../../../../../ProjetsGitHub/Projet-Unreal/Wukongpointpng/Content/Sound/Powers/teleport2_0_modif.uasset" SILENT=true
[2019.01.06-23.05.55:906][924]LogSavePackage: Moving '../../../../../ProjetsGitHub/Projet-Unreal/Wukongpointpng/Saved/teleport2_0_modif6BB5BCFC4C3AA50625B6BAA134D3BE66.tmp' to '../../../../../ProjetsGitHub/Projet-Unreal/Wukongpointpng/Content/Sound/Powers/teleport2_0_modif.uasset'
[2019.01.06-23.05.58:678][ 90]LogAudioDerivedData: Display: Building compressed audio format OGG hash OGG wave teleport2_0_modif...
[2019.01.06-23.05.58:707][ 90]LogAudioDerivedData: Display: Updated SoundWave->RawPCMDataSize from 0 to 113148 while cooking SoundWave /Game/Sound/Powers/teleport2_0_modif.teleport2_0_modif.
[2019.01.06-23.05.58:919][103]AssetReimport: Importing new asset /Game/Sound/Powers/teleport2_0_modif.
[2019.01.06-23.06.29:707][947]LogFileHelpers: Editor autosave (incl. sublevels) for '/Game/SideScrollerBP/Maps/SideScrollerExampleMap' took 0.034
[2019.01.06-23.06.29:722][947]OBJ SavePackage: Generating thumbnails for [1] asset(s) in package [/Game/Sound/Powers/teleport2_0] ([1] browsable assets)...
[2019.01.06-23.06.29:728][947]OBJ SavePackage:     Rendered thumbnail for [SoundWave /Game/Sound/Powers/teleport2_0.teleport2_0]
[2019.01.06-23.06.29:728][947]OBJ SavePackage: Finished generating thumbnails for package [/Game/Sound/Powers/teleport2_0]
[2019.01.06-23.06.29:749][947]LogSavePackage: Moving '../../../../../ProjetsGitHub/Projet-Unreal/Wukongpointpng/Saved/teleport2_0_Auto1F5B6F45640DA929AC275B1AFD8A2B8BE.tmp' to '../../../../../ProjetsGitHub/Projet-Unreal/Wukongpointpng/Saved/Autosaves/Game/Sound/Powers/teleport2_0_Auto1.uasset'
[2019.01.06-23.06.29:750][947]LogFileHelpers: Auto-saving content packages took 0.042
[2019.01.06-23.23.40:912][542]LogFactory: FactoryCreateFile: SoundWave with ReimportSoundFactory (0 0 C:/Users/utilisateur/Downloads/No Copyright Music  Dawn  2018  Cinematic Sounds.wav)
[2019.01.06-23.23.50:169][ 77]LogSlate: Warning: Ignoring SetUserFocus because it's not an active modal Window (user 0 not set to SAssetTileView [SAssetView.cpp(1589)].
[2019.01.06-23.23.50:208][ 77]LogFileHelpers: Editor autosave (incl. sublevels) for '/Game/SideScrollerBP/Maps/SideScrollerExampleMap' took 0.025
[2019.01.06-23.23.50:210][ 77]OBJ SavePackage: Generating thumbnails for [1] asset(s) in package [/Game/Sound/No_Copyright_Music__Dawn__2018__Cinematic_Sounds] ([1] browsable assets)...
[2019.01.06-23.23.50:251][ 77]OBJ SavePackage:     Rendered thumbnail for [SoundWave /Game/Sound/No_Copyright_Music__Dawn__2018__Cinematic_Sounds.No_Copyright_Music__Dawn__2018__Cinematic_Sounds]
[2019.01.06-23.23.50:251][ 77]OBJ SavePackage: Finished generating thumbnails for package [/Game/Sound/No_Copyright_Music__Dawn__2018__Cinematic_Sounds]
[2019.01.06-23.23.50:429][ 77]LogSavePackage: Moving '../../../../../ProjetsGitHub/Projet-Unreal/Wukongpointpng/Saved/No_Copyright_Music__Dawn__2018__DA9A1B9E48F7114EE8A08CA49B912F5E.tmp' to '../../../../../ProjetsGitHub/Projet-Unreal/Wukongpointpng/Saved/Autosaves/Game/Sound/No_Copyright_Music__Dawn__2018__Cinematic_Sounds_Auto2.uasset'
[2019.01.06-23.23.50:429][ 77]LogFileHelpers: Auto-saving content packages took 0.219
[2019.01.06-23.23.51:063][115]LogAudioDerivedData: Display: Building compressed audio format OGG hash OGG wave No_Copyright_Music__Dawn__2018__Cinematic_Sounds...
[2019.01.06-23.23.55:174][115]LogAudioDerivedData: Display: Updated SoundWave->RawPCMDataSize from 0 to 41734144 while cooking SoundWave /Game/Sound/No_Copyright_Music__Dawn__2018__Cinematic_Sounds.No_Copyright_Music__Dawn__2018__Cinematic_Sounds.
[2019.01.06-23.23.57:160][116]LogSlate: Window 'Delete Assets' being destroyed
[2019.01.06-23.24.20:519][508]Cmd: OBJ SAVEPACKAGE PACKAGE="/Game/Sound/Musique_Menu" FILE="../../../../../ProjetsGitHub/Projet-Unreal/Wukongpointpng/Content/Sound/Musique_Menu.uasset" SILENT=true
[2019.01.06-23.24.20:694][508]LogSavePackage: Moving '../../../../../ProjetsGitHub/Projet-Unreal/Wukongpointpng/Saved/Musique_Menu299CCAAF4CE0F68E19504F8C556FD5AC.tmp' to '../../../../../ProjetsGitHub/Projet-Unreal/Wukongpointpng/Content/Sound/Musique_Menu.uasset'
[2019.01.06-23.24.29:613][ 22]LogUnrealEdMisc: Warning: Heartbeat event firing too frequently (48.500 sec). This should never happen. Something is wrong with the timer delegate!
[2019.01.06-23.25.20:864][866]LogSavePackage: Moving '../../../../../ProjetsGitHub/Projet-Unreal/Wukongpointpng/Saved/SideScrollerExampleMap96D15D6C4B3305B7E6EF0E91EE9BD08F.tmp' to '../../../../../ProjetsGitHub/Projet-Unreal/Wukongpointpng/Content/SideScrollerBP/Maps/SideScrollerExampleMap.umap'
[2019.01.06-23.31.03:218][854]LogAIModule: Creating AISystem for world LD_01
[2019.01.06-23.31.03:229][854]LogAssetEditorManager: Opening Asset editor for World /Game/SideScrollerBP/Maps/LD_01.LD_01
[2019.01.06-23.31.20:876][854]LogSlate: Window 'Save Content' being destroyed
[2019.01.06-23.31.20:935][854]Cmd: MAP LOAD FILE="../../../../../ProjetsGitHub/Projet-Unreal/Wukongpointpng/Content/SideScrollerBP/Maps/LD_01.umap" TEMPLATE=0 SHOWPROGRESS=1 FEATURELEVEL=3
[2019.01.06-23.31.20:937][854]LightingResults: New page: Lighting Build
[2019.01.06-23.31.20:938][854]LoadErrors: New page: Loading map: LD_01.umap
[2019.01.06-23.31.20:979][854]MapCheck: New page: Map Check
[2019.01.06-23.31.20:979][854]LightingResults: New page: Lighting Build
[2019.01.06-23.31.21:156][854]LogEditorServer: Finished looking for orphan Actors (0.000 secs)
[2019.01.06-23.31.21:219][854]Cmd: MAP CHECKDEP NOCLEARLOG
[2019.01.06-23.31.21:219][854]MapCheck: Map check complete: 0 Error(s), 0 Warning(s), took 0,096ms to complete.
[2019.01.06-23.31.21:219][854]LogFileHelpers: Loading map 'LD_01' took 0.338
[2019.01.06-23.32.01:141][232]LogSlate: FSceneViewport::OnFocusLost() reason 0
[2019.01.06-23.35.37:478][373]LogFactory: FactoryCreateFile: FileMediaSource with WmfFileMediaSourceFactory (0 0 C:/Users/utilisateur/Downloads/zapsplat_human_eat_bite_crunch_tortilla_chip_003_25696.mp3)
[2019.01.06-23.35.42:760][593]LogSlate: Window 'Delete Assets' being destroyed
[2019.01.06-23.36.29:873][790]LogUnrealEdMisc: Warning: Heartbeat event firing too frequently (52.064 sec). This should never happen. Something is wrong with the timer delegate!
